[9.340s] Invoking command in '/home/rpi/ros2_ws/src/servo_controller': PYTHONPATH=/home/rpi/ros2_ws/build/servo_controller/prefix_override:/home/rpi/ros2_ws/install/servo_controller/lib/python3.10/site-packages:${PYTHONPATH} /usr/bin/python3 setup.py egg_info --egg-base ../../build/servo_controller build --build-base /home/rpi/ros2_ws/build/servo_controller/build install --record /home/rpi/ros2_ws/build/servo_controller/install.log --single-version-externally-managed
[11.406s] running egg_info
[11.419s] writing ../../build/servo_controller/servo_controller.egg-info/PKG-INFO
[11.422s] writing dependency_links to ../../build/servo_controller/servo_controller.egg-info/dependency_links.txt
[11.425s] writing entry points to ../../build/servo_controller/servo_controller.egg-info/entry_points.txt
[11.428s] writing requirements to ../../build/servo_controller/servo_controller.egg-info/requires.txt
[11.431s] writing top-level names to ../../build/servo_controller/servo_controller.egg-info/top_level.txt
[11.464s] reading manifest file '../../build/servo_controller/servo_controller.egg-info/SOURCES.txt'
[11.473s] writing manifest file '../../build/servo_controller/servo_controller.egg-info/SOURCES.txt'
[11.474s] running build
[11.475s] running build_py
[11.479s] running install
[11.481s] running install_lib
[11.500s] running install_data
[11.505s] running install_egg_info
[11.537s] removing '/home/rpi/ros2_ws/install/servo_controller/lib/python3.10/site-packages/servo_controller-0.0.0-py3.10.egg-info' (and everything under it)
[11.551s] Copying ../../build/servo_controller/servo_controller.egg-info to /home/rpi/ros2_ws/install/servo_controller/lib/python3.10/site-packages/servo_controller-0.0.0-py3.10.egg-info
[11.560s] running install_scripts
[11.684s] Installing actuate_servo script to /home/rpi/ros2_ws/install/servo_controller/lib/servo_controller
[11.685s] Installing keyboard_input script to /home/rpi/ros2_ws/install/servo_controller/lib/servo_controller
[11.712s] writing list of installed files to '/home/rpi/ros2_ws/build/servo_controller/install.log'
[12.947s] Invoked command in '/home/rpi/ros2_ws/src/servo_controller' returned '0': PYTHONPATH=/home/rpi/ros2_ws/build/servo_controller/prefix_override:/home/rpi/ros2_ws/install/servo_controller/lib/python3.10/site-packages:${PYTHONPATH} /usr/bin/python3 setup.py egg_info --egg-base ../../build/servo_controller build --build-base /home/rpi/ros2_ws/build/servo_controller/build install --record /home/rpi/ros2_ws/build/servo_controller/install.log --single-version-externally-managed
