[5.746s] DEBUG:colcon:Command line arguments: ['/usr/bin/colcon', 'build']
[5.746s] DEBUG:colcon:Parsed command line arguments: Namespace(log_base=None, log_level=None, verb_name='build', build_base='build', install_base='install', merge_install=False, symlink_install=False, test_result_base=None, continue_on_error=False, executor='parallel', parallel_workers=4, event_handlers=None, ignore_user_meta=False, metas=['./colcon.meta'], base_paths=['.'], packages_ignore=None, packages_ignore_regex=None, paths=None, packages_up_to=None, packages_up_to_regex=None, packages_above=None, packages_above_and_dependencies=None, packages_above_depth=None, packages_select_by_dep=None, packages_skip_by_dep=None, packages_skip_up_to=None, packages_select_build_failed=False, packages_skip_build_finished=False, packages_select_test_failures=False, packages_skip_test_passed=False, packages_select=None, packages_skip=None, packages_select_regex=None, packages_skip_regex=None, packages_start=None, packages_end=None, allow_overriding=[], cmake_args=None, cmake_target=None, cmake_target_skip_unavailable=False, cmake_clean_cache=False, cmake_clean_first=False, cmake_force_configure=False, ament_cmake_args=None, catkin_cmake_args=None, catkin_skip_building_tests=False, verb_parser=<colcon_defaults.argument_parser.defaults.DefaultArgumentsDecorator object at 0xffff96d01090>, verb_extension=<colcon_core.verb.build.BuildVerb object at 0xffff96fda020>, main=<bound method BuildVerb.main of <colcon_core.verb.build.BuildVerb object at 0xffff96fda020>>)
[5.998s] Level 1:colcon.colcon_core.package_discovery:discover_packages(colcon_meta) check parameters
[5.999s] Level 1:colcon.colcon_core.package_discovery:discover_packages(recursive) check parameters
[5.999s] Level 1:colcon.colcon_core.package_discovery:discover_packages(ignore) check parameters
[5.999s] Level 1:colcon.colcon_core.package_discovery:discover_packages(path) check parameters
[5.999s] Level 1:colcon.colcon_core.package_discovery:discover_packages(colcon_meta) discover
[6.000s] Level 1:colcon.colcon_core.package_discovery:discover_packages(recursive) discover
[6.000s] INFO:colcon.colcon_core.package_discovery:Crawling recursively for packages in '/home/rpi/ros2_ws'
[6.000s] Level 1:colcon.colcon_core.package_identification:_identify(.) by extensions ['ignore', 'ignore_ament_install']
[6.001s] Level 1:colcon.colcon_core.package_identification:_identify(.) by extension 'ignore'
[6.001s] Level 1:colcon.colcon_core.package_identification:_identify(.) by extension 'ignore_ament_install'
[6.001s] Level 1:colcon.colcon_core.package_identification:_identify(.) by extensions ['colcon_pkg']
[6.001s] Level 1:colcon.colcon_core.package_identification:_identify(.) by extension 'colcon_pkg'
[6.001s] Level 1:colcon.colcon_core.package_identification:_identify(.) by extensions ['colcon_meta']
[6.002s] Level 1:colcon.colcon_core.package_identification:_identify(.) by extension 'colcon_meta'
[6.002s] Level 1:colcon.colcon_core.package_identification:_identify(.) by extensions ['ros']
[6.002s] Level 1:colcon.colcon_core.package_identification:_identify(.) by extension 'ros'
[6.055s] Level 1:colcon.colcon_core.package_identification:_identify(.) by extensions ['cmake', 'python']
[6.055s] Level 1:colcon.colcon_core.package_identification:_identify(.) by extension 'cmake'
[6.056s] Level 1:colcon.colcon_core.package_identification:_identify(.) by extension 'python'
[6.056s] Level 1:colcon.colcon_core.package_identification:_identify(.) by extensions ['python_setup_py']
[6.056s] Level 1:colcon.colcon_core.package_identification:_identify(.) by extension 'python_setup_py'
[6.057s] Level 1:colcon.colcon_core.package_identification:_identify(build) by extensions ['ignore', 'ignore_ament_install']
[6.057s] Level 1:colcon.colcon_core.package_identification:_identify(build) by extension 'ignore'
[6.057s] Level 1:colcon.colcon_core.package_identification:_identify(build) ignored
[6.058s] Level 1:colcon.colcon_core.package_identification:_identify(install) by extensions ['ignore', 'ignore_ament_install']
[6.058s] Level 1:colcon.colcon_core.package_identification:_identify(install) by extension 'ignore'
[6.059s] Level 1:colcon.colcon_core.package_identification:_identify(install) ignored
[6.060s] Level 1:colcon.colcon_core.package_identification:_identify(log) by extensions ['ignore', 'ignore_ament_install']
[6.060s] Level 1:colcon.colcon_core.package_identification:_identify(log) by extension 'ignore'
[6.061s] Level 1:colcon.colcon_core.package_identification:_identify(log) ignored
[6.061s] Level 1:colcon.colcon_core.package_identification:_identify(src) by extensions ['ignore', 'ignore_ament_install']
[6.061s] Level 1:colcon.colcon_core.package_identification:_identify(src) by extension 'ignore'
[6.061s] Level 1:colcon.colcon_core.package_identification:_identify(src) by extension 'ignore_ament_install'
[6.062s] Level 1:colcon.colcon_core.package_identification:_identify(src) by extensions ['colcon_pkg']
[6.062s] Level 1:colcon.colcon_core.package_identification:_identify(src) by extension 'colcon_pkg'
[6.062s] Level 1:colcon.colcon_core.package_identification:_identify(src) by extensions ['colcon_meta']
[6.062s] Level 1:colcon.colcon_core.package_identification:_identify(src) by extension 'colcon_meta'
[6.062s] Level 1:colcon.colcon_core.package_identification:_identify(src) by extensions ['ros']
[6.063s] Level 1:colcon.colcon_core.package_identification:_identify(src) by extension 'ros'
[6.063s] Level 1:colcon.colcon_core.package_identification:_identify(src) by extensions ['cmake', 'python']
[6.063s] Level 1:colcon.colcon_core.package_identification:_identify(src) by extension 'cmake'
[6.063s] Level 1:colcon.colcon_core.package_identification:_identify(src) by extension 'python'
[6.063s] Level 1:colcon.colcon_core.package_identification:_identify(src) by extensions ['python_setup_py']
[6.064s] Level 1:colcon.colcon_core.package_identification:_identify(src) by extension 'python_setup_py'
[6.064s] Level 1:colcon.colcon_core.package_identification:_identify(src/hri_comms) by extensions ['ignore', 'ignore_ament_install']
[6.064s] Level 1:colcon.colcon_core.package_identification:_identify(src/hri_comms) by extension 'ignore'
[6.065s] Level 1:colcon.colcon_core.package_identification:_identify(src/hri_comms) by extension 'ignore_ament_install'
[6.065s] Level 1:colcon.colcon_core.package_identification:_identify(src/hri_comms) by extensions ['colcon_pkg']
[6.065s] Level 1:colcon.colcon_core.package_identification:_identify(src/hri_comms) by extension 'colcon_pkg'
[6.065s] Level 1:colcon.colcon_core.package_identification:_identify(src/hri_comms) by extensions ['colcon_meta']
[6.065s] Level 1:colcon.colcon_core.package_identification:_identify(src/hri_comms) by extension 'colcon_meta'
[6.066s] Level 1:colcon.colcon_core.package_identification:_identify(src/hri_comms) by extensions ['ros']
[6.066s] Level 1:colcon.colcon_core.package_identification:_identify(src/hri_comms) by extension 'ros'
[6.076s] DEBUG:colcon.colcon_core.package_identification:Package 'src/hri_comms' with type 'ros.ament_python' and name 'hri_comms'
[6.077s] Level 1:colcon.colcon_core.package_identification:_identify(src/my_robot_controller) by extensions ['ignore', 'ignore_ament_install']
[6.077s] Level 1:colcon.colcon_core.package_identification:_identify(src/my_robot_controller) by extension 'ignore'
[6.077s] Level 1:colcon.colcon_core.package_identification:_identify(src/my_robot_controller) by extension 'ignore_ament_install'
[6.078s] Level 1:colcon.colcon_core.package_identification:_identify(src/my_robot_controller) by extensions ['colcon_pkg']
[6.078s] Level 1:colcon.colcon_core.package_identification:_identify(src/my_robot_controller) by extension 'colcon_pkg'
[6.078s] Level 1:colcon.colcon_core.package_identification:_identify(src/my_robot_controller) by extensions ['colcon_meta']
[6.078s] Level 1:colcon.colcon_core.package_identification:_identify(src/my_robot_controller) by extension 'colcon_meta'
[6.079s] Level 1:colcon.colcon_core.package_identification:_identify(src/my_robot_controller) by extensions ['ros']
[6.079s] Level 1:colcon.colcon_core.package_identification:_identify(src/my_robot_controller) by extension 'ros'
[6.082s] DEBUG:colcon.colcon_core.package_identification:Package 'src/my_robot_controller' with type 'ros.ament_python' and name 'my_robot_controller'
[6.082s] Level 1:colcon.colcon_core.package_identification:_identify(src/robot_arm_controller) by extensions ['ignore', 'ignore_ament_install']
[6.083s] Level 1:colcon.colcon_core.package_identification:_identify(src/robot_arm_controller) by extension 'ignore'
[6.083s] Level 1:colcon.colcon_core.package_identification:_identify(src/robot_arm_controller) by extension 'ignore_ament_install'
[6.083s] Level 1:colcon.colcon_core.package_identification:_identify(src/robot_arm_controller) by extensions ['colcon_pkg']
[6.083s] Level 1:colcon.colcon_core.package_identification:_identify(src/robot_arm_controller) by extension 'colcon_pkg'
[6.084s] Level 1:colcon.colcon_core.package_identification:_identify(src/robot_arm_controller) by extensions ['colcon_meta']
[6.084s] Level 1:colcon.colcon_core.package_identification:_identify(src/robot_arm_controller) by extension 'colcon_meta'
[6.084s] Level 1:colcon.colcon_core.package_identification:_identify(src/robot_arm_controller) by extensions ['ros']
[6.084s] Level 1:colcon.colcon_core.package_identification:_identify(src/robot_arm_controller) by extension 'ros'
[6.087s] DEBUG:colcon.colcon_core.package_identification:Package 'src/robot_arm_controller' with type 'ros.ament_python' and name 'robot_arm_controller'
[6.088s] Level 1:colcon.colcon_core.package_identification:_identify(src/servo_controller) by extensions ['ignore', 'ignore_ament_install']
[6.088s] Level 1:colcon.colcon_core.package_identification:_identify(src/servo_controller) by extension 'ignore'
[6.088s] Level 1:colcon.colcon_core.package_identification:_identify(src/servo_controller) by extension 'ignore_ament_install'
[6.089s] Level 1:colcon.colcon_core.package_identification:_identify(src/servo_controller) by extensions ['colcon_pkg']
[6.089s] Level 1:colcon.colcon_core.package_identification:_identify(src/servo_controller) by extension 'colcon_pkg'
[6.089s] Level 1:colcon.colcon_core.package_identification:_identify(src/servo_controller) by extensions ['colcon_meta']
[6.089s] Level 1:colcon.colcon_core.package_identification:_identify(src/servo_controller) by extension 'colcon_meta'
[6.089s] Level 1:colcon.colcon_core.package_identification:_identify(src/servo_controller) by extensions ['ros']
[6.089s] Level 1:colcon.colcon_core.package_identification:_identify(src/servo_controller) by extension 'ros'
[6.092s] DEBUG:colcon.colcon_core.package_identification:Package 'src/servo_controller' with type 'ros.ament_python' and name 'servo_controller'
[6.092s] Level 1:colcon.colcon_core.package_discovery:discover_packages(recursive) using defaults
[6.093s] Level 1:colcon.colcon_core.package_discovery:discover_packages(ignore) discover
[6.093s] Level 1:colcon.colcon_core.package_discovery:discover_packages(ignore) using defaults
[6.093s] Level 1:colcon.colcon_core.package_discovery:discover_packages(path) discover
[6.093s] Level 1:colcon.colcon_core.package_discovery:discover_packages(path) using defaults
[6.599s] Level 1:colcon.colcon_core.package_discovery:discover_packages(prefix_path) check parameters
[6.600s] Level 1:colcon.colcon_core.package_discovery:discover_packages(prefix_path) discover
[6.772s] DEBUG:colcon.colcon_installed_package_information.package_discovery:Found 4 installed packages in /home/rpi/ros2_ws/install
[6.864s] DEBUG:colcon.colcon_installed_package_information.package_discovery:Found 270 installed packages in /opt/ros/humble
[6.871s] Level 1:colcon.colcon_core.package_discovery:discover_packages(prefix_path) using defaults
[7.354s] Level 5:colcon.colcon_core.verb:set package 'hri_comms' build argument 'cmake_args' from command line to 'None'
[7.354s] Level 5:colcon.colcon_core.verb:set package 'hri_comms' build argument 'cmake_target' from command line to 'None'
[7.354s] Level 5:colcon.colcon_core.verb:set package 'hri_comms' build argument 'cmake_target_skip_unavailable' from command line to 'False'
[7.355s] Level 5:colcon.colcon_core.verb:set package 'hri_comms' build argument 'cmake_clean_cache' from command line to 'False'
[7.355s] Level 5:colcon.colcon_core.verb:set package 'hri_comms' build argument 'cmake_clean_first' from command line to 'False'
[7.355s] Level 5:colcon.colcon_core.verb:set package 'hri_comms' build argument 'cmake_force_configure' from command line to 'False'
[7.355s] Level 5:colcon.colcon_core.verb:set package 'hri_comms' build argument 'ament_cmake_args' from command line to 'None'
[7.355s] Level 5:colcon.colcon_core.verb:set package 'hri_comms' build argument 'catkin_cmake_args' from command line to 'None'
[7.355s] Level 5:colcon.colcon_core.verb:set package 'hri_comms' build argument 'catkin_skip_building_tests' from command line to 'False'
[7.355s] DEBUG:colcon.colcon_core.verb:Building package 'hri_comms' with the following arguments: {'ament_cmake_args': None, 'build_base': '/home/rpi/ros2_ws/build/hri_comms', 'catkin_cmake_args': None, 'catkin_skip_building_tests': False, 'cmake_args': None, 'cmake_clean_cache': False, 'cmake_clean_first': False, 'cmake_force_configure': False, 'cmake_target': None, 'cmake_target_skip_unavailable': False, 'install_base': '/home/rpi/ros2_ws/install/hri_comms', 'merge_install': False, 'path': '/home/rpi/ros2_ws/src/hri_comms', 'symlink_install': False, 'test_result_base': None}
[7.440s] Level 5:colcon.colcon_core.verb:set package 'my_robot_controller' build argument 'cmake_args' from command line to 'None'
[7.440s] Level 5:colcon.colcon_core.verb:set package 'my_robot_controller' build argument 'cmake_target' from command line to 'None'
[7.440s] Level 5:colcon.colcon_core.verb:set package 'my_robot_controller' build argument 'cmake_target_skip_unavailable' from command line to 'False'
[7.440s] Level 5:colcon.colcon_core.verb:set package 'my_robot_controller' build argument 'cmake_clean_cache' from command line to 'False'
[7.440s] Level 5:colcon.colcon_core.verb:set package 'my_robot_controller' build argument 'cmake_clean_first' from command line to 'False'
[7.441s] Level 5:colcon.colcon_core.verb:set package 'my_robot_controller' build argument 'cmake_force_configure' from command line to 'False'
[7.441s] Level 5:colcon.colcon_core.verb:set package 'my_robot_controller' build argument 'ament_cmake_args' from command line to 'None'
[7.441s] Level 5:colcon.colcon_core.verb:set package 'my_robot_controller' build argument 'catkin_cmake_args' from command line to 'None'
[7.441s] Level 5:colcon.colcon_core.verb:set package 'my_robot_controller' build argument 'catkin_skip_building_tests' from command line to 'False'
[7.441s] DEBUG:colcon.colcon_core.verb:Building package 'my_robot_controller' with the following arguments: {'ament_cmake_args': None, 'build_base': '/home/rpi/ros2_ws/build/my_robot_controller', 'catkin_cmake_args': None, 'catkin_skip_building_tests': False, 'cmake_args': None, 'cmake_clean_cache': False, 'cmake_clean_first': False, 'cmake_force_configure': False, 'cmake_target': None, 'cmake_target_skip_unavailable': False, 'install_base': '/home/rpi/ros2_ws/install/my_robot_controller', 'merge_install': False, 'path': '/home/rpi/ros2_ws/src/my_robot_controller', 'symlink_install': False, 'test_result_base': None}
[7.525s] Level 5:colcon.colcon_core.verb:set package 'servo_controller' build argument 'cmake_args' from command line to 'None'
[7.525s] Level 5:colcon.colcon_core.verb:set package 'servo_controller' build argument 'cmake_target' from command line to 'None'
[7.526s] Level 5:colcon.colcon_core.verb:set package 'servo_controller' build argument 'cmake_target_skip_unavailable' from command line to 'False'
[7.526s] Level 5:colcon.colcon_core.verb:set package 'servo_controller' build argument 'cmake_clean_cache' from command line to 'False'
[7.526s] Level 5:colcon.colcon_core.verb:set package 'servo_controller' build argument 'cmake_clean_first' from command line to 'False'
[7.526s] Level 5:colcon.colcon_core.verb:set package 'servo_controller' build argument 'cmake_force_configure' from command line to 'False'
[7.526s] Level 5:colcon.colcon_core.verb:set package 'servo_controller' build argument 'ament_cmake_args' from command line to 'None'
[7.526s] Level 5:colcon.colcon_core.verb:set package 'servo_controller' build argument 'catkin_cmake_args' from command line to 'None'
[7.526s] Level 5:colcon.colcon_core.verb:set package 'servo_controller' build argument 'catkin_skip_building_tests' from command line to 'False'
[7.527s] DEBUG:colcon.colcon_core.verb:Building package 'servo_controller' with the following arguments: {'ament_cmake_args': None, 'build_base': '/home/rpi/ros2_ws/build/servo_controller', 'catkin_cmake_args': None, 'catkin_skip_building_tests': False, 'cmake_args': None, 'cmake_clean_cache': False, 'cmake_clean_first': False, 'cmake_force_configure': False, 'cmake_target': None, 'cmake_target_skip_unavailable': False, 'install_base': '/home/rpi/ros2_ws/install/servo_controller', 'merge_install': False, 'path': '/home/rpi/ros2_ws/src/servo_controller', 'symlink_install': False, 'test_result_base': None}
[7.611s] Level 5:colcon.colcon_core.verb:set package 'robot_arm_controller' build argument 'cmake_args' from command line to 'None'
[7.611s] Level 5:colcon.colcon_core.verb:set package 'robot_arm_controller' build argument 'cmake_target' from command line to 'None'
[7.611s] Level 5:colcon.colcon_core.verb:set package 'robot_arm_controller' build argument 'cmake_target_skip_unavailable' from command line to 'False'
[7.612s] Level 5:colcon.colcon_core.verb:set package 'robot_arm_controller' build argument 'cmake_clean_cache' from command line to 'False'
[7.612s] Level 5:colcon.colcon_core.verb:set package 'robot_arm_controller' build argument 'cmake_clean_first' from command line to 'False'
[7.612s] Level 5:colcon.colcon_core.verb:set package 'robot_arm_controller' build argument 'cmake_force_configure' from command line to 'False'
[7.612s] Level 5:colcon.colcon_core.verb:set package 'robot_arm_controller' build argument 'ament_cmake_args' from command line to 'None'
[7.612s] Level 5:colcon.colcon_core.verb:set package 'robot_arm_controller' build argument 'catkin_cmake_args' from command line to 'None'
[7.612s] Level 5:colcon.colcon_core.verb:set package 'robot_arm_controller' build argument 'catkin_skip_building_tests' from command line to 'False'
[7.612s] DEBUG:colcon.colcon_core.verb:Building package 'robot_arm_controller' with the following arguments: {'ament_cmake_args': None, 'build_base': '/home/rpi/ros2_ws/build/robot_arm_controller', 'catkin_cmake_args': None, 'catkin_skip_building_tests': False, 'cmake_args': None, 'cmake_clean_cache': False, 'cmake_clean_first': False, 'cmake_force_configure': False, 'cmake_target': None, 'cmake_target_skip_unavailable': False, 'install_base': '/home/rpi/ros2_ws/install/robot_arm_controller', 'merge_install': False, 'path': '/home/rpi/ros2_ws/src/robot_arm_controller', 'symlink_install': False, 'test_result_base': None}
[7.693s] INFO:colcon.colcon_core.executor:Executing jobs using 'parallel' executor
[7.777s] DEBUG:colcon.colcon_parallel_executor.executor.parallel:run_until_complete
[7.778s] INFO:colcon.colcon_ros.task.ament_python.build:Building ROS package in '/home/rpi/ros2_ws/src/hri_comms' with build type 'ament_python'
[7.779s] Level 1:colcon.colcon_core.shell:create_environment_hook('hri_comms', 'ament_prefix_path')
[7.896s] INFO:colcon.colcon_core.plugin_system:Skipping extension 'colcon_core.shell.bat': Not used on non-Windows systems
[7.898s] INFO:colcon.colcon_core.shell:Creating environment hook '/home/rpi/ros2_ws/install/hri_comms/share/hri_comms/hook/ament_prefix_path.ps1'
[7.902s] INFO:colcon.colcon_core.shell:Creating environment descriptor '/home/rpi/ros2_ws/install/hri_comms/share/hri_comms/hook/ament_prefix_path.dsv'
[7.906s] INFO:colcon.colcon_core.shell:Creating environment hook '/home/rpi/ros2_ws/install/hri_comms/share/hri_comms/hook/ament_prefix_path.sh'
[8.006s] INFO:colcon.colcon_core.shell:Skip shell extension 'powershell' for command environment: Not usable outside of PowerShell
[8.006s] DEBUG:colcon.colcon_core.shell:Skip shell extension 'dsv' for command environment
[8.299s] INFO:colcon.colcon_ros.task.ament_python.build:Building ROS package in '/home/rpi/ros2_ws/src/my_robot_controller' with build type 'ament_python'
[8.300s] Level 1:colcon.colcon_core.shell:create_environment_hook('my_robot_controller', 'ament_prefix_path')
[8.395s] INFO:colcon.colcon_core.shell:Creating environment hook '/home/rpi/ros2_ws/install/my_robot_controller/share/my_robot_controller/hook/ament_prefix_path.ps1'
[8.398s] INFO:colcon.colcon_core.shell:Creating environment descriptor '/home/rpi/ros2_ws/install/my_robot_controller/share/my_robot_controller/hook/ament_prefix_path.dsv'
[8.400s] INFO:colcon.colcon_core.shell:Creating environment hook '/home/rpi/ros2_ws/install/my_robot_controller/share/my_robot_controller/hook/ament_prefix_path.sh'
[8.504s] INFO:colcon.colcon_core.shell:Skip shell extension 'powershell' for command environment: Not usable outside of PowerShell
[8.504s] DEBUG:colcon.colcon_core.shell:Skip shell extension 'dsv' for command environment
[8.801s] INFO:colcon.colcon_ros.task.ament_python.build:Building ROS package in '/home/rpi/ros2_ws/src/servo_controller' with build type 'ament_python'
[8.801s] Level 1:colcon.colcon_core.shell:create_environment_hook('servo_controller', 'ament_prefix_path')
[8.900s] INFO:colcon.colcon_core.shell:Creating environment hook '/home/rpi/ros2_ws/install/servo_controller/share/servo_controller/hook/ament_prefix_path.ps1'
[8.903s] INFO:colcon.colcon_core.shell:Creating environment descriptor '/home/rpi/ros2_ws/install/servo_controller/share/servo_controller/hook/ament_prefix_path.dsv'
[8.905s] INFO:colcon.colcon_core.shell:Creating environment hook '/home/rpi/ros2_ws/install/servo_controller/share/servo_controller/hook/ament_prefix_path.sh'
[9.007s] INFO:colcon.colcon_core.shell:Skip shell extension 'powershell' for command environment: Not usable outside of PowerShell
[9.007s] DEBUG:colcon.colcon_core.shell:Skip shell extension 'dsv' for command environment
[10.873s] INFO:colcon.colcon_core.task.python.build:Building Python package in '/home/rpi/ros2_ws/src/hri_comms'
[10.970s] INFO:colcon.colcon_core.shell:Skip shell extension 'powershell' for command environment: Not usable outside of PowerShell
[10.970s] DEBUG:colcon.colcon_core.shell:Skip shell extension 'dsv' for command environment
[12.835s] INFO:colcon.colcon_core.task.python.build:Building Python package in '/home/rpi/ros2_ws/src/my_robot_controller'
[12.929s] INFO:colcon.colcon_core.shell:Skip shell extension 'powershell' for command environment: Not usable outside of PowerShell
[12.930s] DEBUG:colcon.colcon_core.shell:Skip shell extension 'dsv' for command environment
[14.759s] INFO:colcon.colcon_core.task.python.build:Building Python package in '/home/rpi/ros2_ws/src/servo_controller'
[14.856s] INFO:colcon.colcon_core.shell:Skip shell extension 'powershell' for command environment: Not usable outside of PowerShell
[14.856s] DEBUG:colcon.colcon_core.shell:Skip shell extension 'dsv' for command environment
[17.750s] DEBUG:colcon.colcon_core.event_handler.log_command:Invoking command in '/home/rpi/ros2_ws/src/my_robot_controller': PYTHONPATH=/home/rpi/ros2_ws/build/my_robot_controller/prefix_override:/home/rpi/ros2_ws/install/my_robot_controller/lib/python3.10/site-packages:${PYTHONPATH} /usr/bin/python3 setup.py egg_info --egg-base ../../build/my_robot_controller build --build-base /home/rpi/ros2_ws/build/my_robot_controller/build install --record /home/rpi/ros2_ws/build/my_robot_controller/install.log --single-version-externally-managed
[17.824s] DEBUG:colcon.colcon_core.event_handler.log_command:Invoking command in '/home/rpi/ros2_ws/src/servo_controller': PYTHONPATH=/home/rpi/ros2_ws/build/servo_controller/prefix_override:/home/rpi/ros2_ws/install/servo_controller/lib/python3.10/site-packages:${PYTHONPATH} /usr/bin/python3 setup.py egg_info --egg-base ../../build/servo_controller build --build-base /home/rpi/ros2_ws/build/servo_controller/build install --record /home/rpi/ros2_ws/build/servo_controller/install.log --single-version-externally-managed
[17.898s] DEBUG:colcon.colcon_core.event_handler.log_command:Invoking command in '/home/rpi/ros2_ws/src/hri_comms': PYTHONPATH=/home/rpi/ros2_ws/build/hri_comms/prefix_override:/home/rpi/ros2_ws/install/hri_comms/lib/python3.10/site-packages:${PYTHONPATH} /usr/bin/python3 setup.py egg_info --egg-base ../../build/hri_comms build --build-base /home/rpi/ros2_ws/build/hri_comms/build install --record /home/rpi/ros2_ws/build/hri_comms/install.log --single-version-externally-managed
[20.180s] DEBUG:colcon.colcon_core.event_handler.log_command:Invoked command in '/home/rpi/ros2_ws/src/my_robot_controller' returned '0': PYTHONPATH=/home/rpi/ros2_ws/build/my_robot_controller/prefix_override:/home/rpi/ros2_ws/install/my_robot_controller/lib/python3.10/site-packages:${PYTHONPATH} /usr/bin/python3 setup.py egg_info --egg-base ../../build/my_robot_controller build --build-base /home/rpi/ros2_ws/build/my_robot_controller/build install --record /home/rpi/ros2_ws/build/my_robot_controller/install.log --single-version-externally-managed
[20.416s] Level 1:colcon.colcon_core.environment:checking '/home/rpi/ros2_ws/install/my_robot_controller' for CMake module files
[20.419s] Level 1:colcon.colcon_core.environment:checking '/home/rpi/ros2_ws/install/my_robot_controller' for CMake config files
[20.423s] Level 1:colcon.colcon_core.environment:checking '/home/rpi/ros2_ws/install/my_robot_controller/lib'
[20.424s] Level 1:colcon.colcon_core.environment:checking '/home/rpi/ros2_ws/install/my_robot_controller/bin'
[20.425s] Level 1:colcon.colcon_core.environment:checking '/home/rpi/ros2_ws/install/my_robot_controller/lib/pkgconfig/my_robot_controller.pc'
[20.426s] Level 1:colcon.colcon_core.environment:checking '/home/rpi/ros2_ws/install/my_robot_controller/lib/python3.10/site-packages'
[20.426s] Level 1:colcon.colcon_core.shell:create_environment_hook('my_robot_controller', 'pythonpath')
[20.519s] INFO:colcon.colcon_core.shell:Creating environment hook '/home/rpi/ros2_ws/install/my_robot_controller/share/my_robot_controller/hook/pythonpath.ps1'
[20.521s] INFO:colcon.colcon_core.shell:Creating environment descriptor '/home/rpi/ros2_ws/install/my_robot_controller/share/my_robot_controller/hook/pythonpath.dsv'
[20.523s] INFO:colcon.colcon_core.shell:Creating environment hook '/home/rpi/ros2_ws/install/my_robot_controller/share/my_robot_controller/hook/pythonpath.sh'
[20.525s] Level 1:colcon.colcon_core.environment:checking '/home/rpi/ros2_ws/install/my_robot_controller/bin'
[20.526s] Level 1:colcon.colcon_core.environment:create_environment_scripts_only(my_robot_controller)
[20.615s] INFO:colcon.colcon_core.shell:Creating package script '/home/rpi/ros2_ws/install/my_robot_controller/share/my_robot_controller/package.ps1'
[20.619s] INFO:colcon.colcon_core.shell:Creating package descriptor '/home/rpi/ros2_ws/install/my_robot_controller/share/my_robot_controller/package.dsv'
[20.622s] INFO:colcon.colcon_core.shell:Creating package script '/home/rpi/ros2_ws/install/my_robot_controller/share/my_robot_controller/package.sh'
[20.626s] INFO:colcon.colcon_core.shell:Creating package script '/home/rpi/ros2_ws/install/my_robot_controller/share/my_robot_controller/package.bash'
[20.629s] INFO:colcon.colcon_core.shell:Creating package script '/home/rpi/ros2_ws/install/my_robot_controller/share/my_robot_controller/package.zsh'
[20.633s] Level 1:colcon.colcon_core.environment:create_file_with_runtime_dependencies(/home/rpi/ros2_ws/install/my_robot_controller/share/colcon-core/packages/my_robot_controller)
[20.642s] DEBUG:colcon.colcon_core.event_handler.log_command:Invoked command in '/home/rpi/ros2_ws/src/servo_controller' returned '0': PYTHONPATH=/home/rpi/ros2_ws/build/servo_controller/prefix_override:/home/rpi/ros2_ws/install/servo_controller/lib/python3.10/site-packages:${PYTHONPATH} /usr/bin/python3 setup.py egg_info --egg-base ../../build/servo_controller build --build-base /home/rpi/ros2_ws/build/servo_controller/build install --record /home/rpi/ros2_ws/build/servo_controller/install.log --single-version-externally-managed
[20.735s] Level 1:colcon.colcon_core.environment:checking '/home/rpi/ros2_ws/install/servo_controller' for CMake module files
[20.738s] Level 1:colcon.colcon_core.environment:checking '/home/rpi/ros2_ws/install/servo_controller' for CMake config files
[20.742s] Level 1:colcon.colcon_core.environment:checking '/home/rpi/ros2_ws/install/servo_controller/lib'
[20.742s] Level 1:colcon.colcon_core.environment:checking '/home/rpi/ros2_ws/install/servo_controller/bin'
[20.742s] Level 1:colcon.colcon_core.environment:checking '/home/rpi/ros2_ws/install/servo_controller/lib/pkgconfig/servo_controller.pc'
[20.743s] Level 1:colcon.colcon_core.environment:checking '/home/rpi/ros2_ws/install/servo_controller/lib/python3.10/site-packages'
[20.744s] Level 1:colcon.colcon_core.shell:create_environment_hook('servo_controller', 'pythonpath')
[20.835s] INFO:colcon.colcon_core.shell:Creating environment hook '/home/rpi/ros2_ws/install/servo_controller/share/servo_controller/hook/pythonpath.ps1'
[20.838s] INFO:colcon.colcon_core.shell:Creating environment descriptor '/home/rpi/ros2_ws/install/servo_controller/share/servo_controller/hook/pythonpath.dsv'
[20.840s] INFO:colcon.colcon_core.shell:Creating environment hook '/home/rpi/ros2_ws/install/servo_controller/share/servo_controller/hook/pythonpath.sh'
[20.844s] Level 1:colcon.colcon_core.environment:checking '/home/rpi/ros2_ws/install/servo_controller/bin'
[20.844s] Level 1:colcon.colcon_core.environment:create_environment_scripts_only(servo_controller)
[20.936s] INFO:colcon.colcon_core.shell:Creating package script '/home/rpi/ros2_ws/install/servo_controller/share/servo_controller/package.ps1'
[20.939s] INFO:colcon.colcon_core.shell:Creating package descriptor '/home/rpi/ros2_ws/install/servo_controller/share/servo_controller/package.dsv'
[20.941s] INFO:colcon.colcon_core.shell:Creating package script '/home/rpi/ros2_ws/install/servo_controller/share/servo_controller/package.sh'
[20.943s] INFO:colcon.colcon_core.shell:Creating package script '/home/rpi/ros2_ws/install/servo_controller/share/servo_controller/package.bash'
[20.945s] INFO:colcon.colcon_core.shell:Creating package script '/home/rpi/ros2_ws/install/servo_controller/share/servo_controller/package.zsh'
[20.947s] Level 1:colcon.colcon_core.environment:create_file_with_runtime_dependencies(/home/rpi/ros2_ws/install/servo_controller/share/colcon-core/packages/servo_controller)
[20.953s] DEBUG:colcon.colcon_core.event_handler.log_command:Invoked command in '/home/rpi/ros2_ws/src/hri_comms' returned '0': PYTHONPATH=/home/rpi/ros2_ws/build/hri_comms/prefix_override:/home/rpi/ros2_ws/install/hri_comms/lib/python3.10/site-packages:${PYTHONPATH} /usr/bin/python3 setup.py egg_info --egg-base ../../build/hri_comms build --build-base /home/rpi/ros2_ws/build/hri_comms/build install --record /home/rpi/ros2_ws/build/hri_comms/install.log --single-version-externally-managed
[21.054s] Level 1:colcon.colcon_core.environment:checking '/home/rpi/ros2_ws/install/hri_comms' for CMake module files
[21.058s] Level 1:colcon.colcon_core.environment:checking '/home/rpi/ros2_ws/install/hri_comms' for CMake config files
[21.064s] Level 1:colcon.colcon_core.environment:checking '/home/rpi/ros2_ws/install/hri_comms/lib'
[21.064s] Level 1:colcon.colcon_core.environment:checking '/home/rpi/ros2_ws/install/hri_comms/bin'
[21.065s] Level 1:colcon.colcon_core.environment:checking '/home/rpi/ros2_ws/install/hri_comms/lib/pkgconfig/hri_comms.pc'
[21.066s] Level 1:colcon.colcon_core.environment:checking '/home/rpi/ros2_ws/install/hri_comms/lib/python3.10/site-packages'
[21.066s] Level 1:colcon.colcon_core.shell:create_environment_hook('hri_comms', 'pythonpath')
[21.158s] INFO:colcon.colcon_core.shell:Creating environment hook '/home/rpi/ros2_ws/install/hri_comms/share/hri_comms/hook/pythonpath.ps1'
[21.161s] INFO:colcon.colcon_core.shell:Creating environment descriptor '/home/rpi/ros2_ws/install/hri_comms/share/hri_comms/hook/pythonpath.dsv'
[21.163s] INFO:colcon.colcon_core.shell:Creating environment hook '/home/rpi/ros2_ws/install/hri_comms/share/hri_comms/hook/pythonpath.sh'
[21.165s] Level 1:colcon.colcon_core.environment:checking '/home/rpi/ros2_ws/install/hri_comms/bin'
[21.166s] Level 1:colcon.colcon_core.environment:create_environment_scripts_only(hri_comms)
[21.257s] INFO:colcon.colcon_core.shell:Creating package script '/home/rpi/ros2_ws/install/hri_comms/share/hri_comms/package.ps1'
[21.261s] INFO:colcon.colcon_core.shell:Creating package descriptor '/home/rpi/ros2_ws/install/hri_comms/share/hri_comms/package.dsv'
[21.263s] INFO:colcon.colcon_core.shell:Creating package script '/home/rpi/ros2_ws/install/hri_comms/share/hri_comms/package.sh'
[21.265s] INFO:colcon.colcon_core.shell:Creating package script '/home/rpi/ros2_ws/install/hri_comms/share/hri_comms/package.bash'
[21.267s] INFO:colcon.colcon_core.shell:Creating package script '/home/rpi/ros2_ws/install/hri_comms/share/hri_comms/package.zsh'
[21.269s] Level 1:colcon.colcon_core.environment:create_file_with_runtime_dependencies(/home/rpi/ros2_ws/install/hri_comms/share/colcon-core/packages/hri_comms)
[21.271s] INFO:colcon.colcon_ros.task.ament_python.build:Building ROS package in '/home/rpi/ros2_ws/src/robot_arm_controller' with build type 'ament_python'
[21.272s] Level 1:colcon.colcon_core.shell:create_environment_hook('robot_arm_controller', 'ament_prefix_path')
[21.367s] INFO:colcon.colcon_core.shell:Creating environment hook '/home/rpi/ros2_ws/install/robot_arm_controller/share/robot_arm_controller/hook/ament_prefix_path.ps1'
[21.370s] INFO:colcon.colcon_core.shell:Creating environment descriptor '/home/rpi/ros2_ws/install/robot_arm_controller/share/robot_arm_controller/hook/ament_prefix_path.dsv'
[21.372s] INFO:colcon.colcon_core.shell:Creating environment hook '/home/rpi/ros2_ws/install/robot_arm_controller/share/robot_arm_controller/hook/ament_prefix_path.sh'
[21.477s] INFO:colcon.colcon_core.shell:Skip shell extension 'powershell' for command environment: Not usable outside of PowerShell
[21.478s] DEBUG:colcon.colcon_core.shell:Skip shell extension 'dsv' for command environment
[23.367s] INFO:colcon.colcon_core.task.python.build:Building Python package in '/home/rpi/ros2_ws/src/robot_arm_controller'
[23.458s] INFO:colcon.colcon_core.shell:Skip shell extension 'powershell' for command environment: Not usable outside of PowerShell
[23.459s] DEBUG:colcon.colcon_core.shell:Skip shell extension 'dsv' for command environment
[25.799s] DEBUG:colcon.colcon_core.event_handler.log_command:Invoking command in '/home/rpi/ros2_ws/src/robot_arm_controller': AMENT_PREFIX_PATH=/home/rpi/ros2_ws/install/hri_comms:/home/rpi/ros2_ws/install/servo_controller:/home/rpi/ros2_ws/install/robot_arm_controller:/home/rpi/ros2_ws/install/my_robot_controller:/opt/ros/humble PYTHONPATH=/home/rpi/ros2_ws/build/robot_arm_controller/prefix_override:/home/rpi/ros2_ws/install/robot_arm_controller/lib/python3.10/site-packages:/home/rpi/ros2_ws/install/hri_comms/lib/python3.10/site-packages:/home/rpi/ros2_ws/install/servo_controller/lib/python3.10/site-packages:/home/rpi/ros2_ws/install/robot_arm_controller/lib/python3.10/site-packages:/home/rpi/ros2_ws/install/my_robot_controller/lib/python3.10/site-packages:/opt/ros/humble/lib/python3.10/site-packages:/opt/ros/humble/local/lib/python3.10/dist-packages /usr/bin/python3 setup.py egg_info --egg-base ../../build/robot_arm_controller build --build-base /home/rpi/ros2_ws/build/robot_arm_controller/build install --record /home/rpi/ros2_ws/build/robot_arm_controller/install.log --single-version-externally-managed
[31.428s] DEBUG:colcon.colcon_core.event_handler.log_command:Invoked command in '/home/rpi/ros2_ws/src/robot_arm_controller' returned '0': AMENT_PREFIX_PATH=/home/rpi/ros2_ws/install/hri_comms:/home/rpi/ros2_ws/install/servo_controller:/home/rpi/ros2_ws/install/robot_arm_controller:/home/rpi/ros2_ws/install/my_robot_controller:/opt/ros/humble PYTHONPATH=/home/rpi/ros2_ws/build/robot_arm_controller/prefix_override:/home/rpi/ros2_ws/install/robot_arm_controller/lib/python3.10/site-packages:/home/rpi/ros2_ws/install/hri_comms/lib/python3.10/site-packages:/home/rpi/ros2_ws/install/servo_controller/lib/python3.10/site-packages:/home/rpi/ros2_ws/install/robot_arm_controller/lib/python3.10/site-packages:/home/rpi/ros2_ws/install/my_robot_controller/lib/python3.10/site-packages:/opt/ros/humble/lib/python3.10/site-packages:/opt/ros/humble/local/lib/python3.10/dist-packages /usr/bin/python3 setup.py egg_info --egg-base ../../build/robot_arm_controller build --build-base /home/rpi/ros2_ws/build/robot_arm_controller/build install --record /home/rpi/ros2_ws/build/robot_arm_controller/install.log --single-version-externally-managed
[31.929s] Level 1:colcon.colcon_core.environment:checking '/home/rpi/ros2_ws/install/robot_arm_controller' for CMake module files
[31.933s] Level 1:colcon.colcon_core.environment:checking '/home/rpi/ros2_ws/install/robot_arm_controller' for CMake config files
[31.945s] Level 1:colcon.colcon_core.environment:checking '/home/rpi/ros2_ws/install/robot_arm_controller/lib'
[31.947s] Level 1:colcon.colcon_core.environment:checking '/home/rpi/ros2_ws/install/robot_arm_controller/bin'
[31.954s] Level 1:colcon.colcon_core.environment:checking '/home/rpi/ros2_ws/install/robot_arm_controller/lib/pkgconfig/robot_arm_controller.pc'
[31.956s] Level 1:colcon.colcon_core.environment:checking '/home/rpi/ros2_ws/install/robot_arm_controller/lib/python3.10/site-packages'
[31.957s] Level 1:colcon.colcon_core.shell:create_environment_hook('robot_arm_controller', 'pythonpath')
[32.425s] INFO:colcon.colcon_core.shell:Creating environment hook '/home/rpi/ros2_ws/install/robot_arm_controller/share/robot_arm_controller/hook/pythonpath.ps1'
[32.433s] INFO:colcon.colcon_core.shell:Creating environment descriptor '/home/rpi/ros2_ws/install/robot_arm_controller/share/robot_arm_controller/hook/pythonpath.dsv'
[32.438s] INFO:colcon.colcon_core.shell:Creating environment hook '/home/rpi/ros2_ws/install/robot_arm_controller/share/robot_arm_controller/hook/pythonpath.sh'
[32.448s] Level 1:colcon.colcon_core.environment:checking '/home/rpi/ros2_ws/install/robot_arm_controller/bin'
[32.450s] Level 1:colcon.colcon_core.environment:create_environment_scripts_only(robot_arm_controller)
[32.884s] INFO:colcon.colcon_core.shell:Creating package script '/home/rpi/ros2_ws/install/robot_arm_controller/share/robot_arm_controller/package.ps1'
[32.888s] INFO:colcon.colcon_core.shell:Creating package descriptor '/home/rpi/ros2_ws/install/robot_arm_controller/share/robot_arm_controller/package.dsv'
[32.892s] INFO:colcon.colcon_core.shell:Creating package script '/home/rpi/ros2_ws/install/robot_arm_controller/share/robot_arm_controller/package.sh'
[32.896s] INFO:colcon.colcon_core.shell:Creating package script '/home/rpi/ros2_ws/install/robot_arm_controller/share/robot_arm_controller/package.bash'
[32.899s] INFO:colcon.colcon_core.shell:Creating package script '/home/rpi/ros2_ws/install/robot_arm_controller/share/robot_arm_controller/package.zsh'
[32.903s] Level 1:colcon.colcon_core.environment:create_file_with_runtime_dependencies(/home/rpi/ros2_ws/install/robot_arm_controller/share/colcon-core/packages/robot_arm_controller)
[32.910s] DEBUG:colcon.colcon_parallel_executor.executor.parallel:closing loop
[32.917s] DEBUG:colcon.colcon_parallel_executor.executor.parallel:loop closed
[32.918s] DEBUG:colcon.colcon_parallel_executor.executor.parallel:run_until_complete finished with '0'
[32.918s] DEBUG:colcon.colcon_core.event_reactor:joining thread
[33.463s] INFO:colcon.colcon_core.plugin_system:Skipping extension 'colcon_notification.desktop_notification.terminal_notifier': Not used on non-Darwin systems
[33.466s] INFO:colcon.colcon_core.plugin_system:Skipping extension 'colcon_notification.desktop_notification.win32': Not used on non-Windows systems
[33.467s] INFO:colcon.colcon_notification.desktop_notification:Sending desktop notification using 'notify2'
[33.640s] DEBUG:colcon.colcon_core.event_reactor:joined thread
[34.003s] INFO:colcon.colcon_core.shell:Creating prefix script '/home/rpi/ros2_ws/install/local_setup.ps1'
[34.014s] INFO:colcon.colcon_core.shell:Creating prefix util module '/home/rpi/ros2_ws/install/_local_setup_util_ps1.py'
[34.029s] INFO:colcon.colcon_core.shell:Creating prefix chain script '/home/rpi/ros2_ws/install/setup.ps1'
[34.418s] INFO:colcon.colcon_core.shell:Creating prefix script '/home/rpi/ros2_ws/install/local_setup.sh'
[34.425s] INFO:colcon.colcon_core.shell:Creating prefix util module '/home/rpi/ros2_ws/install/_local_setup_util_sh.py'
[34.434s] INFO:colcon.colcon_core.shell:Creating prefix chain script '/home/rpi/ros2_ws/install/setup.sh'
[34.743s] INFO:colcon.colcon_core.shell:Creating prefix script '/home/rpi/ros2_ws/install/local_setup.bash'
[34.750s] INFO:colcon.colcon_core.shell:Creating prefix chain script '/home/rpi/ros2_ws/install/setup.bash'
[35.112s] INFO:colcon.colcon_core.shell:Creating prefix script '/home/rpi/ros2_ws/install/local_setup.zsh'
[35.115s] INFO:colcon.colcon_core.shell:Creating prefix chain script '/home/rpi/ros2_ws/install/setup.zsh'
