[15.864s] Invoking command in '/home/rpi/ros2_ws/src/hri_comms': PYTHONPATH=/home/rpi/ros2_ws/build/hri_comms/prefix_override:/home/rpi/ros2_ws/install/hri_comms/lib/python3.10/site-packages:${PYTHONPATH} /usr/bin/python3 setup.py egg_info --egg-base ../../build/hri_comms build --build-base /home/rpi/ros2_ws/build/hri_comms/build install --record /home/rpi/ros2_ws/build/hri_comms/install.log --single-version-externally-managed
[18.316s] running egg_info
[18.319s] writing ../../build/hri_comms/hri_comms.egg-info/PKG-INFO
[18.321s] writing dependency_links to ../../build/hri_comms/hri_comms.egg-info/dependency_links.txt
[18.323s] writing entry points to ../../build/hri_comms/hri_comms.egg-info/entry_points.txt
[18.325s] writing requirements to ../../build/hri_comms/hri_comms.egg-info/requires.txt
[18.326s] writing top-level names to ../../build/hri_comms/hri_comms.egg-info/top_level.txt
[18.350s] reading manifest file '../../build/hri_comms/hri_comms.egg-info/SOURCES.txt'
[18.377s] writing manifest file '../../build/hri_comms/hri_comms.egg-info/SOURCES.txt'
[18.379s] running build
[18.381s] running build_py
[18.385s] running install
[18.389s] running install_lib
[18.424s] running install_data
[18.427s] running install_egg_info
[18.444s] removing '/home/rpi/ros2_ws/install/hri_comms/lib/python3.10/site-packages/hri_comms-0.0.0-py3.10.egg-info' (and everything under it)
[18.449s] Copying ../../build/hri_comms/hri_comms.egg-info to /home/rpi/ros2_ws/install/hri_comms/lib/python3.10/site-packages/hri_comms-0.0.0-py3.10.egg-info
[18.458s] running install_scripts
[18.605s] Installing data_handler script to /home/rpi/ros2_ws/install/hri_comms/lib/hri_comms
[18.606s] Installing udp_server script to /home/rpi/ros2_ws/install/hri_comms/lib/hri_comms
[18.614s] writing list of installed files to '/home/rpi/ros2_ws/build/hri_comms/install.log'
[18.847s] Invoked command in '/home/rpi/ros2_ws/src/hri_comms' returned '0': PYTHONPATH=/home/rpi/ros2_ws/build/hri_comms/prefix_override:/home/rpi/ros2_ws/install/hri_comms/lib/python3.10/site-packages:${PYTHONPATH} /usr/bin/python3 setup.py egg_info --egg-base ../../build/hri_comms build --build-base /home/rpi/ros2_ws/build/hri_comms/build install --record /home/rpi/ros2_ws/build/hri_comms/install.log --single-version-externally-managed
