[11.664s] Invoking command in '/home/rpi/ros2_ws/src/servo_controller': PYTHONPATH=/home/rpi/ros2_ws/build/servo_controller/prefix_override:/home/rpi/ros2_ws/install/servo_controller/lib/python3.10/site-packages:${PYTHONPATH} /usr/bin/python3 setup.py egg_info --egg-base ../../build/servo_controller build --build-base /home/rpi/ros2_ws/build/servo_controller/build install --record /home/rpi/ros2_ws/build/servo_controller/install.log --single-version-externally-managed
[13.790s] running egg_info
[13.791s] writing ../../build/servo_controller/servo_controller.egg-info/PKG-INFO
[13.792s] writing dependency_links to ../../build/servo_controller/servo_controller.egg-info/dependency_links.txt
[13.794s] writing entry points to ../../build/servo_controller/servo_controller.egg-info/entry_points.txt
[13.795s] writing requirements to ../../build/servo_controller/servo_controller.egg-info/requires.txt
[13.795s] writing top-level names to ../../build/servo_controller/servo_controller.egg-info/top_level.txt
[13.808s] reading manifest file '../../build/servo_controller/servo_controller.egg-info/SOURCES.txt'
[13.827s] writing manifest file '../../build/servo_controller/servo_controller.egg-info/SOURCES.txt'
[13.828s] running build
[13.828s] running build_py
[13.829s] running install
[13.830s] running install_lib
[13.858s] running install_data
[13.859s] running install_egg_info
[13.860s] removing '/home/rpi/ros2_ws/install/servo_controller/lib/python3.10/site-packages/servo_controller-0.0.0-py3.10.egg-info' (and everything under it)
[13.866s] Copying ../../build/servo_controller/servo_controller.egg-info to /home/rpi/ros2_ws/install/servo_controller/lib/python3.10/site-packages/servo_controller-0.0.0-py3.10.egg-info
[13.885s] running install_scripts
[14.082s] Installing actuate_servo script to /home/rpi/ros2_ws/install/servo_controller/lib/servo_controller
[14.084s] Installing keyboard_input script to /home/rpi/ros2_ws/install/servo_controller/lib/servo_controller
[14.086s] writing list of installed files to '/home/rpi/ros2_ws/build/servo_controller/install.log'
[15.366s] Invoked command in '/home/rpi/ros2_ws/src/servo_controller' returned '0': PYTHONPATH=/home/rpi/ros2_ws/build/servo_controller/prefix_override:/home/rpi/ros2_ws/install/servo_controller/lib/python3.10/site-packages:${PYTHONPATH} /usr/bin/python3 setup.py egg_info --egg-base ../../build/servo_controller build --build-base /home/rpi/ros2_ws/build/servo_controller/build install --record /home/rpi/ros2_ws/build/servo_controller/install.log --single-version-externally-managed
