[3.948s] Invoking command in '/home/rpi/ros2_ws/src/my_robot_controller': PYTHONPATH=/home/rpi/ros2_ws/build/my_robot_controller/prefix_override:/home/rpi/ros2_ws/install/my_robot_controller/lib/python3.10/site-packages:${PYTHONPATH} /usr/bin/python3 setup.py egg_info --egg-base ../../build/my_robot_controller build --build-base /home/rpi/ros2_ws/build/my_robot_controller/build install --record /home/rpi/ros2_ws/build/my_robot_controller/install.log --single-version-externally-managed
[5.211s] running egg_info
[5.214s] creating ../../build/my_robot_controller/my_robot_controller.egg-info
[5.215s] writing ../../build/my_robot_controller/my_robot_controller.egg-info/PKG-INFO
[5.216s] writing dependency_links to ../../build/my_robot_controller/my_robot_controller.egg-info/dependency_links.txt
[5.217s] writing entry points to ../../build/my_robot_controller/my_robot_controller.egg-info/entry_points.txt
[5.217s] writing requirements to ../../build/my_robot_controller/my_robot_controller.egg-info/requires.txt
[5.218s] writing top-level names to ../../build/my_robot_controller/my_robot_controller.egg-info/top_level.txt
[5.219s] writing manifest file '../../build/my_robot_controller/my_robot_controller.egg-info/SOURCES.txt'
[5.227s] reading manifest file '../../build/my_robot_controller/my_robot_controller.egg-info/SOURCES.txt'
[5.231s] writing manifest file '../../build/my_robot_controller/my_robot_controller.egg-info/SOURCES.txt'
[5.231s] running build
[5.232s] running build_py
[5.232s] creating /home/rpi/ros2_ws/build/my_robot_controller/build
[5.233s] creating /home/rpi/ros2_ws/build/my_robot_controller/build/lib
[5.234s] creating /home/rpi/ros2_ws/build/my_robot_controller/build/lib/my_robot_controller
[5.234s] copying my_robot_controller/__init__.py -> /home/rpi/ros2_ws/build/my_robot_controller/build/lib/my_robot_controller
[5.235s] running install
[5.236s] /usr/lib/python3/dist-packages/setuptools/command/install.py:34: SetuptoolsDeprecationWarning: setup.py install is deprecated. Use build and pip and other standards-based tools.
[5.237s]   warnings.warn(
[5.238s] running install_lib
[5.241s] creating /home/rpi/ros2_ws/install/my_robot_controller/lib/python3.10/site-packages/my_robot_controller
[5.242s] copying /home/rpi/ros2_ws/build/my_robot_controller/build/lib/my_robot_controller/__init__.py -> /home/rpi/ros2_ws/install/my_robot_controller/lib/python3.10/site-packages/my_robot_controller
[5.244s] byte-compiling /home/rpi/ros2_ws/install/my_robot_controller/lib/python3.10/site-packages/my_robot_controller/__init__.py to __init__.cpython-310.pyc
[5.246s] running install_data
[5.248s] creating /home/rpi/ros2_ws/install/my_robot_controller/share/ament_index
[5.249s] creating /home/rpi/ros2_ws/install/my_robot_controller/share/ament_index/resource_index
[5.250s] creating /home/rpi/ros2_ws/install/my_robot_controller/share/ament_index/resource_index/packages
[5.250s] copying resource/my_robot_controller -> /home/rpi/ros2_ws/install/my_robot_controller/share/ament_index/resource_index/packages
[5.251s] copying package.xml -> /home/rpi/ros2_ws/install/my_robot_controller/share/my_robot_controller
[5.251s] running install_egg_info
[5.260s] Copying ../../build/my_robot_controller/my_robot_controller.egg-info to /home/rpi/ros2_ws/install/my_robot_controller/lib/python3.10/site-packages/my_robot_controller-0.0.0-py3.10.egg-info
[5.267s] running install_scripts
[5.362s] writing list of installed files to '/home/rpi/ros2_ws/build/my_robot_controller/install.log'
[5.495s] Invoked command in '/home/rpi/ros2_ws/src/my_robot_controller' returned '0': PYTHONPATH=/home/rpi/ros2_ws/build/my_robot_controller/prefix_override:/home/rpi/ros2_ws/install/my_robot_controller/lib/python3.10/site-packages:${PYTHONPATH} /usr/bin/python3 setup.py egg_info --egg-base ../../build/my_robot_controller build --build-base /home/rpi/ros2_ws/build/my_robot_controller/build install --record /home/rpi/ros2_ws/build/my_robot_controller/install.log --single-version-externally-managed
