[12.077s] Invoking command in '/home/rpi/ros2_ws/src/servo_controller': PYTHONPATH=/home/rpi/ros2_ws/build/servo_controller/prefix_override:/home/rpi/ros2_ws/install/servo_controller/lib/python3.10/site-packages:${PYTHONPATH} /usr/bin/python3 setup.py egg_info --egg-base ../../build/servo_controller build --build-base /home/rpi/ros2_ws/build/servo_controller/build install --record /home/rpi/ros2_ws/build/servo_controller/install.log --single-version-externally-managed
[14.525s] running egg_info
[14.531s] writing ../../build/servo_controller/servo_controller.egg-info/PKG-INFO
[14.534s] writing dependency_links to ../../build/servo_controller/servo_controller.egg-info/dependency_links.txt
[14.535s] writing entry points to ../../build/servo_controller/servo_controller.egg-info/entry_points.txt
[14.537s] writing requirements to ../../build/servo_controller/servo_controller.egg-info/requires.txt
[14.539s] writing top-level names to ../../build/servo_controller/servo_controller.egg-info/top_level.txt
[14.554s] reading manifest file '../../build/servo_controller/servo_controller.egg-info/SOURCES.txt'
[14.566s] writing manifest file '../../build/servo_controller/servo_controller.egg-info/SOURCES.txt'
[14.568s] running build
[14.569s] running build_py
[14.573s] running install
[14.576s] running install_lib
[14.628s] running install_data
[14.632s] running install_egg_info
[14.654s] removing '/home/rpi/ros2_ws/install/servo_controller/lib/python3.10/site-packages/servo_controller-0.0.0-py3.10.egg-info' (and everything under it)
[14.660s] Copying ../../build/servo_controller/servo_controller.egg-info to /home/rpi/ros2_ws/install/servo_controller/lib/python3.10/site-packages/servo_controller-0.0.0-py3.10.egg-info
[14.698s] running install_scripts
[14.865s] Installing actuate_servo script to /home/rpi/ros2_ws/install/servo_controller/lib/servo_controller
[14.869s] Installing keyboard_input script to /home/rpi/ros2_ws/install/servo_controller/lib/servo_controller
[14.872s] writing list of installed files to '/home/rpi/ros2_ws/build/servo_controller/install.log'
[16.518s] Invoked command in '/home/rpi/ros2_ws/src/servo_controller' returned '0': PYTHONPATH=/home/rpi/ros2_ws/build/servo_controller/prefix_override:/home/rpi/ros2_ws/install/servo_controller/lib/python3.10/site-packages:${PYTHONPATH} /usr/bin/python3 setup.py egg_info --egg-base ../../build/servo_controller build --build-base /home/rpi/ros2_ws/build/servo_controller/build install --record /home/rpi/ros2_ws/build/servo_controller/install.log --single-version-externally-managed
