[9.910s] Invoking command in '/home/rpi/ros2_ws/src/servo_controller': PYTHONPATH=/home/rpi/ros2_ws/build/servo_controller/prefix_override:/home/rpi/ros2_ws/install/servo_controller/lib/python3.10/site-packages:${PYTHONPATH} /usr/bin/python3 setup.py egg_info --egg-base ../../build/servo_controller build --build-base /home/rpi/ros2_ws/build/servo_controller/build install --record /home/rpi/ros2_ws/build/servo_controller/install.log --single-version-externally-managed
[12.036s] running egg_info
[12.039s] writing ../../build/servo_controller/servo_controller.egg-info/PKG-INFO
[12.040s] writing dependency_links to ../../build/servo_controller/servo_controller.egg-info/dependency_links.txt
[12.045s] writing entry points to ../../build/servo_controller/servo_controller.egg-info/entry_points.txt
[12.048s] writing requirements to ../../build/servo_controller/servo_controller.egg-info/requires.txt
[12.049s] writing top-level names to ../../build/servo_controller/servo_controller.egg-info/top_level.txt
[12.060s] reading manifest file '../../build/servo_controller/servo_controller.egg-info/SOURCES.txt'
[12.065s] writing manifest file '../../build/servo_controller/servo_controller.egg-info/SOURCES.txt'
[12.066s] running build
[12.067s] running build_py
[12.069s] running install
[12.070s] running install_lib
[12.077s] running install_data
[12.079s] running install_egg_info
[12.108s] removing '/home/rpi/ros2_ws/install/servo_controller/lib/python3.10/site-packages/servo_controller-0.0.0-py3.10.egg-info' (and everything under it)
[12.110s] Copying ../../build/servo_controller/servo_controller.egg-info to /home/rpi/ros2_ws/install/servo_controller/lib/python3.10/site-packages/servo_controller-0.0.0-py3.10.egg-info
[12.113s] running install_scripts
[12.212s] Installing actuate_servo script to /home/rpi/ros2_ws/install/servo_controller/lib/servo_controller
[12.217s] Installing keyboard_input script to /home/rpi/ros2_ws/install/servo_controller/lib/servo_controller
[12.219s] writing list of installed files to '/home/rpi/ros2_ws/build/servo_controller/install.log'
[12.874s] Invoked command in '/home/rpi/ros2_ws/src/servo_controller' returned '0': PYTHONPATH=/home/rpi/ros2_ws/build/servo_controller/prefix_override:/home/rpi/ros2_ws/install/servo_controller/lib/python3.10/site-packages:${PYTHONPATH} /usr/bin/python3 setup.py egg_info --egg-base ../../build/servo_controller build --build-base /home/rpi/ros2_ws/build/servo_controller/build install --record /home/rpi/ros2_ws/build/servo_controller/install.log --single-version-externally-managed
