[19.750s] Invoking command in '/home/rpi/ros2_ws/src/servo_controller': PYTHONPATH=/home/rpi/ros2_ws/build/servo_controller/prefix_override:/home/rpi/ros2_ws/install/servo_controller/lib/python3.10/site-packages:${PYTHONPATH} /usr/bin/python3 setup.py egg_info --egg-base ../../build/servo_controller build --build-base /home/rpi/ros2_ws/build/servo_controller/build install --record /home/rpi/ros2_ws/build/servo_controller/install.log --single-version-externally-managed
[24.714s] running egg_info
[24.717s] writing ../../build/servo_controller/servo_controller.egg-info/PKG-INFO
[24.720s] writing dependency_links to ../../build/servo_controller/servo_controller.egg-info/dependency_links.txt
[24.729s] writing entry points to ../../build/servo_controller/servo_controller.egg-info/entry_points.txt
[24.730s] writing requirements to ../../build/servo_controller/servo_controller.egg-info/requires.txt
[24.731s] writing top-level names to ../../build/servo_controller/servo_controller.egg-info/top_level.txt
[24.780s] reading manifest file '../../build/servo_controller/servo_controller.egg-info/SOURCES.txt'
[24.786s] writing manifest file '../../build/servo_controller/servo_controller.egg-info/SOURCES.txt'
[24.787s] running build
[24.815s] running build_py
[24.820s] running install
[24.828s] running install_lib
[24.829s] running install_data
[24.830s] running install_egg_info
[24.847s] removing '/home/rpi/ros2_ws/install/servo_controller/lib/python3.10/site-packages/servo_controller-0.0.0-py3.10.egg-info' (and everything under it)
[24.856s] Copying ../../build/servo_controller/servo_controller.egg-info to /home/rpi/ros2_ws/install/servo_controller/lib/python3.10/site-packages/servo_controller-0.0.0-py3.10.egg-info
[24.890s] running install_scripts
[25.214s] Installing actuate_servo script to /home/rpi/ros2_ws/install/servo_controller/lib/servo_controller
[25.247s] Installing keyboard_input script to /home/rpi/ros2_ws/install/servo_controller/lib/servo_controller
[25.249s] writing list of installed files to '/home/rpi/ros2_ws/build/servo_controller/install.log'
[27.440s] Invoked command in '/home/rpi/ros2_ws/src/servo_controller' returned '0': PYTHONPATH=/home/rpi/ros2_ws/build/servo_controller/prefix_override:/home/rpi/ros2_ws/install/servo_controller/lib/python3.10/site-packages:${PYTHONPATH} /usr/bin/python3 setup.py egg_info --egg-base ../../build/servo_controller build --build-base /home/rpi/ros2_ws/build/servo_controller/build install --record /home/rpi/ros2_ws/build/servo_controller/install.log --single-version-externally-managed
