[11.107s] Invoking command in '/home/rpi/ros2_ws/src/servo_controller': PYTHONPATH=/home/rpi/ros2_ws/build/servo_controller/prefix_override:/home/rpi/ros2_ws/install/servo_controller/lib/python3.10/site-packages:${PYTHONPATH} /usr/bin/python3 setup.py egg_info --egg-base ../../build/servo_controller build --build-base /home/rpi/ros2_ws/build/servo_controller/build install --record /home/rpi/ros2_ws/build/servo_controller/install.log --single-version-externally-managed
[13.059s] running egg_info
[13.063s] writing ../../build/servo_controller/servo_controller.egg-info/PKG-INFO
[13.065s] writing dependency_links to ../../build/servo_controller/servo_controller.egg-info/dependency_links.txt
[13.068s] writing entry points to ../../build/servo_controller/servo_controller.egg-info/entry_points.txt
[13.069s] writing requirements to ../../build/servo_controller/servo_controller.egg-info/requires.txt
[13.071s] writing top-level names to ../../build/servo_controller/servo_controller.egg-info/top_level.txt
[13.081s] reading manifest file '../../build/servo_controller/servo_controller.egg-info/SOURCES.txt'
[13.086s] writing manifest file '../../build/servo_controller/servo_controller.egg-info/SOURCES.txt'
[13.087s] running build
[13.088s] running build_py
[13.089s] running install
[13.091s] running install_lib
[13.102s] running install_data
[13.107s] running install_egg_info
[13.113s] removing '/home/rpi/ros2_ws/install/servo_controller/lib/python3.10/site-packages/servo_controller-0.0.0-py3.10.egg-info' (and everything under it)
[13.122s] Copying ../../build/servo_controller/servo_controller.egg-info to /home/rpi/ros2_ws/install/servo_controller/lib/python3.10/site-packages/servo_controller-0.0.0-py3.10.egg-info
[13.151s] running install_scripts
[13.294s] Installing actuate_servo script to /home/rpi/ros2_ws/install/servo_controller/lib/servo_controller
[13.299s] Installing keyboard_input script to /home/rpi/ros2_ws/install/servo_controller/lib/servo_controller
[13.303s] writing list of installed files to '/home/rpi/ros2_ws/build/servo_controller/install.log'
[13.569s] Invoked command in '/home/rpi/ros2_ws/src/servo_controller' returned '0': PYTHONPATH=/home/rpi/ros2_ws/build/servo_controller/prefix_override:/home/rpi/ros2_ws/install/servo_controller/lib/python3.10/site-packages:${PYTHONPATH} /usr/bin/python3 setup.py egg_info --egg-base ../../build/servo_controller build --build-base /home/rpi/ros2_ws/build/servo_controller/build install --record /home/rpi/ros2_ws/build/servo_controller/install.log --single-version-externally-managed
