[9.927s] Invoking command in '/home/rpi/ros2_ws/src/hri_comms': PYTHONPATH=/home/rpi/ros2_ws/build/hri_comms/prefix_override:/home/rpi/ros2_ws/install/hri_comms/lib/python3.10/site-packages:${PYTHONPATH} /usr/bin/python3 setup.py egg_info --egg-base ../../build/hri_comms build --build-base /home/rpi/ros2_ws/build/hri_comms/build install --record /home/rpi/ros2_ws/build/hri_comms/install.log --single-version-externally-managed
[11.769s] running egg_info
[11.773s] writing ../../build/hri_comms/hri_comms.egg-info/PKG-INFO
[11.775s] writing dependency_links to ../../build/hri_comms/hri_comms.egg-info/dependency_links.txt
[11.776s] writing entry points to ../../build/hri_comms/hri_comms.egg-info/entry_points.txt
[11.778s] writing requirements to ../../build/hri_comms/hri_comms.egg-info/requires.txt
[11.778s] writing top-level names to ../../build/hri_comms/hri_comms.egg-info/top_level.txt
[11.789s] reading manifest file '../../build/hri_comms/hri_comms.egg-info/SOURCES.txt'
[11.795s] writing manifest file '../../build/hri_comms/hri_comms.egg-info/SOURCES.txt'
[11.798s] running build
[11.799s] running build_py
[11.800s] copying hri_comms/data_handler.py -> /home/rpi/ros2_ws/build/hri_comms/build/lib/hri_comms
[11.802s] running install
[11.804s] running install_lib
[11.807s] copying /home/rpi/ros2_ws/build/hri_comms/build/lib/hri_comms/data_handler.py -> /home/rpi/ros2_ws/install/hri_comms/lib/python3.10/site-packages/hri_comms
[11.811s] byte-compiling /home/rpi/ros2_ws/install/hri_comms/lib/python3.10/site-packages/hri_comms/data_handler.py to data_handler.cpython-310.pyc
[11.815s] running install_data
[11.821s] running install_egg_info
[11.846s] removing '/home/rpi/ros2_ws/install/hri_comms/lib/python3.10/site-packages/hri_comms-0.0.0-py3.10.egg-info' (and everything under it)
[11.867s] Copying ../../build/hri_comms/hri_comms.egg-info to /home/rpi/ros2_ws/install/hri_comms/lib/python3.10/site-packages/hri_comms-0.0.0-py3.10.egg-info
[11.867s] running install_scripts
[11.975s] Installing data_handler script to /home/rpi/ros2_ws/install/hri_comms/lib/hri_comms
[11.976s] Installing udp_server script to /home/rpi/ros2_ws/install/hri_comms/lib/hri_comms
[11.979s] writing list of installed files to '/home/rpi/ros2_ws/build/hri_comms/install.log'
[12.308s] Invoked command in '/home/rpi/ros2_ws/src/hri_comms' returned '0': PYTHONPATH=/home/rpi/ros2_ws/build/hri_comms/prefix_override:/home/rpi/ros2_ws/install/hri_comms/lib/python3.10/site-packages:${PYTHONPATH} /usr/bin/python3 setup.py egg_info --egg-base ../../build/hri_comms build --build-base /home/rpi/ros2_ws/build/hri_comms/build install --record /home/rpi/ros2_ws/build/hri_comms/install.log --single-version-externally-managed
