[13.233s] Invoking command in '/home/rpi/ros2_ws/src/hri_comms': PYTHONPATH=/home/rpi/ros2_ws/build/hri_comms/prefix_override:/home/rpi/ros2_ws/install/hri_comms/lib/python3.10/site-packages:${PYTHONPATH} /usr/bin/python3 setup.py egg_info --egg-base ../../build/hri_comms build --build-base /home/rpi/ros2_ws/build/hri_comms/build install --record /home/rpi/ros2_ws/build/hri_comms/install.log --single-version-externally-managed
[15.664s] running egg_info
[15.671s] writing ../../build/hri_comms/hri_comms.egg-info/PKG-INFO
[15.675s] writing dependency_links to ../../build/hri_comms/hri_comms.egg-info/dependency_links.txt
[15.682s] writing entry points to ../../build/hri_comms/hri_comms.egg-info/entry_points.txt
[15.686s] writing requirements to ../../build/hri_comms/hri_comms.egg-info/requires.txt
[15.689s] writing top-level names to ../../build/hri_comms/hri_comms.egg-info/top_level.txt
[15.711s] reading manifest file '../../build/hri_comms/hri_comms.egg-info/SOURCES.txt'
[15.721s] writing manifest file '../../build/hri_comms/hri_comms.egg-info/SOURCES.txt'
[15.722s] running build
[15.723s] running build_py
[15.726s] running install
[15.729s] running install_lib
[15.745s] running install_data
[15.751s] running install_egg_info
[15.785s] removing '/home/rpi/ros2_ws/install/hri_comms/lib/python3.10/site-packages/hri_comms-0.0.0-py3.10.egg-info' (and everything under it)
[15.807s] Copying ../../build/hri_comms/hri_comms.egg-info to /home/rpi/ros2_ws/install/hri_comms/lib/python3.10/site-packages/hri_comms-0.0.0-py3.10.egg-info
[15.821s] running install_scripts
[15.942s] Installing data_handler script to /home/rpi/ros2_ws/install/hri_comms/lib/hri_comms
[15.943s] Installing udp_server script to /home/rpi/ros2_ws/install/hri_comms/lib/hri_comms
[15.946s] writing list of installed files to '/home/rpi/ros2_ws/build/hri_comms/install.log'
[17.181s] Invoked command in '/home/rpi/ros2_ws/src/hri_comms' returned '0': PYTHONPATH=/home/rpi/ros2_ws/build/hri_comms/prefix_override:/home/rpi/ros2_ws/install/hri_comms/lib/python3.10/site-packages:${PYTHONPATH} /usr/bin/python3 setup.py egg_info --egg-base ../../build/hri_comms build --build-base /home/rpi/ros2_ws/build/hri_comms/build install --record /home/rpi/ros2_ws/build/hri_comms/install.log --single-version-externally-managed
