[12.859s] Invoking command in '/home/rpi/ros2_ws/src/hri_comms': PYTHONPATH=/home/rpi/ros2_ws/build/hri_comms/prefix_override:/home/rpi/ros2_ws/install/hri_comms/lib/python3.10/site-packages:${PYTHONPATH} /usr/bin/python3 setup.py egg_info --egg-base ../../build/hri_comms build --build-base /home/rpi/ros2_ws/build/hri_comms/build install --record /home/rpi/ros2_ws/build/hri_comms/install.log --single-version-externally-managed
[14.853s] running egg_info
[14.857s] writing ../../build/hri_comms/hri_comms.egg-info/PKG-INFO
[14.861s] writing dependency_links to ../../build/hri_comms/hri_comms.egg-info/dependency_links.txt
[14.862s] writing entry points to ../../build/hri_comms/hri_comms.egg-info/entry_points.txt
[14.864s] writing requirements to ../../build/hri_comms/hri_comms.egg-info/requires.txt
[14.865s] writing top-level names to ../../build/hri_comms/hri_comms.egg-info/top_level.txt
[14.877s] reading manifest file '../../build/hri_comms/hri_comms.egg-info/SOURCES.txt'
[14.883s] writing manifest file '../../build/hri_comms/hri_comms.egg-info/SOURCES.txt'
[14.885s] running build
[14.885s] running build_py
[14.890s] copying hri_comms/udp_server.py -> /home/rpi/ros2_ws/build/hri_comms/build/lib/hri_comms
[14.894s] running install
[14.899s] running install_lib
[14.912s] copying /home/rpi/ros2_ws/build/hri_comms/build/lib/hri_comms/udp_server.py -> /home/rpi/ros2_ws/install/hri_comms/lib/python3.10/site-packages/hri_comms
[14.918s] byte-compiling /home/rpi/ros2_ws/install/hri_comms/lib/python3.10/site-packages/hri_comms/udp_server.py to udp_server.cpython-310.pyc
[14.923s] running install_data
[14.931s] running install_egg_info
[14.942s] removing '/home/rpi/ros2_ws/install/hri_comms/lib/python3.10/site-packages/hri_comms-0.0.0-py3.10.egg-info' (and everything under it)
[14.947s] Copying ../../build/hri_comms/hri_comms.egg-info to /home/rpi/ros2_ws/install/hri_comms/lib/python3.10/site-packages/hri_comms-0.0.0-py3.10.egg-info
[14.959s] running install_scripts
[15.105s] Installing data_handler script to /home/rpi/ros2_ws/install/hri_comms/lib/hri_comms
[15.109s] Installing udp_server script to /home/rpi/ros2_ws/install/hri_comms/lib/hri_comms
[15.111s] writing list of installed files to '/home/rpi/ros2_ws/build/hri_comms/install.log'
[15.418s] Invoked command in '/home/rpi/ros2_ws/src/hri_comms' returned '0': PYTHONPATH=/home/rpi/ros2_ws/build/hri_comms/prefix_override:/home/rpi/ros2_ws/install/hri_comms/lib/python3.10/site-packages:${PYTHONPATH} /usr/bin/python3 setup.py egg_info --egg-base ../../build/hri_comms build --build-base /home/rpi/ros2_ws/build/hri_comms/build install --record /home/rpi/ros2_ws/build/hri_comms/install.log --single-version-externally-managed
