[13.288s] Invoking command in '/home/rpi/ros2_ws/src/servo_controller': PYTHONPATH=/home/rpi/ros2_ws/build/servo_controller/prefix_override:/home/rpi/ros2_ws/install/servo_controller/lib/python3.10/site-packages:${PYTHONPATH} /usr/bin/python3 setup.py egg_info --egg-base ../../build/servo_controller build --build-base /home/rpi/ros2_ws/build/servo_controller/build install --record /home/rpi/ros2_ws/build/servo_controller/install.log --single-version-externally-managed
[15.377s] running egg_info
[15.382s] writing ../../build/servo_controller/servo_controller.egg-info/PKG-INFO
[15.385s] writing dependency_links to ../../build/servo_controller/servo_controller.egg-info/dependency_links.txt
[15.389s] writing entry points to ../../build/servo_controller/servo_controller.egg-info/entry_points.txt
[15.390s] writing requirements to ../../build/servo_controller/servo_controller.egg-info/requires.txt
[15.391s] writing top-level names to ../../build/servo_controller/servo_controller.egg-info/top_level.txt
[15.404s] reading manifest file '../../build/servo_controller/servo_controller.egg-info/SOURCES.txt'
[15.415s] writing manifest file '../../build/servo_controller/servo_controller.egg-info/SOURCES.txt'
[15.416s] running build
[15.417s] running build_py
[15.418s] running install
[15.419s] running install_lib
[15.430s] running install_data
[15.437s] running install_egg_info
[15.450s] removing '/home/rpi/ros2_ws/install/servo_controller/lib/python3.10/site-packages/servo_controller-0.0.0-py3.10.egg-info' (and everything under it)
[15.450s] Copying ../../build/servo_controller/servo_controller.egg-info to /home/rpi/ros2_ws/install/servo_controller/lib/python3.10/site-packages/servo_controller-0.0.0-py3.10.egg-info
[15.463s] running install_scripts
[15.691s] Installing actuate_servo script to /home/rpi/ros2_ws/install/servo_controller/lib/servo_controller
[15.696s] Installing keyboard_input script to /home/rpi/ros2_ws/install/servo_controller/lib/servo_controller
[15.702s] writing list of installed files to '/home/rpi/ros2_ws/build/servo_controller/install.log'
[17.220s] Invoked command in '/home/rpi/ros2_ws/src/servo_controller' returned '0': PYTHONPATH=/home/rpi/ros2_ws/build/servo_controller/prefix_override:/home/rpi/ros2_ws/install/servo_controller/lib/python3.10/site-packages:${PYTHONPATH} /usr/bin/python3 setup.py egg_info --egg-base ../../build/servo_controller build --build-base /home/rpi/ros2_ws/build/servo_controller/build install --record /home/rpi/ros2_ws/build/servo_controller/install.log --single-version-externally-managed
