[10.155s] Invoking command in '/home/rpi/ros2_ws/src/hri_comms': PYTHONPATH=/home/rpi/ros2_ws/build/hri_comms/prefix_override:/home/rpi/ros2_ws/install/hri_comms/lib/python3.10/site-packages:${PYTHONPATH} /usr/bin/python3 setup.py egg_info --egg-base ../../build/hri_comms build --build-base /home/rpi/ros2_ws/build/hri_comms/build install --record /home/rpi/ros2_ws/build/hri_comms/install.log --single-version-externally-managed
[12.047s] running egg_info
[12.052s] writing ../../build/hri_comms/hri_comms.egg-info/PKG-INFO
[12.054s] writing dependency_links to ../../build/hri_comms/hri_comms.egg-info/dependency_links.txt
[12.056s] writing entry points to ../../build/hri_comms/hri_comms.egg-info/entry_points.txt
[12.058s] writing requirements to ../../build/hri_comms/hri_comms.egg-info/requires.txt
[12.059s] writing top-level names to ../../build/hri_comms/hri_comms.egg-info/top_level.txt
[12.074s] reading manifest file '../../build/hri_comms/hri_comms.egg-info/SOURCES.txt'
[12.079s] writing manifest file '../../build/hri_comms/hri_comms.egg-info/SOURCES.txt'
[12.080s] running build
[12.081s] running build_py
[12.082s] running install
[12.085s] running install_lib
[12.101s] running install_data
[12.108s] running install_egg_info
[12.121s] removing '/home/rpi/ros2_ws/install/hri_comms/lib/python3.10/site-packages/hri_comms-0.0.0-py3.10.egg-info' (and everything under it)
[12.123s] Copying ../../build/hri_comms/hri_comms.egg-info to /home/rpi/ros2_ws/install/hri_comms/lib/python3.10/site-packages/hri_comms-0.0.0-py3.10.egg-info
[12.145s] running install_scripts
[12.284s] Installing data_handler script to /home/rpi/ros2_ws/install/hri_comms/lib/hri_comms
[12.307s] Installing udp_server script to /home/rpi/ros2_ws/install/hri_comms/lib/hri_comms
[12.312s] writing list of installed files to '/home/rpi/ros2_ws/build/hri_comms/install.log'
[12.974s] Invoked command in '/home/rpi/ros2_ws/src/hri_comms' returned '0': PYTHONPATH=/home/rpi/ros2_ws/build/hri_comms/prefix_override:/home/rpi/ros2_ws/install/hri_comms/lib/python3.10/site-packages:${PYTHONPATH} /usr/bin/python3 setup.py egg_info --egg-base ../../build/hri_comms build --build-base /home/rpi/ros2_ws/build/hri_comms/build install --record /home/rpi/ros2_ws/build/hri_comms/install.log --single-version-externally-managed
