[12.786s] Invoking command in '/home/rpi/ros2_ws/src/hri_comms': PYTHONPATH=/home/rpi/ros2_ws/build/hri_comms/prefix_override:/home/rpi/ros2_ws/install/hri_comms/lib/python3.10/site-packages:${PYTHONPATH} /usr/bin/python3 setup.py egg_info --egg-base ../../build/hri_comms build --build-base /home/rpi/ros2_ws/build/hri_comms/build install --record /home/rpi/ros2_ws/build/hri_comms/install.log --single-version-externally-managed
[15.138s] running egg_info
[15.143s] writing ../../build/hri_comms/hri_comms.egg-info/PKG-INFO
[15.148s] writing dependency_links to ../../build/hri_comms/hri_comms.egg-info/dependency_links.txt
[15.151s] writing entry points to ../../build/hri_comms/hri_comms.egg-info/entry_points.txt
[15.154s] writing requirements to ../../build/hri_comms/hri_comms.egg-info/requires.txt
[15.156s] writing top-level names to ../../build/hri_comms/hri_comms.egg-info/top_level.txt
[15.169s] reading manifest file '../../build/hri_comms/hri_comms.egg-info/SOURCES.txt'
[15.177s] writing manifest file '../../build/hri_comms/hri_comms.egg-info/SOURCES.txt'
[15.179s] running build
[15.181s] running build_py
[15.183s] copying hri_comms/udp_server.py -> /home/rpi/ros2_ws/build/hri_comms/build/lib/hri_comms
[15.187s] running install
[15.190s] running install_lib
[15.196s] copying /home/rpi/ros2_ws/build/hri_comms/build/lib/hri_comms/udp_server.py -> /home/rpi/ros2_ws/install/hri_comms/lib/python3.10/site-packages/hri_comms
[15.202s] byte-compiling /home/rpi/ros2_ws/install/hri_comms/lib/python3.10/site-packages/hri_comms/udp_server.py to udp_server.cpython-310.pyc
[15.208s] running install_data
[15.213s] running install_egg_info
[15.228s] removing '/home/rpi/ros2_ws/install/hri_comms/lib/python3.10/site-packages/hri_comms-0.0.0-py3.10.egg-info' (and everything under it)
[15.234s] Copying ../../build/hri_comms/hri_comms.egg-info to /home/rpi/ros2_ws/install/hri_comms/lib/python3.10/site-packages/hri_comms-0.0.0-py3.10.egg-info
[15.247s] running install_scripts
[15.376s] Installing data_handler script to /home/rpi/ros2_ws/install/hri_comms/lib/hri_comms
[15.379s] Installing udp_server script to /home/rpi/ros2_ws/install/hri_comms/lib/hri_comms
[15.383s] writing list of installed files to '/home/rpi/ros2_ws/build/hri_comms/install.log'
[15.611s] Invoked command in '/home/rpi/ros2_ws/src/hri_comms' returned '0': PYTHONPATH=/home/rpi/ros2_ws/build/hri_comms/prefix_override:/home/rpi/ros2_ws/install/hri_comms/lib/python3.10/site-packages:${PYTHONPATH} /usr/bin/python3 setup.py egg_info --egg-base ../../build/hri_comms build --build-base /home/rpi/ros2_ws/build/hri_comms/build install --record /home/rpi/ros2_ws/build/hri_comms/install.log --single-version-externally-managed
