running egg_info
creating ../../build/servo_controller/servo_controller.egg-info
writing ../../build/servo_controller/servo_controller.egg-info/PKG-INFO
writing dependency_links to ../../build/servo_controller/servo_controller.egg-info/dependency_links.txt
writing entry points to ../../build/servo_controller/servo_controller.egg-info/entry_points.txt
writing requirements to ../../build/servo_controller/servo_controller.egg-info/requires.txt
writing top-level names to ../../build/servo_controller/servo_controller.egg-info/top_level.txt
writing manifest file '../../build/servo_controller/servo_controller.egg-info/SOURCES.txt'
reading manifest file '../../build/servo_controller/servo_controller.egg-info/SOURCES.txt'
writing manifest file '../../build/servo_controller/servo_controller.egg-info/SOURCES.txt'
running build
running build_py
creating /home/rpi/ros2_ws/build/servo_controller/build
creating /home/rpi/ros2_ws/build/servo_controller/build/lib
creating /home/rpi/ros2_ws/build/servo_controller/build/lib/servo_controller
copying servo_controller/actuate_servo.py -> /home/rpi/ros2_ws/build/servo_controller/build/lib/servo_controller
copying servo_controller/keyboard_input.py -> /home/rpi/ros2_ws/build/servo_controller/build/lib/servo_controller
copying servo_controller/__init__.py -> /home/rpi/ros2_ws/build/servo_controller/build/lib/servo_controller
running install
running install_lib
creating /home/rpi/ros2_ws/install/servo_controller/lib/python3.10/site-packages/servo_controller
copying /home/rpi/ros2_ws/build/servo_controller/build/lib/servo_controller/actuate_servo.py -> /home/rpi/ros2_ws/install/servo_controller/lib/python3.10/site-packages/servo_controller
copying /home/rpi/ros2_ws/build/servo_controller/build/lib/servo_controller/keyboard_input.py -> /home/rpi/ros2_ws/install/servo_controller/lib/python3.10/site-packages/servo_controller
copying /home/rpi/ros2_ws/build/servo_controller/build/lib/servo_controller/__init__.py -> /home/rpi/ros2_ws/install/servo_controller/lib/python3.10/site-packages/servo_controller
byte-compiling /home/rpi/ros2_ws/install/servo_controller/lib/python3.10/site-packages/servo_controller/actuate_servo.py to actuate_servo.cpython-310.pyc
byte-compiling /home/rpi/ros2_ws/install/servo_controller/lib/python3.10/site-packages/servo_controller/keyboard_input.py to keyboard_input.cpython-310.pyc
byte-compiling /home/rpi/ros2_ws/install/servo_controller/lib/python3.10/site-packages/servo_controller/__init__.py to __init__.cpython-310.pyc
running install_data
creating /home/rpi/ros2_ws/install/servo_controller/share/ament_index
creating /home/rpi/ros2_ws/install/servo_controller/share/ament_index/resource_index
creating /home/rpi/ros2_ws/install/servo_controller/share/ament_index/resource_index/packages
copying resource/servo_controller -> /home/rpi/ros2_ws/install/servo_controller/share/ament_index/resource_index/packages
copying package.xml -> /home/rpi/ros2_ws/install/servo_controller/share/servo_controller
running install_egg_info
Copying ../../build/servo_controller/servo_controller.egg-info to /home/rpi/ros2_ws/install/servo_controller/lib/python3.10/site-packages/servo_controller-0.0.0-py3.10.egg-info
running install_scripts
Installing actuate_servo script to /home/rpi/ros2_ws/install/servo_controller/lib/servo_controller
Installing keyboard_input script to /home/rpi/ros2_ws/install/servo_controller/lib/servo_controller
writing list of installed files to '/home/rpi/ros2_ws/build/servo_controller/install.log'
