[9.739s] Invoking command in '/home/rpi/ros2_ws/src/hri_comms': PYTHONPATH=/home/rpi/ros2_ws/build/hri_comms/prefix_override:/home/rpi/ros2_ws/install/hri_comms/lib/python3.10/site-packages:${PYTHONPATH} /usr/bin/python3 setup.py egg_info --egg-base ../../build/hri_comms build --build-base /home/rpi/ros2_ws/build/hri_comms/build install --record /home/rpi/ros2_ws/build/hri_comms/install.log --single-version-externally-managed
[11.507s] running egg_info
[11.509s] writing ../../build/hri_comms/hri_comms.egg-info/PKG-INFO
[11.510s] writing dependency_links to ../../build/hri_comms/hri_comms.egg-info/dependency_links.txt
[11.510s] writing entry points to ../../build/hri_comms/hri_comms.egg-info/entry_points.txt
[11.511s] writing requirements to ../../build/hri_comms/hri_comms.egg-info/requires.txt
[11.513s] writing top-level names to ../../build/hri_comms/hri_comms.egg-info/top_level.txt
[11.528s] reading manifest file '../../build/hri_comms/hri_comms.egg-info/SOURCES.txt'
[11.532s] writing manifest file '../../build/hri_comms/hri_comms.egg-info/SOURCES.txt'
[11.533s] running build
[11.534s] running build_py
[11.534s] copying hri_comms/udp_server.py -> /home/rpi/ros2_ws/build/hri_comms/build/lib/hri_comms
[11.536s] running install
[11.537s] running install_lib
[11.541s] copying /home/rpi/ros2_ws/build/hri_comms/build/lib/hri_comms/udp_server.py -> /home/rpi/ros2_ws/install/hri_comms/lib/python3.10/site-packages/hri_comms
[11.542s] byte-compiling /home/rpi/ros2_ws/install/hri_comms/lib/python3.10/site-packages/hri_comms/udp_server.py to udp_server.cpython-310.pyc
[11.544s] running install_data
[11.546s] running install_egg_info
[11.556s] removing '/home/rpi/ros2_ws/install/hri_comms/lib/python3.10/site-packages/hri_comms-0.0.0-py3.10.egg-info' (and everything under it)
[11.558s] Copying ../../build/hri_comms/hri_comms.egg-info to /home/rpi/ros2_ws/install/hri_comms/lib/python3.10/site-packages/hri_comms-0.0.0-py3.10.egg-info
[11.567s] running install_scripts
[11.702s] Installing udp_server script to /home/rpi/ros2_ws/install/hri_comms/lib/hri_comms
[11.727s] writing list of installed files to '/home/rpi/ros2_ws/build/hri_comms/install.log'
[12.730s] Invoked command in '/home/rpi/ros2_ws/src/hri_comms' returned '0': PYTHONPATH=/home/rpi/ros2_ws/build/hri_comms/prefix_override:/home/rpi/ros2_ws/install/hri_comms/lib/python3.10/site-packages:${PYTHONPATH} /usr/bin/python3 setup.py egg_info --egg-base ../../build/hri_comms build --build-base /home/rpi/ros2_ws/build/hri_comms/build install --record /home/rpi/ros2_ws/build/hri_comms/install.log --single-version-externally-managed
