[5.827s] Invoking command in '/home/rpi/ros2_ws/src/my_robot_controller': PYTHONPATH=/home/rpi/ros2_ws/build/my_robot_controller/prefix_override:/home/rpi/ros2_ws/install/my_robot_controller/lib/python3.10/site-packages:${PYTHONPATH} /usr/bin/python3 setup.py egg_info --egg-base ../../build/my_robot_controller build --build-base /home/rpi/ros2_ws/build/my_robot_controller/build install --record /home/rpi/ros2_ws/build/my_robot_controller/install.log --single-version-externally-managed
[7.547s] running egg_info
[7.552s] writing ../../build/my_robot_controller/my_robot_controller.egg-info/PKG-INFO
[7.554s] writing dependency_links to ../../build/my_robot_controller/my_robot_controller.egg-info/dependency_links.txt
[7.555s] writing entry points to ../../build/my_robot_controller/my_robot_controller.egg-info/entry_points.txt
[7.556s] writing requirements to ../../build/my_robot_controller/my_robot_controller.egg-info/requires.txt
[7.557s] writing top-level names to ../../build/my_robot_controller/my_robot_controller.egg-info/top_level.txt
[7.568s] reading manifest file '../../build/my_robot_controller/my_robot_controller.egg-info/SOURCES.txt'
[7.574s] writing manifest file '../../build/my_robot_controller/my_robot_controller.egg-info/SOURCES.txt'
[7.574s] running build
[7.575s] running build_py
[7.579s] copying my_robot_controller/my_first_node.py -> /home/rpi/ros2_ws/build/my_robot_controller/build/lib/my_robot_controller
[7.580s] running install
[7.582s] running install_lib
[7.587s] copying /home/rpi/ros2_ws/build/my_robot_controller/build/lib/my_robot_controller/my_first_node.py -> /home/rpi/ros2_ws/install/my_robot_controller/lib/python3.10/site-packages/my_robot_controller
[7.590s] byte-compiling /home/rpi/ros2_ws/install/my_robot_controller/lib/python3.10/site-packages/my_robot_controller/my_first_node.py to my_first_node.cpython-310.pyc
[7.593s] running install_data
[7.596s] running install_egg_info
[7.605s] removing '/home/rpi/ros2_ws/install/my_robot_controller/lib/python3.10/site-packages/my_robot_controller-0.0.0-py3.10.egg-info' (and everything under it)
[7.608s] Copying ../../build/my_robot_controller/my_robot_controller.egg-info to /home/rpi/ros2_ws/install/my_robot_controller/lib/python3.10/site-packages/my_robot_controller-0.0.0-py3.10.egg-info
[7.626s] running install_scripts
[7.724s] Installing test_node script to /home/rpi/ros2_ws/install/my_robot_controller/lib/my_robot_controller
[7.726s] writing list of installed files to '/home/rpi/ros2_ws/build/my_robot_controller/install.log'
[7.895s] Invoked command in '/home/rpi/ros2_ws/src/my_robot_controller' returned '0': PYTHONPATH=/home/rpi/ros2_ws/build/my_robot_controller/prefix_override:/home/rpi/ros2_ws/install/my_robot_controller/lib/python3.10/site-packages:${PYTHONPATH} /usr/bin/python3 setup.py egg_info --egg-base ../../build/my_robot_controller build --build-base /home/rpi/ros2_ws/build/my_robot_controller/build install --record /home/rpi/ros2_ws/build/my_robot_controller/install.log --single-version-externally-managed
