[9.232s] Invoking command in '/home/rpi/ros2_ws/src/servo_controller': PYTHONPATH=/home/rpi/ros2_ws/build/servo_controller/prefix_override:/home/rpi/ros2_ws/install/servo_controller/lib/python3.10/site-packages:${PYTHONPATH} /usr/bin/python3 setup.py egg_info --egg-base ../../build/servo_controller build --build-base /home/rpi/ros2_ws/build/servo_controller/build install --record /home/rpi/ros2_ws/build/servo_controller/install.log --single-version-externally-managed
[11.091s] running egg_info
[11.097s] writing ../../build/servo_controller/servo_controller.egg-info/PKG-INFO
[11.112s] writing dependency_links to ../../build/servo_controller/servo_controller.egg-info/dependency_links.txt
[11.113s] writing entry points to ../../build/servo_controller/servo_controller.egg-info/entry_points.txt
[11.114s] writing requirements to ../../build/servo_controller/servo_controller.egg-info/requires.txt
[11.115s] writing top-level names to ../../build/servo_controller/servo_controller.egg-info/top_level.txt
[11.116s] reading manifest file '../../build/servo_controller/servo_controller.egg-info/SOURCES.txt'
[11.120s] writing manifest file '../../build/servo_controller/servo_controller.egg-info/SOURCES.txt'
[11.121s] running build
[11.122s] running build_py
[11.124s] running install
[11.126s] running install_lib
[11.134s] running install_data
[11.137s] running install_egg_info
[11.150s] removing '/home/rpi/ros2_ws/install/servo_controller/lib/python3.10/site-packages/servo_controller-0.0.0-py3.10.egg-info' (and everything under it)
[11.160s] Copying ../../build/servo_controller/servo_controller.egg-info to /home/rpi/ros2_ws/install/servo_controller/lib/python3.10/site-packages/servo_controller-0.0.0-py3.10.egg-info
[11.161s] running install_scripts
[11.328s] Installing actuate_servo script to /home/rpi/ros2_ws/install/servo_controller/lib/servo_controller
[11.331s] Installing keyboard_input script to /home/rpi/ros2_ws/install/servo_controller/lib/servo_controller
[11.332s] writing list of installed files to '/home/rpi/ros2_ws/build/servo_controller/install.log'
[12.501s] Invoked command in '/home/rpi/ros2_ws/src/servo_controller' returned '0': PYTHONPATH=/home/rpi/ros2_ws/build/servo_controller/prefix_override:/home/rpi/ros2_ws/install/servo_controller/lib/python3.10/site-packages:${PYTHONPATH} /usr/bin/python3 setup.py egg_info --egg-base ../../build/servo_controller build --build-base /home/rpi/ros2_ws/build/servo_controller/build install --record /home/rpi/ros2_ws/build/servo_controller/install.log --single-version-externally-managed
