[5.709s] DEBUG:colcon:Command line arguments: ['/usr/bin/colcon', 'build']
[5.710s] DEBUG:colcon:Parsed command line arguments: Namespace(log_base=None, log_level=None, verb_name='build', build_base='build', install_base='install', merge_install=False, symlink_install=False, test_result_base=None, continue_on_error=False, executor='parallel', parallel_workers=4, event_handlers=None, ignore_user_meta=False, metas=['./colcon.meta'], base_paths=['.'], packages_ignore=None, packages_ignore_regex=None, paths=None, packages_up_to=None, packages_up_to_regex=None, packages_above=None, packages_above_and_dependencies=None, packages_above_depth=None, packages_select_by_dep=None, packages_skip_by_dep=None, packages_skip_up_to=None, packages_select_build_failed=False, packages_skip_build_finished=False, packages_select_test_failures=False, packages_skip_test_passed=False, packages_select=None, packages_skip=None, packages_select_regex=None, packages_skip_regex=None, packages_start=None, packages_end=None, allow_overriding=[], cmake_args=None, cmake_target=None, cmake_target_skip_unavailable=False, cmake_clean_cache=False, cmake_clean_first=False, cmake_force_configure=False, ament_cmake_args=None, catkin_cmake_args=None, catkin_skip_building_tests=False, verb_parser=<colcon_defaults.argument_parser.defaults.DefaultArgumentsDecorator object at 0xffffb26425c0>, verb_extension=<colcon_core.verb.build.BuildVerb object at 0xffffb291b6a0>, main=<bound method BuildVerb.main of <colcon_core.verb.build.BuildVerb object at 0xffffb291b6a0>>)
[5.960s] Level 1:colcon.colcon_core.package_discovery:discover_packages(colcon_meta) check parameters
[5.961s] Level 1:colcon.colcon_core.package_discovery:discover_packages(recursive) check parameters
[5.961s] Level 1:colcon.colcon_core.package_discovery:discover_packages(ignore) check parameters
[5.961s] Level 1:colcon.colcon_core.package_discovery:discover_packages(path) check parameters
[5.961s] Level 1:colcon.colcon_core.package_discovery:discover_packages(colcon_meta) discover
[5.961s] Level 1:colcon.colcon_core.package_discovery:discover_packages(recursive) discover
[5.961s] INFO:colcon.colcon_core.package_discovery:Crawling recursively for packages in '/home/rpi/ros2_ws'
[5.962s] Level 1:colcon.colcon_core.package_identification:_identify(.) by extensions ['ignore', 'ignore_ament_install']
[5.962s] Level 1:colcon.colcon_core.package_identification:_identify(.) by extension 'ignore'
[5.962s] Level 1:colcon.colcon_core.package_identification:_identify(.) by extension 'ignore_ament_install'
[5.963s] Level 1:colcon.colcon_core.package_identification:_identify(.) by extensions ['colcon_pkg']
[5.963s] Level 1:colcon.colcon_core.package_identification:_identify(.) by extension 'colcon_pkg'
[5.963s] Level 1:colcon.colcon_core.package_identification:_identify(.) by extensions ['colcon_meta']
[5.963s] Level 1:colcon.colcon_core.package_identification:_identify(.) by extension 'colcon_meta'
[5.963s] Level 1:colcon.colcon_core.package_identification:_identify(.) by extensions ['ros']
[5.964s] Level 1:colcon.colcon_core.package_identification:_identify(.) by extension 'ros'
[6.017s] Level 1:colcon.colcon_core.package_identification:_identify(.) by extensions ['cmake', 'python']
[6.017s] Level 1:colcon.colcon_core.package_identification:_identify(.) by extension 'cmake'
[6.017s] Level 1:colcon.colcon_core.package_identification:_identify(.) by extension 'python'
[6.017s] Level 1:colcon.colcon_core.package_identification:_identify(.) by extensions ['python_setup_py']
[6.017s] Level 1:colcon.colcon_core.package_identification:_identify(.) by extension 'python_setup_py'
[6.018s] Level 1:colcon.colcon_core.package_identification:_identify(build) by extensions ['ignore', 'ignore_ament_install']
[6.018s] Level 1:colcon.colcon_core.package_identification:_identify(build) by extension 'ignore'
[6.019s] Level 1:colcon.colcon_core.package_identification:_identify(build) ignored
[6.019s] Level 1:colcon.colcon_core.package_identification:_identify(install) by extensions ['ignore', 'ignore_ament_install']
[6.020s] Level 1:colcon.colcon_core.package_identification:_identify(install) by extension 'ignore'
[6.020s] Level 1:colcon.colcon_core.package_identification:_identify(install) ignored
[6.021s] Level 1:colcon.colcon_core.package_identification:_identify(log) by extensions ['ignore', 'ignore_ament_install']
[6.022s] Level 1:colcon.colcon_core.package_identification:_identify(log) by extension 'ignore'
[6.022s] Level 1:colcon.colcon_core.package_identification:_identify(log) ignored
[6.022s] Level 1:colcon.colcon_core.package_identification:_identify(src) by extensions ['ignore', 'ignore_ament_install']
[6.023s] Level 1:colcon.colcon_core.package_identification:_identify(src) by extension 'ignore'
[6.023s] Level 1:colcon.colcon_core.package_identification:_identify(src) by extension 'ignore_ament_install'
[6.023s] Level 1:colcon.colcon_core.package_identification:_identify(src) by extensions ['colcon_pkg']
[6.023s] Level 1:colcon.colcon_core.package_identification:_identify(src) by extension 'colcon_pkg'
[6.023s] Level 1:colcon.colcon_core.package_identification:_identify(src) by extensions ['colcon_meta']
[6.023s] Level 1:colcon.colcon_core.package_identification:_identify(src) by extension 'colcon_meta'
[6.024s] Level 1:colcon.colcon_core.package_identification:_identify(src) by extensions ['ros']
[6.024s] Level 1:colcon.colcon_core.package_identification:_identify(src) by extension 'ros'
[6.024s] Level 1:colcon.colcon_core.package_identification:_identify(src) by extensions ['cmake', 'python']
[6.024s] Level 1:colcon.colcon_core.package_identification:_identify(src) by extension 'cmake'
[6.025s] Level 1:colcon.colcon_core.package_identification:_identify(src) by extension 'python'
[6.025s] Level 1:colcon.colcon_core.package_identification:_identify(src) by extensions ['python_setup_py']
[6.025s] Level 1:colcon.colcon_core.package_identification:_identify(src) by extension 'python_setup_py'
[6.025s] Level 1:colcon.colcon_core.package_identification:_identify(src/hri_comms) by extensions ['ignore', 'ignore_ament_install']
[6.026s] Level 1:colcon.colcon_core.package_identification:_identify(src/hri_comms) by extension 'ignore'
[6.026s] Level 1:colcon.colcon_core.package_identification:_identify(src/hri_comms) by extension 'ignore_ament_install'
[6.026s] Level 1:colcon.colcon_core.package_identification:_identify(src/hri_comms) by extensions ['colcon_pkg']
[6.026s] Level 1:colcon.colcon_core.package_identification:_identify(src/hri_comms) by extension 'colcon_pkg'
[6.026s] Level 1:colcon.colcon_core.package_identification:_identify(src/hri_comms) by extensions ['colcon_meta']
[6.027s] Level 1:colcon.colcon_core.package_identification:_identify(src/hri_comms) by extension 'colcon_meta'
[6.027s] Level 1:colcon.colcon_core.package_identification:_identify(src/hri_comms) by extensions ['ros']
[6.027s] Level 1:colcon.colcon_core.package_identification:_identify(src/hri_comms) by extension 'ros'
[6.037s] DEBUG:colcon.colcon_core.package_identification:Package 'src/hri_comms' with type 'ros.ament_python' and name 'hri_comms'
[6.038s] Level 1:colcon.colcon_core.package_identification:_identify(src/my_robot_controller) by extensions ['ignore', 'ignore_ament_install']
[6.039s] Level 1:colcon.colcon_core.package_identification:_identify(src/my_robot_controller) by extension 'ignore'
[6.039s] Level 1:colcon.colcon_core.package_identification:_identify(src/my_robot_controller) by extension 'ignore_ament_install'
[6.039s] Level 1:colcon.colcon_core.package_identification:_identify(src/my_robot_controller) by extensions ['colcon_pkg']
[6.039s] Level 1:colcon.colcon_core.package_identification:_identify(src/my_robot_controller) by extension 'colcon_pkg'
[6.039s] Level 1:colcon.colcon_core.package_identification:_identify(src/my_robot_controller) by extensions ['colcon_meta']
[6.040s] Level 1:colcon.colcon_core.package_identification:_identify(src/my_robot_controller) by extension 'colcon_meta'
[6.040s] Level 1:colcon.colcon_core.package_identification:_identify(src/my_robot_controller) by extensions ['ros']
[6.040s] Level 1:colcon.colcon_core.package_identification:_identify(src/my_robot_controller) by extension 'ros'
[6.043s] DEBUG:colcon.colcon_core.package_identification:Package 'src/my_robot_controller' with type 'ros.ament_python' and name 'my_robot_controller'
[6.044s] Level 1:colcon.colcon_core.package_identification:_identify(src/robot_arm_controller) by extensions ['ignore', 'ignore_ament_install']
[6.044s] Level 1:colcon.colcon_core.package_identification:_identify(src/robot_arm_controller) by extension 'ignore'
[6.044s] Level 1:colcon.colcon_core.package_identification:_identify(src/robot_arm_controller) by extension 'ignore_ament_install'
[6.045s] Level 1:colcon.colcon_core.package_identification:_identify(src/robot_arm_controller) by extensions ['colcon_pkg']
[6.045s] Level 1:colcon.colcon_core.package_identification:_identify(src/robot_arm_controller) by extension 'colcon_pkg'
[6.045s] Level 1:colcon.colcon_core.package_identification:_identify(src/robot_arm_controller) by extensions ['colcon_meta']
[6.045s] Level 1:colcon.colcon_core.package_identification:_identify(src/robot_arm_controller) by extension 'colcon_meta'
[6.045s] Level 1:colcon.colcon_core.package_identification:_identify(src/robot_arm_controller) by extensions ['ros']
[6.046s] Level 1:colcon.colcon_core.package_identification:_identify(src/robot_arm_controller) by extension 'ros'
[6.048s] DEBUG:colcon.colcon_core.package_identification:Package 'src/robot_arm_controller' with type 'ros.ament_python' and name 'robot_arm_controller'
[6.049s] Level 1:colcon.colcon_core.package_identification:_identify(src/servo_controller) by extensions ['ignore', 'ignore_ament_install']
[6.050s] Level 1:colcon.colcon_core.package_identification:_identify(src/servo_controller) by extension 'ignore'
[6.050s] Level 1:colcon.colcon_core.package_identification:_identify(src/servo_controller) by extension 'ignore_ament_install'
[6.050s] Level 1:colcon.colcon_core.package_identification:_identify(src/servo_controller) by extensions ['colcon_pkg']
[6.050s] Level 1:colcon.colcon_core.package_identification:_identify(src/servo_controller) by extension 'colcon_pkg'
[6.050s] Level 1:colcon.colcon_core.package_identification:_identify(src/servo_controller) by extensions ['colcon_meta']
[6.050s] Level 1:colcon.colcon_core.package_identification:_identify(src/servo_controller) by extension 'colcon_meta'
[6.051s] Level 1:colcon.colcon_core.package_identification:_identify(src/servo_controller) by extensions ['ros']
[6.051s] Level 1:colcon.colcon_core.package_identification:_identify(src/servo_controller) by extension 'ros'
[6.054s] DEBUG:colcon.colcon_core.package_identification:Package 'src/servo_controller' with type 'ros.ament_python' and name 'servo_controller'
[6.054s] Level 1:colcon.colcon_core.package_discovery:discover_packages(recursive) using defaults
[6.054s] Level 1:colcon.colcon_core.package_discovery:discover_packages(ignore) discover
[6.054s] Level 1:colcon.colcon_core.package_discovery:discover_packages(ignore) using defaults
[6.054s] Level 1:colcon.colcon_core.package_discovery:discover_packages(path) discover
[6.054s] Level 1:colcon.colcon_core.package_discovery:discover_packages(path) using defaults
[6.551s] Level 1:colcon.colcon_core.package_discovery:discover_packages(prefix_path) check parameters
[6.551s] Level 1:colcon.colcon_core.package_discovery:discover_packages(prefix_path) discover
[6.720s] DEBUG:colcon.colcon_installed_package_information.package_discovery:Found 4 installed packages in /home/rpi/ros2_ws/install
[6.810s] DEBUG:colcon.colcon_installed_package_information.package_discovery:Found 270 installed packages in /opt/ros/humble
[6.817s] Level 1:colcon.colcon_core.package_discovery:discover_packages(prefix_path) using defaults
[7.292s] Level 5:colcon.colcon_core.verb:set package 'hri_comms' build argument 'cmake_args' from command line to 'None'
[7.292s] Level 5:colcon.colcon_core.verb:set package 'hri_comms' build argument 'cmake_target' from command line to 'None'
[7.292s] Level 5:colcon.colcon_core.verb:set package 'hri_comms' build argument 'cmake_target_skip_unavailable' from command line to 'False'
[7.293s] Level 5:colcon.colcon_core.verb:set package 'hri_comms' build argument 'cmake_clean_cache' from command line to 'False'
[7.293s] Level 5:colcon.colcon_core.verb:set package 'hri_comms' build argument 'cmake_clean_first' from command line to 'False'
[7.293s] Level 5:colcon.colcon_core.verb:set package 'hri_comms' build argument 'cmake_force_configure' from command line to 'False'
[7.293s] Level 5:colcon.colcon_core.verb:set package 'hri_comms' build argument 'ament_cmake_args' from command line to 'None'
[7.293s] Level 5:colcon.colcon_core.verb:set package 'hri_comms' build argument 'catkin_cmake_args' from command line to 'None'
[7.293s] Level 5:colcon.colcon_core.verb:set package 'hri_comms' build argument 'catkin_skip_building_tests' from command line to 'False'
[7.293s] DEBUG:colcon.colcon_core.verb:Building package 'hri_comms' with the following arguments: {'ament_cmake_args': None, 'build_base': '/home/rpi/ros2_ws/build/hri_comms', 'catkin_cmake_args': None, 'catkin_skip_building_tests': False, 'cmake_args': None, 'cmake_clean_cache': False, 'cmake_clean_first': False, 'cmake_force_configure': False, 'cmake_target': None, 'cmake_target_skip_unavailable': False, 'install_base': '/home/rpi/ros2_ws/install/hri_comms', 'merge_install': False, 'path': '/home/rpi/ros2_ws/src/hri_comms', 'symlink_install': False, 'test_result_base': None}
[7.377s] Level 5:colcon.colcon_core.verb:set package 'my_robot_controller' build argument 'cmake_args' from command line to 'None'
[7.377s] Level 5:colcon.colcon_core.verb:set package 'my_robot_controller' build argument 'cmake_target' from command line to 'None'
[7.377s] Level 5:colcon.colcon_core.verb:set package 'my_robot_controller' build argument 'cmake_target_skip_unavailable' from command line to 'False'
[7.377s] Level 5:colcon.colcon_core.verb:set package 'my_robot_controller' build argument 'cmake_clean_cache' from command line to 'False'
[7.377s] Level 5:colcon.colcon_core.verb:set package 'my_robot_controller' build argument 'cmake_clean_first' from command line to 'False'
[7.377s] Level 5:colcon.colcon_core.verb:set package 'my_robot_controller' build argument 'cmake_force_configure' from command line to 'False'
[7.378s] Level 5:colcon.colcon_core.verb:set package 'my_robot_controller' build argument 'ament_cmake_args' from command line to 'None'
[7.378s] Level 5:colcon.colcon_core.verb:set package 'my_robot_controller' build argument 'catkin_cmake_args' from command line to 'None'
[7.378s] Level 5:colcon.colcon_core.verb:set package 'my_robot_controller' build argument 'catkin_skip_building_tests' from command line to 'False'
[7.378s] DEBUG:colcon.colcon_core.verb:Building package 'my_robot_controller' with the following arguments: {'ament_cmake_args': None, 'build_base': '/home/rpi/ros2_ws/build/my_robot_controller', 'catkin_cmake_args': None, 'catkin_skip_building_tests': False, 'cmake_args': None, 'cmake_clean_cache': False, 'cmake_clean_first': False, 'cmake_force_configure': False, 'cmake_target': None, 'cmake_target_skip_unavailable': False, 'install_base': '/home/rpi/ros2_ws/install/my_robot_controller', 'merge_install': False, 'path': '/home/rpi/ros2_ws/src/my_robot_controller', 'symlink_install': False, 'test_result_base': None}
[7.458s] Level 5:colcon.colcon_core.verb:set package 'servo_controller' build argument 'cmake_args' from command line to 'None'
[7.459s] Level 5:colcon.colcon_core.verb:set package 'servo_controller' build argument 'cmake_target' from command line to 'None'
[7.459s] Level 5:colcon.colcon_core.verb:set package 'servo_controller' build argument 'cmake_target_skip_unavailable' from command line to 'False'
[7.459s] Level 5:colcon.colcon_core.verb:set package 'servo_controller' build argument 'cmake_clean_cache' from command line to 'False'
[7.459s] Level 5:colcon.colcon_core.verb:set package 'servo_controller' build argument 'cmake_clean_first' from command line to 'False'
[7.459s] Level 5:colcon.colcon_core.verb:set package 'servo_controller' build argument 'cmake_force_configure' from command line to 'False'
[7.459s] Level 5:colcon.colcon_core.verb:set package 'servo_controller' build argument 'ament_cmake_args' from command line to 'None'
[7.459s] Level 5:colcon.colcon_core.verb:set package 'servo_controller' build argument 'catkin_cmake_args' from command line to 'None'
[7.459s] Level 5:colcon.colcon_core.verb:set package 'servo_controller' build argument 'catkin_skip_building_tests' from command line to 'False'
[7.460s] DEBUG:colcon.colcon_core.verb:Building package 'servo_controller' with the following arguments: {'ament_cmake_args': None, 'build_base': '/home/rpi/ros2_ws/build/servo_controller', 'catkin_cmake_args': None, 'catkin_skip_building_tests': False, 'cmake_args': None, 'cmake_clean_cache': False, 'cmake_clean_first': False, 'cmake_force_configure': False, 'cmake_target': None, 'cmake_target_skip_unavailable': False, 'install_base': '/home/rpi/ros2_ws/install/servo_controller', 'merge_install': False, 'path': '/home/rpi/ros2_ws/src/servo_controller', 'symlink_install': False, 'test_result_base': None}
[7.547s] Level 5:colcon.colcon_core.verb:set package 'robot_arm_controller' build argument 'cmake_args' from command line to 'None'
[7.548s] Level 5:colcon.colcon_core.verb:set package 'robot_arm_controller' build argument 'cmake_target' from command line to 'None'
[7.548s] Level 5:colcon.colcon_core.verb:set package 'robot_arm_controller' build argument 'cmake_target_skip_unavailable' from command line to 'False'
[7.548s] Level 5:colcon.colcon_core.verb:set package 'robot_arm_controller' build argument 'cmake_clean_cache' from command line to 'False'
[7.548s] Level 5:colcon.colcon_core.verb:set package 'robot_arm_controller' build argument 'cmake_clean_first' from command line to 'False'
[7.548s] Level 5:colcon.colcon_core.verb:set package 'robot_arm_controller' build argument 'cmake_force_configure' from command line to 'False'
[7.548s] Level 5:colcon.colcon_core.verb:set package 'robot_arm_controller' build argument 'ament_cmake_args' from command line to 'None'
[7.548s] Level 5:colcon.colcon_core.verb:set package 'robot_arm_controller' build argument 'catkin_cmake_args' from command line to 'None'
[7.548s] Level 5:colcon.colcon_core.verb:set package 'robot_arm_controller' build argument 'catkin_skip_building_tests' from command line to 'False'
[7.549s] DEBUG:colcon.colcon_core.verb:Building package 'robot_arm_controller' with the following arguments: {'ament_cmake_args': None, 'build_base': '/home/rpi/ros2_ws/build/robot_arm_controller', 'catkin_cmake_args': None, 'catkin_skip_building_tests': False, 'cmake_args': None, 'cmake_clean_cache': False, 'cmake_clean_first': False, 'cmake_force_configure': False, 'cmake_target': None, 'cmake_target_skip_unavailable': False, 'install_base': '/home/rpi/ros2_ws/install/robot_arm_controller', 'merge_install': False, 'path': '/home/rpi/ros2_ws/src/robot_arm_controller', 'symlink_install': False, 'test_result_base': None}
[7.628s] INFO:colcon.colcon_core.executor:Executing jobs using 'parallel' executor
[7.711s] DEBUG:colcon.colcon_parallel_executor.executor.parallel:run_until_complete
[7.712s] INFO:colcon.colcon_ros.task.ament_python.build:Building ROS package in '/home/rpi/ros2_ws/src/hri_comms' with build type 'ament_python'
[7.712s] Level 1:colcon.colcon_core.shell:create_environment_hook('hri_comms', 'ament_prefix_path')
[7.814s] INFO:colcon.colcon_core.plugin_system:Skipping extension 'colcon_core.shell.bat': Not used on non-Windows systems
[7.816s] INFO:colcon.colcon_core.shell:Creating environment hook '/home/rpi/ros2_ws/install/hri_comms/share/hri_comms/hook/ament_prefix_path.ps1'
[7.818s] INFO:colcon.colcon_core.shell:Creating environment descriptor '/home/rpi/ros2_ws/install/hri_comms/share/hri_comms/hook/ament_prefix_path.dsv'
[7.821s] INFO:colcon.colcon_core.shell:Creating environment hook '/home/rpi/ros2_ws/install/hri_comms/share/hri_comms/hook/ament_prefix_path.sh'
[7.920s] INFO:colcon.colcon_core.shell:Skip shell extension 'powershell' for command environment: Not usable outside of PowerShell
[7.920s] DEBUG:colcon.colcon_core.shell:Skip shell extension 'dsv' for command environment
[8.212s] INFO:colcon.colcon_ros.task.ament_python.build:Building ROS package in '/home/rpi/ros2_ws/src/my_robot_controller' with build type 'ament_python'
[8.213s] Level 1:colcon.colcon_core.shell:create_environment_hook('my_robot_controller', 'ament_prefix_path')
[8.313s] INFO:colcon.colcon_core.shell:Creating environment hook '/home/rpi/ros2_ws/install/my_robot_controller/share/my_robot_controller/hook/ament_prefix_path.ps1'
[8.316s] INFO:colcon.colcon_core.shell:Creating environment descriptor '/home/rpi/ros2_ws/install/my_robot_controller/share/my_robot_controller/hook/ament_prefix_path.dsv'
[8.318s] INFO:colcon.colcon_core.shell:Creating environment hook '/home/rpi/ros2_ws/install/my_robot_controller/share/my_robot_controller/hook/ament_prefix_path.sh'
[8.411s] INFO:colcon.colcon_core.shell:Skip shell extension 'powershell' for command environment: Not usable outside of PowerShell
[8.412s] DEBUG:colcon.colcon_core.shell:Skip shell extension 'dsv' for command environment
[8.700s] INFO:colcon.colcon_ros.task.ament_python.build:Building ROS package in '/home/rpi/ros2_ws/src/servo_controller' with build type 'ament_python'
[8.701s] Level 1:colcon.colcon_core.shell:create_environment_hook('servo_controller', 'ament_prefix_path')
[8.807s] INFO:colcon.colcon_core.shell:Creating environment hook '/home/rpi/ros2_ws/install/servo_controller/share/servo_controller/hook/ament_prefix_path.ps1'
[8.809s] INFO:colcon.colcon_core.shell:Creating environment descriptor '/home/rpi/ros2_ws/install/servo_controller/share/servo_controller/hook/ament_prefix_path.dsv'
[8.811s] INFO:colcon.colcon_core.shell:Creating environment hook '/home/rpi/ros2_ws/install/servo_controller/share/servo_controller/hook/ament_prefix_path.sh'
[8.901s] INFO:colcon.colcon_core.shell:Skip shell extension 'powershell' for command environment: Not usable outside of PowerShell
[8.901s] DEBUG:colcon.colcon_core.shell:Skip shell extension 'dsv' for command environment
[10.751s] INFO:colcon.colcon_core.task.python.build:Building Python package in '/home/rpi/ros2_ws/src/hri_comms'
[10.845s] INFO:colcon.colcon_core.shell:Skip shell extension 'powershell' for command environment: Not usable outside of PowerShell
[10.845s] DEBUG:colcon.colcon_core.shell:Skip shell extension 'dsv' for command environment
[12.728s] INFO:colcon.colcon_core.task.python.build:Building Python package in '/home/rpi/ros2_ws/src/my_robot_controller'
[12.820s] INFO:colcon.colcon_core.shell:Skip shell extension 'powershell' for command environment: Not usable outside of PowerShell
[12.820s] DEBUG:colcon.colcon_core.shell:Skip shell extension 'dsv' for command environment
[14.658s] INFO:colcon.colcon_core.task.python.build:Building Python package in '/home/rpi/ros2_ws/src/servo_controller'
[14.759s] INFO:colcon.colcon_core.shell:Skip shell extension 'powershell' for command environment: Not usable outside of PowerShell
[14.759s] DEBUG:colcon.colcon_core.shell:Skip shell extension 'dsv' for command environment
[17.618s] DEBUG:colcon.colcon_core.event_handler.log_command:Invoking command in '/home/rpi/ros2_ws/src/hri_comms': PYTHONPATH=/home/rpi/ros2_ws/build/hri_comms/prefix_override:/home/rpi/ros2_ws/install/hri_comms/lib/python3.10/site-packages:${PYTHONPATH} /usr/bin/python3 setup.py egg_info --egg-base ../../build/hri_comms build --build-base /home/rpi/ros2_ws/build/hri_comms/build install --record /home/rpi/ros2_ws/build/hri_comms/install.log --single-version-externally-managed
[17.652s] DEBUG:colcon.colcon_core.event_handler.log_command:Invoking command in '/home/rpi/ros2_ws/src/my_robot_controller': PYTHONPATH=/home/rpi/ros2_ws/build/my_robot_controller/prefix_override:/home/rpi/ros2_ws/install/my_robot_controller/lib/python3.10/site-packages:${PYTHONPATH} /usr/bin/python3 setup.py egg_info --egg-base ../../build/my_robot_controller build --build-base /home/rpi/ros2_ws/build/my_robot_controller/build install --record /home/rpi/ros2_ws/build/my_robot_controller/install.log --single-version-externally-managed
[17.861s] DEBUG:colcon.colcon_core.event_handler.log_command:Invoking command in '/home/rpi/ros2_ws/src/servo_controller': PYTHONPATH=/home/rpi/ros2_ws/build/servo_controller/prefix_override:/home/rpi/ros2_ws/install/servo_controller/lib/python3.10/site-packages:${PYTHONPATH} /usr/bin/python3 setup.py egg_info --egg-base ../../build/servo_controller build --build-base /home/rpi/ros2_ws/build/servo_controller/build install --record /home/rpi/ros2_ws/build/servo_controller/install.log --single-version-externally-managed
[20.045s] DEBUG:colcon.colcon_core.event_handler.log_command:Invoked command in '/home/rpi/ros2_ws/src/hri_comms' returned '0': PYTHONPATH=/home/rpi/ros2_ws/build/hri_comms/prefix_override:/home/rpi/ros2_ws/install/hri_comms/lib/python3.10/site-packages:${PYTHONPATH} /usr/bin/python3 setup.py egg_info --egg-base ../../build/hri_comms build --build-base /home/rpi/ros2_ws/build/hri_comms/build install --record /home/rpi/ros2_ws/build/hri_comms/install.log --single-version-externally-managed
[20.225s] Level 1:colcon.colcon_core.environment:checking '/home/rpi/ros2_ws/install/hri_comms' for CMake module files
[20.230s] Level 1:colcon.colcon_core.environment:checking '/home/rpi/ros2_ws/install/hri_comms' for CMake config files
[20.239s] Level 1:colcon.colcon_core.environment:checking '/home/rpi/ros2_ws/install/hri_comms/lib'
[20.241s] Level 1:colcon.colcon_core.environment:checking '/home/rpi/ros2_ws/install/hri_comms/bin'
[20.242s] Level 1:colcon.colcon_core.environment:checking '/home/rpi/ros2_ws/install/hri_comms/lib/pkgconfig/hri_comms.pc'
[20.244s] Level 1:colcon.colcon_core.environment:checking '/home/rpi/ros2_ws/install/hri_comms/lib/python3.10/site-packages'
[20.245s] Level 1:colcon.colcon_core.shell:create_environment_hook('hri_comms', 'pythonpath')
[20.403s] INFO:colcon.colcon_core.shell:Creating environment hook '/home/rpi/ros2_ws/install/hri_comms/share/hri_comms/hook/pythonpath.ps1'
[20.408s] INFO:colcon.colcon_core.shell:Creating environment descriptor '/home/rpi/ros2_ws/install/hri_comms/share/hri_comms/hook/pythonpath.dsv'
[20.410s] INFO:colcon.colcon_core.shell:Creating environment hook '/home/rpi/ros2_ws/install/hri_comms/share/hri_comms/hook/pythonpath.sh'
[20.414s] Level 1:colcon.colcon_core.environment:checking '/home/rpi/ros2_ws/install/hri_comms/bin'
[20.415s] Level 1:colcon.colcon_core.environment:create_environment_scripts_only(hri_comms)
[20.502s] INFO:colcon.colcon_core.shell:Creating package script '/home/rpi/ros2_ws/install/hri_comms/share/hri_comms/package.ps1'
[20.509s] INFO:colcon.colcon_core.shell:Creating package descriptor '/home/rpi/ros2_ws/install/hri_comms/share/hri_comms/package.dsv'
[20.512s] INFO:colcon.colcon_core.shell:Creating package script '/home/rpi/ros2_ws/install/hri_comms/share/hri_comms/package.sh'
[20.518s] INFO:colcon.colcon_core.shell:Creating package script '/home/rpi/ros2_ws/install/hri_comms/share/hri_comms/package.bash'
[20.522s] INFO:colcon.colcon_core.shell:Creating package script '/home/rpi/ros2_ws/install/hri_comms/share/hri_comms/package.zsh'
[20.525s] Level 1:colcon.colcon_core.environment:create_file_with_runtime_dependencies(/home/rpi/ros2_ws/install/hri_comms/share/colcon-core/packages/hri_comms)
[20.528s] INFO:colcon.colcon_ros.task.ament_python.build:Building ROS package in '/home/rpi/ros2_ws/src/robot_arm_controller' with build type 'ament_python'
[20.529s] Level 1:colcon.colcon_core.shell:create_environment_hook('robot_arm_controller', 'ament_prefix_path')
[20.643s] INFO:colcon.colcon_core.shell:Creating environment hook '/home/rpi/ros2_ws/install/robot_arm_controller/share/robot_arm_controller/hook/ament_prefix_path.ps1'
[20.645s] INFO:colcon.colcon_core.shell:Creating environment descriptor '/home/rpi/ros2_ws/install/robot_arm_controller/share/robot_arm_controller/hook/ament_prefix_path.dsv'
[20.647s] INFO:colcon.colcon_core.shell:Creating environment hook '/home/rpi/ros2_ws/install/robot_arm_controller/share/robot_arm_controller/hook/ament_prefix_path.sh'
[20.740s] INFO:colcon.colcon_core.shell:Skip shell extension 'powershell' for command environment: Not usable outside of PowerShell
[20.740s] DEBUG:colcon.colcon_core.shell:Skip shell extension 'dsv' for command environment
[21.035s] DEBUG:colcon.colcon_core.event_handler.log_command:Invoked command in '/home/rpi/ros2_ws/src/my_robot_controller' returned '0': PYTHONPATH=/home/rpi/ros2_ws/build/my_robot_controller/prefix_override:/home/rpi/ros2_ws/install/my_robot_controller/lib/python3.10/site-packages:${PYTHONPATH} /usr/bin/python3 setup.py egg_info --egg-base ../../build/my_robot_controller build --build-base /home/rpi/ros2_ws/build/my_robot_controller/build install --record /home/rpi/ros2_ws/build/my_robot_controller/install.log --single-version-externally-managed
[21.131s] Level 1:colcon.colcon_core.environment:checking '/home/rpi/ros2_ws/install/my_robot_controller' for CMake module files
[21.134s] Level 1:colcon.colcon_core.environment:checking '/home/rpi/ros2_ws/install/my_robot_controller' for CMake config files
[21.138s] Level 1:colcon.colcon_core.environment:checking '/home/rpi/ros2_ws/install/my_robot_controller/lib'
[21.138s] Level 1:colcon.colcon_core.environment:checking '/home/rpi/ros2_ws/install/my_robot_controller/bin'
[21.139s] Level 1:colcon.colcon_core.environment:checking '/home/rpi/ros2_ws/install/my_robot_controller/lib/pkgconfig/my_robot_controller.pc'
[21.139s] Level 1:colcon.colcon_core.environment:checking '/home/rpi/ros2_ws/install/my_robot_controller/lib/python3.10/site-packages'
[21.140s] Level 1:colcon.colcon_core.shell:create_environment_hook('my_robot_controller', 'pythonpath')
[21.232s] INFO:colcon.colcon_core.shell:Creating environment hook '/home/rpi/ros2_ws/install/my_robot_controller/share/my_robot_controller/hook/pythonpath.ps1'
[21.234s] INFO:colcon.colcon_core.shell:Creating environment descriptor '/home/rpi/ros2_ws/install/my_robot_controller/share/my_robot_controller/hook/pythonpath.dsv'
[21.236s] INFO:colcon.colcon_core.shell:Creating environment hook '/home/rpi/ros2_ws/install/my_robot_controller/share/my_robot_controller/hook/pythonpath.sh'
[21.238s] Level 1:colcon.colcon_core.environment:checking '/home/rpi/ros2_ws/install/my_robot_controller/bin'
[21.239s] Level 1:colcon.colcon_core.environment:create_environment_scripts_only(my_robot_controller)
[21.330s] INFO:colcon.colcon_core.shell:Creating package script '/home/rpi/ros2_ws/install/my_robot_controller/share/my_robot_controller/package.ps1'
[21.332s] INFO:colcon.colcon_core.shell:Creating package descriptor '/home/rpi/ros2_ws/install/my_robot_controller/share/my_robot_controller/package.dsv'
[21.335s] INFO:colcon.colcon_core.shell:Creating package script '/home/rpi/ros2_ws/install/my_robot_controller/share/my_robot_controller/package.sh'
[21.337s] INFO:colcon.colcon_core.shell:Creating package script '/home/rpi/ros2_ws/install/my_robot_controller/share/my_robot_controller/package.bash'
[21.339s] INFO:colcon.colcon_core.shell:Creating package script '/home/rpi/ros2_ws/install/my_robot_controller/share/my_robot_controller/package.zsh'
[21.341s] Level 1:colcon.colcon_core.environment:create_file_with_runtime_dependencies(/home/rpi/ros2_ws/install/my_robot_controller/share/colcon-core/packages/my_robot_controller)
[21.347s] DEBUG:colcon.colcon_core.event_handler.log_command:Invoked command in '/home/rpi/ros2_ws/src/servo_controller' returned '0': PYTHONPATH=/home/rpi/ros2_ws/build/servo_controller/prefix_override:/home/rpi/ros2_ws/install/servo_controller/lib/python3.10/site-packages:${PYTHONPATH} /usr/bin/python3 setup.py egg_info --egg-base ../../build/servo_controller build --build-base /home/rpi/ros2_ws/build/servo_controller/build install --record /home/rpi/ros2_ws/build/servo_controller/install.log --single-version-externally-managed
[21.449s] Level 1:colcon.colcon_core.environment:checking '/home/rpi/ros2_ws/install/servo_controller' for CMake module files
[21.452s] Level 1:colcon.colcon_core.environment:checking '/home/rpi/ros2_ws/install/servo_controller' for CMake config files
[21.455s] Level 1:colcon.colcon_core.environment:checking '/home/rpi/ros2_ws/install/servo_controller/lib'
[21.456s] Level 1:colcon.colcon_core.environment:checking '/home/rpi/ros2_ws/install/servo_controller/bin'
[21.456s] Level 1:colcon.colcon_core.environment:checking '/home/rpi/ros2_ws/install/servo_controller/lib/pkgconfig/servo_controller.pc'
[21.457s] Level 1:colcon.colcon_core.environment:checking '/home/rpi/ros2_ws/install/servo_controller/lib/python3.10/site-packages'
[21.458s] Level 1:colcon.colcon_core.shell:create_environment_hook('servo_controller', 'pythonpath')
[21.547s] INFO:colcon.colcon_core.shell:Creating environment hook '/home/rpi/ros2_ws/install/servo_controller/share/servo_controller/hook/pythonpath.ps1'
[21.549s] INFO:colcon.colcon_core.shell:Creating environment descriptor '/home/rpi/ros2_ws/install/servo_controller/share/servo_controller/hook/pythonpath.dsv'
[21.551s] INFO:colcon.colcon_core.shell:Creating environment hook '/home/rpi/ros2_ws/install/servo_controller/share/servo_controller/hook/pythonpath.sh'
[21.554s] Level 1:colcon.colcon_core.environment:checking '/home/rpi/ros2_ws/install/servo_controller/bin'
[21.554s] Level 1:colcon.colcon_core.environment:create_environment_scripts_only(servo_controller)
[21.647s] INFO:colcon.colcon_core.shell:Creating package script '/home/rpi/ros2_ws/install/servo_controller/share/servo_controller/package.ps1'
[21.649s] INFO:colcon.colcon_core.shell:Creating package descriptor '/home/rpi/ros2_ws/install/servo_controller/share/servo_controller/package.dsv'
[21.652s] INFO:colcon.colcon_core.shell:Creating package script '/home/rpi/ros2_ws/install/servo_controller/share/servo_controller/package.sh'
[21.654s] INFO:colcon.colcon_core.shell:Creating package script '/home/rpi/ros2_ws/install/servo_controller/share/servo_controller/package.bash'
[21.656s] INFO:colcon.colcon_core.shell:Creating package script '/home/rpi/ros2_ws/install/servo_controller/share/servo_controller/package.zsh'
[21.657s] Level 1:colcon.colcon_core.environment:create_file_with_runtime_dependencies(/home/rpi/ros2_ws/install/servo_controller/share/colcon-core/packages/servo_controller)
[23.201s] INFO:colcon.colcon_core.task.python.build:Building Python package in '/home/rpi/ros2_ws/src/robot_arm_controller'
[23.297s] INFO:colcon.colcon_core.shell:Skip shell extension 'powershell' for command environment: Not usable outside of PowerShell
[23.297s] DEBUG:colcon.colcon_core.shell:Skip shell extension 'dsv' for command environment
[25.535s] DEBUG:colcon.colcon_core.event_handler.log_command:Invoking command in '/home/rpi/ros2_ws/src/robot_arm_controller': AMENT_PREFIX_PATH=/home/rpi/ros2_ws/install/hri_comms:/home/rpi/ros2_ws/install/robot_arm_controller:/home/rpi/ros2_ws/install/servo_controller:/home/rpi/ros2_ws/install/my_robot_controller:/opt/ros/humble PYTHONPATH=/home/rpi/ros2_ws/build/robot_arm_controller/prefix_override:/home/rpi/ros2_ws/install/robot_arm_controller/lib/python3.10/site-packages:/home/rpi/ros2_ws/install/hri_comms/lib/python3.10/site-packages:/home/rpi/ros2_ws/install/robot_arm_controller/lib/python3.10/site-packages:/home/rpi/ros2_ws/install/servo_controller/lib/python3.10/site-packages:/home/rpi/ros2_ws/install/my_robot_controller/lib/python3.10/site-packages:/opt/ros/humble/lib/python3.10/site-packages:/opt/ros/humble/local/lib/python3.10/dist-packages /usr/bin/python3 setup.py egg_info --egg-base ../../build/robot_arm_controller build --build-base /home/rpi/ros2_ws/build/robot_arm_controller/build install --record /home/rpi/ros2_ws/build/robot_arm_controller/install.log --single-version-externally-managed
[30.536s] DEBUG:colcon.colcon_core.event_handler.log_command:Invoked command in '/home/rpi/ros2_ws/src/robot_arm_controller' returned '0': AMENT_PREFIX_PATH=/home/rpi/ros2_ws/install/hri_comms:/home/rpi/ros2_ws/install/robot_arm_controller:/home/rpi/ros2_ws/install/servo_controller:/home/rpi/ros2_ws/install/my_robot_controller:/opt/ros/humble PYTHONPATH=/home/rpi/ros2_ws/build/robot_arm_controller/prefix_override:/home/rpi/ros2_ws/install/robot_arm_controller/lib/python3.10/site-packages:/home/rpi/ros2_ws/install/hri_comms/lib/python3.10/site-packages:/home/rpi/ros2_ws/install/robot_arm_controller/lib/python3.10/site-packages:/home/rpi/ros2_ws/install/servo_controller/lib/python3.10/site-packages:/home/rpi/ros2_ws/install/my_robot_controller/lib/python3.10/site-packages:/opt/ros/humble/lib/python3.10/site-packages:/opt/ros/humble/local/lib/python3.10/dist-packages /usr/bin/python3 setup.py egg_info --egg-base ../../build/robot_arm_controller build --build-base /home/rpi/ros2_ws/build/robot_arm_controller/build install --record /home/rpi/ros2_ws/build/robot_arm_controller/install.log --single-version-externally-managed
[30.958s] Level 1:colcon.colcon_core.environment:checking '/home/rpi/ros2_ws/install/robot_arm_controller' for CMake module files
[30.966s] Level 1:colcon.colcon_core.environment:checking '/home/rpi/ros2_ws/install/robot_arm_controller' for CMake config files
[30.975s] Level 1:colcon.colcon_core.environment:checking '/home/rpi/ros2_ws/install/robot_arm_controller/lib'
[30.978s] Level 1:colcon.colcon_core.environment:checking '/home/rpi/ros2_ws/install/robot_arm_controller/bin'
[30.980s] Level 1:colcon.colcon_core.environment:checking '/home/rpi/ros2_ws/install/robot_arm_controller/lib/pkgconfig/robot_arm_controller.pc'
[30.982s] Level 1:colcon.colcon_core.environment:checking '/home/rpi/ros2_ws/install/robot_arm_controller/lib/python3.10/site-packages'
[30.983s] Level 1:colcon.colcon_core.shell:create_environment_hook('robot_arm_controller', 'pythonpath')
[31.415s] INFO:colcon.colcon_core.shell:Creating environment hook '/home/rpi/ros2_ws/install/robot_arm_controller/share/robot_arm_controller/hook/pythonpath.ps1'
[31.419s] INFO:colcon.colcon_core.shell:Creating environment descriptor '/home/rpi/ros2_ws/install/robot_arm_controller/share/robot_arm_controller/hook/pythonpath.dsv'
[31.432s] INFO:colcon.colcon_core.shell:Creating environment hook '/home/rpi/ros2_ws/install/robot_arm_controller/share/robot_arm_controller/hook/pythonpath.sh'
[31.441s] Level 1:colcon.colcon_core.environment:checking '/home/rpi/ros2_ws/install/robot_arm_controller/bin'
[31.442s] Level 1:colcon.colcon_core.environment:create_environment_scripts_only(robot_arm_controller)
[31.857s] INFO:colcon.colcon_core.shell:Creating package script '/home/rpi/ros2_ws/install/robot_arm_controller/share/robot_arm_controller/package.ps1'
[31.864s] INFO:colcon.colcon_core.shell:Creating package descriptor '/home/rpi/ros2_ws/install/robot_arm_controller/share/robot_arm_controller/package.dsv'
[31.888s] INFO:colcon.colcon_core.shell:Creating package script '/home/rpi/ros2_ws/install/robot_arm_controller/share/robot_arm_controller/package.sh'
[31.900s] INFO:colcon.colcon_core.shell:Creating package script '/home/rpi/ros2_ws/install/robot_arm_controller/share/robot_arm_controller/package.bash'
[31.913s] INFO:colcon.colcon_core.shell:Creating package script '/home/rpi/ros2_ws/install/robot_arm_controller/share/robot_arm_controller/package.zsh'
[31.919s] Level 1:colcon.colcon_core.environment:create_file_with_runtime_dependencies(/home/rpi/ros2_ws/install/robot_arm_controller/share/colcon-core/packages/robot_arm_controller)
[31.929s] DEBUG:colcon.colcon_parallel_executor.executor.parallel:closing loop
[31.933s] DEBUG:colcon.colcon_parallel_executor.executor.parallel:loop closed
[31.937s] DEBUG:colcon.colcon_parallel_executor.executor.parallel:run_until_complete finished with '0'
[31.939s] DEBUG:colcon.colcon_core.event_reactor:joining thread
[32.432s] INFO:colcon.colcon_core.plugin_system:Skipping extension 'colcon_notification.desktop_notification.terminal_notifier': Not used on non-Darwin systems
[32.433s] INFO:colcon.colcon_core.plugin_system:Skipping extension 'colcon_notification.desktop_notification.win32': Not used on non-Windows systems
[32.435s] INFO:colcon.colcon_notification.desktop_notification:Sending desktop notification using 'notify2'
[32.603s] DEBUG:colcon.colcon_core.event_reactor:joined thread
[32.941s] INFO:colcon.colcon_core.shell:Creating prefix script '/home/rpi/ros2_ws/install/local_setup.ps1'
[32.952s] INFO:colcon.colcon_core.shell:Creating prefix util module '/home/rpi/ros2_ws/install/_local_setup_util_ps1.py'
[32.963s] INFO:colcon.colcon_core.shell:Creating prefix chain script '/home/rpi/ros2_ws/install/setup.ps1'
[33.380s] INFO:colcon.colcon_core.shell:Creating prefix script '/home/rpi/ros2_ws/install/local_setup.sh'
[33.388s] INFO:colcon.colcon_core.shell:Creating prefix util module '/home/rpi/ros2_ws/install/_local_setup_util_sh.py'
[33.394s] INFO:colcon.colcon_core.shell:Creating prefix chain script '/home/rpi/ros2_ws/install/setup.sh'
[33.767s] INFO:colcon.colcon_core.shell:Creating prefix script '/home/rpi/ros2_ws/install/local_setup.bash'
[33.771s] INFO:colcon.colcon_core.shell:Creating prefix chain script '/home/rpi/ros2_ws/install/setup.bash'
[34.159s] INFO:colcon.colcon_core.shell:Creating prefix script '/home/rpi/ros2_ws/install/local_setup.zsh'
[34.167s] INFO:colcon.colcon_core.shell:Creating prefix chain script '/home/rpi/ros2_ws/install/setup.zsh'
