[13.094s] Invoking command in '/home/rpi/ros2_ws/src/hri_comms': PYTHONPATH=/home/rpi/ros2_ws/build/hri_comms/prefix_override:/home/rpi/ros2_ws/install/hri_comms/lib/python3.10/site-packages:${PYTHONPATH} /usr/bin/python3 setup.py egg_info --egg-base ../../build/hri_comms build --build-base /home/rpi/ros2_ws/build/hri_comms/build install --record /home/rpi/ros2_ws/build/hri_comms/install.log --single-version-externally-managed
[16.272s] running egg_info
[16.286s] writing ../../build/hri_comms/hri_comms.egg-info/PKG-INFO
[16.298s] writing dependency_links to ../../build/hri_comms/hri_comms.egg-info/dependency_links.txt
[16.301s] writing entry points to ../../build/hri_comms/hri_comms.egg-info/entry_points.txt
[16.302s] writing requirements to ../../build/hri_comms/hri_comms.egg-info/requires.txt
[16.302s] writing top-level names to ../../build/hri_comms/hri_comms.egg-info/top_level.txt
[16.305s] reading manifest file '../../build/hri_comms/hri_comms.egg-info/SOURCES.txt'
[16.306s] writing manifest file '../../build/hri_comms/hri_comms.egg-info/SOURCES.txt'
[16.311s] running build
[16.313s] running build_py
[16.316s] running install
[16.318s] running install_lib
[16.321s] running install_data
[16.324s] running install_egg_info
[16.331s] removing '/home/rpi/ros2_ws/install/hri_comms/lib/python3.10/site-packages/hri_comms-0.0.0-py3.10.egg-info' (and everything under it)
[16.333s] Copying ../../build/hri_comms/hri_comms.egg-info to /home/rpi/ros2_ws/install/hri_comms/lib/python3.10/site-packages/hri_comms-0.0.0-py3.10.egg-info
[16.346s] running install_scripts
[16.460s] Installing data_handler script to /home/rpi/ros2_ws/install/hri_comms/lib/hri_comms
[16.462s] Installing udp_server script to /home/rpi/ros2_ws/install/hri_comms/lib/hri_comms
[16.465s] writing list of installed files to '/home/rpi/ros2_ws/build/hri_comms/install.log'
[17.616s] Invoked command in '/home/rpi/ros2_ws/src/hri_comms' returned '0': PYTHONPATH=/home/rpi/ros2_ws/build/hri_comms/prefix_override:/home/rpi/ros2_ws/install/hri_comms/lib/python3.10/site-packages:${PYTHONPATH} /usr/bin/python3 setup.py egg_info --egg-base ../../build/hri_comms build --build-base /home/rpi/ros2_ws/build/hri_comms/build install --record /home/rpi/ros2_ws/build/hri_comms/install.log --single-version-externally-managed
