[30.387s] Invoking command in '/home/rpi/ros2_ws/src/servo_controller': PYTHONPATH=/home/rpi/ros2_ws/build/servo_controller/prefix_override:/home/rpi/ros2_ws/install/servo_controller/lib/python3.10/site-packages:${PYTHONPATH} /usr/bin/python3 setup.py egg_info --egg-base ../../build/servo_controller build --build-base /home/rpi/ros2_ws/build/servo_controller/build install --record /home/rpi/ros2_ws/build/servo_controller/install.log --single-version-externally-managed
[37.843s] running egg_info
[37.857s] writing ../../build/servo_controller/servo_controller.egg-info/PKG-INFO
[37.859s] writing dependency_links to ../../build/servo_controller/servo_controller.egg-info/dependency_links.txt
[37.875s] writing entry points to ../../build/servo_controller/servo_controller.egg-info/entry_points.txt
[37.905s] writing requirements to ../../build/servo_controller/servo_controller.egg-info/requires.txt
[37.908s] writing top-level names to ../../build/servo_controller/servo_controller.egg-info/top_level.txt
[37.911s] reading manifest file '../../build/servo_controller/servo_controller.egg-info/SOURCES.txt'
[37.922s] writing manifest file '../../build/servo_controller/servo_controller.egg-info/SOURCES.txt'
[37.938s] running build
[37.941s] running build_py
[37.942s] running install
[37.948s] running install_lib
[38.014s] running install_data
[38.048s] running install_egg_info
[38.111s] removing '/home/rpi/ros2_ws/install/servo_controller/lib/python3.10/site-packages/servo_controller-0.0.0-py3.10.egg-info' (and everything under it)
[38.127s] Copying ../../build/servo_controller/servo_controller.egg-info to /home/rpi/ros2_ws/install/servo_controller/lib/python3.10/site-packages/servo_controller-0.0.0-py3.10.egg-info
[38.178s] running install_scripts
[38.533s] Installing actuate_servo script to /home/rpi/ros2_ws/install/servo_controller/lib/servo_controller
[38.543s] Installing keyboard_input script to /home/rpi/ros2_ws/install/servo_controller/lib/servo_controller
[38.546s] writing list of installed files to '/home/rpi/ros2_ws/build/servo_controller/install.log'
[40.288s] Invoked command in '/home/rpi/ros2_ws/src/servo_controller' returned '0': PYTHONPATH=/home/rpi/ros2_ws/build/servo_controller/prefix_override:/home/rpi/ros2_ws/install/servo_controller/lib/python3.10/site-packages:${PYTHONPATH} /usr/bin/python3 setup.py egg_info --egg-base ../../build/servo_controller build --build-base /home/rpi/ros2_ws/build/servo_controller/build install --record /home/rpi/ros2_ws/build/servo_controller/install.log --single-version-externally-managed
