[16.622s] Invoking command in '/home/rpi/ros2_ws/src/hri_comms': PYTHONPATH=/home/rpi/ros2_ws/build/hri_comms/prefix_override:/home/rpi/ros2_ws/install/hri_comms/lib/python3.10/site-packages:${PYTHONPATH} /usr/bin/python3 setup.py egg_info --egg-base ../../build/hri_comms build --build-base /home/rpi/ros2_ws/build/hri_comms/build install --record /home/rpi/ros2_ws/build/hri_comms/install.log --single-version-externally-managed
[19.877s] running egg_info
[19.881s] writing ../../build/hri_comms/hri_comms.egg-info/PKG-INFO
[19.882s] writing dependency_links to ../../build/hri_comms/hri_comms.egg-info/dependency_links.txt
[19.884s] writing entry points to ../../build/hri_comms/hri_comms.egg-info/entry_points.txt
[19.885s] writing requirements to ../../build/hri_comms/hri_comms.egg-info/requires.txt
[19.886s] writing top-level names to ../../build/hri_comms/hri_comms.egg-info/top_level.txt
[19.902s] reading manifest file '../../build/hri_comms/hri_comms.egg-info/SOURCES.txt'
[19.907s] writing manifest file '../../build/hri_comms/hri_comms.egg-info/SOURCES.txt'
[19.908s] running build
[19.909s] running build_py
[19.911s] running install
[19.913s] running install_lib
[19.921s] running install_data
[19.924s] running install_egg_info
[19.940s] removing '/home/rpi/ros2_ws/install/hri_comms/lib/python3.10/site-packages/hri_comms-0.0.0-py3.10.egg-info' (and everything under it)
[19.943s] Copying ../../build/hri_comms/hri_comms.egg-info to /home/rpi/ros2_ws/install/hri_comms/lib/python3.10/site-packages/hri_comms-0.0.0-py3.10.egg-info
[19.953s] running install_scripts
[20.095s] Installing data_handler script to /home/rpi/ros2_ws/install/hri_comms/lib/hri_comms
[20.097s] Installing udp_server script to /home/rpi/ros2_ws/install/hri_comms/lib/hri_comms
[20.102s] writing list of installed files to '/home/rpi/ros2_ws/build/hri_comms/install.log'
[21.086s] Invoked command in '/home/rpi/ros2_ws/src/hri_comms' returned '0': PYTHONPATH=/home/rpi/ros2_ws/build/hri_comms/prefix_override:/home/rpi/ros2_ws/install/hri_comms/lib/python3.10/site-packages:${PYTHONPATH} /usr/bin/python3 setup.py egg_info --egg-base ../../build/hri_comms build --build-base /home/rpi/ros2_ws/build/hri_comms/build install --record /home/rpi/ros2_ws/build/hri_comms/install.log --single-version-externally-managed
