[13.605s] Invoking command in '/home/rpi/ros2_ws/src/hri_comms': PYTHONPATH=/home/rpi/ros2_ws/build/hri_comms/prefix_override:/home/rpi/ros2_ws/install/hri_comms/lib/python3.10/site-packages:${PYTHONPATH} /usr/bin/python3 setup.py egg_info --egg-base ../../build/hri_comms build --build-base /home/rpi/ros2_ws/build/hri_comms/build install --record /home/rpi/ros2_ws/build/hri_comms/install.log --single-version-externally-managed
[15.854s] running egg_info
[15.860s] writing ../../build/hri_comms/hri_comms.egg-info/PKG-INFO
[15.868s] writing dependency_links to ../../build/hri_comms/hri_comms.egg-info/dependency_links.txt
[15.869s] writing entry points to ../../build/hri_comms/hri_comms.egg-info/entry_points.txt
[15.885s] writing requirements to ../../build/hri_comms/hri_comms.egg-info/requires.txt
[15.888s] writing top-level names to ../../build/hri_comms/hri_comms.egg-info/top_level.txt
[15.892s] reading manifest file '../../build/hri_comms/hri_comms.egg-info/SOURCES.txt'
[15.899s] writing manifest file '../../build/hri_comms/hri_comms.egg-info/SOURCES.txt'
[15.901s] running build
[15.902s] running build_py
[15.923s] running install
[15.926s] running install_lib
[15.928s] running install_data
[15.930s] running install_egg_info
[15.965s] removing '/home/rpi/ros2_ws/install/hri_comms/lib/python3.10/site-packages/hri_comms-0.0.0-py3.10.egg-info' (and everything under it)
[15.969s] Copying ../../build/hri_comms/hri_comms.egg-info to /home/rpi/ros2_ws/install/hri_comms/lib/python3.10/site-packages/hri_comms-0.0.0-py3.10.egg-info
[15.983s] running install_scripts
[16.188s] Installing data_handler script to /home/rpi/ros2_ws/install/hri_comms/lib/hri_comms
[16.190s] Installing udp_server script to /home/rpi/ros2_ws/install/hri_comms/lib/hri_comms
[16.191s] writing list of installed files to '/home/rpi/ros2_ws/build/hri_comms/install.log'
[17.053s] Invoked command in '/home/rpi/ros2_ws/src/hri_comms' returned '0': PYTHONPATH=/home/rpi/ros2_ws/build/hri_comms/prefix_override:/home/rpi/ros2_ws/install/hri_comms/lib/python3.10/site-packages:${PYTHONPATH} /usr/bin/python3 setup.py egg_info --egg-base ../../build/hri_comms build --build-base /home/rpi/ros2_ws/build/hri_comms/build install --record /home/rpi/ros2_ws/build/hri_comms/install.log --single-version-externally-managed
