[11.050s] Invoking command in '/home/rpi/ros2_ws/src/servo_controller': PYTHONPATH=/home/rpi/ros2_ws/build/servo_controller/prefix_override:/home/rpi/ros2_ws/install/servo_controller/lib/python3.10/site-packages:${PYTHONPATH} /usr/bin/python3 setup.py egg_info --egg-base ../../build/servo_controller build --build-base /home/rpi/ros2_ws/build/servo_controller/build install --record /home/rpi/ros2_ws/build/servo_controller/install.log --single-version-externally-managed
[13.205s] running egg_info
[13.206s] writing ../../build/servo_controller/servo_controller.egg-info/PKG-INFO
[13.207s] writing dependency_links to ../../build/servo_controller/servo_controller.egg-info/dependency_links.txt
[13.208s] writing entry points to ../../build/servo_controller/servo_controller.egg-info/entry_points.txt
[13.209s] writing requirements to ../../build/servo_controller/servo_controller.egg-info/requires.txt
[13.211s] writing top-level names to ../../build/servo_controller/servo_controller.egg-info/top_level.txt
[13.220s] reading manifest file '../../build/servo_controller/servo_controller.egg-info/SOURCES.txt'
[13.226s] writing manifest file '../../build/servo_controller/servo_controller.egg-info/SOURCES.txt'
[13.227s] running build
[13.228s] running build_py
[13.230s] running install
[13.232s] running install_lib
[13.242s] running install_data
[13.245s] running install_egg_info
[13.256s] removing '/home/rpi/ros2_ws/install/servo_controller/lib/python3.10/site-packages/servo_controller-0.0.0-py3.10.egg-info' (and everything under it)
[13.259s] Copying ../../build/servo_controller/servo_controller.egg-info to /home/rpi/ros2_ws/install/servo_controller/lib/python3.10/site-packages/servo_controller-0.0.0-py3.10.egg-info
[13.274s] running install_scripts
[13.564s] Installing actuate_servo script to /home/rpi/ros2_ws/install/servo_controller/lib/servo_controller
[13.579s] Installing keyboard_input script to /home/rpi/ros2_ws/install/servo_controller/lib/servo_controller
[13.589s] writing list of installed files to '/home/rpi/ros2_ws/build/servo_controller/install.log'
[14.986s] Invoked command in '/home/rpi/ros2_ws/src/servo_controller' returned '0': PYTHONPATH=/home/rpi/ros2_ws/build/servo_controller/prefix_override:/home/rpi/ros2_ws/install/servo_controller/lib/python3.10/site-packages:${PYTHONPATH} /usr/bin/python3 setup.py egg_info --egg-base ../../build/servo_controller build --build-base /home/rpi/ros2_ws/build/servo_controller/build install --record /home/rpi/ros2_ws/build/servo_controller/install.log --single-version-externally-managed
