[4.046s] Invoking command in '/home/rpi/ros2_ws/src/my_robot_controller': PYTHONPATH=/home/rpi/ros2_ws/build/my_robot_controller/prefix_override:/home/rpi/ros2_ws/install/my_robot_controller/lib/python3.10/site-packages:${PYTHONPATH} /usr/bin/python3 setup.py egg_info --egg-base ../../build/my_robot_controller build --build-base /home/rpi/ros2_ws/build/my_robot_controller/build install --record /home/rpi/ros2_ws/build/my_robot_controller/install.log --single-version-externally-managed
[5.407s] running egg_info
[5.412s] writing ../../build/my_robot_controller/my_robot_controller.egg-info/PKG-INFO
[5.413s] writing dependency_links to ../../build/my_robot_controller/my_robot_controller.egg-info/dependency_links.txt
[5.414s] writing entry points to ../../build/my_robot_controller/my_robot_controller.egg-info/entry_points.txt
[5.414s] writing requirements to ../../build/my_robot_controller/my_robot_controller.egg-info/requires.txt
[5.415s] writing top-level names to ../../build/my_robot_controller/my_robot_controller.egg-info/top_level.txt
[5.424s] reading manifest file '../../build/my_robot_controller/my_robot_controller.egg-info/SOURCES.txt'
[5.429s] writing manifest file '../../build/my_robot_controller/my_robot_controller.egg-info/SOURCES.txt'
[5.430s] running build
[5.430s] running build_py
[5.431s] copying my_robot_controller/draw_circle.py -> /home/rpi/ros2_ws/build/my_robot_controller/build/lib/my_robot_controller
[5.433s] running install
[5.434s] running install_lib
[5.438s] copying /home/rpi/ros2_ws/build/my_robot_controller/build/lib/my_robot_controller/draw_circle.py -> /home/rpi/ros2_ws/install/my_robot_controller/lib/python3.10/site-packages/my_robot_controller
[5.442s] byte-compiling /home/rpi/ros2_ws/install/my_robot_controller/lib/python3.10/site-packages/my_robot_controller/draw_circle.py to draw_circle.cpython-310.pyc
[5.445s] running install_data
[5.447s] copying package.xml -> /home/rpi/ros2_ws/install/my_robot_controller/share/my_robot_controller
[5.447s] running install_egg_info
[5.455s] removing '/home/rpi/ros2_ws/install/my_robot_controller/lib/python3.10/site-packages/my_robot_controller-0.0.0-py3.10.egg-info' (and everything under it)
[5.457s] Copying ../../build/my_robot_controller/my_robot_controller.egg-info to /home/rpi/ros2_ws/install/my_robot_controller/lib/python3.10/site-packages/my_robot_controller-0.0.0-py3.10.egg-info
[5.464s] running install_scripts
[5.554s] Installing draw_circle script to /home/rpi/ros2_ws/install/my_robot_controller/lib/my_robot_controller
[5.555s] Installing test_node script to /home/rpi/ros2_ws/install/my_robot_controller/lib/my_robot_controller
[5.557s] writing list of installed files to '/home/rpi/ros2_ws/build/my_robot_controller/install.log'
[5.704s] Invoked command in '/home/rpi/ros2_ws/src/my_robot_controller' returned '0': PYTHONPATH=/home/rpi/ros2_ws/build/my_robot_controller/prefix_override:/home/rpi/ros2_ws/install/my_robot_controller/lib/python3.10/site-packages:${PYTHONPATH} /usr/bin/python3 setup.py egg_info --egg-base ../../build/my_robot_controller build --build-base /home/rpi/ros2_ws/build/my_robot_controller/build install --record /home/rpi/ros2_ws/build/my_robot_controller/install.log --single-version-externally-managed
