[13.116s] Invoking command in '/home/rpi/ros2_ws/src/hri_comms': PYTHONPATH=/home/rpi/ros2_ws/build/hri_comms/prefix_override:/home/rpi/ros2_ws/install/hri_comms/lib/python3.10/site-packages:${PYTHONPATH} /usr/bin/python3 setup.py egg_info --egg-base ../../build/hri_comms build --build-base /home/rpi/ros2_ws/build/hri_comms/build install --record /home/rpi/ros2_ws/build/hri_comms/install.log --single-version-externally-managed
[15.637s] running egg_info
[15.644s] writing ../../build/hri_comms/hri_comms.egg-info/PKG-INFO
[15.646s] writing dependency_links to ../../build/hri_comms/hri_comms.egg-info/dependency_links.txt
[15.649s] writing entry points to ../../build/hri_comms/hri_comms.egg-info/entry_points.txt
[15.651s] writing requirements to ../../build/hri_comms/hri_comms.egg-info/requires.txt
[15.652s] writing top-level names to ../../build/hri_comms/hri_comms.egg-info/top_level.txt
[15.673s] reading manifest file '../../build/hri_comms/hri_comms.egg-info/SOURCES.txt'
[15.680s] writing manifest file '../../build/hri_comms/hri_comms.egg-info/SOURCES.txt'
[15.682s] running build
[15.683s] running build_py
[15.684s] running install
[15.686s] running install_lib
[15.704s] running install_data
[15.707s] running install_egg_info
[15.720s] removing '/home/rpi/ros2_ws/install/hri_comms/lib/python3.10/site-packages/hri_comms-0.0.0-py3.10.egg-info' (and everything under it)
[15.726s] Copying ../../build/hri_comms/hri_comms.egg-info to /home/rpi/ros2_ws/install/hri_comms/lib/python3.10/site-packages/hri_comms-0.0.0-py3.10.egg-info
[15.750s] running install_scripts
[15.928s] Installing data_handler script to /home/rpi/ros2_ws/install/hri_comms/lib/hri_comms
[15.932s] Installing udp_server script to /home/rpi/ros2_ws/install/hri_comms/lib/hri_comms
[15.937s] writing list of installed files to '/home/rpi/ros2_ws/build/hri_comms/install.log'
[16.951s] Invoked command in '/home/rpi/ros2_ws/src/hri_comms' returned '0': PYTHONPATH=/home/rpi/ros2_ws/build/hri_comms/prefix_override:/home/rpi/ros2_ws/install/hri_comms/lib/python3.10/site-packages:${PYTHONPATH} /usr/bin/python3 setup.py egg_info --egg-base ../../build/hri_comms build --build-base /home/rpi/ros2_ws/build/hri_comms/build install --record /home/rpi/ros2_ws/build/hri_comms/install.log --single-version-externally-managed
