[10.070s] Invoking command in '/home/rpi/ros2_ws/src/hri_comms': PYTHONPATH=/home/rpi/ros2_ws/build/hri_comms/prefix_override:/home/rpi/ros2_ws/install/hri_comms/lib/python3.10/site-packages:${PYTHONPATH} /usr/bin/python3 setup.py egg_info --egg-base ../../build/hri_comms build --build-base /home/rpi/ros2_ws/build/hri_comms/build install --record /home/rpi/ros2_ws/build/hri_comms/install.log --single-version-externally-managed
[11.947s] running egg_info
[11.950s] writing ../../build/hri_comms/hri_comms.egg-info/PKG-INFO
[11.951s] writing dependency_links to ../../build/hri_comms/hri_comms.egg-info/dependency_links.txt
[11.952s] writing entry points to ../../build/hri_comms/hri_comms.egg-info/entry_points.txt
[11.954s] writing requirements to ../../build/hri_comms/hri_comms.egg-info/requires.txt
[11.957s] writing top-level names to ../../build/hri_comms/hri_comms.egg-info/top_level.txt
[11.978s] reading manifest file '../../build/hri_comms/hri_comms.egg-info/SOURCES.txt'
[11.979s] writing manifest file '../../build/hri_comms/hri_comms.egg-info/SOURCES.txt'
[11.980s] running build
[11.980s] running build_py
[11.982s] running install
[11.997s] running install_lib
[11.998s] running install_data
[12.000s] running install_egg_info
[12.011s] removing '/home/rpi/ros2_ws/install/hri_comms/lib/python3.10/site-packages/hri_comms-0.0.0-py3.10.egg-info' (and everything under it)
[12.016s] Copying ../../build/hri_comms/hri_comms.egg-info to /home/rpi/ros2_ws/install/hri_comms/lib/python3.10/site-packages/hri_comms-0.0.0-py3.10.egg-info
[12.028s] running install_scripts
[12.239s] Installing data_handler script to /home/rpi/ros2_ws/install/hri_comms/lib/hri_comms
[12.246s] Installing udp_server script to /home/rpi/ros2_ws/install/hri_comms/lib/hri_comms
[12.254s] writing list of installed files to '/home/rpi/ros2_ws/build/hri_comms/install.log'
[13.165s] Invoked command in '/home/rpi/ros2_ws/src/hri_comms' returned '0': PYTHONPATH=/home/rpi/ros2_ws/build/hri_comms/prefix_override:/home/rpi/ros2_ws/install/hri_comms/lib/python3.10/site-packages:${PYTHONPATH} /usr/bin/python3 setup.py egg_info --egg-base ../../build/hri_comms build --build-base /home/rpi/ros2_ws/build/hri_comms/build install --record /home/rpi/ros2_ws/build/hri_comms/install.log --single-version-externally-managed
