[11.713s] Invoking command in '/home/rpi/ros2_ws/src/data_collection': PYTHONPATH=/home/rpi/ros2_ws/build/data_collection/prefix_override:/home/rpi/ros2_ws/install/data_collection/lib/python3.10/site-packages:${PYTHONPATH} /usr/bin/python3 setup.py egg_info --egg-base ../../build/data_collection build --build-base /home/rpi/ros2_ws/build/data_collection/build install --record /home/rpi/ros2_ws/build/data_collection/install.log --single-version-externally-managed
[13.854s] running egg_info
[13.858s] writing ../../build/data_collection/data_collection.egg-info/PKG-INFO
[13.860s] writing dependency_links to ../../build/data_collection/data_collection.egg-info/dependency_links.txt
[13.863s] writing entry points to ../../build/data_collection/data_collection.egg-info/entry_points.txt
[13.865s] writing requirements to ../../build/data_collection/data_collection.egg-info/requires.txt
[13.866s] writing top-level names to ../../build/data_collection/data_collection.egg-info/top_level.txt
[13.889s] reading manifest file '../../build/data_collection/data_collection.egg-info/SOURCES.txt'
[13.895s] writing manifest file '../../build/data_collection/data_collection.egg-info/SOURCES.txt'
[13.896s] running build
[13.897s] running build_py
[13.899s] running install
[13.905s] running install_lib
[13.910s] running install_data
[13.913s] running install_egg_info
[13.924s] removing '/home/rpi/ros2_ws/install/data_collection/lib/python3.10/site-packages/data_collection-0.0.0-py3.10.egg-info' (and everything under it)
[13.933s] Copying ../../build/data_collection/data_collection.egg-info to /home/rpi/ros2_ws/install/data_collection/lib/python3.10/site-packages/data_collection-0.0.0-py3.10.egg-info
[13.966s] running install_scripts
[14.140s] Installing csv_writer script to /home/rpi/ros2_ws/install/data_collection/lib/data_collection
[14.143s] writing list of installed files to '/home/rpi/ros2_ws/build/data_collection/install.log'
[15.438s] Invoked command in '/home/rpi/ros2_ws/src/data_collection' returned '0': PYTHONPATH=/home/rpi/ros2_ws/build/data_collection/prefix_override:/home/rpi/ros2_ws/install/data_collection/lib/python3.10/site-packages:${PYTHONPATH} /usr/bin/python3 setup.py egg_info --egg-base ../../build/data_collection build --build-base /home/rpi/ros2_ws/build/data_collection/build install --record /home/rpi/ros2_ws/build/data_collection/install.log --single-version-externally-managed
