[6.241s] Invoking command in '/home/rpi/ros2_ws/src/servo_controller': PYTHONPATH=/home/rpi/ros2_ws/build/servo_controller/prefix_override:/home/rpi/ros2_ws/install/servo_controller/lib/python3.10/site-packages:${PYTHONPATH} /usr/bin/python3 setup.py egg_info --egg-base ../../build/servo_controller build --build-base /home/rpi/ros2_ws/build/servo_controller/build install --record /home/rpi/ros2_ws/build/servo_controller/install.log --single-version-externally-managed
[7.769s] running egg_info
[7.775s] creating ../../build/servo_controller/servo_controller.egg-info
[7.776s] writing ../../build/servo_controller/servo_controller.egg-info/PKG-INFO
[7.778s] writing dependency_links to ../../build/servo_controller/servo_controller.egg-info/dependency_links.txt
[7.779s] writing entry points to ../../build/servo_controller/servo_controller.egg-info/entry_points.txt
[7.781s] writing requirements to ../../build/servo_controller/servo_controller.egg-info/requires.txt
[7.783s] writing top-level names to ../../build/servo_controller/servo_controller.egg-info/top_level.txt
[7.784s] writing manifest file '../../build/servo_controller/servo_controller.egg-info/SOURCES.txt'
[7.791s] reading manifest file '../../build/servo_controller/servo_controller.egg-info/SOURCES.txt'
[7.795s] writing manifest file '../../build/servo_controller/servo_controller.egg-info/SOURCES.txt'
[7.795s] running build
[7.796s] running build_py
[7.797s] creating /home/rpi/ros2_ws/build/servo_controller/build
[7.798s] creating /home/rpi/ros2_ws/build/servo_controller/build/lib
[7.798s] creating /home/rpi/ros2_ws/build/servo_controller/build/lib/servo_controller
[7.799s] copying servo_controller/keyboard_input.py -> /home/rpi/ros2_ws/build/servo_controller/build/lib/servo_controller
[7.802s] copying servo_controller/__init__.py -> /home/rpi/ros2_ws/build/servo_controller/build/lib/servo_controller
[7.803s] running install
[7.805s] running install_lib
[7.807s] creating /home/rpi/ros2_ws/install/servo_controller/lib/python3.10/site-packages/servo_controller
[7.808s] copying /home/rpi/ros2_ws/build/servo_controller/build/lib/servo_controller/keyboard_input.py -> /home/rpi/ros2_ws/install/servo_controller/lib/python3.10/site-packages/servo_controller
[7.808s] copying /home/rpi/ros2_ws/build/servo_controller/build/lib/servo_controller/__init__.py -> /home/rpi/ros2_ws/install/servo_controller/lib/python3.10/site-packages/servo_controller
[7.812s] byte-compiling /home/rpi/ros2_ws/install/servo_controller/lib/python3.10/site-packages/servo_controller/keyboard_input.py to keyboard_input.cpython-310.pyc
[7.814s] byte-compiling /home/rpi/ros2_ws/install/servo_controller/lib/python3.10/site-packages/servo_controller/__init__.py to __init__.cpython-310.pyc
[7.815s] running install_data
[7.820s] creating /home/rpi/ros2_ws/install/servo_controller/share/ament_index
[7.820s] creating /home/rpi/ros2_ws/install/servo_controller/share/ament_index/resource_index
[7.821s] creating /home/rpi/ros2_ws/install/servo_controller/share/ament_index/resource_index/packages
[7.822s] copying resource/servo_controller -> /home/rpi/ros2_ws/install/servo_controller/share/ament_index/resource_index/packages
[7.823s] copying package.xml -> /home/rpi/ros2_ws/install/servo_controller/share/servo_controller
[7.824s] running install_egg_info
[7.830s] Copying ../../build/servo_controller/servo_controller.egg-info to /home/rpi/ros2_ws/install/servo_controller/lib/python3.10/site-packages/servo_controller-0.0.0-py3.10.egg-info
[7.841s] running install_scripts
[7.943s] Installing keyboard_input script to /home/rpi/ros2_ws/install/servo_controller/lib/servo_controller
[7.969s] writing list of installed files to '/home/rpi/ros2_ws/build/servo_controller/install.log'
[8.228s] Invoked command in '/home/rpi/ros2_ws/src/servo_controller' returned '0': PYTHONPATH=/home/rpi/ros2_ws/build/servo_controller/prefix_override:/home/rpi/ros2_ws/install/servo_controller/lib/python3.10/site-packages:${PYTHONPATH} /usr/bin/python3 setup.py egg_info --egg-base ../../build/servo_controller build --build-base /home/rpi/ros2_ws/build/servo_controller/build install --record /home/rpi/ros2_ws/build/servo_controller/install.log --single-version-externally-managed
