[9.449s] Invoking command in '/home/rpi/ros2_ws/src/hri_comms': PYTHONPATH=/home/rpi/ros2_ws/build/hri_comms/prefix_override:/home/rpi/ros2_ws/install/hri_comms/lib/python3.10/site-packages:${PYTHONPATH} /usr/bin/python3 setup.py egg_info --egg-base ../../build/hri_comms build --build-base /home/rpi/ros2_ws/build/hri_comms/build install --record /home/rpi/ros2_ws/build/hri_comms/install.log --single-version-externally-managed
[11.296s] running egg_info
[11.300s] writing ../../build/hri_comms/hri_comms.egg-info/PKG-INFO
[11.303s] writing dependency_links to ../../build/hri_comms/hri_comms.egg-info/dependency_links.txt
[11.306s] writing entry points to ../../build/hri_comms/hri_comms.egg-info/entry_points.txt
[11.309s] writing requirements to ../../build/hri_comms/hri_comms.egg-info/requires.txt
[11.311s] writing top-level names to ../../build/hri_comms/hri_comms.egg-info/top_level.txt
[11.325s] reading manifest file '../../build/hri_comms/hri_comms.egg-info/SOURCES.txt'
[11.334s] writing manifest file '../../build/hri_comms/hri_comms.egg-info/SOURCES.txt'
[11.338s] running build
[11.341s] running build_py
[11.346s] copying hri_comms/udp_server.py -> /home/rpi/ros2_ws/build/hri_comms/build/lib/hri_comms
[11.348s] running install
[11.350s] running install_lib
[11.358s] copying /home/rpi/ros2_ws/build/hri_comms/build/lib/hri_comms/udp_server.py -> /home/rpi/ros2_ws/install/hri_comms/lib/python3.10/site-packages/hri_comms
[11.364s] byte-compiling /home/rpi/ros2_ws/install/hri_comms/lib/python3.10/site-packages/hri_comms/udp_server.py to udp_server.cpython-310.pyc
[11.371s] running install_data
[11.374s] running install_egg_info
[11.384s] removing '/home/rpi/ros2_ws/install/hri_comms/lib/python3.10/site-packages/hri_comms-0.0.0-py3.10.egg-info' (and everything under it)
[11.394s] Copying ../../build/hri_comms/hri_comms.egg-info to /home/rpi/ros2_ws/install/hri_comms/lib/python3.10/site-packages/hri_comms-0.0.0-py3.10.egg-info
[11.430s] running install_scripts
[11.607s] Installing data_handler script to /home/rpi/ros2_ws/install/hri_comms/lib/hri_comms
[11.608s] Installing udp_server script to /home/rpi/ros2_ws/install/hri_comms/lib/hri_comms
[11.611s] writing list of installed files to '/home/rpi/ros2_ws/build/hri_comms/install.log'
[11.891s] Invoked command in '/home/rpi/ros2_ws/src/hri_comms' returned '0': PYTHONPATH=/home/rpi/ros2_ws/build/hri_comms/prefix_override:/home/rpi/ros2_ws/install/hri_comms/lib/python3.10/site-packages:${PYTHONPATH} /usr/bin/python3 setup.py egg_info --egg-base ../../build/hri_comms build --build-base /home/rpi/ros2_ws/build/hri_comms/build install --record /home/rpi/ros2_ws/build/hri_comms/install.log --single-version-externally-managed
