[17.858s] Invoking command in '/home/rpi/ros2_ws/src/data_collection': PYTHONPATH=/home/rpi/ros2_ws/build/data_collection/prefix_override:/home/rpi/ros2_ws/install/data_collection/lib/python3.10/site-packages:${PYTHONPATH} /usr/bin/python3 setup.py egg_info --egg-base ../../build/data_collection build --build-base /home/rpi/ros2_ws/build/data_collection/build install --record /home/rpi/ros2_ws/build/data_collection/install.log --single-version-externally-managed
[21.248s] running egg_info
[21.272s] writing ../../build/data_collection/data_collection.egg-info/PKG-INFO
[21.275s] writing dependency_links to ../../build/data_collection/data_collection.egg-info/dependency_links.txt
[21.284s] writing entry points to ../../build/data_collection/data_collection.egg-info/entry_points.txt
[21.291s] writing requirements to ../../build/data_collection/data_collection.egg-info/requires.txt
[21.298s] writing top-level names to ../../build/data_collection/data_collection.egg-info/top_level.txt
[21.357s] reading manifest file '../../build/data_collection/data_collection.egg-info/SOURCES.txt'
[21.358s] writing manifest file '../../build/data_collection/data_collection.egg-info/SOURCES.txt'
[21.358s] running build
[21.359s] running build_py
[21.360s] running install
[21.360s] running install_lib
[21.363s] running install_data
[21.373s] running install_egg_info
[21.380s] removing '/home/rpi/ros2_ws/install/data_collection/lib/python3.10/site-packages/data_collection-0.0.0-py3.10.egg-info' (and everything under it)
[21.383s] Copying ../../build/data_collection/data_collection.egg-info to /home/rpi/ros2_ws/install/data_collection/lib/python3.10/site-packages/data_collection-0.0.0-py3.10.egg-info
[21.398s] running install_scripts
[21.610s] Installing csv_writer script to /home/rpi/ros2_ws/install/data_collection/lib/data_collection
[21.613s] writing list of installed files to '/home/rpi/ros2_ws/build/data_collection/install.log'
[22.732s] Invoked command in '/home/rpi/ros2_ws/src/data_collection' returned '0': PYTHONPATH=/home/rpi/ros2_ws/build/data_collection/prefix_override:/home/rpi/ros2_ws/install/data_collection/lib/python3.10/site-packages:${PYTHONPATH} /usr/bin/python3 setup.py egg_info --egg-base ../../build/data_collection build --build-base /home/rpi/ros2_ws/build/data_collection/build install --record /home/rpi/ros2_ws/build/data_collection/install.log --single-version-externally-managed
