[9.020s] Invoking command in '/home/rpi/ros2_ws/src/servo_controller': PYTHONPATH=/home/rpi/ros2_ws/build/servo_controller/prefix_override:/home/rpi/ros2_ws/install/servo_controller/lib/python3.10/site-packages:${PYTHONPATH} /usr/bin/python3 setup.py egg_info --egg-base ../../build/servo_controller build --build-base /home/rpi/ros2_ws/build/servo_controller/build install --record /home/rpi/ros2_ws/build/servo_controller/install.log --single-version-externally-managed
[10.950s] running egg_info
[10.954s] writing ../../build/servo_controller/servo_controller.egg-info/PKG-INFO
[10.956s] writing dependency_links to ../../build/servo_controller/servo_controller.egg-info/dependency_links.txt
[10.958s] writing entry points to ../../build/servo_controller/servo_controller.egg-info/entry_points.txt
[10.959s] writing requirements to ../../build/servo_controller/servo_controller.egg-info/requires.txt
[10.960s] writing top-level names to ../../build/servo_controller/servo_controller.egg-info/top_level.txt
[10.971s] reading manifest file '../../build/servo_controller/servo_controller.egg-info/SOURCES.txt'
[10.978s] writing manifest file '../../build/servo_controller/servo_controller.egg-info/SOURCES.txt'
[10.979s] running build
[10.980s] running build_py
[10.982s] running install
[10.984s] running install_lib
[10.998s] running install_data
[11.003s] running install_egg_info
[11.013s] removing '/home/rpi/ros2_ws/install/servo_controller/lib/python3.10/site-packages/servo_controller-0.0.0-py3.10.egg-info' (and everything under it)
[11.017s] Copying ../../build/servo_controller/servo_controller.egg-info to /home/rpi/ros2_ws/install/servo_controller/lib/python3.10/site-packages/servo_controller-0.0.0-py3.10.egg-info
[11.028s] running install_scripts
[11.157s] Installing actuate_servo script to /home/rpi/ros2_ws/install/servo_controller/lib/servo_controller
[11.158s] Installing keyboard_input script to /home/rpi/ros2_ws/install/servo_controller/lib/servo_controller
[11.161s] writing list of installed files to '/home/rpi/ros2_ws/build/servo_controller/install.log'
[11.410s] Invoked command in '/home/rpi/ros2_ws/src/servo_controller' returned '0': PYTHONPATH=/home/rpi/ros2_ws/build/servo_controller/prefix_override:/home/rpi/ros2_ws/install/servo_controller/lib/python3.10/site-packages:${PYTHONPATH} /usr/bin/python3 setup.py egg_info --egg-base ../../build/servo_controller build --build-base /home/rpi/ros2_ws/build/servo_controller/build install --record /home/rpi/ros2_ws/build/servo_controller/install.log --single-version-externally-managed
