[12.689s] Invoking command in '/home/rpi/ros2_ws/src/data_collection': PYTHONPATH=/home/rpi/ros2_ws/build/data_collection/prefix_override:/home/rpi/ros2_ws/install/data_collection/lib/python3.10/site-packages:${PYTHONPATH} /usr/bin/python3 setup.py egg_info --egg-base ../../build/data_collection build --build-base /home/rpi/ros2_ws/build/data_collection/build install --record /home/rpi/ros2_ws/build/data_collection/install.log --single-version-externally-managed
[15.085s] running egg_info
[15.090s] writing ../../build/data_collection/data_collection.egg-info/PKG-INFO
[15.091s] writing dependency_links to ../../build/data_collection/data_collection.egg-info/dependency_links.txt
[15.093s] writing entry points to ../../build/data_collection/data_collection.egg-info/entry_points.txt
[15.094s] writing requirements to ../../build/data_collection/data_collection.egg-info/requires.txt
[15.096s] writing top-level names to ../../build/data_collection/data_collection.egg-info/top_level.txt
[15.109s] reading manifest file '../../build/data_collection/data_collection.egg-info/SOURCES.txt'
[15.115s] writing manifest file '../../build/data_collection/data_collection.egg-info/SOURCES.txt'
[15.116s] running build
[15.117s] running build_py
[15.117s] copying data_collection/csv_writer.py -> /home/rpi/ros2_ws/build/data_collection/build/lib/data_collection
[15.120s] running install
[15.121s] running install_lib
[15.125s] copying /home/rpi/ros2_ws/build/data_collection/build/lib/data_collection/csv_writer.py -> /home/rpi/ros2_ws/install/data_collection/lib/python3.10/site-packages/data_collection
[15.132s] byte-compiling /home/rpi/ros2_ws/install/data_collection/lib/python3.10/site-packages/data_collection/csv_writer.py to csv_writer.cpython-310.pyc
[15.137s] running install_data
[15.138s] running install_egg_info
[15.157s] removing '/home/rpi/ros2_ws/install/data_collection/lib/python3.10/site-packages/data_collection-0.0.0-py3.10.egg-info' (and everything under it)
[15.158s] Copying ../../build/data_collection/data_collection.egg-info to /home/rpi/ros2_ws/install/data_collection/lib/python3.10/site-packages/data_collection-0.0.0-py3.10.egg-info
[15.165s] running install_scripts
[15.296s] Installing csv_writer script to /home/rpi/ros2_ws/install/data_collection/lib/data_collection
[15.306s] writing list of installed files to '/home/rpi/ros2_ws/build/data_collection/install.log'
[15.628s] Invoked command in '/home/rpi/ros2_ws/src/data_collection' returned '0': PYTHONPATH=/home/rpi/ros2_ws/build/data_collection/prefix_override:/home/rpi/ros2_ws/install/data_collection/lib/python3.10/site-packages:${PYTHONPATH} /usr/bin/python3 setup.py egg_info --egg-base ../../build/data_collection build --build-base /home/rpi/ros2_ws/build/data_collection/build install --record /home/rpi/ros2_ws/build/data_collection/install.log --single-version-externally-managed
