[10.241s] Invoking command in '/home/rpi/ros2_ws/src/hri_comms': PYTHONPATH=/home/rpi/ros2_ws/build/hri_comms/prefix_override:/home/rpi/ros2_ws/install/hri_comms/lib/python3.10/site-packages:${PYTHONPATH} /usr/bin/python3 setup.py egg_info --egg-base ../../build/hri_comms build --build-base /home/rpi/ros2_ws/build/hri_comms/build install --record /home/rpi/ros2_ws/build/hri_comms/install.log --single-version-externally-managed
[12.435s] running egg_info
[12.444s] writing ../../build/hri_comms/hri_comms.egg-info/PKG-INFO
[12.446s] writing dependency_links to ../../build/hri_comms/hri_comms.egg-info/dependency_links.txt
[12.447s] writing entry points to ../../build/hri_comms/hri_comms.egg-info/entry_points.txt
[12.447s] writing requirements to ../../build/hri_comms/hri_comms.egg-info/requires.txt
[12.448s] writing top-level names to ../../build/hri_comms/hri_comms.egg-info/top_level.txt
[12.458s] reading manifest file '../../build/hri_comms/hri_comms.egg-info/SOURCES.txt'
[12.463s] writing manifest file '../../build/hri_comms/hri_comms.egg-info/SOURCES.txt'
[12.464s] running build
[12.465s] running build_py
[12.467s] running install
[12.469s] running install_lib
[12.477s] running install_data
[12.480s] running install_egg_info
[12.496s] removing '/home/rpi/ros2_ws/install/hri_comms/lib/python3.10/site-packages/hri_comms-0.0.0-py3.10.egg-info' (and everything under it)
[12.524s] Copying ../../build/hri_comms/hri_comms.egg-info to /home/rpi/ros2_ws/install/hri_comms/lib/python3.10/site-packages/hri_comms-0.0.0-py3.10.egg-info
[12.534s] running install_scripts
[12.752s] Installing data_handler script to /home/rpi/ros2_ws/install/hri_comms/lib/hri_comms
[12.755s] Installing udp_server script to /home/rpi/ros2_ws/install/hri_comms/lib/hri_comms
[12.757s] writing list of installed files to '/home/rpi/ros2_ws/build/hri_comms/install.log'
[13.568s] Invoked command in '/home/rpi/ros2_ws/src/hri_comms' returned '0': PYTHONPATH=/home/rpi/ros2_ws/build/hri_comms/prefix_override:/home/rpi/ros2_ws/install/hri_comms/lib/python3.10/site-packages:${PYTHONPATH} /usr/bin/python3 setup.py egg_info --egg-base ../../build/hri_comms build --build-base /home/rpi/ros2_ws/build/hri_comms/build install --record /home/rpi/ros2_ws/build/hri_comms/install.log --single-version-externally-managed
