[12.189s] Invoking command in '/home/rpi/ros2_ws/src/data_collection': PYTHONPATH=/home/rpi/ros2_ws/build/data_collection/prefix_override:/home/rpi/ros2_ws/install/data_collection/lib/python3.10/site-packages:${PYTHONPATH} /usr/bin/python3 setup.py egg_info --egg-base ../../build/data_collection build --build-base /home/rpi/ros2_ws/build/data_collection/build install --record /home/rpi/ros2_ws/build/data_collection/install.log --single-version-externally-managed
[14.669s] running egg_info
[14.674s] writing ../../build/data_collection/data_collection.egg-info/PKG-INFO
[14.676s] writing dependency_links to ../../build/data_collection/data_collection.egg-info/dependency_links.txt
[14.681s] writing entry points to ../../build/data_collection/data_collection.egg-info/entry_points.txt
[14.683s] writing requirements to ../../build/data_collection/data_collection.egg-info/requires.txt
[14.684s] writing top-level names to ../../build/data_collection/data_collection.egg-info/top_level.txt
[14.713s] reading manifest file '../../build/data_collection/data_collection.egg-info/SOURCES.txt'
[14.726s] writing manifest file '../../build/data_collection/data_collection.egg-info/SOURCES.txt'
[14.730s] running build
[14.732s] running build_py
[14.750s] running install
[14.754s] running install_lib
[14.771s] running install_data
[14.777s] running install_egg_info
[14.797s] removing '/home/rpi/ros2_ws/install/data_collection/lib/python3.10/site-packages/data_collection-0.0.0-py3.10.egg-info' (and everything under it)
[14.808s] Copying ../../build/data_collection/data_collection.egg-info to /home/rpi/ros2_ws/install/data_collection/lib/python3.10/site-packages/data_collection-0.0.0-py3.10.egg-info
[14.841s] running install_scripts
[14.976s] Installing csv_writer script to /home/rpi/ros2_ws/install/data_collection/lib/data_collection
[14.982s] writing list of installed files to '/home/rpi/ros2_ws/build/data_collection/install.log'
[15.570s] Invoked command in '/home/rpi/ros2_ws/src/data_collection' returned '0': PYTHONPATH=/home/rpi/ros2_ws/build/data_collection/prefix_override:/home/rpi/ros2_ws/install/data_collection/lib/python3.10/site-packages:${PYTHONPATH} /usr/bin/python3 setup.py egg_info --egg-base ../../build/data_collection build --build-base /home/rpi/ros2_ws/build/data_collection/build install --record /home/rpi/ros2_ws/build/data_collection/install.log --single-version-externally-managed
