[14.241s] Invoking command in '/home/rpi/ros2_ws/src/hri_comms': PYTHONPATH=/home/rpi/ros2_ws/build/hri_comms/prefix_override:/home/rpi/ros2_ws/install/hri_comms/lib/python3.10/site-packages:${PYTHONPATH} /usr/bin/python3 setup.py egg_info --egg-base ../../build/hri_comms build --build-base /home/rpi/ros2_ws/build/hri_comms/build install --record /home/rpi/ros2_ws/build/hri_comms/install.log --single-version-externally-managed
[16.344s] running egg_info
[16.351s] writing ../../build/hri_comms/hri_comms.egg-info/PKG-INFO
[16.354s] writing dependency_links to ../../build/hri_comms/hri_comms.egg-info/dependency_links.txt
[16.358s] writing entry points to ../../build/hri_comms/hri_comms.egg-info/entry_points.txt
[16.361s] writing requirements to ../../build/hri_comms/hri_comms.egg-info/requires.txt
[16.368s] writing top-level names to ../../build/hri_comms/hri_comms.egg-info/top_level.txt
[16.391s] reading manifest file '../../build/hri_comms/hri_comms.egg-info/SOURCES.txt'
[16.401s] writing manifest file '../../build/hri_comms/hri_comms.egg-info/SOURCES.txt'
[16.419s] running build
[16.419s] running build_py
[16.421s] running install
[16.423s] running install_lib
[16.444s] running install_data
[16.449s] running install_egg_info
[16.462s] removing '/home/rpi/ros2_ws/install/hri_comms/lib/python3.10/site-packages/hri_comms-0.0.0-py3.10.egg-info' (and everything under it)
[16.465s] Copying ../../build/hri_comms/hri_comms.egg-info to /home/rpi/ros2_ws/install/hri_comms/lib/python3.10/site-packages/hri_comms-0.0.0-py3.10.egg-info
[16.476s] running install_scripts
[16.619s] Installing data_handler script to /home/rpi/ros2_ws/install/hri_comms/lib/hri_comms
[16.624s] Installing udp_server script to /home/rpi/ros2_ws/install/hri_comms/lib/hri_comms
[16.627s] writing list of installed files to '/home/rpi/ros2_ws/build/hri_comms/install.log'
[16.911s] Invoked command in '/home/rpi/ros2_ws/src/hri_comms' returned '0': PYTHONPATH=/home/rpi/ros2_ws/build/hri_comms/prefix_override:/home/rpi/ros2_ws/install/hri_comms/lib/python3.10/site-packages:${PYTHONPATH} /usr/bin/python3 setup.py egg_info --egg-base ../../build/hri_comms build --build-base /home/rpi/ros2_ws/build/hri_comms/build install --record /home/rpi/ros2_ws/build/hri_comms/install.log --single-version-externally-managed
