[11.864s] Invoking command in '/home/rpi/ros2_ws/src/data_collection': PYTHONPATH=/home/rpi/ros2_ws/build/data_collection/prefix_override:/home/rpi/ros2_ws/install/data_collection/lib/python3.10/site-packages:${PYTHONPATH} /usr/bin/python3 setup.py egg_info --egg-base ../../build/data_collection build --build-base /home/rpi/ros2_ws/build/data_collection/build install --record /home/rpi/ros2_ws/build/data_collection/install.log --single-version-externally-managed
[13.851s] running egg_info
[13.858s] writing ../../build/data_collection/data_collection.egg-info/PKG-INFO
[13.860s] writing dependency_links to ../../build/data_collection/data_collection.egg-info/dependency_links.txt
[13.865s] writing entry points to ../../build/data_collection/data_collection.egg-info/entry_points.txt
[13.869s] writing requirements to ../../build/data_collection/data_collection.egg-info/requires.txt
[13.872s] writing top-level names to ../../build/data_collection/data_collection.egg-info/top_level.txt
[13.891s] reading manifest file '../../build/data_collection/data_collection.egg-info/SOURCES.txt'
[13.898s] writing manifest file '../../build/data_collection/data_collection.egg-info/SOURCES.txt'
[13.902s] running build
[13.903s] running build_py
[13.907s] running install
[13.910s] running install_lib
[13.920s] running install_data
[13.925s] running install_egg_info
[13.936s] removing '/home/rpi/ros2_ws/install/data_collection/lib/python3.10/site-packages/data_collection-0.0.0-py3.10.egg-info' (and everything under it)
[13.943s] Copying ../../build/data_collection/data_collection.egg-info to /home/rpi/ros2_ws/install/data_collection/lib/python3.10/site-packages/data_collection-0.0.0-py3.10.egg-info
[13.958s] running install_scripts
[14.100s] Installing csv_writer script to /home/rpi/ros2_ws/install/data_collection/lib/data_collection
[14.105s] writing list of installed files to '/home/rpi/ros2_ws/build/data_collection/install.log'
[14.460s] Invoked command in '/home/rpi/ros2_ws/src/data_collection' returned '0': PYTHONPATH=/home/rpi/ros2_ws/build/data_collection/prefix_override:/home/rpi/ros2_ws/install/data_collection/lib/python3.10/site-packages:${PYTHONPATH} /usr/bin/python3 setup.py egg_info --egg-base ../../build/data_collection build --build-base /home/rpi/ros2_ws/build/data_collection/build install --record /home/rpi/ros2_ws/build/data_collection/install.log --single-version-externally-managed
