[15.064s] Invoking command in '/home/rpi/ros2_ws/src/data_collection': PYTHONPATH=/home/rpi/ros2_ws/build/data_collection/prefix_override:/home/rpi/ros2_ws/install/data_collection/lib/python3.10/site-packages:${PYTHONPATH} /usr/bin/python3 setup.py egg_info --egg-base ../../build/data_collection build --build-base /home/rpi/ros2_ws/build/data_collection/build install --record /home/rpi/ros2_ws/build/data_collection/install.log --single-version-externally-managed
[17.725s] running egg_info
[17.727s] writing ../../build/data_collection/data_collection.egg-info/PKG-INFO
[17.729s] writing dependency_links to ../../build/data_collection/data_collection.egg-info/dependency_links.txt
[17.730s] writing entry points to ../../build/data_collection/data_collection.egg-info/entry_points.txt
[17.731s] writing requirements to ../../build/data_collection/data_collection.egg-info/requires.txt
[17.732s] writing top-level names to ../../build/data_collection/data_collection.egg-info/top_level.txt
[17.744s] reading manifest file '../../build/data_collection/data_collection.egg-info/SOURCES.txt'
[17.765s] writing manifest file '../../build/data_collection/data_collection.egg-info/SOURCES.txt'
[17.770s] running build
[17.771s] running build_py
[17.772s] running install
[17.773s] running install_lib
[17.774s] running install_data
[17.786s] running install_egg_info
[17.788s] removing '/home/rpi/ros2_ws/install/data_collection/lib/python3.10/site-packages/data_collection-0.0.0-py3.10.egg-info' (and everything under it)
[17.799s] Copying ../../build/data_collection/data_collection.egg-info to /home/rpi/ros2_ws/install/data_collection/lib/python3.10/site-packages/data_collection-0.0.0-py3.10.egg-info
[17.809s] running install_scripts
[18.146s] Installing csv_writer script to /home/rpi/ros2_ws/install/data_collection/lib/data_collection
[18.152s] writing list of installed files to '/home/rpi/ros2_ws/build/data_collection/install.log'
[20.187s] Invoked command in '/home/rpi/ros2_ws/src/data_collection' returned '0': PYTHONPATH=/home/rpi/ros2_ws/build/data_collection/prefix_override:/home/rpi/ros2_ws/install/data_collection/lib/python3.10/site-packages:${PYTHONPATH} /usr/bin/python3 setup.py egg_info --egg-base ../../build/data_collection build --build-base /home/rpi/ros2_ws/build/data_collection/build install --record /home/rpi/ros2_ws/build/data_collection/install.log --single-version-externally-managed
