[8.879s] Invoking command in '/home/rpi/ros2_ws/src/servo_controller': PYTHONPATH=/home/rpi/ros2_ws/build/servo_controller/prefix_override:/home/rpi/ros2_ws/install/servo_controller/lib/python3.10/site-packages:${PYTHONPATH} /usr/bin/python3 setup.py egg_info --egg-base ../../build/servo_controller build --build-base /home/rpi/ros2_ws/build/servo_controller/build install --record /home/rpi/ros2_ws/build/servo_controller/install.log --single-version-externally-managed
[10.722s] running egg_info
[10.725s] writing ../../build/servo_controller/servo_controller.egg-info/PKG-INFO
[10.727s] writing dependency_links to ../../build/servo_controller/servo_controller.egg-info/dependency_links.txt
[10.729s] writing entry points to ../../build/servo_controller/servo_controller.egg-info/entry_points.txt
[10.730s] writing requirements to ../../build/servo_controller/servo_controller.egg-info/requires.txt
[10.730s] writing top-level names to ../../build/servo_controller/servo_controller.egg-info/top_level.txt
[10.742s] reading manifest file '../../build/servo_controller/servo_controller.egg-info/SOURCES.txt'
[10.747s] writing manifest file '../../build/servo_controller/servo_controller.egg-info/SOURCES.txt'
[10.748s] running build
[10.749s] running build_py
[10.751s] running install
[10.752s] running install_lib
[10.761s] running install_data
[10.764s] running install_egg_info
[10.794s] removing '/home/rpi/ros2_ws/install/servo_controller/lib/python3.10/site-packages/servo_controller-0.0.0-py3.10.egg-info' (and everything under it)
[10.796s] Copying ../../build/servo_controller/servo_controller.egg-info to /home/rpi/ros2_ws/install/servo_controller/lib/python3.10/site-packages/servo_controller-0.0.0-py3.10.egg-info
[10.805s] running install_scripts
[10.917s] Installing actuate_servo script to /home/rpi/ros2_ws/install/servo_controller/lib/servo_controller
[10.921s] Installing keyboard_input script to /home/rpi/ros2_ws/install/servo_controller/lib/servo_controller
[10.925s] writing list of installed files to '/home/rpi/ros2_ws/build/servo_controller/install.log'
[11.160s] Invoked command in '/home/rpi/ros2_ws/src/servo_controller' returned '0': PYTHONPATH=/home/rpi/ros2_ws/build/servo_controller/prefix_override:/home/rpi/ros2_ws/install/servo_controller/lib/python3.10/site-packages:${PYTHONPATH} /usr/bin/python3 setup.py egg_info --egg-base ../../build/servo_controller build --build-base /home/rpi/ros2_ws/build/servo_controller/build install --record /home/rpi/ros2_ws/build/servo_controller/install.log --single-version-externally-managed
