[23.310s] Invoking command in '/home/rpi/ros2_ws/src/hri_comms': PYTHONPATH=/home/rpi/ros2_ws/build/hri_comms/prefix_override:/home/rpi/ros2_ws/install/hri_comms/lib/python3.10/site-packages:${PYTHONPATH} /usr/bin/python3 setup.py egg_info --egg-base ../../build/hri_comms build --build-base /home/rpi/ros2_ws/build/hri_comms/build install --record /home/rpi/ros2_ws/build/hri_comms/install.log --single-version-externally-managed
[28.168s] running egg_info
[28.172s] writing ../../build/hri_comms/hri_comms.egg-info/PKG-INFO
[28.176s] writing dependency_links to ../../build/hri_comms/hri_comms.egg-info/dependency_links.txt
[28.182s] writing entry points to ../../build/hri_comms/hri_comms.egg-info/entry_points.txt
[28.183s] writing requirements to ../../build/hri_comms/hri_comms.egg-info/requires.txt
[28.184s] writing top-level names to ../../build/hri_comms/hri_comms.egg-info/top_level.txt
[28.221s] reading manifest file '../../build/hri_comms/hri_comms.egg-info/SOURCES.txt'
[28.229s] writing manifest file '../../build/hri_comms/hri_comms.egg-info/SOURCES.txt'
[28.242s] running build
[28.244s] running build_py
[28.266s] copying hri_comms/udp_server.py -> /home/rpi/ros2_ws/build/hri_comms/build/lib/hri_comms
[28.286s] running install
[28.297s] running install_lib
[28.306s] copying /home/rpi/ros2_ws/build/hri_comms/build/lib/hri_comms/udp_server.py -> /home/rpi/ros2_ws/install/hri_comms/lib/python3.10/site-packages/hri_comms
[28.319s] byte-compiling /home/rpi/ros2_ws/install/hri_comms/lib/python3.10/site-packages/hri_comms/udp_server.py to udp_server.cpython-310.pyc
[28.334s] running install_data
[28.356s] running install_egg_info
[28.405s] removing '/home/rpi/ros2_ws/install/hri_comms/lib/python3.10/site-packages/hri_comms-0.0.0-py3.10.egg-info' (and everything under it)
[28.405s] Copying ../../build/hri_comms/hri_comms.egg-info to /home/rpi/ros2_ws/install/hri_comms/lib/python3.10/site-packages/hri_comms-0.0.0-py3.10.egg-info
[28.465s] running install_scripts
[28.647s] Installing data_handler script to /home/rpi/ros2_ws/install/hri_comms/lib/hri_comms
[28.679s] Installing udp_server script to /home/rpi/ros2_ws/install/hri_comms/lib/hri_comms
[28.688s] writing list of installed files to '/home/rpi/ros2_ws/build/hri_comms/install.log'
[29.981s] Invoked command in '/home/rpi/ros2_ws/src/hri_comms' returned '0': PYTHONPATH=/home/rpi/ros2_ws/build/hri_comms/prefix_override:/home/rpi/ros2_ws/install/hri_comms/lib/python3.10/site-packages:${PYTHONPATH} /usr/bin/python3 setup.py egg_info --egg-base ../../build/hri_comms build --build-base /home/rpi/ros2_ws/build/hri_comms/build install --record /home/rpi/ros2_ws/build/hri_comms/install.log --single-version-externally-managed
