[12.957s] Invoking command in '/home/rpi/ros2_ws/src/hri_comms': PYTHONPATH=/home/rpi/ros2_ws/build/hri_comms/prefix_override:/home/rpi/ros2_ws/install/hri_comms/lib/python3.10/site-packages:${PYTHONPATH} /usr/bin/python3 setup.py egg_info --egg-base ../../build/hri_comms build --build-base /home/rpi/ros2_ws/build/hri_comms/build install --record /home/rpi/ros2_ws/build/hri_comms/install.log --single-version-externally-managed
[15.110s] running egg_info
[15.113s] writing ../../build/hri_comms/hri_comms.egg-info/PKG-INFO
[15.127s] writing dependency_links to ../../build/hri_comms/hri_comms.egg-info/dependency_links.txt
[15.129s] writing entry points to ../../build/hri_comms/hri_comms.egg-info/entry_points.txt
[15.131s] writing requirements to ../../build/hri_comms/hri_comms.egg-info/requires.txt
[15.131s] writing top-level names to ../../build/hri_comms/hri_comms.egg-info/top_level.txt
[15.135s] reading manifest file '../../build/hri_comms/hri_comms.egg-info/SOURCES.txt'
[15.141s] writing manifest file '../../build/hri_comms/hri_comms.egg-info/SOURCES.txt'
[15.142s] running build
[15.143s] running build_py
[15.158s] running install
[15.161s] running install_lib
[15.176s] running install_data
[15.181s] running install_egg_info
[15.197s] removing '/home/rpi/ros2_ws/install/hri_comms/lib/python3.10/site-packages/hri_comms-0.0.0-py3.10.egg-info' (and everything under it)
[15.202s] Copying ../../build/hri_comms/hri_comms.egg-info to /home/rpi/ros2_ws/install/hri_comms/lib/python3.10/site-packages/hri_comms-0.0.0-py3.10.egg-info
[15.235s] running install_scripts
[15.442s] Installing data_handler script to /home/rpi/ros2_ws/install/hri_comms/lib/hri_comms
[15.445s] Installing udp_server script to /home/rpi/ros2_ws/install/hri_comms/lib/hri_comms
[15.450s] writing list of installed files to '/home/rpi/ros2_ws/build/hri_comms/install.log'
[16.458s] Invoked command in '/home/rpi/ros2_ws/src/hri_comms' returned '0': PYTHONPATH=/home/rpi/ros2_ws/build/hri_comms/prefix_override:/home/rpi/ros2_ws/install/hri_comms/lib/python3.10/site-packages:${PYTHONPATH} /usr/bin/python3 setup.py egg_info --egg-base ../../build/hri_comms build --build-base /home/rpi/ros2_ws/build/hri_comms/build install --record /home/rpi/ros2_ws/build/hri_comms/install.log --single-version-externally-managed
