[11.411s] Invoking command in '/home/rpi/ros2_ws/src/servo_controller': PYTHONPATH=/home/rpi/ros2_ws/build/servo_controller/prefix_override:/home/rpi/ros2_ws/install/servo_controller/lib/python3.10/site-packages:${PYTHONPATH} /usr/bin/python3 setup.py egg_info --egg-base ../../build/servo_controller build --build-base /home/rpi/ros2_ws/build/servo_controller/build install --record /home/rpi/ros2_ws/build/servo_controller/install.log --single-version-externally-managed
[13.746s] running egg_info
[13.751s] writing ../../build/servo_controller/servo_controller.egg-info/PKG-INFO
[13.752s] writing dependency_links to ../../build/servo_controller/servo_controller.egg-info/dependency_links.txt
[13.754s] writing entry points to ../../build/servo_controller/servo_controller.egg-info/entry_points.txt
[13.756s] writing requirements to ../../build/servo_controller/servo_controller.egg-info/requires.txt
[13.757s] writing top-level names to ../../build/servo_controller/servo_controller.egg-info/top_level.txt
[13.770s] reading manifest file '../../build/servo_controller/servo_controller.egg-info/SOURCES.txt'
[13.777s] writing manifest file '../../build/servo_controller/servo_controller.egg-info/SOURCES.txt'
[13.778s] running build
[13.778s] running build_py
[13.781s] running install
[13.782s] running install_lib
[13.803s] running install_data
[13.808s] running install_egg_info
[13.827s] removing '/home/rpi/ros2_ws/install/servo_controller/lib/python3.10/site-packages/servo_controller-0.0.0-py3.10.egg-info' (and everything under it)
[13.830s] Copying ../../build/servo_controller/servo_controller.egg-info to /home/rpi/ros2_ws/install/servo_controller/lib/python3.10/site-packages/servo_controller-0.0.0-py3.10.egg-info
[13.839s] running install_scripts
[14.026s] Installing actuate_servo script to /home/rpi/ros2_ws/install/servo_controller/lib/servo_controller
[14.032s] Installing keyboard_input script to /home/rpi/ros2_ws/install/servo_controller/lib/servo_controller
[14.042s] writing list of installed files to '/home/rpi/ros2_ws/build/servo_controller/install.log'
[15.144s] Invoked command in '/home/rpi/ros2_ws/src/servo_controller' returned '0': PYTHONPATH=/home/rpi/ros2_ws/build/servo_controller/prefix_override:/home/rpi/ros2_ws/install/servo_controller/lib/python3.10/site-packages:${PYTHONPATH} /usr/bin/python3 setup.py egg_info --egg-base ../../build/servo_controller build --build-base /home/rpi/ros2_ws/build/servo_controller/build install --record /home/rpi/ros2_ws/build/servo_controller/install.log --single-version-externally-managed
