[8.783s] Invoking command in '/home/rpi/ros2_ws/src/servo_controller': PYTHONPATH=/home/rpi/ros2_ws/build/servo_controller/prefix_override:/home/rpi/ros2_ws/install/servo_controller/lib/python3.10/site-packages:${PYTHONPATH} /usr/bin/python3 setup.py egg_info --egg-base ../../build/servo_controller build --build-base /home/rpi/ros2_ws/build/servo_controller/build install --record /home/rpi/ros2_ws/build/servo_controller/install.log --single-version-externally-managed
[10.763s] running egg_info
[10.770s] writing ../../build/servo_controller/servo_controller.egg-info/PKG-INFO
[10.771s] writing dependency_links to ../../build/servo_controller/servo_controller.egg-info/dependency_links.txt
[10.772s] writing entry points to ../../build/servo_controller/servo_controller.egg-info/entry_points.txt
[10.773s] writing requirements to ../../build/servo_controller/servo_controller.egg-info/requires.txt
[10.774s] writing top-level names to ../../build/servo_controller/servo_controller.egg-info/top_level.txt
[10.800s] reading manifest file '../../build/servo_controller/servo_controller.egg-info/SOURCES.txt'
[10.810s] writing manifest file '../../build/servo_controller/servo_controller.egg-info/SOURCES.txt'
[10.813s] running build
[10.815s] running build_py
[10.817s] running install
[10.818s] running install_lib
[10.825s] running install_data
[10.830s] running install_egg_info
[10.842s] removing '/home/rpi/ros2_ws/install/servo_controller/lib/python3.10/site-packages/servo_controller-0.0.0-py3.10.egg-info' (and everything under it)
[10.853s] Copying ../../build/servo_controller/servo_controller.egg-info to /home/rpi/ros2_ws/install/servo_controller/lib/python3.10/site-packages/servo_controller-0.0.0-py3.10.egg-info
[10.872s] running install_scripts
[11.084s] Installing actuate_servo script to /home/rpi/ros2_ws/install/servo_controller/lib/servo_controller
[11.095s] Installing keyboard_input script to /home/rpi/ros2_ws/install/servo_controller/lib/servo_controller
[11.101s] writing list of installed files to '/home/rpi/ros2_ws/build/servo_controller/install.log'
[11.558s] Invoked command in '/home/rpi/ros2_ws/src/servo_controller' returned '0': PYTHONPATH=/home/rpi/ros2_ws/build/servo_controller/prefix_override:/home/rpi/ros2_ws/install/servo_controller/lib/python3.10/site-packages:${PYTHONPATH} /usr/bin/python3 setup.py egg_info --egg-base ../../build/servo_controller build --build-base /home/rpi/ros2_ws/build/servo_controller/build install --record /home/rpi/ros2_ws/build/servo_controller/install.log --single-version-externally-managed
