[7.475s] Invoking command in '/home/rpi/ros2_ws/src/servo_controller': PYTHONPATH=/home/rpi/ros2_ws/build/servo_controller/prefix_override:/home/rpi/ros2_ws/install/servo_controller/lib/python3.10/site-packages:${PYTHONPATH} /usr/bin/python3 setup.py egg_info --egg-base ../../build/servo_controller build --build-base /home/rpi/ros2_ws/build/servo_controller/build install --record /home/rpi/ros2_ws/build/servo_controller/install.log --single-version-externally-managed
[9.410s] running egg_info
[9.415s] writing ../../build/servo_controller/servo_controller.egg-info/PKG-INFO
[9.416s] writing dependency_links to ../../build/servo_controller/servo_controller.egg-info/dependency_links.txt
[9.417s] writing entry points to ../../build/servo_controller/servo_controller.egg-info/entry_points.txt
[9.419s] writing requirements to ../../build/servo_controller/servo_controller.egg-info/requires.txt
[9.420s] writing top-level names to ../../build/servo_controller/servo_controller.egg-info/top_level.txt
[9.430s] reading manifest file '../../build/servo_controller/servo_controller.egg-info/SOURCES.txt'
[9.435s] writing manifest file '../../build/servo_controller/servo_controller.egg-info/SOURCES.txt'
[9.436s] running build
[9.437s] running build_py
[9.437s] copying servo_controller/keyboard_input.py -> /home/rpi/ros2_ws/build/servo_controller/build/lib/servo_controller
[9.439s] running install
[9.441s] running install_lib
[9.445s] copying /home/rpi/ros2_ws/build/servo_controller/build/lib/servo_controller/keyboard_input.py -> /home/rpi/ros2_ws/install/servo_controller/lib/python3.10/site-packages/servo_controller
[9.448s] byte-compiling /home/rpi/ros2_ws/install/servo_controller/lib/python3.10/site-packages/servo_controller/keyboard_input.py to keyboard_input.cpython-310.pyc
[9.451s] running install_data
[9.454s] running install_egg_info
[9.463s] removing '/home/rpi/ros2_ws/install/servo_controller/lib/python3.10/site-packages/servo_controller-0.0.0-py3.10.egg-info' (and everything under it)
[9.465s] Copying ../../build/servo_controller/servo_controller.egg-info to /home/rpi/ros2_ws/install/servo_controller/lib/python3.10/site-packages/servo_controller-0.0.0-py3.10.egg-info
[9.472s] running install_scripts
[9.604s] Installing keyboard_input script to /home/rpi/ros2_ws/install/servo_controller/lib/servo_controller
[9.607s] writing list of installed files to '/home/rpi/ros2_ws/build/servo_controller/install.log'
[9.845s] Invoked command in '/home/rpi/ros2_ws/src/servo_controller' returned '0': PYTHONPATH=/home/rpi/ros2_ws/build/servo_controller/prefix_override:/home/rpi/ros2_ws/install/servo_controller/lib/python3.10/site-packages:${PYTHONPATH} /usr/bin/python3 setup.py egg_info --egg-base ../../build/servo_controller build --build-base /home/rpi/ros2_ws/build/servo_controller/build install --record /home/rpi/ros2_ws/build/servo_controller/install.log --single-version-externally-managed
