[14.669s] Invoking command in '/home/rpi/ros2_ws/src/data_collection': PYTHONPATH=/home/rpi/ros2_ws/build/data_collection/prefix_override:/home/rpi/ros2_ws/install/data_collection/lib/python3.10/site-packages:${PYTHONPATH} /usr/bin/python3 setup.py egg_info --egg-base ../../build/data_collection build --build-base /home/rpi/ros2_ws/build/data_collection/build install --record /home/rpi/ros2_ws/build/data_collection/install.log --single-version-externally-managed
[18.316s] running egg_info
[18.320s] writing ../../build/data_collection/data_collection.egg-info/PKG-INFO
[18.324s] writing dependency_links to ../../build/data_collection/data_collection.egg-info/dependency_links.txt
[18.330s] writing entry points to ../../build/data_collection/data_collection.egg-info/entry_points.txt
[18.332s] writing requirements to ../../build/data_collection/data_collection.egg-info/requires.txt
[18.334s] writing top-level names to ../../build/data_collection/data_collection.egg-info/top_level.txt
[18.350s] reading manifest file '../../build/data_collection/data_collection.egg-info/SOURCES.txt'
[18.370s] writing manifest file '../../build/data_collection/data_collection.egg-info/SOURCES.txt'
[18.371s] running build
[18.372s] running build_py
[18.374s] running install
[18.374s] running install_lib
[18.388s] running install_data
[18.389s] running install_egg_info
[18.396s] removing '/home/rpi/ros2_ws/install/data_collection/lib/python3.10/site-packages/data_collection-0.0.0-py3.10.egg-info' (and everything under it)
[18.399s] Copying ../../build/data_collection/data_collection.egg-info to /home/rpi/ros2_ws/install/data_collection/lib/python3.10/site-packages/data_collection-0.0.0-py3.10.egg-info
[18.446s] running install_scripts
[18.724s] Installing csv_writer script to /home/rpi/ros2_ws/install/data_collection/lib/data_collection
[18.733s] writing list of installed files to '/home/rpi/ros2_ws/build/data_collection/install.log'
[20.257s] Invoked command in '/home/rpi/ros2_ws/src/data_collection' returned '0': PYTHONPATH=/home/rpi/ros2_ws/build/data_collection/prefix_override:/home/rpi/ros2_ws/install/data_collection/lib/python3.10/site-packages:${PYTHONPATH} /usr/bin/python3 setup.py egg_info --egg-base ../../build/data_collection build --build-base /home/rpi/ros2_ws/build/data_collection/build install --record /home/rpi/ros2_ws/build/data_collection/install.log --single-version-externally-managed
