[11.238s] Invoking command in '/home/rpi/ros2_ws/src/servo_controller': PYTHONPATH=/home/rpi/ros2_ws/build/servo_controller/prefix_override:/home/rpi/ros2_ws/install/servo_controller/lib/python3.10/site-packages:${PYTHONPATH} /usr/bin/python3 setup.py egg_info --egg-base ../../build/servo_controller build --build-base /home/rpi/ros2_ws/build/servo_controller/build install --record /home/rpi/ros2_ws/build/servo_controller/install.log --single-version-externally-managed
[13.356s] running egg_info
[13.361s] writing ../../build/servo_controller/servo_controller.egg-info/PKG-INFO
[13.364s] writing dependency_links to ../../build/servo_controller/servo_controller.egg-info/dependency_links.txt
[13.366s] writing entry points to ../../build/servo_controller/servo_controller.egg-info/entry_points.txt
[13.368s] writing requirements to ../../build/servo_controller/servo_controller.egg-info/requires.txt
[13.370s] writing top-level names to ../../build/servo_controller/servo_controller.egg-info/top_level.txt
[13.387s] reading manifest file '../../build/servo_controller/servo_controller.egg-info/SOURCES.txt'
[13.396s] writing manifest file '../../build/servo_controller/servo_controller.egg-info/SOURCES.txt'
[13.397s] running build
[13.399s] running build_py
[13.405s] running install
[13.408s] running install_lib
[13.420s] running install_data
[13.428s] running install_egg_info
[13.441s] removing '/home/rpi/ros2_ws/install/servo_controller/lib/python3.10/site-packages/servo_controller-0.0.0-py3.10.egg-info' (and everything under it)
[13.471s] Copying ../../build/servo_controller/servo_controller.egg-info to /home/rpi/ros2_ws/install/servo_controller/lib/python3.10/site-packages/servo_controller-0.0.0-py3.10.egg-info
[13.491s] running install_scripts
[13.787s] Installing actuate_servo script to /home/rpi/ros2_ws/install/servo_controller/lib/servo_controller
[13.787s] Installing keyboard_input script to /home/rpi/ros2_ws/install/servo_controller/lib/servo_controller
[13.789s] writing list of installed files to '/home/rpi/ros2_ws/build/servo_controller/install.log'
[14.624s] Invoked command in '/home/rpi/ros2_ws/src/servo_controller' returned '0': PYTHONPATH=/home/rpi/ros2_ws/build/servo_controller/prefix_override:/home/rpi/ros2_ws/install/servo_controller/lib/python3.10/site-packages:${PYTHONPATH} /usr/bin/python3 setup.py egg_info --egg-base ../../build/servo_controller build --build-base /home/rpi/ros2_ws/build/servo_controller/build install --record /home/rpi/ros2_ws/build/servo_controller/install.log --single-version-externally-managed
