[13.045s] Invoking command in '/home/rpi/ros2_ws/src/hri_comms': PYTHONPATH=/home/rpi/ros2_ws/build/hri_comms/prefix_override:/home/rpi/ros2_ws/install/hri_comms/lib/python3.10/site-packages:${PYTHONPATH} /usr/bin/python3 setup.py egg_info --egg-base ../../build/hri_comms build --build-base /home/rpi/ros2_ws/build/hri_comms/build install --record /home/rpi/ros2_ws/build/hri_comms/install.log --single-version-externally-managed
[15.325s] running egg_info
[15.329s] writing ../../build/hri_comms/hri_comms.egg-info/PKG-INFO
[15.331s] writing dependency_links to ../../build/hri_comms/hri_comms.egg-info/dependency_links.txt
[15.332s] writing entry points to ../../build/hri_comms/hri_comms.egg-info/entry_points.txt
[15.334s] writing requirements to ../../build/hri_comms/hri_comms.egg-info/requires.txt
[15.335s] writing top-level names to ../../build/hri_comms/hri_comms.egg-info/top_level.txt
[15.349s] reading manifest file '../../build/hri_comms/hri_comms.egg-info/SOURCES.txt'
[15.356s] writing manifest file '../../build/hri_comms/hri_comms.egg-info/SOURCES.txt'
[15.367s] running build
[15.368s] running build_py
[15.369s] copying hri_comms/udp_server.py -> /home/rpi/ros2_ws/build/hri_comms/build/lib/hri_comms
[15.371s] running install
[15.373s] running install_lib
[15.379s] copying /home/rpi/ros2_ws/build/hri_comms/build/lib/hri_comms/udp_server.py -> /home/rpi/ros2_ws/install/hri_comms/lib/python3.10/site-packages/hri_comms
[15.419s] byte-compiling /home/rpi/ros2_ws/install/hri_comms/lib/python3.10/site-packages/hri_comms/udp_server.py to udp_server.cpython-310.pyc
[15.429s] running install_data
[15.434s] running install_egg_info
[15.449s] removing '/home/rpi/ros2_ws/install/hri_comms/lib/python3.10/site-packages/hri_comms-0.0.0-py3.10.egg-info' (and everything under it)
[15.471s] Copying ../../build/hri_comms/hri_comms.egg-info to /home/rpi/ros2_ws/install/hri_comms/lib/python3.10/site-packages/hri_comms-0.0.0-py3.10.egg-info
[15.515s] running install_scripts
[15.768s] Installing data_handler script to /home/rpi/ros2_ws/install/hri_comms/lib/hri_comms
[15.771s] Installing udp_server script to /home/rpi/ros2_ws/install/hri_comms/lib/hri_comms
[15.794s] writing list of installed files to '/home/rpi/ros2_ws/build/hri_comms/install.log'
[16.669s] Invoked command in '/home/rpi/ros2_ws/src/hri_comms' returned '0': PYTHONPATH=/home/rpi/ros2_ws/build/hri_comms/prefix_override:/home/rpi/ros2_ws/install/hri_comms/lib/python3.10/site-packages:${PYTHONPATH} /usr/bin/python3 setup.py egg_info --egg-base ../../build/hri_comms build --build-base /home/rpi/ros2_ws/build/hri_comms/build install --record /home/rpi/ros2_ws/build/hri_comms/install.log --single-version-externally-managed
