[13.035s] Invoking command in '/home/rpi/ros2_ws/src/hri_comms': PYTHONPATH=/home/rpi/ros2_ws/build/hri_comms/prefix_override:/home/rpi/ros2_ws/install/hri_comms/lib/python3.10/site-packages:${PYTHONPATH} /usr/bin/python3 setup.py egg_info --egg-base ../../build/hri_comms build --build-base /home/rpi/ros2_ws/build/hri_comms/build install --record /home/rpi/ros2_ws/build/hri_comms/install.log --single-version-externally-managed
[15.964s] running egg_info
[15.965s] writing ../../build/hri_comms/hri_comms.egg-info/PKG-INFO
[15.967s] writing dependency_links to ../../build/hri_comms/hri_comms.egg-info/dependency_links.txt
[15.967s] writing entry points to ../../build/hri_comms/hri_comms.egg-info/entry_points.txt
[15.968s] writing requirements to ../../build/hri_comms/hri_comms.egg-info/requires.txt
[15.970s] writing top-level names to ../../build/hri_comms/hri_comms.egg-info/top_level.txt
[15.978s] reading manifest file '../../build/hri_comms/hri_comms.egg-info/SOURCES.txt'
[15.985s] writing manifest file '../../build/hri_comms/hri_comms.egg-info/SOURCES.txt'
[15.986s] running build
[15.986s] running build_py
[15.987s] running install
[15.988s] running install_lib
[15.994s] running install_data
[15.997s] running install_egg_info
[16.006s] removing '/home/rpi/ros2_ws/install/hri_comms/lib/python3.10/site-packages/hri_comms-0.0.0-py3.10.egg-info' (and everything under it)
[16.008s] Copying ../../build/hri_comms/hri_comms.egg-info to /home/rpi/ros2_ws/install/hri_comms/lib/python3.10/site-packages/hri_comms-0.0.0-py3.10.egg-info
[16.015s] running install_scripts
[16.118s] Installing data_handler script to /home/rpi/ros2_ws/install/hri_comms/lib/hri_comms
[16.120s] Installing udp_server script to /home/rpi/ros2_ws/install/hri_comms/lib/hri_comms
[16.133s] writing list of installed files to '/home/rpi/ros2_ws/build/hri_comms/install.log'
[16.997s] Invoked command in '/home/rpi/ros2_ws/src/hri_comms' returned '0': PYTHONPATH=/home/rpi/ros2_ws/build/hri_comms/prefix_override:/home/rpi/ros2_ws/install/hri_comms/lib/python3.10/site-packages:${PYTHONPATH} /usr/bin/python3 setup.py egg_info --egg-base ../../build/hri_comms build --build-base /home/rpi/ros2_ws/build/hri_comms/build install --record /home/rpi/ros2_ws/build/hri_comms/install.log --single-version-externally-managed
