[9.076s] Invoking command in '/home/rpi/ros2_ws/src/servo_controller': PYTHONPATH=/home/rpi/ros2_ws/build/servo_controller/prefix_override:/home/rpi/ros2_ws/install/servo_controller/lib/python3.10/site-packages:${PYTHONPATH} /usr/bin/python3 setup.py egg_info --egg-base ../../build/servo_controller build --build-base /home/rpi/ros2_ws/build/servo_controller/build install --record /home/rpi/ros2_ws/build/servo_controller/install.log --single-version-externally-managed
[11.049s] running egg_info
[11.052s] writing ../../build/servo_controller/servo_controller.egg-info/PKG-INFO
[11.054s] writing dependency_links to ../../build/servo_controller/servo_controller.egg-info/dependency_links.txt
[11.056s] writing entry points to ../../build/servo_controller/servo_controller.egg-info/entry_points.txt
[11.057s] writing requirements to ../../build/servo_controller/servo_controller.egg-info/requires.txt
[11.058s] writing top-level names to ../../build/servo_controller/servo_controller.egg-info/top_level.txt
[11.070s] reading manifest file '../../build/servo_controller/servo_controller.egg-info/SOURCES.txt'
[11.076s] writing manifest file '../../build/servo_controller/servo_controller.egg-info/SOURCES.txt'
[11.077s] running build
[11.077s] running build_py
[11.079s] running install
[11.081s] running install_lib
[11.089s] running install_data
[11.092s] running install_egg_info
[11.103s] removing '/home/rpi/ros2_ws/install/servo_controller/lib/python3.10/site-packages/servo_controller-0.0.0-py3.10.egg-info' (and everything under it)
[11.105s] Copying ../../build/servo_controller/servo_controller.egg-info to /home/rpi/ros2_ws/install/servo_controller/lib/python3.10/site-packages/servo_controller-0.0.0-py3.10.egg-info
[11.120s] running install_scripts
[11.256s] Installing actuate_servo script to /home/rpi/ros2_ws/install/servo_controller/lib/servo_controller
[11.261s] Installing keyboard_input script to /home/rpi/ros2_ws/install/servo_controller/lib/servo_controller
[11.262s] writing list of installed files to '/home/rpi/ros2_ws/build/servo_controller/install.log'
[11.517s] Invoked command in '/home/rpi/ros2_ws/src/servo_controller' returned '0': PYTHONPATH=/home/rpi/ros2_ws/build/servo_controller/prefix_override:/home/rpi/ros2_ws/install/servo_controller/lib/python3.10/site-packages:${PYTHONPATH} /usr/bin/python3 setup.py egg_info --egg-base ../../build/servo_controller build --build-base /home/rpi/ros2_ws/build/servo_controller/build install --record /home/rpi/ros2_ws/build/servo_controller/install.log --single-version-externally-managed
