[12.662s] Invoking command in '/home/rpi/ros2_ws/src/hri_comms': PYTHONPATH=/home/rpi/ros2_ws/build/hri_comms/prefix_override:/home/rpi/ros2_ws/install/hri_comms/lib/python3.10/site-packages:${PYTHONPATH} /usr/bin/python3 setup.py egg_info --egg-base ../../build/hri_comms build --build-base /home/rpi/ros2_ws/build/hri_comms/build install --record /home/rpi/ros2_ws/build/hri_comms/install.log --single-version-externally-managed
[15.073s] running egg_info
[15.077s] writing ../../build/hri_comms/hri_comms.egg-info/PKG-INFO
[15.079s] writing dependency_links to ../../build/hri_comms/hri_comms.egg-info/dependency_links.txt
[15.082s] writing entry points to ../../build/hri_comms/hri_comms.egg-info/entry_points.txt
[15.091s] writing requirements to ../../build/hri_comms/hri_comms.egg-info/requires.txt
[15.091s] writing top-level names to ../../build/hri_comms/hri_comms.egg-info/top_level.txt
[15.097s] reading manifest file '../../build/hri_comms/hri_comms.egg-info/SOURCES.txt'
[15.104s] writing manifest file '../../build/hri_comms/hri_comms.egg-info/SOURCES.txt'
[15.106s] running build
[15.106s] running build_py
[15.108s] running install
[15.109s] running install_lib
[15.117s] running install_data
[15.121s] running install_egg_info
[15.131s] removing '/home/rpi/ros2_ws/install/hri_comms/lib/python3.10/site-packages/hri_comms-0.0.0-py3.10.egg-info' (and everything under it)
[15.140s] Copying ../../build/hri_comms/hri_comms.egg-info to /home/rpi/ros2_ws/install/hri_comms/lib/python3.10/site-packages/hri_comms-0.0.0-py3.10.egg-info
[15.179s] running install_scripts
[15.368s] Installing data_handler script to /home/rpi/ros2_ws/install/hri_comms/lib/hri_comms
[15.416s] Installing udp_server script to /home/rpi/ros2_ws/install/hri_comms/lib/hri_comms
[15.418s] writing list of installed files to '/home/rpi/ros2_ws/build/hri_comms/install.log'
[16.445s] Invoked command in '/home/rpi/ros2_ws/src/hri_comms' returned '0': PYTHONPATH=/home/rpi/ros2_ws/build/hri_comms/prefix_override:/home/rpi/ros2_ws/install/hri_comms/lib/python3.10/site-packages:${PYTHONPATH} /usr/bin/python3 setup.py egg_info --egg-base ../../build/hri_comms build --build-base /home/rpi/ros2_ws/build/hri_comms/build install --record /home/rpi/ros2_ws/build/hri_comms/install.log --single-version-externally-managed
