[9.157s] Invoking command in '/home/rpi/ros2_ws/src/servo_controller': PYTHONPATH=/home/rpi/ros2_ws/build/servo_controller/prefix_override:/home/rpi/ros2_ws/install/servo_controller/lib/python3.10/site-packages:${PYTHONPATH} /usr/bin/python3 setup.py egg_info --egg-base ../../build/servo_controller build --build-base /home/rpi/ros2_ws/build/servo_controller/build install --record /home/rpi/ros2_ws/build/servo_controller/install.log --single-version-externally-managed
[11.078s] running egg_info
[11.082s] writing ../../build/servo_controller/servo_controller.egg-info/PKG-INFO
[11.086s] writing dependency_links to ../../build/servo_controller/servo_controller.egg-info/dependency_links.txt
[11.089s] writing entry points to ../../build/servo_controller/servo_controller.egg-info/entry_points.txt
[11.099s] writing requirements to ../../build/servo_controller/servo_controller.egg-info/requires.txt
[11.100s] writing top-level names to ../../build/servo_controller/servo_controller.egg-info/top_level.txt
[11.112s] reading manifest file '../../build/servo_controller/servo_controller.egg-info/SOURCES.txt'
[11.120s] writing manifest file '../../build/servo_controller/servo_controller.egg-info/SOURCES.txt'
[11.122s] running build
[11.123s] running build_py
[11.130s] running install
[11.133s] running install_lib
[11.146s] running install_data
[11.154s] running install_egg_info
[11.178s] removing '/home/rpi/ros2_ws/install/servo_controller/lib/python3.10/site-packages/servo_controller-0.0.0-py3.10.egg-info' (and everything under it)
[11.182s] Copying ../../build/servo_controller/servo_controller.egg-info to /home/rpi/ros2_ws/install/servo_controller/lib/python3.10/site-packages/servo_controller-0.0.0-py3.10.egg-info
[11.182s] running install_scripts
[11.434s] Installing actuate_servo script to /home/rpi/ros2_ws/install/servo_controller/lib/servo_controller
[11.437s] Installing keyboard_input script to /home/rpi/ros2_ws/install/servo_controller/lib/servo_controller
[11.444s] writing list of installed files to '/home/rpi/ros2_ws/build/servo_controller/install.log'
[12.321s] Invoked command in '/home/rpi/ros2_ws/src/servo_controller' returned '0': PYTHONPATH=/home/rpi/ros2_ws/build/servo_controller/prefix_override:/home/rpi/ros2_ws/install/servo_controller/lib/python3.10/site-packages:${PYTHONPATH} /usr/bin/python3 setup.py egg_info --egg-base ../../build/servo_controller build --build-base /home/rpi/ros2_ws/build/servo_controller/build install --record /home/rpi/ros2_ws/build/servo_controller/install.log --single-version-externally-managed
