[8.962s] Invoking command in '/home/rpi/ros2_ws/src/servo_controller': PYTHONPATH=/home/rpi/ros2_ws/build/servo_controller/prefix_override:/home/rpi/ros2_ws/install/servo_controller/lib/python3.10/site-packages:${PYTHONPATH} /usr/bin/python3 setup.py egg_info --egg-base ../../build/servo_controller build --build-base /home/rpi/ros2_ws/build/servo_controller/build install --record /home/rpi/ros2_ws/build/servo_controller/install.log --single-version-externally-managed
[10.854s] running egg_info
[10.859s] writing ../../build/servo_controller/servo_controller.egg-info/PKG-INFO
[10.862s] writing dependency_links to ../../build/servo_controller/servo_controller.egg-info/dependency_links.txt
[10.865s] writing entry points to ../../build/servo_controller/servo_controller.egg-info/entry_points.txt
[10.867s] writing requirements to ../../build/servo_controller/servo_controller.egg-info/requires.txt
[10.868s] writing top-level names to ../../build/servo_controller/servo_controller.egg-info/top_level.txt
[10.877s] reading manifest file '../../build/servo_controller/servo_controller.egg-info/SOURCES.txt'
[10.883s] writing manifest file '../../build/servo_controller/servo_controller.egg-info/SOURCES.txt'
[10.885s] running build
[10.886s] running build_py
[10.889s] running install
[10.893s] running install_lib
[10.910s] running install_data
[10.915s] running install_egg_info
[10.927s] removing '/home/rpi/ros2_ws/install/servo_controller/lib/python3.10/site-packages/servo_controller-0.0.0-py3.10.egg-info' (and everything under it)
[10.929s] Copying ../../build/servo_controller/servo_controller.egg-info to /home/rpi/ros2_ws/install/servo_controller/lib/python3.10/site-packages/servo_controller-0.0.0-py3.10.egg-info
[10.946s] running install_scripts
[11.104s] Installing actuate_servo script to /home/rpi/ros2_ws/install/servo_controller/lib/servo_controller
[11.109s] Installing keyboard_input script to /home/rpi/ros2_ws/install/servo_controller/lib/servo_controller
[11.116s] writing list of installed files to '/home/rpi/ros2_ws/build/servo_controller/install.log'
[11.722s] Invoked command in '/home/rpi/ros2_ws/src/servo_controller' returned '0': PYTHONPATH=/home/rpi/ros2_ws/build/servo_controller/prefix_override:/home/rpi/ros2_ws/install/servo_controller/lib/python3.10/site-packages:${PYTHONPATH} /usr/bin/python3 setup.py egg_info --egg-base ../../build/servo_controller build --build-base /home/rpi/ros2_ws/build/servo_controller/build install --record /home/rpi/ros2_ws/build/servo_controller/install.log --single-version-externally-managed
