[9.784s] Invoking command in '/home/rpi/ros2_ws/src/hri_comms': PYTHONPATH=/home/rpi/ros2_ws/build/hri_comms/prefix_override:/home/rpi/ros2_ws/install/hri_comms/lib/python3.10/site-packages:${PYTHONPATH} /usr/bin/python3 setup.py egg_info --egg-base ../../build/hri_comms build --build-base /home/rpi/ros2_ws/build/hri_comms/build install --record /home/rpi/ros2_ws/build/hri_comms/install.log --single-version-externally-managed
[11.705s] running egg_info
[11.708s] writing ../../build/hri_comms/hri_comms.egg-info/PKG-INFO
[11.711s] writing dependency_links to ../../build/hri_comms/hri_comms.egg-info/dependency_links.txt
[11.711s] writing entry points to ../../build/hri_comms/hri_comms.egg-info/entry_points.txt
[11.713s] writing requirements to ../../build/hri_comms/hri_comms.egg-info/requires.txt
[11.714s] writing top-level names to ../../build/hri_comms/hri_comms.egg-info/top_level.txt
[11.727s] reading manifest file '../../build/hri_comms/hri_comms.egg-info/SOURCES.txt'
[11.731s] writing manifest file '../../build/hri_comms/hri_comms.egg-info/SOURCES.txt'
[11.733s] running build
[11.735s] running build_py
[11.735s] copying hri_comms/udp_server.py -> /home/rpi/ros2_ws/build/hri_comms/build/lib/hri_comms
[11.737s] running install
[11.739s] running install_lib
[11.743s] copying /home/rpi/ros2_ws/build/hri_comms/build/lib/hri_comms/udp_server.py -> /home/rpi/ros2_ws/install/hri_comms/lib/python3.10/site-packages/hri_comms
[11.747s] byte-compiling /home/rpi/ros2_ws/install/hri_comms/lib/python3.10/site-packages/hri_comms/udp_server.py to udp_server.cpython-310.pyc
[11.751s] running install_data
[11.754s] copying package.xml -> /home/rpi/ros2_ws/install/hri_comms/share/hri_comms
[11.755s] running install_egg_info
[11.764s] removing '/home/rpi/ros2_ws/install/hri_comms/lib/python3.10/site-packages/hri_comms-0.0.0-py3.10.egg-info' (and everything under it)
[11.774s] Copying ../../build/hri_comms/hri_comms.egg-info to /home/rpi/ros2_ws/install/hri_comms/lib/python3.10/site-packages/hri_comms-0.0.0-py3.10.egg-info
[11.778s] running install_scripts
[11.939s] Installing udp_server script to /home/rpi/ros2_ws/install/hri_comms/lib/hri_comms
[11.942s] writing list of installed files to '/home/rpi/ros2_ws/build/hri_comms/install.log'
[12.643s] Invoked command in '/home/rpi/ros2_ws/src/hri_comms' returned '0': PYTHONPATH=/home/rpi/ros2_ws/build/hri_comms/prefix_override:/home/rpi/ros2_ws/install/hri_comms/lib/python3.10/site-packages:${PYTHONPATH} /usr/bin/python3 setup.py egg_info --egg-base ../../build/hri_comms build --build-base /home/rpi/ros2_ws/build/hri_comms/build install --record /home/rpi/ros2_ws/build/hri_comms/install.log --single-version-externally-managed
