[23.879s] Invoking command in '/home/rpi/ros2_ws/src/hri_comms': PYTHONPATH=/home/rpi/ros2_ws/build/hri_comms/prefix_override:/home/rpi/ros2_ws/install/hri_comms/lib/python3.10/site-packages:${PYTHONPATH} /usr/bin/python3 setup.py egg_info --egg-base ../../build/hri_comms build --build-base /home/rpi/ros2_ws/build/hri_comms/build install --record /home/rpi/ros2_ws/build/hri_comms/install.log --single-version-externally-managed
[29.304s] running egg_info
[29.311s] writing ../../build/hri_comms/hri_comms.egg-info/PKG-INFO
[29.315s] writing dependency_links to ../../build/hri_comms/hri_comms.egg-info/dependency_links.txt
[29.335s] writing entry points to ../../build/hri_comms/hri_comms.egg-info/entry_points.txt
[29.336s] writing requirements to ../../build/hri_comms/hri_comms.egg-info/requires.txt
[29.338s] writing top-level names to ../../build/hri_comms/hri_comms.egg-info/top_level.txt
[29.362s] reading manifest file '../../build/hri_comms/hri_comms.egg-info/SOURCES.txt'
[29.378s] writing manifest file '../../build/hri_comms/hri_comms.egg-info/SOURCES.txt'
[29.391s] running build
[29.393s] running build_py
[29.395s] copying hri_comms/udp_server.py -> /home/rpi/ros2_ws/build/hri_comms/build/lib/hri_comms
[29.397s] running install
[29.400s] running install_lib
[29.410s] copying /home/rpi/ros2_ws/build/hri_comms/build/lib/hri_comms/udp_server.py -> /home/rpi/ros2_ws/install/hri_comms/lib/python3.10/site-packages/hri_comms
[29.443s] byte-compiling /home/rpi/ros2_ws/install/hri_comms/lib/python3.10/site-packages/hri_comms/udp_server.py to udp_server.cpython-310.pyc
[29.468s] running install_data
[29.487s] running install_egg_info
[29.509s] removing '/home/rpi/ros2_ws/install/hri_comms/lib/python3.10/site-packages/hri_comms-0.0.0-py3.10.egg-info' (and everything under it)
[29.512s] Copying ../../build/hri_comms/hri_comms.egg-info to /home/rpi/ros2_ws/install/hri_comms/lib/python3.10/site-packages/hri_comms-0.0.0-py3.10.egg-info
[29.567s] running install_scripts
[29.878s] Installing data_handler script to /home/rpi/ros2_ws/install/hri_comms/lib/hri_comms
[29.891s] Installing udp_server script to /home/rpi/ros2_ws/install/hri_comms/lib/hri_comms
[29.893s] writing list of installed files to '/home/rpi/ros2_ws/build/hri_comms/install.log'
[30.313s] Invoked command in '/home/rpi/ros2_ws/src/hri_comms' returned '0': PYTHONPATH=/home/rpi/ros2_ws/build/hri_comms/prefix_override:/home/rpi/ros2_ws/install/hri_comms/lib/python3.10/site-packages:${PYTHONPATH} /usr/bin/python3 setup.py egg_info --egg-base ../../build/hri_comms build --build-base /home/rpi/ros2_ws/build/hri_comms/build install --record /home/rpi/ros2_ws/build/hri_comms/install.log --single-version-externally-managed
