[12.068s] DEBUG:colcon:Command line arguments: ['/usr/bin/colcon', 'list', '-p', '--base-paths', '/home/rpi/ros2_ws']
[12.068s] DEBUG:colcon:Parsed command line arguments: Namespace(log_base=None, log_level=None, verb_name='list', build_base='build', ignore_user_meta=False, metas=['./colcon.meta'], base_paths=['/home/rpi/ros2_ws'], packages_ignore=None, packages_ignore_regex=None, paths=None, packages_up_to=None, packages_up_to_regex=None, packages_above=None, packages_above_and_dependencies=None, packages_above_depth=None, packages_select_by_dep=None, packages_skip_by_dep=None, packages_skip_up_to=None, packages_select_build_failed=False, packages_skip_build_finished=False, packages_select_test_failures=False, packages_skip_test_passed=False, packages_select=None, packages_skip=None, packages_select_regex=None, packages_skip_regex=None, packages_start=None, packages_end=None, allow_overriding=[], topological_order=False, names_only=False, paths_only=True, topological_graph=False, topological_graph_dot=False, topological_graph_density=False, topological_graph_legend=False, topological_graph_dot_cluster=False, topological_graph_dot_include_skipped=False, verb_parser=<colcon_defaults.argument_parser.defaults.DefaultArgumentsDecorator object at 0xffffa0df0580>, verb_extension=<colcon_package_information.verb.list.ListVerb object at 0xffffa0df2d40>, main=<bound method ListVerb.main of <colcon_package_information.verb.list.ListVerb object at 0xffffa0df2d40>>)
[13.031s] Level 1:colcon.colcon_core.package_discovery:discover_packages(colcon_meta) check parameters
[13.032s] Level 1:colcon.colcon_core.package_discovery:discover_packages(recursive) check parameters
[13.033s] Level 1:colcon.colcon_core.package_discovery:discover_packages(ignore) check parameters
[13.033s] Level 1:colcon.colcon_core.package_discovery:discover_packages(path) check parameters
[13.033s] Level 1:colcon.colcon_core.package_discovery:discover_packages(recursive) discover
[13.034s] INFO:colcon.colcon_core.package_discovery:Crawling recursively for packages in '/home/rpi/ros2_ws'
[13.036s] Level 1:colcon.colcon_core.package_identification:_identify(/home/rpi/ros2_ws) by extensions ['ignore', 'ignore_ament_install']
[13.037s] Level 1:colcon.colcon_core.package_identification:_identify(/home/rpi/ros2_ws) by extension 'ignore'
[13.038s] Level 1:colcon.colcon_core.package_identification:_identify(/home/rpi/ros2_ws) by extension 'ignore_ament_install'
[13.038s] Level 1:colcon.colcon_core.package_identification:_identify(/home/rpi/ros2_ws) by extensions ['colcon_pkg']
[13.039s] Level 1:colcon.colcon_core.package_identification:_identify(/home/rpi/ros2_ws) by extension 'colcon_pkg'
[13.042s] Level 1:colcon.colcon_core.package_identification:_identify(/home/rpi/ros2_ws) by extensions ['colcon_meta']
[13.042s] Level 1:colcon.colcon_core.package_identification:_identify(/home/rpi/ros2_ws) by extension 'colcon_meta'
[13.043s] Level 1:colcon.colcon_core.package_identification:_identify(/home/rpi/ros2_ws) by extensions ['ros']
[13.043s] Level 1:colcon.colcon_core.package_identification:_identify(/home/rpi/ros2_ws) by extension 'ros'
[13.175s] Level 1:colcon.colcon_core.package_identification:_identify(/home/rpi/ros2_ws) by extensions ['cmake', 'python']
[13.176s] Level 1:colcon.colcon_core.package_identification:_identify(/home/rpi/ros2_ws) by extension 'cmake'
[13.176s] Level 1:colcon.colcon_core.package_identification:_identify(/home/rpi/ros2_ws) by extension 'python'
[13.177s] Level 1:colcon.colcon_core.package_identification:_identify(/home/rpi/ros2_ws) by extensions ['python_setup_py']
[13.177s] Level 1:colcon.colcon_core.package_identification:_identify(/home/rpi/ros2_ws) by extension 'python_setup_py'
[13.187s] Level 1:colcon.colcon_core.package_identification:_identify(/home/rpi/ros2_ws/build) by extensions ['ignore', 'ignore_ament_install']
[13.204s] Level 1:colcon.colcon_core.package_identification:_identify(/home/rpi/ros2_ws/build) by extension 'ignore'
[13.205s] Level 1:colcon.colcon_core.package_identification:_identify(/home/rpi/ros2_ws/build) ignored
[13.207s] Level 1:colcon.colcon_core.package_identification:_identify(/home/rpi/ros2_ws/install) by extensions ['ignore', 'ignore_ament_install']
[13.210s] Level 1:colcon.colcon_core.package_identification:_identify(/home/rpi/ros2_ws/install) by extension 'ignore'
[13.211s] Level 1:colcon.colcon_core.package_identification:_identify(/home/rpi/ros2_ws/install) ignored
[13.215s] Level 1:colcon.colcon_core.package_identification:_identify(/home/rpi/ros2_ws/log) by extensions ['ignore', 'ignore_ament_install']
[13.215s] Level 1:colcon.colcon_core.package_identification:_identify(/home/rpi/ros2_ws/log) by extension 'ignore'
[13.216s] Level 1:colcon.colcon_core.package_identification:_identify(/home/rpi/ros2_ws/log) ignored
[13.220s] Level 1:colcon.colcon_core.package_identification:_identify(/home/rpi/ros2_ws/src) by extensions ['ignore', 'ignore_ament_install']
[13.229s] Level 1:colcon.colcon_core.package_identification:_identify(/home/rpi/ros2_ws/src) by extension 'ignore'
[13.230s] Level 1:colcon.colcon_core.package_identification:_identify(/home/rpi/ros2_ws/src) by extension 'ignore_ament_install'
[13.230s] Level 1:colcon.colcon_core.package_identification:_identify(/home/rpi/ros2_ws/src) by extensions ['colcon_pkg']
[13.231s] Level 1:colcon.colcon_core.package_identification:_identify(/home/rpi/ros2_ws/src) by extension 'colcon_pkg'
[13.231s] Level 1:colcon.colcon_core.package_identification:_identify(/home/rpi/ros2_ws/src) by extensions ['colcon_meta']
[13.231s] Level 1:colcon.colcon_core.package_identification:_identify(/home/rpi/ros2_ws/src) by extension 'colcon_meta'
[13.232s] Level 1:colcon.colcon_core.package_identification:_identify(/home/rpi/ros2_ws/src) by extensions ['ros']
[13.232s] Level 1:colcon.colcon_core.package_identification:_identify(/home/rpi/ros2_ws/src) by extension 'ros'
[13.233s] Level 1:colcon.colcon_core.package_identification:_identify(/home/rpi/ros2_ws/src) by extensions ['cmake', 'python']
[13.234s] Level 1:colcon.colcon_core.package_identification:_identify(/home/rpi/ros2_ws/src) by extension 'cmake'
[13.234s] Level 1:colcon.colcon_core.package_identification:_identify(/home/rpi/ros2_ws/src) by extension 'python'
[13.235s] Level 1:colcon.colcon_core.package_identification:_identify(/home/rpi/ros2_ws/src) by extensions ['python_setup_py']
[13.235s] Level 1:colcon.colcon_core.package_identification:_identify(/home/rpi/ros2_ws/src) by extension 'python_setup_py'
[13.236s] Level 1:colcon.colcon_core.package_identification:_identify(/home/rpi/ros2_ws/src/data_collection) by extensions ['ignore', 'ignore_ament_install']
[13.237s] Level 1:colcon.colcon_core.package_identification:_identify(/home/rpi/ros2_ws/src/data_collection) by extension 'ignore'
[13.237s] Level 1:colcon.colcon_core.package_identification:_identify(/home/rpi/ros2_ws/src/data_collection) by extension 'ignore_ament_install'
[13.238s] Level 1:colcon.colcon_core.package_identification:_identify(/home/rpi/ros2_ws/src/data_collection) by extensions ['colcon_pkg']
[13.238s] Level 1:colcon.colcon_core.package_identification:_identify(/home/rpi/ros2_ws/src/data_collection) by extension 'colcon_pkg'
[13.239s] Level 1:colcon.colcon_core.package_identification:_identify(/home/rpi/ros2_ws/src/data_collection) by extensions ['colcon_meta']
[13.239s] Level 1:colcon.colcon_core.package_identification:_identify(/home/rpi/ros2_ws/src/data_collection) by extension 'colcon_meta'
[13.240s] Level 1:colcon.colcon_core.package_identification:_identify(/home/rpi/ros2_ws/src/data_collection) by extensions ['ros']
[13.240s] Level 1:colcon.colcon_core.package_identification:_identify(/home/rpi/ros2_ws/src/data_collection) by extension 'ros'
[13.269s] DEBUG:colcon.colcon_core.package_identification:Package '/home/rpi/ros2_ws/src/data_collection' with type 'ros.ament_python' and name 'data_collection'
[13.270s] Level 1:colcon.colcon_core.package_identification:_identify(/home/rpi/ros2_ws/src/hri_comms) by extensions ['ignore', 'ignore_ament_install']
[13.271s] Level 1:colcon.colcon_core.package_identification:_identify(/home/rpi/ros2_ws/src/hri_comms) by extension 'ignore'
[13.272s] Level 1:colcon.colcon_core.package_identification:_identify(/home/rpi/ros2_ws/src/hri_comms) by extension 'ignore_ament_install'
[13.272s] Level 1:colcon.colcon_core.package_identification:_identify(/home/rpi/ros2_ws/src/hri_comms) by extensions ['colcon_pkg']
[13.273s] Level 1:colcon.colcon_core.package_identification:_identify(/home/rpi/ros2_ws/src/hri_comms) by extension 'colcon_pkg'
[13.273s] Level 1:colcon.colcon_core.package_identification:_identify(/home/rpi/ros2_ws/src/hri_comms) by extensions ['colcon_meta']
[13.274s] Level 1:colcon.colcon_core.package_identification:_identify(/home/rpi/ros2_ws/src/hri_comms) by extension 'colcon_meta'
[13.274s] Level 1:colcon.colcon_core.package_identification:_identify(/home/rpi/ros2_ws/src/hri_comms) by extensions ['ros']
[13.274s] Level 1:colcon.colcon_core.package_identification:_identify(/home/rpi/ros2_ws/src/hri_comms) by extension 'ros'
[13.278s] DEBUG:colcon.colcon_core.package_identification:Package '/home/rpi/ros2_ws/src/hri_comms' with type 'ros.ament_python' and name 'hri_comms'
[13.279s] Level 1:colcon.colcon_core.package_identification:_identify(/home/rpi/ros2_ws/src/my_robot_controller) by extensions ['ignore', 'ignore_ament_install']
[13.284s] Level 1:colcon.colcon_core.package_identification:_identify(/home/rpi/ros2_ws/src/my_robot_controller) by extension 'ignore'
[13.285s] Level 1:colcon.colcon_core.package_identification:_identify(/home/rpi/ros2_ws/src/my_robot_controller) by extension 'ignore_ament_install'
[13.286s] Level 1:colcon.colcon_core.package_identification:_identify(/home/rpi/ros2_ws/src/my_robot_controller) by extensions ['colcon_pkg']
[13.286s] Level 1:colcon.colcon_core.package_identification:_identify(/home/rpi/ros2_ws/src/my_robot_controller) by extension 'colcon_pkg'
[13.289s] Level 1:colcon.colcon_core.package_identification:_identify(/home/rpi/ros2_ws/src/my_robot_controller) by extensions ['colcon_meta']
[13.292s] Level 1:colcon.colcon_core.package_identification:_identify(/home/rpi/ros2_ws/src/my_robot_controller) by extension 'colcon_meta'
[13.294s] Level 1:colcon.colcon_core.package_identification:_identify(/home/rpi/ros2_ws/src/my_robot_controller) by extensions ['ros']
[13.294s] Level 1:colcon.colcon_core.package_identification:_identify(/home/rpi/ros2_ws/src/my_robot_controller) by extension 'ros'
[13.298s] DEBUG:colcon.colcon_core.package_identification:Package '/home/rpi/ros2_ws/src/my_robot_controller' with type 'ros.ament_python' and name 'my_robot_controller'
[13.299s] Level 1:colcon.colcon_core.package_identification:_identify(/home/rpi/ros2_ws/src/robot_arm_controller) by extensions ['ignore', 'ignore_ament_install']
[13.300s] Level 1:colcon.colcon_core.package_identification:_identify(/home/rpi/ros2_ws/src/robot_arm_controller) by extension 'ignore'
[13.301s] Level 1:colcon.colcon_core.package_identification:_identify(/home/rpi/ros2_ws/src/robot_arm_controller) by extension 'ignore_ament_install'
[13.301s] Level 1:colcon.colcon_core.package_identification:_identify(/home/rpi/ros2_ws/src/robot_arm_controller) by extensions ['colcon_pkg']
[13.302s] Level 1:colcon.colcon_core.package_identification:_identify(/home/rpi/ros2_ws/src/robot_arm_controller) by extension 'colcon_pkg'
[13.302s] Level 1:colcon.colcon_core.package_identification:_identify(/home/rpi/ros2_ws/src/robot_arm_controller) by extensions ['colcon_meta']
[13.302s] Level 1:colcon.colcon_core.package_identification:_identify(/home/rpi/ros2_ws/src/robot_arm_controller) by extension 'colcon_meta'
[13.303s] Level 1:colcon.colcon_core.package_identification:_identify(/home/rpi/ros2_ws/src/robot_arm_controller) by extensions ['ros']
[13.303s] Level 1:colcon.colcon_core.package_identification:_identify(/home/rpi/ros2_ws/src/robot_arm_controller) by extension 'ros'
[13.308s] DEBUG:colcon.colcon_core.package_identification:Package '/home/rpi/ros2_ws/src/robot_arm_controller' with type 'ros.ament_python' and name 'robot_arm_controller'
[13.309s] Level 1:colcon.colcon_core.package_identification:_identify(/home/rpi/ros2_ws/src/servo_controller) by extensions ['ignore', 'ignore_ament_install']
[13.310s] Level 1:colcon.colcon_core.package_identification:_identify(/home/rpi/ros2_ws/src/servo_controller) by extension 'ignore'
[13.310s] Level 1:colcon.colcon_core.package_identification:_identify(/home/rpi/ros2_ws/src/servo_controller) by extension 'ignore_ament_install'
[13.311s] Level 1:colcon.colcon_core.package_identification:_identify(/home/rpi/ros2_ws/src/servo_controller) by extensions ['colcon_pkg']
[13.311s] Level 1:colcon.colcon_core.package_identification:_identify(/home/rpi/ros2_ws/src/servo_controller) by extension 'colcon_pkg'
[13.312s] Level 1:colcon.colcon_core.package_identification:_identify(/home/rpi/ros2_ws/src/servo_controller) by extensions ['colcon_meta']
[13.313s] Level 1:colcon.colcon_core.package_identification:_identify(/home/rpi/ros2_ws/src/servo_controller) by extension 'colcon_meta'
[13.313s] Level 1:colcon.colcon_core.package_identification:_identify(/home/rpi/ros2_ws/src/servo_controller) by extensions ['ros']
[13.313s] Level 1:colcon.colcon_core.package_identification:_identify(/home/rpi/ros2_ws/src/servo_controller) by extension 'ros'
[13.321s] DEBUG:colcon.colcon_core.package_identification:Package '/home/rpi/ros2_ws/src/servo_controller' with type 'ros.ament_python' and name 'servo_controller'
[13.322s] Level 1:colcon.colcon_core.package_discovery:discover_packages(recursive) using defaults
