[22.169s] Invoking command in '/home/rpi/ros2_ws/src/hri_comms': PYTHONPATH=/home/rpi/ros2_ws/build/hri_comms/prefix_override:/home/rpi/ros2_ws/install/hri_comms/lib/python3.10/site-packages:${PYTHONPATH} /usr/bin/python3 setup.py egg_info --egg-base ../../build/hri_comms build --build-base /home/rpi/ros2_ws/build/hri_comms/build install --record /home/rpi/ros2_ws/build/hri_comms/install.log --single-version-externally-managed
[27.132s] running egg_info
[27.142s] writing ../../build/hri_comms/hri_comms.egg-info/PKG-INFO
[27.156s] writing dependency_links to ../../build/hri_comms/hri_comms.egg-info/dependency_links.txt
[27.160s] writing entry points to ../../build/hri_comms/hri_comms.egg-info/entry_points.txt
[27.163s] writing requirements to ../../build/hri_comms/hri_comms.egg-info/requires.txt
[27.167s] writing top-level names to ../../build/hri_comms/hri_comms.egg-info/top_level.txt
[27.211s] reading manifest file '../../build/hri_comms/hri_comms.egg-info/SOURCES.txt'
[27.225s] writing manifest file '../../build/hri_comms/hri_comms.egg-info/SOURCES.txt'
[27.227s] running build
[27.228s] running build_py
[27.252s] copying hri_comms/udp_server.py -> /home/rpi/ros2_ws/build/hri_comms/build/lib/hri_comms
[27.252s] running install
[27.254s] running install_lib
[27.262s] copying /home/rpi/ros2_ws/build/hri_comms/build/lib/hri_comms/udp_server.py -> /home/rpi/ros2_ws/install/hri_comms/lib/python3.10/site-packages/hri_comms
[27.302s] byte-compiling /home/rpi/ros2_ws/install/hri_comms/lib/python3.10/site-packages/hri_comms/udp_server.py to udp_server.cpython-310.pyc
[27.344s] running install_data
[27.349s] running install_egg_info
[27.418s] removing '/home/rpi/ros2_ws/install/hri_comms/lib/python3.10/site-packages/hri_comms-0.0.0-py3.10.egg-info' (and everything under it)
[27.437s] Copying ../../build/hri_comms/hri_comms.egg-info to /home/rpi/ros2_ws/install/hri_comms/lib/python3.10/site-packages/hri_comms-0.0.0-py3.10.egg-info
[27.462s] running install_scripts
[27.892s] Installing data_handler script to /home/rpi/ros2_ws/install/hri_comms/lib/hri_comms
[27.895s] Installing udp_server script to /home/rpi/ros2_ws/install/hri_comms/lib/hri_comms
[27.903s] writing list of installed files to '/home/rpi/ros2_ws/build/hri_comms/install.log'
[29.675s] Invoked command in '/home/rpi/ros2_ws/src/hri_comms' returned '0': PYTHONPATH=/home/rpi/ros2_ws/build/hri_comms/prefix_override:/home/rpi/ros2_ws/install/hri_comms/lib/python3.10/site-packages:${PYTHONPATH} /usr/bin/python3 setup.py egg_info --egg-base ../../build/hri_comms build --build-base /home/rpi/ros2_ws/build/hri_comms/build install --record /home/rpi/ros2_ws/build/hri_comms/install.log --single-version-externally-managed
