[11.407s] Invoking command in '/home/rpi/ros2_ws/src/servo_controller': PYTHONPATH=/home/rpi/ros2_ws/build/servo_controller/prefix_override:/home/rpi/ros2_ws/install/servo_controller/lib/python3.10/site-packages:${PYTHONPATH} /usr/bin/python3 setup.py egg_info --egg-base ../../build/servo_controller build --build-base /home/rpi/ros2_ws/build/servo_controller/build install --record /home/rpi/ros2_ws/build/servo_controller/install.log --single-version-externally-managed
[13.725s] running egg_info
[13.738s] writing ../../build/servo_controller/servo_controller.egg-info/PKG-INFO
[13.742s] writing dependency_links to ../../build/servo_controller/servo_controller.egg-info/dependency_links.txt
[13.749s] writing entry points to ../../build/servo_controller/servo_controller.egg-info/entry_points.txt
[13.760s] writing requirements to ../../build/servo_controller/servo_controller.egg-info/requires.txt
[13.764s] writing top-level names to ../../build/servo_controller/servo_controller.egg-info/top_level.txt
[13.786s] reading manifest file '../../build/servo_controller/servo_controller.egg-info/SOURCES.txt'
[13.795s] writing manifest file '../../build/servo_controller/servo_controller.egg-info/SOURCES.txt'
[13.798s] running build
[13.799s] running build_py
[13.803s] running install
[13.808s] running install_lib
[13.824s] running install_data
[13.828s] running install_egg_info
[13.845s] removing '/home/rpi/ros2_ws/install/servo_controller/lib/python3.10/site-packages/servo_controller-0.0.0-py3.10.egg-info' (and everything under it)
[13.849s] Copying ../../build/servo_controller/servo_controller.egg-info to /home/rpi/ros2_ws/install/servo_controller/lib/python3.10/site-packages/servo_controller-0.0.0-py3.10.egg-info
[13.865s] running install_scripts
[14.128s] Installing actuate_servo script to /home/rpi/ros2_ws/install/servo_controller/lib/servo_controller
[14.131s] Installing keyboard_input script to /home/rpi/ros2_ws/install/servo_controller/lib/servo_controller
[14.135s] writing list of installed files to '/home/rpi/ros2_ws/build/servo_controller/install.log'
[15.598s] Invoked command in '/home/rpi/ros2_ws/src/servo_controller' returned '0': PYTHONPATH=/home/rpi/ros2_ws/build/servo_controller/prefix_override:/home/rpi/ros2_ws/install/servo_controller/lib/python3.10/site-packages:${PYTHONPATH} /usr/bin/python3 setup.py egg_info --egg-base ../../build/servo_controller build --build-base /home/rpi/ros2_ws/build/servo_controller/build install --record /home/rpi/ros2_ws/build/servo_controller/install.log --single-version-externally-managed
