[13.158s] Invoking command in '/home/rpi/ros2_ws/src/hri_comms': PYTHONPATH=/home/rpi/ros2_ws/build/hri_comms/prefix_override:/home/rpi/ros2_ws/install/hri_comms/lib/python3.10/site-packages:${PYTHONPATH} /usr/bin/python3 setup.py egg_info --egg-base ../../build/hri_comms build --build-base /home/rpi/ros2_ws/build/hri_comms/build install --record /home/rpi/ros2_ws/build/hri_comms/install.log --single-version-externally-managed
[15.292s] running egg_info
[15.296s] writing ../../build/hri_comms/hri_comms.egg-info/PKG-INFO
[15.298s] writing dependency_links to ../../build/hri_comms/hri_comms.egg-info/dependency_links.txt
[15.301s] writing entry points to ../../build/hri_comms/hri_comms.egg-info/entry_points.txt
[15.302s] writing requirements to ../../build/hri_comms/hri_comms.egg-info/requires.txt
[15.304s] writing top-level names to ../../build/hri_comms/hri_comms.egg-info/top_level.txt
[15.316s] reading manifest file '../../build/hri_comms/hri_comms.egg-info/SOURCES.txt'
[15.322s] writing manifest file '../../build/hri_comms/hri_comms.egg-info/SOURCES.txt'
[15.324s] running build
[15.325s] running build_py
[15.328s] running install
[15.329s] running install_lib
[15.340s] running install_data
[15.353s] running install_egg_info
[15.358s] removing '/home/rpi/ros2_ws/install/hri_comms/lib/python3.10/site-packages/hri_comms-0.0.0-py3.10.egg-info' (and everything under it)
[15.369s] Copying ../../build/hri_comms/hri_comms.egg-info to /home/rpi/ros2_ws/install/hri_comms/lib/python3.10/site-packages/hri_comms-0.0.0-py3.10.egg-info
[15.431s] running install_scripts
[15.570s] Installing data_handler script to /home/rpi/ros2_ws/install/hri_comms/lib/hri_comms
[15.572s] Installing udp_server script to /home/rpi/ros2_ws/install/hri_comms/lib/hri_comms
[15.574s] writing list of installed files to '/home/rpi/ros2_ws/build/hri_comms/install.log'
[15.895s] Invoked command in '/home/rpi/ros2_ws/src/hri_comms' returned '0': PYTHONPATH=/home/rpi/ros2_ws/build/hri_comms/prefix_override:/home/rpi/ros2_ws/install/hri_comms/lib/python3.10/site-packages:${PYTHONPATH} /usr/bin/python3 setup.py egg_info --egg-base ../../build/hri_comms build --build-base /home/rpi/ros2_ws/build/hri_comms/build install --record /home/rpi/ros2_ws/build/hri_comms/install.log --single-version-externally-managed
