[15.339s] Invoking command in '/home/rpi/ros2_ws/src/hri_comms': PYTHONPATH=/home/rpi/ros2_ws/build/hri_comms/prefix_override:/home/rpi/ros2_ws/install/hri_comms/lib/python3.10/site-packages:${PYTHONPATH} /usr/bin/python3 setup.py egg_info --egg-base ../../build/hri_comms build --build-base /home/rpi/ros2_ws/build/hri_comms/build install --record /home/rpi/ros2_ws/build/hri_comms/install.log --single-version-externally-managed
[17.755s] running egg_info
[17.758s] writing ../../build/hri_comms/hri_comms.egg-info/PKG-INFO
[18.130s] writing dependency_links to ../../build/hri_comms/hri_comms.egg-info/dependency_links.txt
[18.134s] writing entry points to ../../build/hri_comms/hri_comms.egg-info/entry_points.txt
[18.139s] writing requirements to ../../build/hri_comms/hri_comms.egg-info/requires.txt
[18.140s] writing top-level names to ../../build/hri_comms/hri_comms.egg-info/top_level.txt
[18.149s] reading manifest file '../../build/hri_comms/hri_comms.egg-info/SOURCES.txt'
[18.361s] writing manifest file '../../build/hri_comms/hri_comms.egg-info/SOURCES.txt'
[18.448s] running build
[18.452s] running build_py
[18.576s] copying hri_comms/udp_server.py -> /home/rpi/ros2_ws/build/hri_comms/build/lib/hri_comms
[18.586s] running install
[18.593s] running install_lib
[18.609s] copying /home/rpi/ros2_ws/build/hri_comms/build/lib/hri_comms/udp_server.py -> /home/rpi/ros2_ws/install/hri_comms/lib/python3.10/site-packages/hri_comms
[18.611s] byte-compiling /home/rpi/ros2_ws/install/hri_comms/lib/python3.10/site-packages/hri_comms/udp_server.py to udp_server.cpython-310.pyc
[18.627s] running install_data
[18.635s] running install_egg_info
[18.647s] removing '/home/rpi/ros2_ws/install/hri_comms/lib/python3.10/site-packages/hri_comms-0.0.0-py3.10.egg-info' (and everything under it)
[18.650s] Copying ../../build/hri_comms/hri_comms.egg-info to /home/rpi/ros2_ws/install/hri_comms/lib/python3.10/site-packages/hri_comms-0.0.0-py3.10.egg-info
[18.692s] running install_scripts
[18.915s] Installing data_handler script to /home/rpi/ros2_ws/install/hri_comms/lib/hri_comms
[18.921s] Installing udp_server script to /home/rpi/ros2_ws/install/hri_comms/lib/hri_comms
[18.929s] writing list of installed files to '/home/rpi/ros2_ws/build/hri_comms/install.log'
[19.267s] Invoked command in '/home/rpi/ros2_ws/src/hri_comms' returned '0': PYTHONPATH=/home/rpi/ros2_ws/build/hri_comms/prefix_override:/home/rpi/ros2_ws/install/hri_comms/lib/python3.10/site-packages:${PYTHONPATH} /usr/bin/python3 setup.py egg_info --egg-base ../../build/hri_comms build --build-base /home/rpi/ros2_ws/build/hri_comms/build install --record /home/rpi/ros2_ws/build/hri_comms/install.log --single-version-externally-managed
