[9.146s] Invoking command in '/home/rpi/ros2_ws/src/servo_controller': PYTHONPATH=/home/rpi/ros2_ws/build/servo_controller/prefix_override:/home/rpi/ros2_ws/install/servo_controller/lib/python3.10/site-packages:${PYTHONPATH} /usr/bin/python3 setup.py egg_info --egg-base ../../build/servo_controller build --build-base /home/rpi/ros2_ws/build/servo_controller/build install --record /home/rpi/ros2_ws/build/servo_controller/install.log --single-version-externally-managed
[11.095s] running egg_info
[11.110s] writing ../../build/servo_controller/servo_controller.egg-info/PKG-INFO
[11.117s] writing dependency_links to ../../build/servo_controller/servo_controller.egg-info/dependency_links.txt
[11.119s] writing entry points to ../../build/servo_controller/servo_controller.egg-info/entry_points.txt
[11.120s] writing requirements to ../../build/servo_controller/servo_controller.egg-info/requires.txt
[11.120s] writing top-level names to ../../build/servo_controller/servo_controller.egg-info/top_level.txt
[11.130s] reading manifest file '../../build/servo_controller/servo_controller.egg-info/SOURCES.txt'
[11.136s] writing manifest file '../../build/servo_controller/servo_controller.egg-info/SOURCES.txt'
[11.137s] running build
[11.139s] running build_py
[11.140s] running install
[11.141s] running install_lib
[11.151s] running install_data
[11.155s] running install_egg_info
[11.166s] removing '/home/rpi/ros2_ws/install/servo_controller/lib/python3.10/site-packages/servo_controller-0.0.0-py3.10.egg-info' (and everything under it)
[11.188s] Copying ../../build/servo_controller/servo_controller.egg-info to /home/rpi/ros2_ws/install/servo_controller/lib/python3.10/site-packages/servo_controller-0.0.0-py3.10.egg-info
[11.189s] running install_scripts
[11.358s] Installing actuate_servo script to /home/rpi/ros2_ws/install/servo_controller/lib/servo_controller
[11.362s] Installing keyboard_input script to /home/rpi/ros2_ws/install/servo_controller/lib/servo_controller
[11.364s] writing list of installed files to '/home/rpi/ros2_ws/build/servo_controller/install.log'
[12.489s] Invoked command in '/home/rpi/ros2_ws/src/servo_controller' returned '0': PYTHONPATH=/home/rpi/ros2_ws/build/servo_controller/prefix_override:/home/rpi/ros2_ws/install/servo_controller/lib/python3.10/site-packages:${PYTHONPATH} /usr/bin/python3 setup.py egg_info --egg-base ../../build/servo_controller build --build-base /home/rpi/ros2_ws/build/servo_controller/build install --record /home/rpi/ros2_ws/build/servo_controller/install.log --single-version-externally-managed
