[12.757s] Invoking command in '/home/rpi/ros2_ws/src/hri_comms': PYTHONPATH=/home/rpi/ros2_ws/build/hri_comms/prefix_override:/home/rpi/ros2_ws/install/hri_comms/lib/python3.10/site-packages:${PYTHONPATH} /usr/bin/python3 setup.py egg_info --egg-base ../../build/hri_comms build --build-base /home/rpi/ros2_ws/build/hri_comms/build install --record /home/rpi/ros2_ws/build/hri_comms/install.log --single-version-externally-managed
[15.291s] running egg_info
[15.312s] writing ../../build/hri_comms/hri_comms.egg-info/PKG-INFO
[15.327s] writing dependency_links to ../../build/hri_comms/hri_comms.egg-info/dependency_links.txt
[15.367s] writing entry points to ../../build/hri_comms/hri_comms.egg-info/entry_points.txt
[15.368s] writing requirements to ../../build/hri_comms/hri_comms.egg-info/requires.txt
[15.370s] writing top-level names to ../../build/hri_comms/hri_comms.egg-info/top_level.txt
[15.389s] reading manifest file '../../build/hri_comms/hri_comms.egg-info/SOURCES.txt'
[15.395s] writing manifest file '../../build/hri_comms/hri_comms.egg-info/SOURCES.txt'
[15.397s] running build
[15.398s] running build_py
[15.400s] running install
[15.402s] running install_lib
[15.439s] running install_data
[15.462s] running install_egg_info
[15.465s] removing '/home/rpi/ros2_ws/install/hri_comms/lib/python3.10/site-packages/hri_comms-0.0.0-py3.10.egg-info' (and everything under it)
[15.497s] Copying ../../build/hri_comms/hri_comms.egg-info to /home/rpi/ros2_ws/install/hri_comms/lib/python3.10/site-packages/hri_comms-0.0.0-py3.10.egg-info
[15.520s] running install_scripts
[15.752s] Installing data_handler script to /home/rpi/ros2_ws/install/hri_comms/lib/hri_comms
[15.755s] Installing udp_server script to /home/rpi/ros2_ws/install/hri_comms/lib/hri_comms
[15.760s] writing list of installed files to '/home/rpi/ros2_ws/build/hri_comms/install.log'
[16.801s] Invoked command in '/home/rpi/ros2_ws/src/hri_comms' returned '0': PYTHONPATH=/home/rpi/ros2_ws/build/hri_comms/prefix_override:/home/rpi/ros2_ws/install/hri_comms/lib/python3.10/site-packages:${PYTHONPATH} /usr/bin/python3 setup.py egg_info --egg-base ../../build/hri_comms build --build-base /home/rpi/ros2_ws/build/hri_comms/build install --record /home/rpi/ros2_ws/build/hri_comms/install.log --single-version-externally-managed
