[10.195s] Invoking command in '/home/rpi/ros2_ws/src/hri_comms': PYTHONPATH=/home/rpi/ros2_ws/build/hri_comms/prefix_override:/home/rpi/ros2_ws/install/hri_comms/lib/python3.10/site-packages:${PYTHONPATH} /usr/bin/python3 setup.py egg_info --egg-base ../../build/hri_comms build --build-base /home/rpi/ros2_ws/build/hri_comms/build install --record /home/rpi/ros2_ws/build/hri_comms/install.log --single-version-externally-managed
[12.019s] running egg_info
[12.023s] writing ../../build/hri_comms/hri_comms.egg-info/PKG-INFO
[12.024s] writing dependency_links to ../../build/hri_comms/hri_comms.egg-info/dependency_links.txt
[12.025s] writing entry points to ../../build/hri_comms/hri_comms.egg-info/entry_points.txt
[12.026s] writing requirements to ../../build/hri_comms/hri_comms.egg-info/requires.txt
[12.026s] writing top-level names to ../../build/hri_comms/hri_comms.egg-info/top_level.txt
[12.039s] reading manifest file '../../build/hri_comms/hri_comms.egg-info/SOURCES.txt'
[12.045s] writing manifest file '../../build/hri_comms/hri_comms.egg-info/SOURCES.txt'
[12.046s] running build
[12.047s] running build_py
[12.049s] running install
[12.052s] running install_lib
[12.069s] running install_data
[12.069s] running install_egg_info
[12.077s] removing '/home/rpi/ros2_ws/install/hri_comms/lib/python3.10/site-packages/hri_comms-0.0.0-py3.10.egg-info' (and everything under it)
[12.081s] Copying ../../build/hri_comms/hri_comms.egg-info to /home/rpi/ros2_ws/install/hri_comms/lib/python3.10/site-packages/hri_comms-0.0.0-py3.10.egg-info
[12.128s] running install_scripts
[12.272s] Installing data_handler script to /home/rpi/ros2_ws/install/hri_comms/lib/hri_comms
[12.274s] Installing udp_server script to /home/rpi/ros2_ws/install/hri_comms/lib/hri_comms
[12.293s] writing list of installed files to '/home/rpi/ros2_ws/build/hri_comms/install.log'
[12.991s] Invoked command in '/home/rpi/ros2_ws/src/hri_comms' returned '0': PYTHONPATH=/home/rpi/ros2_ws/build/hri_comms/prefix_override:/home/rpi/ros2_ws/install/hri_comms/lib/python3.10/site-packages:${PYTHONPATH} /usr/bin/python3 setup.py egg_info --egg-base ../../build/hri_comms build --build-base /home/rpi/ros2_ws/build/hri_comms/build install --record /home/rpi/ros2_ws/build/hri_comms/install.log --single-version-externally-managed
