[9.022s] Invoking command in '/home/rpi/ros2_ws/src/servo_controller': PYTHONPATH=/home/rpi/ros2_ws/build/servo_controller/prefix_override:/home/rpi/ros2_ws/install/servo_controller/lib/python3.10/site-packages:${PYTHONPATH} /usr/bin/python3 setup.py egg_info --egg-base ../../build/servo_controller build --build-base /home/rpi/ros2_ws/build/servo_controller/build install --record /home/rpi/ros2_ws/build/servo_controller/install.log --single-version-externally-managed
[10.902s] running egg_info
[10.907s] writing ../../build/servo_controller/servo_controller.egg-info/PKG-INFO
[10.908s] writing dependency_links to ../../build/servo_controller/servo_controller.egg-info/dependency_links.txt
[10.909s] writing entry points to ../../build/servo_controller/servo_controller.egg-info/entry_points.txt
[10.910s] writing requirements to ../../build/servo_controller/servo_controller.egg-info/requires.txt
[10.911s] writing top-level names to ../../build/servo_controller/servo_controller.egg-info/top_level.txt
[10.923s] reading manifest file '../../build/servo_controller/servo_controller.egg-info/SOURCES.txt'
[10.931s] writing manifest file '../../build/servo_controller/servo_controller.egg-info/SOURCES.txt'
[10.932s] running build
[10.933s] running build_py
[10.934s] running install
[10.935s] running install_lib
[10.943s] running install_data
[10.946s] running install_egg_info
[10.955s] removing '/home/rpi/ros2_ws/install/servo_controller/lib/python3.10/site-packages/servo_controller-0.0.0-py3.10.egg-info' (and everything under it)
[10.958s] Copying ../../build/servo_controller/servo_controller.egg-info to /home/rpi/ros2_ws/install/servo_controller/lib/python3.10/site-packages/servo_controller-0.0.0-py3.10.egg-info
[10.967s] running install_scripts
[11.115s] Installing actuate_servo script to /home/rpi/ros2_ws/install/servo_controller/lib/servo_controller
[11.118s] Installing keyboard_input script to /home/rpi/ros2_ws/install/servo_controller/lib/servo_controller
[11.123s] writing list of installed files to '/home/rpi/ros2_ws/build/servo_controller/install.log'
[11.840s] Invoked command in '/home/rpi/ros2_ws/src/servo_controller' returned '0': PYTHONPATH=/home/rpi/ros2_ws/build/servo_controller/prefix_override:/home/rpi/ros2_ws/install/servo_controller/lib/python3.10/site-packages:${PYTHONPATH} /usr/bin/python3 setup.py egg_info --egg-base ../../build/servo_controller build --build-base /home/rpi/ros2_ws/build/servo_controller/build install --record /home/rpi/ros2_ws/build/servo_controller/install.log --single-version-externally-managed
