[5.534s] DEBUG:colcon:Command line arguments: ['/usr/bin/colcon', 'build']
[5.534s] DEBUG:colcon:Parsed command line arguments: Namespace(log_base=None, log_level=None, verb_name='build', build_base='build', install_base='install', merge_install=False, symlink_install=False, test_result_base=None, continue_on_error=False, executor='parallel', parallel_workers=4, event_handlers=None, ignore_user_meta=False, metas=['./colcon.meta'], base_paths=['.'], packages_ignore=None, packages_ignore_regex=None, paths=None, packages_up_to=None, packages_up_to_regex=None, packages_above=None, packages_above_and_dependencies=None, packages_above_depth=None, packages_select_by_dep=None, packages_skip_by_dep=None, packages_skip_up_to=None, packages_select_build_failed=False, packages_skip_build_finished=False, packages_select_test_failures=False, packages_skip_test_passed=False, packages_select=None, packages_skip=None, packages_select_regex=None, packages_skip_regex=None, packages_start=None, packages_end=None, allow_overriding=[], cmake_args=None, cmake_target=None, cmake_target_skip_unavailable=False, cmake_clean_cache=False, cmake_clean_first=False, cmake_force_configure=False, ament_cmake_args=None, catkin_cmake_args=None, catkin_skip_building_tests=False, verb_parser=<colcon_defaults.argument_parser.defaults.DefaultArgumentsDecorator object at 0xffffa7d09d50>, verb_extension=<colcon_core.verb.build.BuildVerb object at 0xffffa80250f0>, main=<bound method BuildVerb.main of <colcon_core.verb.build.BuildVerb object at 0xffffa80250f0>>)
[5.779s] Level 1:colcon.colcon_core.package_discovery:discover_packages(colcon_meta) check parameters
[5.780s] Level 1:colcon.colcon_core.package_discovery:discover_packages(recursive) check parameters
[5.780s] Level 1:colcon.colcon_core.package_discovery:discover_packages(ignore) check parameters
[5.780s] Level 1:colcon.colcon_core.package_discovery:discover_packages(path) check parameters
[5.780s] Level 1:colcon.colcon_core.package_discovery:discover_packages(colcon_meta) discover
[5.780s] Level 1:colcon.colcon_core.package_discovery:discover_packages(recursive) discover
[5.780s] INFO:colcon.colcon_core.package_discovery:Crawling recursively for packages in '/home/rpi/ros2_ws'
[5.781s] Level 1:colcon.colcon_core.package_identification:_identify(.) by extensions ['ignore', 'ignore_ament_install']
[5.781s] Level 1:colcon.colcon_core.package_identification:_identify(.) by extension 'ignore'
[5.782s] Level 1:colcon.colcon_core.package_identification:_identify(.) by extension 'ignore_ament_install'
[5.782s] Level 1:colcon.colcon_core.package_identification:_identify(.) by extensions ['colcon_pkg']
[5.782s] Level 1:colcon.colcon_core.package_identification:_identify(.) by extension 'colcon_pkg'
[5.782s] Level 1:colcon.colcon_core.package_identification:_identify(.) by extensions ['colcon_meta']
[5.782s] Level 1:colcon.colcon_core.package_identification:_identify(.) by extension 'colcon_meta'
[5.783s] Level 1:colcon.colcon_core.package_identification:_identify(.) by extensions ['ros']
[5.783s] Level 1:colcon.colcon_core.package_identification:_identify(.) by extension 'ros'
[5.835s] Level 1:colcon.colcon_core.package_identification:_identify(.) by extensions ['cmake', 'python']
[5.836s] Level 1:colcon.colcon_core.package_identification:_identify(.) by extension 'cmake'
[5.836s] Level 1:colcon.colcon_core.package_identification:_identify(.) by extension 'python'
[5.836s] Level 1:colcon.colcon_core.package_identification:_identify(.) by extensions ['python_setup_py']
[5.836s] Level 1:colcon.colcon_core.package_identification:_identify(.) by extension 'python_setup_py'
[5.837s] Level 1:colcon.colcon_core.package_identification:_identify(build) by extensions ['ignore', 'ignore_ament_install']
[5.837s] Level 1:colcon.colcon_core.package_identification:_identify(build) by extension 'ignore'
[5.837s] Level 1:colcon.colcon_core.package_identification:_identify(build) ignored
[5.838s] Level 1:colcon.colcon_core.package_identification:_identify(install) by extensions ['ignore', 'ignore_ament_install']
[5.838s] Level 1:colcon.colcon_core.package_identification:_identify(install) by extension 'ignore'
[5.839s] Level 1:colcon.colcon_core.package_identification:_identify(install) ignored
[5.840s] Level 1:colcon.colcon_core.package_identification:_identify(log) by extensions ['ignore', 'ignore_ament_install']
[5.840s] Level 1:colcon.colcon_core.package_identification:_identify(log) by extension 'ignore'
[5.840s] Level 1:colcon.colcon_core.package_identification:_identify(log) ignored
[5.841s] Level 1:colcon.colcon_core.package_identification:_identify(src) by extensions ['ignore', 'ignore_ament_install']
[5.841s] Level 1:colcon.colcon_core.package_identification:_identify(src) by extension 'ignore'
[5.841s] Level 1:colcon.colcon_core.package_identification:_identify(src) by extension 'ignore_ament_install'
[5.842s] Level 1:colcon.colcon_core.package_identification:_identify(src) by extensions ['colcon_pkg']
[5.842s] Level 1:colcon.colcon_core.package_identification:_identify(src) by extension 'colcon_pkg'
[5.842s] Level 1:colcon.colcon_core.package_identification:_identify(src) by extensions ['colcon_meta']
[5.842s] Level 1:colcon.colcon_core.package_identification:_identify(src) by extension 'colcon_meta'
[5.842s] Level 1:colcon.colcon_core.package_identification:_identify(src) by extensions ['ros']
[5.842s] Level 1:colcon.colcon_core.package_identification:_identify(src) by extension 'ros'
[5.843s] Level 1:colcon.colcon_core.package_identification:_identify(src) by extensions ['cmake', 'python']
[5.843s] Level 1:colcon.colcon_core.package_identification:_identify(src) by extension 'cmake'
[5.843s] Level 1:colcon.colcon_core.package_identification:_identify(src) by extension 'python'
[5.843s] Level 1:colcon.colcon_core.package_identification:_identify(src) by extensions ['python_setup_py']
[5.844s] Level 1:colcon.colcon_core.package_identification:_identify(src) by extension 'python_setup_py'
[5.844s] Level 1:colcon.colcon_core.package_identification:_identify(src/hri_comms) by extensions ['ignore', 'ignore_ament_install']
[5.844s] Level 1:colcon.colcon_core.package_identification:_identify(src/hri_comms) by extension 'ignore'
[5.845s] Level 1:colcon.colcon_core.package_identification:_identify(src/hri_comms) by extension 'ignore_ament_install'
[5.845s] Level 1:colcon.colcon_core.package_identification:_identify(src/hri_comms) by extensions ['colcon_pkg']
[5.845s] Level 1:colcon.colcon_core.package_identification:_identify(src/hri_comms) by extension 'colcon_pkg'
[5.845s] Level 1:colcon.colcon_core.package_identification:_identify(src/hri_comms) by extensions ['colcon_meta']
[5.845s] Level 1:colcon.colcon_core.package_identification:_identify(src/hri_comms) by extension 'colcon_meta'
[5.846s] Level 1:colcon.colcon_core.package_identification:_identify(src/hri_comms) by extensions ['ros']
[5.846s] Level 1:colcon.colcon_core.package_identification:_identify(src/hri_comms) by extension 'ros'
[5.856s] DEBUG:colcon.colcon_core.package_identification:Package 'src/hri_comms' with type 'ros.ament_python' and name 'hri_comms'
[5.857s] Level 1:colcon.colcon_core.package_identification:_identify(src/my_robot_controller) by extensions ['ignore', 'ignore_ament_install']
[5.857s] Level 1:colcon.colcon_core.package_identification:_identify(src/my_robot_controller) by extension 'ignore'
[5.858s] Level 1:colcon.colcon_core.package_identification:_identify(src/my_robot_controller) by extension 'ignore_ament_install'
[5.858s] Level 1:colcon.colcon_core.package_identification:_identify(src/my_robot_controller) by extensions ['colcon_pkg']
[5.858s] Level 1:colcon.colcon_core.package_identification:_identify(src/my_robot_controller) by extension 'colcon_pkg'
[5.858s] Level 1:colcon.colcon_core.package_identification:_identify(src/my_robot_controller) by extensions ['colcon_meta']
[5.858s] Level 1:colcon.colcon_core.package_identification:_identify(src/my_robot_controller) by extension 'colcon_meta'
[5.859s] Level 1:colcon.colcon_core.package_identification:_identify(src/my_robot_controller) by extensions ['ros']
[5.859s] Level 1:colcon.colcon_core.package_identification:_identify(src/my_robot_controller) by extension 'ros'
[5.862s] DEBUG:colcon.colcon_core.package_identification:Package 'src/my_robot_controller' with type 'ros.ament_python' and name 'my_robot_controller'
[5.863s] Level 1:colcon.colcon_core.package_identification:_identify(src/servo_controller) by extensions ['ignore', 'ignore_ament_install']
[5.863s] Level 1:colcon.colcon_core.package_identification:_identify(src/servo_controller) by extension 'ignore'
[5.863s] Level 1:colcon.colcon_core.package_identification:_identify(src/servo_controller) by extension 'ignore_ament_install'
[5.864s] Level 1:colcon.colcon_core.package_identification:_identify(src/servo_controller) by extensions ['colcon_pkg']
[5.864s] Level 1:colcon.colcon_core.package_identification:_identify(src/servo_controller) by extension 'colcon_pkg'
[5.864s] Level 1:colcon.colcon_core.package_identification:_identify(src/servo_controller) by extensions ['colcon_meta']
[5.864s] Level 1:colcon.colcon_core.package_identification:_identify(src/servo_controller) by extension 'colcon_meta'
[5.864s] Level 1:colcon.colcon_core.package_identification:_identify(src/servo_controller) by extensions ['ros']
[5.865s] Level 1:colcon.colcon_core.package_identification:_identify(src/servo_controller) by extension 'ros'
[5.867s] DEBUG:colcon.colcon_core.package_identification:Package 'src/servo_controller' with type 'ros.ament_python' and name 'servo_controller'
[5.867s] Level 1:colcon.colcon_core.package_discovery:discover_packages(recursive) using defaults
[5.868s] Level 1:colcon.colcon_core.package_discovery:discover_packages(ignore) discover
[5.868s] Level 1:colcon.colcon_core.package_discovery:discover_packages(ignore) using defaults
[5.868s] Level 1:colcon.colcon_core.package_discovery:discover_packages(path) discover
[5.868s] Level 1:colcon.colcon_core.package_discovery:discover_packages(path) using defaults
[6.356s] Level 1:colcon.colcon_core.package_discovery:discover_packages(prefix_path) check parameters
[6.357s] Level 1:colcon.colcon_core.package_discovery:discover_packages(prefix_path) discover
[6.523s] DEBUG:colcon.colcon_installed_package_information.package_discovery:Found 3 installed packages in /home/rpi/ros2_ws/install
[6.612s] DEBUG:colcon.colcon_installed_package_information.package_discovery:Found 270 installed packages in /opt/ros/humble
[6.619s] Level 1:colcon.colcon_core.package_discovery:discover_packages(prefix_path) using defaults
[7.090s] Level 5:colcon.colcon_core.verb:set package 'hri_comms' build argument 'cmake_args' from command line to 'None'
[7.090s] Level 5:colcon.colcon_core.verb:set package 'hri_comms' build argument 'cmake_target' from command line to 'None'
[7.090s] Level 5:colcon.colcon_core.verb:set package 'hri_comms' build argument 'cmake_target_skip_unavailable' from command line to 'False'
[7.090s] Level 5:colcon.colcon_core.verb:set package 'hri_comms' build argument 'cmake_clean_cache' from command line to 'False'
[7.091s] Level 5:colcon.colcon_core.verb:set package 'hri_comms' build argument 'cmake_clean_first' from command line to 'False'
[7.091s] Level 5:colcon.colcon_core.verb:set package 'hri_comms' build argument 'cmake_force_configure' from command line to 'False'
[7.091s] Level 5:colcon.colcon_core.verb:set package 'hri_comms' build argument 'ament_cmake_args' from command line to 'None'
[7.091s] Level 5:colcon.colcon_core.verb:set package 'hri_comms' build argument 'catkin_cmake_args' from command line to 'None'
[7.091s] Level 5:colcon.colcon_core.verb:set package 'hri_comms' build argument 'catkin_skip_building_tests' from command line to 'False'
[7.091s] DEBUG:colcon.colcon_core.verb:Building package 'hri_comms' with the following arguments: {'ament_cmake_args': None, 'build_base': '/home/rpi/ros2_ws/build/hri_comms', 'catkin_cmake_args': None, 'catkin_skip_building_tests': False, 'cmake_args': None, 'cmake_clean_cache': False, 'cmake_clean_first': False, 'cmake_force_configure': False, 'cmake_target': None, 'cmake_target_skip_unavailable': False, 'install_base': '/home/rpi/ros2_ws/install/hri_comms', 'merge_install': False, 'path': '/home/rpi/ros2_ws/src/hri_comms', 'symlink_install': False, 'test_result_base': None}
[7.171s] Level 5:colcon.colcon_core.verb:set package 'my_robot_controller' build argument 'cmake_args' from command line to 'None'
[7.171s] Level 5:colcon.colcon_core.verb:set package 'my_robot_controller' build argument 'cmake_target' from command line to 'None'
[7.171s] Level 5:colcon.colcon_core.verb:set package 'my_robot_controller' build argument 'cmake_target_skip_unavailable' from command line to 'False'
[7.171s] Level 5:colcon.colcon_core.verb:set package 'my_robot_controller' build argument 'cmake_clean_cache' from command line to 'False'
[7.172s] Level 5:colcon.colcon_core.verb:set package 'my_robot_controller' build argument 'cmake_clean_first' from command line to 'False'
[7.172s] Level 5:colcon.colcon_core.verb:set package 'my_robot_controller' build argument 'cmake_force_configure' from command line to 'False'
[7.172s] Level 5:colcon.colcon_core.verb:set package 'my_robot_controller' build argument 'ament_cmake_args' from command line to 'None'
[7.172s] Level 5:colcon.colcon_core.verb:set package 'my_robot_controller' build argument 'catkin_cmake_args' from command line to 'None'
[7.172s] Level 5:colcon.colcon_core.verb:set package 'my_robot_controller' build argument 'catkin_skip_building_tests' from command line to 'False'
[7.172s] DEBUG:colcon.colcon_core.verb:Building package 'my_robot_controller' with the following arguments: {'ament_cmake_args': None, 'build_base': '/home/rpi/ros2_ws/build/my_robot_controller', 'catkin_cmake_args': None, 'catkin_skip_building_tests': False, 'cmake_args': None, 'cmake_clean_cache': False, 'cmake_clean_first': False, 'cmake_force_configure': False, 'cmake_target': None, 'cmake_target_skip_unavailable': False, 'install_base': '/home/rpi/ros2_ws/install/my_robot_controller', 'merge_install': False, 'path': '/home/rpi/ros2_ws/src/my_robot_controller', 'symlink_install': False, 'test_result_base': None}
[7.252s] Level 5:colcon.colcon_core.verb:set package 'servo_controller' build argument 'cmake_args' from command line to 'None'
[7.253s] Level 5:colcon.colcon_core.verb:set package 'servo_controller' build argument 'cmake_target' from command line to 'None'
[7.253s] Level 5:colcon.colcon_core.verb:set package 'servo_controller' build argument 'cmake_target_skip_unavailable' from command line to 'False'
[7.253s] Level 5:colcon.colcon_core.verb:set package 'servo_controller' build argument 'cmake_clean_cache' from command line to 'False'
[7.253s] Level 5:colcon.colcon_core.verb:set package 'servo_controller' build argument 'cmake_clean_first' from command line to 'False'
[7.253s] Level 5:colcon.colcon_core.verb:set package 'servo_controller' build argument 'cmake_force_configure' from command line to 'False'
[7.253s] Level 5:colcon.colcon_core.verb:set package 'servo_controller' build argument 'ament_cmake_args' from command line to 'None'
[7.254s] Level 5:colcon.colcon_core.verb:set package 'servo_controller' build argument 'catkin_cmake_args' from command line to 'None'
[7.254s] Level 5:colcon.colcon_core.verb:set package 'servo_controller' build argument 'catkin_skip_building_tests' from command line to 'False'
[7.254s] DEBUG:colcon.colcon_core.verb:Building package 'servo_controller' with the following arguments: {'ament_cmake_args': None, 'build_base': '/home/rpi/ros2_ws/build/servo_controller', 'catkin_cmake_args': None, 'catkin_skip_building_tests': False, 'cmake_args': None, 'cmake_clean_cache': False, 'cmake_clean_first': False, 'cmake_force_configure': False, 'cmake_target': None, 'cmake_target_skip_unavailable': False, 'install_base': '/home/rpi/ros2_ws/install/servo_controller', 'merge_install': False, 'path': '/home/rpi/ros2_ws/src/servo_controller', 'symlink_install': False, 'test_result_base': None}
[7.332s] INFO:colcon.colcon_core.executor:Executing jobs using 'parallel' executor
[7.414s] DEBUG:colcon.colcon_parallel_executor.executor.parallel:run_until_complete
[7.415s] INFO:colcon.colcon_ros.task.ament_python.build:Building ROS package in '/home/rpi/ros2_ws/src/hri_comms' with build type 'ament_python'
[7.416s] Level 1:colcon.colcon_core.shell:create_environment_hook('hri_comms', 'ament_prefix_path')
[7.513s] INFO:colcon.colcon_core.plugin_system:Skipping extension 'colcon_core.shell.bat': Not used on non-Windows systems
[7.514s] INFO:colcon.colcon_core.shell:Creating environment hook '/home/rpi/ros2_ws/install/hri_comms/share/hri_comms/hook/ament_prefix_path.ps1'
[7.518s] INFO:colcon.colcon_core.shell:Creating environment descriptor '/home/rpi/ros2_ws/install/hri_comms/share/hri_comms/hook/ament_prefix_path.dsv'
[7.520s] INFO:colcon.colcon_core.shell:Creating environment hook '/home/rpi/ros2_ws/install/hri_comms/share/hri_comms/hook/ament_prefix_path.sh'
[7.612s] INFO:colcon.colcon_core.shell:Skip shell extension 'powershell' for command environment: Not usable outside of PowerShell
[7.612s] DEBUG:colcon.colcon_core.shell:Skip shell extension 'dsv' for command environment
[7.886s] INFO:colcon.colcon_ros.task.ament_python.build:Building ROS package in '/home/rpi/ros2_ws/src/my_robot_controller' with build type 'ament_python'
[7.887s] Level 1:colcon.colcon_core.shell:create_environment_hook('my_robot_controller', 'ament_prefix_path')
[7.983s] INFO:colcon.colcon_core.shell:Creating environment hook '/home/rpi/ros2_ws/install/my_robot_controller/share/my_robot_controller/hook/ament_prefix_path.ps1'
[7.985s] INFO:colcon.colcon_core.shell:Creating environment descriptor '/home/rpi/ros2_ws/install/my_robot_controller/share/my_robot_controller/hook/ament_prefix_path.dsv'
[7.987s] INFO:colcon.colcon_core.shell:Creating environment hook '/home/rpi/ros2_ws/install/my_robot_controller/share/my_robot_controller/hook/ament_prefix_path.sh'
[8.076s] INFO:colcon.colcon_core.shell:Skip shell extension 'powershell' for command environment: Not usable outside of PowerShell
[8.076s] DEBUG:colcon.colcon_core.shell:Skip shell extension 'dsv' for command environment
[8.361s] INFO:colcon.colcon_ros.task.ament_python.build:Building ROS package in '/home/rpi/ros2_ws/src/servo_controller' with build type 'ament_python'
[8.361s] Level 1:colcon.colcon_core.shell:create_environment_hook('servo_controller', 'ament_prefix_path')
[8.460s] INFO:colcon.colcon_core.shell:Creating environment hook '/home/rpi/ros2_ws/install/servo_controller/share/servo_controller/hook/ament_prefix_path.ps1'
[8.462s] INFO:colcon.colcon_core.shell:Creating environment descriptor '/home/rpi/ros2_ws/install/servo_controller/share/servo_controller/hook/ament_prefix_path.dsv'
[8.464s] INFO:colcon.colcon_core.shell:Creating environment hook '/home/rpi/ros2_ws/install/servo_controller/share/servo_controller/hook/ament_prefix_path.sh'
[8.551s] INFO:colcon.colcon_core.shell:Skip shell extension 'powershell' for command environment: Not usable outside of PowerShell
[8.552s] DEBUG:colcon.colcon_core.shell:Skip shell extension 'dsv' for command environment
[10.311s] INFO:colcon.colcon_core.task.python.build:Building Python package in '/home/rpi/ros2_ws/src/hri_comms'
[10.399s] INFO:colcon.colcon_core.shell:Skip shell extension 'powershell' for command environment: Not usable outside of PowerShell
[10.400s] DEBUG:colcon.colcon_core.shell:Skip shell extension 'dsv' for command environment
[12.189s] INFO:colcon.colcon_core.task.python.build:Building Python package in '/home/rpi/ros2_ws/src/my_robot_controller'
[12.281s] INFO:colcon.colcon_core.shell:Skip shell extension 'powershell' for command environment: Not usable outside of PowerShell
[12.282s] DEBUG:colcon.colcon_core.shell:Skip shell extension 'dsv' for command environment
[14.027s] INFO:colcon.colcon_core.task.python.build:Building Python package in '/home/rpi/ros2_ws/src/servo_controller'
[14.115s] INFO:colcon.colcon_core.shell:Skip shell extension 'powershell' for command environment: Not usable outside of PowerShell
[14.115s] DEBUG:colcon.colcon_core.shell:Skip shell extension 'dsv' for command environment
[16.889s] DEBUG:colcon.colcon_core.event_handler.log_command:Invoking command in '/home/rpi/ros2_ws/src/my_robot_controller': PYTHONPATH=/home/rpi/ros2_ws/build/my_robot_controller/prefix_override:/home/rpi/ros2_ws/install/my_robot_controller/lib/python3.10/site-packages:${PYTHONPATH} /usr/bin/python3 setup.py egg_info --egg-base ../../build/my_robot_controller build --build-base /home/rpi/ros2_ws/build/my_robot_controller/build install --record /home/rpi/ros2_ws/build/my_robot_controller/install.log --single-version-externally-managed
[16.910s] DEBUG:colcon.colcon_core.event_handler.log_command:Invoking command in '/home/rpi/ros2_ws/src/hri_comms': PYTHONPATH=/home/rpi/ros2_ws/build/hri_comms/prefix_override:/home/rpi/ros2_ws/install/hri_comms/lib/python3.10/site-packages:${PYTHONPATH} /usr/bin/python3 setup.py egg_info --egg-base ../../build/hri_comms build --build-base /home/rpi/ros2_ws/build/hri_comms/build install --record /home/rpi/ros2_ws/build/hri_comms/install.log --single-version-externally-managed
[16.931s] DEBUG:colcon.colcon_core.event_handler.log_command:Invoking command in '/home/rpi/ros2_ws/src/servo_controller': PYTHONPATH=/home/rpi/ros2_ws/build/servo_controller/prefix_override:/home/rpi/ros2_ws/install/servo_controller/lib/python3.10/site-packages:${PYTHONPATH} /usr/bin/python3 setup.py egg_info --egg-base ../../build/servo_controller build --build-base /home/rpi/ros2_ws/build/servo_controller/build install --record /home/rpi/ros2_ws/build/servo_controller/install.log --single-version-externally-managed
[19.149s] DEBUG:colcon.colcon_core.event_handler.log_command:Invoked command in '/home/rpi/ros2_ws/src/hri_comms' returned '0': PYTHONPATH=/home/rpi/ros2_ws/build/hri_comms/prefix_override:/home/rpi/ros2_ws/install/hri_comms/lib/python3.10/site-packages:${PYTHONPATH} /usr/bin/python3 setup.py egg_info --egg-base ../../build/hri_comms build --build-base /home/rpi/ros2_ws/build/hri_comms/build install --record /home/rpi/ros2_ws/build/hri_comms/install.log --single-version-externally-managed
[19.280s] Level 1:colcon.colcon_core.environment:checking '/home/rpi/ros2_ws/install/hri_comms' for CMake module files
[19.284s] Level 1:colcon.colcon_core.environment:checking '/home/rpi/ros2_ws/install/hri_comms' for CMake config files
[19.289s] Level 1:colcon.colcon_core.environment:checking '/home/rpi/ros2_ws/install/hri_comms/lib'
[19.290s] Level 1:colcon.colcon_core.environment:checking '/home/rpi/ros2_ws/install/hri_comms/bin'
[19.290s] Level 1:colcon.colcon_core.environment:checking '/home/rpi/ros2_ws/install/hri_comms/lib/pkgconfig/hri_comms.pc'
[19.291s] Level 1:colcon.colcon_core.environment:checking '/home/rpi/ros2_ws/install/hri_comms/lib/python3.10/site-packages'
[19.292s] Level 1:colcon.colcon_core.shell:create_environment_hook('hri_comms', 'pythonpath')
[19.373s] INFO:colcon.colcon_core.shell:Creating environment hook '/home/rpi/ros2_ws/install/hri_comms/share/hri_comms/hook/pythonpath.ps1'
[19.376s] INFO:colcon.colcon_core.shell:Creating environment descriptor '/home/rpi/ros2_ws/install/hri_comms/share/hri_comms/hook/pythonpath.dsv'
[19.378s] INFO:colcon.colcon_core.shell:Creating environment hook '/home/rpi/ros2_ws/install/hri_comms/share/hri_comms/hook/pythonpath.sh'
[19.381s] Level 1:colcon.colcon_core.environment:checking '/home/rpi/ros2_ws/install/hri_comms/bin'
[19.382s] Level 1:colcon.colcon_core.environment:create_environment_scripts_only(hri_comms)
[19.467s] INFO:colcon.colcon_core.shell:Creating package script '/home/rpi/ros2_ws/install/hri_comms/share/hri_comms/package.ps1'
[19.471s] INFO:colcon.colcon_core.shell:Creating package descriptor '/home/rpi/ros2_ws/install/hri_comms/share/hri_comms/package.dsv'
[19.474s] INFO:colcon.colcon_core.shell:Creating package script '/home/rpi/ros2_ws/install/hri_comms/share/hri_comms/package.sh'
[19.478s] INFO:colcon.colcon_core.shell:Creating package script '/home/rpi/ros2_ws/install/hri_comms/share/hri_comms/package.bash'
[19.482s] INFO:colcon.colcon_core.shell:Creating package script '/home/rpi/ros2_ws/install/hri_comms/share/hri_comms/package.zsh'
[19.487s] Level 1:colcon.colcon_core.environment:create_file_with_runtime_dependencies(/home/rpi/ros2_ws/install/hri_comms/share/colcon-core/packages/hri_comms)
[19.494s] DEBUG:colcon.colcon_core.event_handler.log_command:Invoked command in '/home/rpi/ros2_ws/src/servo_controller' returned '0': PYTHONPATH=/home/rpi/ros2_ws/build/servo_controller/prefix_override:/home/rpi/ros2_ws/install/servo_controller/lib/python3.10/site-packages:${PYTHONPATH} /usr/bin/python3 setup.py egg_info --egg-base ../../build/servo_controller build --build-base /home/rpi/ros2_ws/build/servo_controller/build install --record /home/rpi/ros2_ws/build/servo_controller/install.log --single-version-externally-managed
[19.594s] Level 1:colcon.colcon_core.environment:checking '/home/rpi/ros2_ws/install/servo_controller' for CMake module files
[19.597s] Level 1:colcon.colcon_core.environment:checking '/home/rpi/ros2_ws/install/servo_controller' for CMake config files
[19.602s] Level 1:colcon.colcon_core.environment:checking '/home/rpi/ros2_ws/install/servo_controller/lib'
[19.603s] Level 1:colcon.colcon_core.environment:checking '/home/rpi/ros2_ws/install/servo_controller/bin'
[19.604s] Level 1:colcon.colcon_core.environment:checking '/home/rpi/ros2_ws/install/servo_controller/lib/pkgconfig/servo_controller.pc'
[19.605s] Level 1:colcon.colcon_core.environment:checking '/home/rpi/ros2_ws/install/servo_controller/lib/python3.10/site-packages'
[19.605s] Level 1:colcon.colcon_core.shell:create_environment_hook('servo_controller', 'pythonpath')
[19.693s] INFO:colcon.colcon_core.shell:Creating environment hook '/home/rpi/ros2_ws/install/servo_controller/share/servo_controller/hook/pythonpath.ps1'
[19.695s] INFO:colcon.colcon_core.shell:Creating environment descriptor '/home/rpi/ros2_ws/install/servo_controller/share/servo_controller/hook/pythonpath.dsv'
[19.698s] INFO:colcon.colcon_core.shell:Creating environment hook '/home/rpi/ros2_ws/install/servo_controller/share/servo_controller/hook/pythonpath.sh'
[19.702s] Level 1:colcon.colcon_core.environment:checking '/home/rpi/ros2_ws/install/servo_controller/bin'
[19.703s] Level 1:colcon.colcon_core.environment:create_environment_scripts_only(servo_controller)
[19.785s] INFO:colcon.colcon_core.shell:Creating package script '/home/rpi/ros2_ws/install/servo_controller/share/servo_controller/package.ps1'
[19.789s] INFO:colcon.colcon_core.shell:Creating package descriptor '/home/rpi/ros2_ws/install/servo_controller/share/servo_controller/package.dsv'
[19.794s] INFO:colcon.colcon_core.shell:Creating package script '/home/rpi/ros2_ws/install/servo_controller/share/servo_controller/package.sh'
[19.797s] INFO:colcon.colcon_core.shell:Creating package script '/home/rpi/ros2_ws/install/servo_controller/share/servo_controller/package.bash'
[19.800s] INFO:colcon.colcon_core.shell:Creating package script '/home/rpi/ros2_ws/install/servo_controller/share/servo_controller/package.zsh'
[19.802s] Level 1:colcon.colcon_core.environment:create_file_with_runtime_dependencies(/home/rpi/ros2_ws/install/servo_controller/share/colcon-core/packages/servo_controller)
[19.809s] DEBUG:colcon.colcon_core.event_handler.log_command:Invoked command in '/home/rpi/ros2_ws/src/my_robot_controller' returned '0': PYTHONPATH=/home/rpi/ros2_ws/build/my_robot_controller/prefix_override:/home/rpi/ros2_ws/install/my_robot_controller/lib/python3.10/site-packages:${PYTHONPATH} /usr/bin/python3 setup.py egg_info --egg-base ../../build/my_robot_controller build --build-base /home/rpi/ros2_ws/build/my_robot_controller/build install --record /home/rpi/ros2_ws/build/my_robot_controller/install.log --single-version-externally-managed
[19.906s] Level 1:colcon.colcon_core.environment:checking '/home/rpi/ros2_ws/install/my_robot_controller' for CMake module files
[19.909s] Level 1:colcon.colcon_core.environment:checking '/home/rpi/ros2_ws/install/my_robot_controller' for CMake config files
[19.913s] Level 1:colcon.colcon_core.environment:checking '/home/rpi/ros2_ws/install/my_robot_controller/lib'
[19.913s] Level 1:colcon.colcon_core.environment:checking '/home/rpi/ros2_ws/install/my_robot_controller/bin'
[19.913s] Level 1:colcon.colcon_core.environment:checking '/home/rpi/ros2_ws/install/my_robot_controller/lib/pkgconfig/my_robot_controller.pc'
[19.914s] Level 1:colcon.colcon_core.environment:checking '/home/rpi/ros2_ws/install/my_robot_controller/lib/python3.10/site-packages'
[19.915s] Level 1:colcon.colcon_core.shell:create_environment_hook('my_robot_controller', 'pythonpath')
[20.001s] INFO:colcon.colcon_core.shell:Creating environment hook '/home/rpi/ros2_ws/install/my_robot_controller/share/my_robot_controller/hook/pythonpath.ps1'
[20.003s] INFO:colcon.colcon_core.shell:Creating environment descriptor '/home/rpi/ros2_ws/install/my_robot_controller/share/my_robot_controller/hook/pythonpath.dsv'
[20.005s] INFO:colcon.colcon_core.shell:Creating environment hook '/home/rpi/ros2_ws/install/my_robot_controller/share/my_robot_controller/hook/pythonpath.sh'
[20.008s] Level 1:colcon.colcon_core.environment:checking '/home/rpi/ros2_ws/install/my_robot_controller/bin'
[20.008s] Level 1:colcon.colcon_core.environment:create_environment_scripts_only(my_robot_controller)
[20.092s] INFO:colcon.colcon_core.shell:Creating package script '/home/rpi/ros2_ws/install/my_robot_controller/share/my_robot_controller/package.ps1'
[20.095s] INFO:colcon.colcon_core.shell:Creating package descriptor '/home/rpi/ros2_ws/install/my_robot_controller/share/my_robot_controller/package.dsv'
[20.099s] INFO:colcon.colcon_core.shell:Creating package script '/home/rpi/ros2_ws/install/my_robot_controller/share/my_robot_controller/package.sh'
[20.103s] INFO:colcon.colcon_core.shell:Creating package script '/home/rpi/ros2_ws/install/my_robot_controller/share/my_robot_controller/package.bash'
[20.105s] INFO:colcon.colcon_core.shell:Creating package script '/home/rpi/ros2_ws/install/my_robot_controller/share/my_robot_controller/package.zsh'
[20.107s] Level 1:colcon.colcon_core.environment:create_file_with_runtime_dependencies(/home/rpi/ros2_ws/install/my_robot_controller/share/colcon-core/packages/my_robot_controller)
[20.108s] DEBUG:colcon.colcon_parallel_executor.executor.parallel:closing loop
[20.110s] DEBUG:colcon.colcon_parallel_executor.executor.parallel:loop closed
[20.110s] DEBUG:colcon.colcon_parallel_executor.executor.parallel:run_until_complete finished with '0'
[20.111s] DEBUG:colcon.colcon_core.event_reactor:joining thread
[20.223s] INFO:colcon.colcon_core.plugin_system:Skipping extension 'colcon_notification.desktop_notification.terminal_notifier': Not used on non-Darwin systems
[20.223s] INFO:colcon.colcon_core.plugin_system:Skipping extension 'colcon_notification.desktop_notification.win32': Not used on non-Windows systems
[20.224s] INFO:colcon.colcon_notification.desktop_notification:Sending desktop notification using 'notify2'
[20.315s] DEBUG:colcon.colcon_core.event_reactor:joined thread
[20.472s] INFO:colcon.colcon_core.shell:Creating prefix script '/home/rpi/ros2_ws/install/local_setup.ps1'
[20.476s] INFO:colcon.colcon_core.shell:Creating prefix util module '/home/rpi/ros2_ws/install/_local_setup_util_ps1.py'
[20.483s] INFO:colcon.colcon_core.shell:Creating prefix chain script '/home/rpi/ros2_ws/install/setup.ps1'
[20.580s] INFO:colcon.colcon_core.shell:Creating prefix script '/home/rpi/ros2_ws/install/local_setup.sh'
[20.583s] INFO:colcon.colcon_core.shell:Creating prefix util module '/home/rpi/ros2_ws/install/_local_setup_util_sh.py'
[20.585s] INFO:colcon.colcon_core.shell:Creating prefix chain script '/home/rpi/ros2_ws/install/setup.sh'
[20.669s] INFO:colcon.colcon_core.shell:Creating prefix script '/home/rpi/ros2_ws/install/local_setup.bash'
[20.672s] INFO:colcon.colcon_core.shell:Creating prefix chain script '/home/rpi/ros2_ws/install/setup.bash'
[20.757s] INFO:colcon.colcon_core.shell:Creating prefix script '/home/rpi/ros2_ws/install/local_setup.zsh'
[20.759s] INFO:colcon.colcon_core.shell:Creating prefix chain script '/home/rpi/ros2_ws/install/setup.zsh'
