[5.144s] Invoking command in '/home/rpi/ros2_ws/src/robot_arm_controller': AMENT_PREFIX_PATH=/home/rpi/ros2_ws/install/hri_comms:/home/rpi/ros2_ws/install/servo_controller:/home/rpi/ros2_ws/install/robot_arm_controller:/home/rpi/ros2_ws/install/my_robot_controller:/opt/ros/humble PYTHONPATH=/home/rpi/ros2_ws/build/robot_arm_controller/prefix_override:/home/rpi/ros2_ws/install/robot_arm_controller/lib/python3.10/site-packages:/home/rpi/ros2_ws/install/hri_comms/lib/python3.10/site-packages:/home/rpi/ros2_ws/install/servo_controller/lib/python3.10/site-packages:/home/rpi/ros2_ws/install/robot_arm_controller/lib/python3.10/site-packages:/home/rpi/ros2_ws/install/my_robot_controller/lib/python3.10/site-packages:/opt/ros/humble/lib/python3.10/site-packages:/opt/ros/humble/local/lib/python3.10/dist-packages /usr/bin/python3 setup.py egg_info --egg-base ../../build/robot_arm_controller build --build-base /home/rpi/ros2_ws/build/robot_arm_controller/build install --record /home/rpi/ros2_ws/build/robot_arm_controller/install.log --single-version-externally-managed
[9.790s] running egg_info
[9.807s] writing ../../build/robot_arm_controller/robot_arm_controller.egg-info/PKG-INFO
[9.812s] writing dependency_links to ../../build/robot_arm_controller/robot_arm_controller.egg-info/dependency_links.txt
[9.821s] writing entry points to ../../build/robot_arm_controller/robot_arm_controller.egg-info/entry_points.txt
[9.832s] writing requirements to ../../build/robot_arm_controller/robot_arm_controller.egg-info/requires.txt
[9.834s] writing top-level names to ../../build/robot_arm_controller/robot_arm_controller.egg-info/top_level.txt
[9.868s] reading manifest file '../../build/robot_arm_controller/robot_arm_controller.egg-info/SOURCES.txt'
[9.883s] writing manifest file '../../build/robot_arm_controller/robot_arm_controller.egg-info/SOURCES.txt'
[9.885s] running build
[9.888s] running build_py
[9.890s] copying robot_arm_controller/keyboard_coord_controller.py -> /home/rpi/ros2_ws/build/robot_arm_controller/build/lib/robot_arm_controller
[9.892s] running install
[9.897s] running install_lib
[9.906s] copying /home/rpi/ros2_ws/build/robot_arm_controller/build/lib/robot_arm_controller/keyboard_coord_controller.py -> /home/rpi/ros2_ws/install/robot_arm_controller/lib/python3.10/site-packages/robot_arm_controller
[9.916s] byte-compiling /home/rpi/ros2_ws/install/robot_arm_controller/lib/python3.10/site-packages/robot_arm_controller/keyboard_coord_controller.py to keyboard_coord_controller.cpython-310.pyc
[9.926s] running install_data
[9.934s] running install_egg_info
[9.955s] removing '/home/rpi/ros2_ws/install/robot_arm_controller/lib/python3.10/site-packages/robot_arm_controller-0.0.0-py3.10.egg-info' (and everything under it)
[9.962s] Copying ../../build/robot_arm_controller/robot_arm_controller.egg-info to /home/rpi/ros2_ws/install/robot_arm_controller/lib/python3.10/site-packages/robot_arm_controller-0.0.0-py3.10.egg-info
[9.989s] running install_scripts
[10.224s] Installing hand_coord_controller script to /home/rpi/ros2_ws/install/robot_arm_controller/lib/robot_arm_controller
[10.228s] Installing keyboard_coord_controller script to /home/rpi/ros2_ws/install/robot_arm_controller/lib/robot_arm_controller
[10.232s] writing list of installed files to '/home/rpi/ros2_ws/build/robot_arm_controller/install.log'
[10.739s] Invoked command in '/home/rpi/ros2_ws/src/robot_arm_controller' returned '0': AMENT_PREFIX_PATH=/home/rpi/ros2_ws/install/hri_comms:/home/rpi/ros2_ws/install/servo_controller:/home/rpi/ros2_ws/install/robot_arm_controller:/home/rpi/ros2_ws/install/my_robot_controller:/opt/ros/humble PYTHONPATH=/home/rpi/ros2_ws/build/robot_arm_controller/prefix_override:/home/rpi/ros2_ws/install/robot_arm_controller/lib/python3.10/site-packages:/home/rpi/ros2_ws/install/hri_comms/lib/python3.10/site-packages:/home/rpi/ros2_ws/install/servo_controller/lib/python3.10/site-packages:/home/rpi/ros2_ws/install/robot_arm_controller/lib/python3.10/site-packages:/home/rpi/ros2_ws/install/my_robot_controller/lib/python3.10/site-packages:/opt/ros/humble/lib/python3.10/site-packages:/opt/ros/humble/local/lib/python3.10/dist-packages /usr/bin/python3 setup.py egg_info --egg-base ../../build/robot_arm_controller build --build-base /home/rpi/ros2_ws/build/robot_arm_controller/build install --record /home/rpi/ros2_ws/build/robot_arm_controller/install.log --single-version-externally-managed
