[6.129s] Invoking command in '/home/rpi/ros2_ws/src/servo_controller': PYTHONPATH=/home/rpi/ros2_ws/build/servo_controller/prefix_override:/home/rpi/ros2_ws/install/servo_controller/lib/python3.10/site-packages:${PYTHONPATH} /usr/bin/python3 setup.py egg_info --egg-base ../../build/servo_controller build --build-base /home/rpi/ros2_ws/build/servo_controller/build install --record /home/rpi/ros2_ws/build/servo_controller/install.log --single-version-externally-managed
[7.689s] running egg_info
[7.691s] writing ../../build/servo_controller/servo_controller.egg-info/PKG-INFO
[7.693s] writing dependency_links to ../../build/servo_controller/servo_controller.egg-info/dependency_links.txt
[7.698s] writing entry points to ../../build/servo_controller/servo_controller.egg-info/entry_points.txt
[7.698s] writing requirements to ../../build/servo_controller/servo_controller.egg-info/requires.txt
[7.699s] writing top-level names to ../../build/servo_controller/servo_controller.egg-info/top_level.txt
[7.709s] reading manifest file '../../build/servo_controller/servo_controller.egg-info/SOURCES.txt'
[7.714s] writing manifest file '../../build/servo_controller/servo_controller.egg-info/SOURCES.txt'
[7.715s] running build
[7.716s] running build_py
[7.717s] copying servo_controller/keyboard_input.py -> /home/rpi/ros2_ws/build/servo_controller/build/lib/servo_controller
[7.719s] running install
[7.720s] running install_lib
[7.724s] copying /home/rpi/ros2_ws/build/servo_controller/build/lib/servo_controller/keyboard_input.py -> /home/rpi/ros2_ws/install/servo_controller/lib/python3.10/site-packages/servo_controller
[7.728s] byte-compiling /home/rpi/ros2_ws/install/servo_controller/lib/python3.10/site-packages/servo_controller/keyboard_input.py to keyboard_input.cpython-310.pyc
[7.731s] running install_data
[7.734s] running install_egg_info
[7.743s] removing '/home/rpi/ros2_ws/install/servo_controller/lib/python3.10/site-packages/servo_controller-0.0.0-py3.10.egg-info' (and everything under it)
[7.745s] Copying ../../build/servo_controller/servo_controller.egg-info to /home/rpi/ros2_ws/install/servo_controller/lib/python3.10/site-packages/servo_controller-0.0.0-py3.10.egg-info
[7.753s] running install_scripts
[7.860s] Installing actuate_servo script to /home/rpi/ros2_ws/install/servo_controller/lib/servo_controller
[7.862s] Installing keyboard_input script to /home/rpi/ros2_ws/install/servo_controller/lib/servo_controller
[7.865s] writing list of installed files to '/home/rpi/ros2_ws/build/servo_controller/install.log'
[8.105s] Invoked command in '/home/rpi/ros2_ws/src/servo_controller' returned '0': PYTHONPATH=/home/rpi/ros2_ws/build/servo_controller/prefix_override:/home/rpi/ros2_ws/install/servo_controller/lib/python3.10/site-packages:${PYTHONPATH} /usr/bin/python3 setup.py egg_info --egg-base ../../build/servo_controller build --build-base /home/rpi/ros2_ws/build/servo_controller/build install --record /home/rpi/ros2_ws/build/servo_controller/install.log --single-version-externally-managed
