[11.978s] Invoking command in '/home/rpi/ros2_ws/src/servo_controller': PYTHONPATH=/home/rpi/ros2_ws/build/servo_controller/prefix_override:/home/rpi/ros2_ws/install/servo_controller/lib/python3.10/site-packages:${PYTHONPATH} /usr/bin/python3 setup.py egg_info --egg-base ../../build/servo_controller build --build-base /home/rpi/ros2_ws/build/servo_controller/build install --record /home/rpi/ros2_ws/build/servo_controller/install.log --single-version-externally-managed
[13.979s] running egg_info
[13.983s] writing ../../build/servo_controller/servo_controller.egg-info/PKG-INFO
[13.986s] writing dependency_links to ../../build/servo_controller/servo_controller.egg-info/dependency_links.txt
[13.989s] writing entry points to ../../build/servo_controller/servo_controller.egg-info/entry_points.txt
[13.991s] writing requirements to ../../build/servo_controller/servo_controller.egg-info/requires.txt
[13.992s] writing top-level names to ../../build/servo_controller/servo_controller.egg-info/top_level.txt
[14.002s] reading manifest file '../../build/servo_controller/servo_controller.egg-info/SOURCES.txt'
[14.009s] writing manifest file '../../build/servo_controller/servo_controller.egg-info/SOURCES.txt'
[14.010s] running build
[14.011s] running build_py
[14.019s] running install
[14.020s] running install_lib
[14.028s] running install_data
[14.033s] running install_egg_info
[14.043s] removing '/home/rpi/ros2_ws/install/servo_controller/lib/python3.10/site-packages/servo_controller-0.0.0-py3.10.egg-info' (and everything under it)
[14.070s] Copying ../../build/servo_controller/servo_controller.egg-info to /home/rpi/ros2_ws/install/servo_controller/lib/python3.10/site-packages/servo_controller-0.0.0-py3.10.egg-info
[14.090s] running install_scripts
[14.280s] Installing actuate_servo script to /home/rpi/ros2_ws/install/servo_controller/lib/servo_controller
[14.285s] Installing keyboard_input script to /home/rpi/ros2_ws/install/servo_controller/lib/servo_controller
[14.289s] writing list of installed files to '/home/rpi/ros2_ws/build/servo_controller/install.log'
[14.519s] Invoked command in '/home/rpi/ros2_ws/src/servo_controller' returned '0': PYTHONPATH=/home/rpi/ros2_ws/build/servo_controller/prefix_override:/home/rpi/ros2_ws/install/servo_controller/lib/python3.10/site-packages:${PYTHONPATH} /usr/bin/python3 setup.py egg_info --egg-base ../../build/servo_controller build --build-base /home/rpi/ros2_ws/build/servo_controller/build install --record /home/rpi/ros2_ws/build/servo_controller/install.log --single-version-externally-managed
