[12.551s] Invoking command in '/home/rpi/ros2_ws/src/my_robot_controller': PYTHONPATH=/home/rpi/ros2_ws/build/my_robot_controller/prefix_override:/home/rpi/ros2_ws/install/my_robot_controller/lib/python3.10/site-packages:${PYTHONPATH} /usr/bin/python3 setup.py egg_info --egg-base ../../build/my_robot_controller build --build-base /home/rpi/ros2_ws/build/my_robot_controller/build install --record /home/rpi/ros2_ws/build/my_robot_controller/install.log --single-version-externally-managed
[14.571s] running egg_info
[14.574s] writing ../../build/my_robot_controller/my_robot_controller.egg-info/PKG-INFO
[14.579s] writing dependency_links to ../../build/my_robot_controller/my_robot_controller.egg-info/dependency_links.txt
[14.580s] writing entry points to ../../build/my_robot_controller/my_robot_controller.egg-info/entry_points.txt
[14.582s] writing requirements to ../../build/my_robot_controller/my_robot_controller.egg-info/requires.txt
[14.583s] writing top-level names to ../../build/my_robot_controller/my_robot_controller.egg-info/top_level.txt
[14.593s] reading manifest file '../../build/my_robot_controller/my_robot_controller.egg-info/SOURCES.txt'
[14.608s] writing manifest file '../../build/my_robot_controller/my_robot_controller.egg-info/SOURCES.txt'
[14.609s] running build
[14.610s] running build_py
[14.617s] running install
[14.618s] running install_lib
[14.629s] running install_data
[14.634s] running install_egg_info
[14.661s] removing '/home/rpi/ros2_ws/install/my_robot_controller/lib/python3.10/site-packages/my_robot_controller-0.0.0-py3.10.egg-info' (and everything under it)
[14.668s] Copying ../../build/my_robot_controller/my_robot_controller.egg-info to /home/rpi/ros2_ws/install/my_robot_controller/lib/python3.10/site-packages/my_robot_controller-0.0.0-py3.10.egg-info
[14.688s] running install_scripts
[14.937s] Installing draw_circle script to /home/rpi/ros2_ws/install/my_robot_controller/lib/my_robot_controller
[14.956s] Installing pose_subscriber script to /home/rpi/ros2_ws/install/my_robot_controller/lib/my_robot_controller
[14.964s] Installing test_node script to /home/rpi/ros2_ws/install/my_robot_controller/lib/my_robot_controller
[14.965s] writing list of installed files to '/home/rpi/ros2_ws/build/my_robot_controller/install.log'
[15.671s] Invoked command in '/home/rpi/ros2_ws/src/my_robot_controller' returned '0': PYTHONPATH=/home/rpi/ros2_ws/build/my_robot_controller/prefix_override:/home/rpi/ros2_ws/install/my_robot_controller/lib/python3.10/site-packages:${PYTHONPATH} /usr/bin/python3 setup.py egg_info --egg-base ../../build/my_robot_controller build --build-base /home/rpi/ros2_ws/build/my_robot_controller/build install --record /home/rpi/ros2_ws/build/my_robot_controller/install.log --single-version-externally-managed
