[11.869s] Invoking command in '/home/rpi/ros2_ws/src/data_collection': PYTHONPATH=/home/rpi/ros2_ws/build/data_collection/prefix_override:/home/rpi/ros2_ws/install/data_collection/lib/python3.10/site-packages:${PYTHONPATH} /usr/bin/python3 setup.py egg_info --egg-base ../../build/data_collection build --build-base /home/rpi/ros2_ws/build/data_collection/build install --record /home/rpi/ros2_ws/build/data_collection/install.log --single-version-externally-managed
[14.017s] running egg_info
[14.020s] writing ../../build/data_collection/data_collection.egg-info/PKG-INFO
[14.023s] writing dependency_links to ../../build/data_collection/data_collection.egg-info/dependency_links.txt
[14.025s] writing entry points to ../../build/data_collection/data_collection.egg-info/entry_points.txt
[14.029s] writing requirements to ../../build/data_collection/data_collection.egg-info/requires.txt
[14.030s] writing top-level names to ../../build/data_collection/data_collection.egg-info/top_level.txt
[14.042s] reading manifest file '../../build/data_collection/data_collection.egg-info/SOURCES.txt'
[14.059s] writing manifest file '../../build/data_collection/data_collection.egg-info/SOURCES.txt'
[14.060s] running build
[14.061s] running build_py
[14.063s] running install
[14.066s] running install_lib
[14.080s] running install_data
[14.086s] running install_egg_info
[14.101s] removing '/home/rpi/ros2_ws/install/data_collection/lib/python3.10/site-packages/data_collection-0.0.0-py3.10.egg-info' (and everything under it)
[14.107s] Copying ../../build/data_collection/data_collection.egg-info to /home/rpi/ros2_ws/install/data_collection/lib/python3.10/site-packages/data_collection-0.0.0-py3.10.egg-info
[14.120s] running install_scripts
[14.276s] Installing csv_writer script to /home/rpi/ros2_ws/install/data_collection/lib/data_collection
[14.287s] writing list of installed files to '/home/rpi/ros2_ws/build/data_collection/install.log'
[15.103s] Invoked command in '/home/rpi/ros2_ws/src/data_collection' returned '0': PYTHONPATH=/home/rpi/ros2_ws/build/data_collection/prefix_override:/home/rpi/ros2_ws/install/data_collection/lib/python3.10/site-packages:${PYTHONPATH} /usr/bin/python3 setup.py egg_info --egg-base ../../build/data_collection build --build-base /home/rpi/ros2_ws/build/data_collection/build install --record /home/rpi/ros2_ws/build/data_collection/install.log --single-version-externally-managed
