[4.599s] Invoking command in '/home/rpi/ros2_ws/src/robot_arm_controller': AMENT_PREFIX_PATH=/home/rpi/ros2_ws/install/hri_comms:/home/rpi/ros2_ws/install/servo_controller:/home/rpi/ros2_ws/install/robot_arm_controller:/home/rpi/ros2_ws/install/my_robot_controller:/home/rpi/ros2_ws/install/data_collection:/opt/ros/humble PYTHONPATH=/home/rpi/ros2_ws/build/robot_arm_controller/prefix_override:/home/rpi/ros2_ws/install/robot_arm_controller/lib/python3.10/site-packages:/home/rpi/ros2_ws/install/hri_comms/lib/python3.10/site-packages:/home/rpi/ros2_ws/install/servo_controller/lib/python3.10/site-packages:/home/rpi/ros2_ws/install/robot_arm_controller/lib/python3.10/site-packages:/home/rpi/ros2_ws/install/my_robot_controller/lib/python3.10/site-packages:/home/rpi/ros2_ws/install/data_collection/lib/python3.10/site-packages:/opt/ros/humble/lib/python3.10/site-packages:/opt/ros/humble/local/lib/python3.10/dist-packages /usr/bin/python3 setup.py egg_info --egg-base ../../build/robot_arm_controller build --build-base /home/rpi/ros2_ws/build/robot_arm_controller/build install --record /home/rpi/ros2_ws/build/robot_arm_controller/install.log --single-version-externally-managed
[6.612s] running egg_info
[6.616s] writing ../../build/robot_arm_controller/robot_arm_controller.egg-info/PKG-INFO
[6.619s] writing dependency_links to ../../build/robot_arm_controller/robot_arm_controller.egg-info/dependency_links.txt
[6.621s] writing entry points to ../../build/robot_arm_controller/robot_arm_controller.egg-info/entry_points.txt
[6.622s] writing requirements to ../../build/robot_arm_controller/robot_arm_controller.egg-info/requires.txt
[6.623s] writing top-level names to ../../build/robot_arm_controller/robot_arm_controller.egg-info/top_level.txt
[6.633s] reading manifest file '../../build/robot_arm_controller/robot_arm_controller.egg-info/SOURCES.txt'
[6.639s] writing manifest file '../../build/robot_arm_controller/robot_arm_controller.egg-info/SOURCES.txt'
[6.640s] running build
[6.641s] running build_py
[6.642s] copying robot_arm_controller/keyboard_coord_controller.py -> /home/rpi/ros2_ws/build/robot_arm_controller/build/lib/robot_arm_controller
[6.644s] running install
[6.646s] running install_lib
[6.651s] copying /home/rpi/ros2_ws/build/robot_arm_controller/build/lib/robot_arm_controller/keyboard_coord_controller.py -> /home/rpi/ros2_ws/install/robot_arm_controller/lib/python3.10/site-packages/robot_arm_controller
[6.657s] byte-compiling /home/rpi/ros2_ws/install/robot_arm_controller/lib/python3.10/site-packages/robot_arm_controller/keyboard_coord_controller.py to keyboard_coord_controller.cpython-310.pyc
[6.662s] running install_data
[6.665s] running install_egg_info
[6.675s] removing '/home/rpi/ros2_ws/install/robot_arm_controller/lib/python3.10/site-packages/robot_arm_controller-0.0.0-py3.10.egg-info' (and everything under it)
[6.678s] Copying ../../build/robot_arm_controller/robot_arm_controller.egg-info to /home/rpi/ros2_ws/install/robot_arm_controller/lib/python3.10/site-packages/robot_arm_controller-0.0.0-py3.10.egg-info
[6.687s] running install_scripts
[6.798s] Installing hand_coord_controller script to /home/rpi/ros2_ws/install/robot_arm_controller/lib/robot_arm_controller
[6.799s] Installing keyboard_coord_controller script to /home/rpi/ros2_ws/install/robot_arm_controller/lib/robot_arm_controller
[6.801s] writing list of installed files to '/home/rpi/ros2_ws/build/robot_arm_controller/install.log'
[6.963s] Invoked command in '/home/rpi/ros2_ws/src/robot_arm_controller' returned '0': AMENT_PREFIX_PATH=/home/rpi/ros2_ws/install/hri_comms:/home/rpi/ros2_ws/install/servo_controller:/home/rpi/ros2_ws/install/robot_arm_controller:/home/rpi/ros2_ws/install/my_robot_controller:/home/rpi/ros2_ws/install/data_collection:/opt/ros/humble PYTHONPATH=/home/rpi/ros2_ws/build/robot_arm_controller/prefix_override:/home/rpi/ros2_ws/install/robot_arm_controller/lib/python3.10/site-packages:/home/rpi/ros2_ws/install/hri_comms/lib/python3.10/site-packages:/home/rpi/ros2_ws/install/servo_controller/lib/python3.10/site-packages:/home/rpi/ros2_ws/install/robot_arm_controller/lib/python3.10/site-packages:/home/rpi/ros2_ws/install/my_robot_controller/lib/python3.10/site-packages:/home/rpi/ros2_ws/install/data_collection/lib/python3.10/site-packages:/opt/ros/humble/lib/python3.10/site-packages:/opt/ros/humble/local/lib/python3.10/dist-packages /usr/bin/python3 setup.py egg_info --egg-base ../../build/robot_arm_controller build --build-base /home/rpi/ros2_ws/build/robot_arm_controller/build install --record /home/rpi/ros2_ws/build/robot_arm_controller/install.log --single-version-externally-managed
