[11.895s] Invoking command in '/home/rpi/ros2_ws/src/servo_controller': PYTHONPATH=/home/rpi/ros2_ws/build/servo_controller/prefix_override:/home/rpi/ros2_ws/install/servo_controller/lib/python3.10/site-packages:${PYTHONPATH} /usr/bin/python3 setup.py egg_info --egg-base ../../build/servo_controller build --build-base /home/rpi/ros2_ws/build/servo_controller/build install --record /home/rpi/ros2_ws/build/servo_controller/install.log --single-version-externally-managed
[13.850s] running egg_info
[13.854s] writing ../../build/servo_controller/servo_controller.egg-info/PKG-INFO
[13.858s] writing dependency_links to ../../build/servo_controller/servo_controller.egg-info/dependency_links.txt
[13.863s] writing entry points to ../../build/servo_controller/servo_controller.egg-info/entry_points.txt
[13.865s] writing requirements to ../../build/servo_controller/servo_controller.egg-info/requires.txt
[13.869s] writing top-level names to ../../build/servo_controller/servo_controller.egg-info/top_level.txt
[13.884s] reading manifest file '../../build/servo_controller/servo_controller.egg-info/SOURCES.txt'
[13.891s] writing manifest file '../../build/servo_controller/servo_controller.egg-info/SOURCES.txt'
[13.892s] running build
[13.893s] running build_py
[13.899s] running install
[13.902s] running install_lib
[13.914s] running install_data
[13.921s] running install_egg_info
[13.932s] removing '/home/rpi/ros2_ws/install/servo_controller/lib/python3.10/site-packages/servo_controller-0.0.0-py3.10.egg-info' (and everything under it)
[13.937s] Copying ../../build/servo_controller/servo_controller.egg-info to /home/rpi/ros2_ws/install/servo_controller/lib/python3.10/site-packages/servo_controller-0.0.0-py3.10.egg-info
[13.961s] running install_scripts
[14.102s] Installing actuate_servo script to /home/rpi/ros2_ws/install/servo_controller/lib/servo_controller
[14.108s] Installing keyboard_input script to /home/rpi/ros2_ws/install/servo_controller/lib/servo_controller
[14.115s] writing list of installed files to '/home/rpi/ros2_ws/build/servo_controller/install.log'
[14.460s] Invoked command in '/home/rpi/ros2_ws/src/servo_controller' returned '0': PYTHONPATH=/home/rpi/ros2_ws/build/servo_controller/prefix_override:/home/rpi/ros2_ws/install/servo_controller/lib/python3.10/site-packages:${PYTHONPATH} /usr/bin/python3 setup.py egg_info --egg-base ../../build/servo_controller build --build-base /home/rpi/ros2_ws/build/servo_controller/build install --record /home/rpi/ros2_ws/build/servo_controller/install.log --single-version-externally-managed
