[4.322s] Invoking command in '/home/rpi/ros2_ws/src/robot_arm_controller': AMENT_PREFIX_PATH=/home/rpi/ros2_ws/install/hri_comms:/home/rpi/ros2_ws/install/servo_controller:/home/rpi/ros2_ws/install/robot_arm_controller:/home/rpi/ros2_ws/install/my_robot_controller:/home/rpi/ros2_ws/install/data_collection:/opt/ros/humble PYTHONPATH=/home/rpi/ros2_ws/build/robot_arm_controller/prefix_override:/home/rpi/ros2_ws/install/robot_arm_controller/lib/python3.10/site-packages:/home/rpi/ros2_ws/install/hri_comms/lib/python3.10/site-packages:/home/rpi/ros2_ws/install/servo_controller/lib/python3.10/site-packages:/home/rpi/ros2_ws/install/robot_arm_controller/lib/python3.10/site-packages:/home/rpi/ros2_ws/install/my_robot_controller/lib/python3.10/site-packages:/home/rpi/ros2_ws/install/data_collection/lib/python3.10/site-packages:/opt/ros/humble/lib/python3.10/site-packages:/opt/ros/humble/local/lib/python3.10/dist-packages /usr/bin/python3 setup.py egg_info --egg-base ../../build/robot_arm_controller build --build-base /home/rpi/ros2_ws/build/robot_arm_controller/build install --record /home/rpi/ros2_ws/build/robot_arm_controller/install.log --single-version-externally-managed
[6.373s] running egg_info
[6.383s] writing ../../build/robot_arm_controller/robot_arm_controller.egg-info/PKG-INFO
[6.384s] writing dependency_links to ../../build/robot_arm_controller/robot_arm_controller.egg-info/dependency_links.txt
[6.384s] writing entry points to ../../build/robot_arm_controller/robot_arm_controller.egg-info/entry_points.txt
[6.385s] writing requirements to ../../build/robot_arm_controller/robot_arm_controller.egg-info/requires.txt
[6.387s] writing top-level names to ../../build/robot_arm_controller/robot_arm_controller.egg-info/top_level.txt
[6.396s] reading manifest file '../../build/robot_arm_controller/robot_arm_controller.egg-info/SOURCES.txt'
[6.402s] writing manifest file '../../build/robot_arm_controller/robot_arm_controller.egg-info/SOURCES.txt'
[6.403s] running build
[6.404s] running build_py
[6.404s] copying robot_arm_controller/hand_coord_controller.py -> /home/rpi/ros2_ws/build/robot_arm_controller/build/lib/robot_arm_controller
[6.407s] running install
[6.408s] running install_lib
[6.412s] copying /home/rpi/ros2_ws/build/robot_arm_controller/build/lib/robot_arm_controller/hand_coord_controller.py -> /home/rpi/ros2_ws/install/robot_arm_controller/lib/python3.10/site-packages/robot_arm_controller
[6.417s] byte-compiling /home/rpi/ros2_ws/install/robot_arm_controller/lib/python3.10/site-packages/robot_arm_controller/hand_coord_controller.py to hand_coord_controller.cpython-310.pyc
[6.424s] running install_data
[6.427s] running install_egg_info
[6.437s] removing '/home/rpi/ros2_ws/install/robot_arm_controller/lib/python3.10/site-packages/robot_arm_controller-0.0.0-py3.10.egg-info' (and everything under it)
[6.439s] Copying ../../build/robot_arm_controller/robot_arm_controller.egg-info to /home/rpi/ros2_ws/install/robot_arm_controller/lib/python3.10/site-packages/robot_arm_controller-0.0.0-py3.10.egg-info
[6.449s] running install_scripts
[6.557s] Installing hand_coord_controller script to /home/rpi/ros2_ws/install/robot_arm_controller/lib/robot_arm_controller
[6.558s] Installing keyboard_coord_controller script to /home/rpi/ros2_ws/install/robot_arm_controller/lib/robot_arm_controller
[6.560s] writing list of installed files to '/home/rpi/ros2_ws/build/robot_arm_controller/install.log'
[6.718s] Invoked command in '/home/rpi/ros2_ws/src/robot_arm_controller' returned '0': AMENT_PREFIX_PATH=/home/rpi/ros2_ws/install/hri_comms:/home/rpi/ros2_ws/install/servo_controller:/home/rpi/ros2_ws/install/robot_arm_controller:/home/rpi/ros2_ws/install/my_robot_controller:/home/rpi/ros2_ws/install/data_collection:/opt/ros/humble PYTHONPATH=/home/rpi/ros2_ws/build/robot_arm_controller/prefix_override:/home/rpi/ros2_ws/install/robot_arm_controller/lib/python3.10/site-packages:/home/rpi/ros2_ws/install/hri_comms/lib/python3.10/site-packages:/home/rpi/ros2_ws/install/servo_controller/lib/python3.10/site-packages:/home/rpi/ros2_ws/install/robot_arm_controller/lib/python3.10/site-packages:/home/rpi/ros2_ws/install/my_robot_controller/lib/python3.10/site-packages:/home/rpi/ros2_ws/install/data_collection/lib/python3.10/site-packages:/opt/ros/humble/lib/python3.10/site-packages:/opt/ros/humble/local/lib/python3.10/dist-packages /usr/bin/python3 setup.py egg_info --egg-base ../../build/robot_arm_controller build --build-base /home/rpi/ros2_ws/build/robot_arm_controller/build install --record /home/rpi/ros2_ws/build/robot_arm_controller/install.log --single-version-externally-managed
