[14.781s] Invoking command in '/home/rpi/ros2_ws/src/hri_comms': PYTHONPATH=/home/rpi/ros2_ws/build/hri_comms/prefix_override:/home/rpi/ros2_ws/install/hri_comms/lib/python3.10/site-packages:${PYTHONPATH} /usr/bin/python3 setup.py egg_info --egg-base ../../build/hri_comms build --build-base /home/rpi/ros2_ws/build/hri_comms/build install --record /home/rpi/ros2_ws/build/hri_comms/install.log --single-version-externally-managed
[18.065s] running egg_info
[18.068s] writing ../../build/hri_comms/hri_comms.egg-info/PKG-INFO
[18.069s] writing dependency_links to ../../build/hri_comms/hri_comms.egg-info/dependency_links.txt
[18.092s] writing entry points to ../../build/hri_comms/hri_comms.egg-info/entry_points.txt
[18.094s] writing requirements to ../../build/hri_comms/hri_comms.egg-info/requires.txt
[18.099s] writing top-level names to ../../build/hri_comms/hri_comms.egg-info/top_level.txt
[18.121s] reading manifest file '../../build/hri_comms/hri_comms.egg-info/SOURCES.txt'
[18.134s] writing manifest file '../../build/hri_comms/hri_comms.egg-info/SOURCES.txt'
[18.135s] running build
[18.136s] running build_py
[18.138s] running install
[18.145s] running install_lib
[18.159s] running install_data
[18.161s] running install_egg_info
[18.185s] removing '/home/rpi/ros2_ws/install/hri_comms/lib/python3.10/site-packages/hri_comms-0.0.0-py3.10.egg-info' (and everything under it)
[18.190s] Copying ../../build/hri_comms/hri_comms.egg-info to /home/rpi/ros2_ws/install/hri_comms/lib/python3.10/site-packages/hri_comms-0.0.0-py3.10.egg-info
[18.212s] running install_scripts
[18.368s] Installing data_handler script to /home/rpi/ros2_ws/install/hri_comms/lib/hri_comms
[18.375s] Installing udp_server script to /home/rpi/ros2_ws/install/hri_comms/lib/hri_comms
[18.385s] writing list of installed files to '/home/rpi/ros2_ws/build/hri_comms/install.log'
[19.435s] Invoked command in '/home/rpi/ros2_ws/src/hri_comms' returned '0': PYTHONPATH=/home/rpi/ros2_ws/build/hri_comms/prefix_override:/home/rpi/ros2_ws/install/hri_comms/lib/python3.10/site-packages:${PYTHONPATH} /usr/bin/python3 setup.py egg_info --egg-base ../../build/hri_comms build --build-base /home/rpi/ros2_ws/build/hri_comms/build install --record /home/rpi/ros2_ws/build/hri_comms/install.log --single-version-externally-managed
