[13.614s] Invoking command in '/home/rpi/ros2_ws/src/hri_comms': PYTHONPATH=/home/rpi/ros2_ws/build/hri_comms/prefix_override:/home/rpi/ros2_ws/install/hri_comms/lib/python3.10/site-packages:${PYTHONPATH} /usr/bin/python3 setup.py egg_info --egg-base ../../build/hri_comms build --build-base /home/rpi/ros2_ws/build/hri_comms/build install --record /home/rpi/ros2_ws/build/hri_comms/install.log --single-version-externally-managed
[15.663s] running egg_info
[15.667s] writing ../../build/hri_comms/hri_comms.egg-info/PKG-INFO
[15.671s] writing dependency_links to ../../build/hri_comms/hri_comms.egg-info/dependency_links.txt
[15.675s] writing entry points to ../../build/hri_comms/hri_comms.egg-info/entry_points.txt
[15.678s] writing requirements to ../../build/hri_comms/hri_comms.egg-info/requires.txt
[15.680s] writing top-level names to ../../build/hri_comms/hri_comms.egg-info/top_level.txt
[15.700s] reading manifest file '../../build/hri_comms/hri_comms.egg-info/SOURCES.txt'
[15.707s] writing manifest file '../../build/hri_comms/hri_comms.egg-info/SOURCES.txt'
[15.711s] running build
[15.712s] running build_py
[15.717s] copying hri_comms/udp_server.py -> /home/rpi/ros2_ws/build/hri_comms/build/lib/hri_comms
[15.722s] running install
[15.728s] running install_lib
[15.736s] copying /home/rpi/ros2_ws/build/hri_comms/build/lib/hri_comms/udp_server.py -> /home/rpi/ros2_ws/install/hri_comms/lib/python3.10/site-packages/hri_comms
[15.749s] byte-compiling /home/rpi/ros2_ws/install/hri_comms/lib/python3.10/site-packages/hri_comms/udp_server.py to udp_server.cpython-310.pyc
[15.757s] running install_data
[15.761s] running install_egg_info
[15.773s] removing '/home/rpi/ros2_ws/install/hri_comms/lib/python3.10/site-packages/hri_comms-0.0.0-py3.10.egg-info' (and everything under it)
[15.777s] Copying ../../build/hri_comms/hri_comms.egg-info to /home/rpi/ros2_ws/install/hri_comms/lib/python3.10/site-packages/hri_comms-0.0.0-py3.10.egg-info
[15.786s] running install_scripts
[15.987s] Installing data_handler script to /home/rpi/ros2_ws/install/hri_comms/lib/hri_comms
[15.995s] Installing udp_server script to /home/rpi/ros2_ws/install/hri_comms/lib/hri_comms
[16.004s] writing list of installed files to '/home/rpi/ros2_ws/build/hri_comms/install.log'
[17.255s] Invoked command in '/home/rpi/ros2_ws/src/hri_comms' returned '0': PYTHONPATH=/home/rpi/ros2_ws/build/hri_comms/prefix_override:/home/rpi/ros2_ws/install/hri_comms/lib/python3.10/site-packages:${PYTHONPATH} /usr/bin/python3 setup.py egg_info --egg-base ../../build/hri_comms build --build-base /home/rpi/ros2_ws/build/hri_comms/build install --record /home/rpi/ros2_ws/build/hri_comms/install.log --single-version-externally-managed
