[10.955s] Invoking command in '/home/rpi/ros2_ws/src/servo_controller': PYTHONPATH=/home/rpi/ros2_ws/build/servo_controller/prefix_override:/home/rpi/ros2_ws/install/servo_controller/lib/python3.10/site-packages:${PYTHONPATH} /usr/bin/python3 setup.py egg_info --egg-base ../../build/servo_controller build --build-base /home/rpi/ros2_ws/build/servo_controller/build install --record /home/rpi/ros2_ws/build/servo_controller/install.log --single-version-externally-managed
[13.146s] running egg_info
[13.150s] writing ../../build/servo_controller/servo_controller.egg-info/PKG-INFO
[13.154s] writing dependency_links to ../../build/servo_controller/servo_controller.egg-info/dependency_links.txt
[13.169s] writing entry points to ../../build/servo_controller/servo_controller.egg-info/entry_points.txt
[13.171s] writing requirements to ../../build/servo_controller/servo_controller.egg-info/requires.txt
[13.172s] writing top-level names to ../../build/servo_controller/servo_controller.egg-info/top_level.txt
[13.176s] reading manifest file '../../build/servo_controller/servo_controller.egg-info/SOURCES.txt'
[13.193s] writing manifest file '../../build/servo_controller/servo_controller.egg-info/SOURCES.txt'
[13.195s] running build
[13.197s] running build_py
[13.209s] running install
[13.217s] running install_lib
[13.220s] running install_data
[13.222s] running install_egg_info
[13.238s] removing '/home/rpi/ros2_ws/install/servo_controller/lib/python3.10/site-packages/servo_controller-0.0.0-py3.10.egg-info' (and everything under it)
[13.253s] Copying ../../build/servo_controller/servo_controller.egg-info to /home/rpi/ros2_ws/install/servo_controller/lib/python3.10/site-packages/servo_controller-0.0.0-py3.10.egg-info
[13.265s] running install_scripts
[13.477s] Installing actuate_servo script to /home/rpi/ros2_ws/install/servo_controller/lib/servo_controller
[13.480s] Installing keyboard_input script to /home/rpi/ros2_ws/install/servo_controller/lib/servo_controller
[13.484s] writing list of installed files to '/home/rpi/ros2_ws/build/servo_controller/install.log'
[14.999s] Invoked command in '/home/rpi/ros2_ws/src/servo_controller' returned '0': PYTHONPATH=/home/rpi/ros2_ws/build/servo_controller/prefix_override:/home/rpi/ros2_ws/install/servo_controller/lib/python3.10/site-packages:${PYTHONPATH} /usr/bin/python3 setup.py egg_info --egg-base ../../build/servo_controller build --build-base /home/rpi/ros2_ws/build/servo_controller/build install --record /home/rpi/ros2_ws/build/servo_controller/install.log --single-version-externally-managed
