[5.926s] Invoking command in '/home/rpi/ros2_ws/src/my_robot_controller': PYTHONPATH=/home/rpi/ros2_ws/build/my_robot_controller/prefix_override:/home/rpi/ros2_ws/install/my_robot_controller/lib/python3.10/site-packages:${PYTHONPATH} /usr/bin/python3 setup.py egg_info --egg-base ../../build/my_robot_controller build --build-base /home/rpi/ros2_ws/build/my_robot_controller/build install --record /home/rpi/ros2_ws/build/my_robot_controller/install.log --single-version-externally-managed
[7.657s] running egg_info
[7.662s] writing ../../build/my_robot_controller/my_robot_controller.egg-info/PKG-INFO
[7.664s] writing dependency_links to ../../build/my_robot_controller/my_robot_controller.egg-info/dependency_links.txt
[7.665s] writing entry points to ../../build/my_robot_controller/my_robot_controller.egg-info/entry_points.txt
[7.666s] writing requirements to ../../build/my_robot_controller/my_robot_controller.egg-info/requires.txt
[7.667s] writing top-level names to ../../build/my_robot_controller/my_robot_controller.egg-info/top_level.txt
[7.678s] reading manifest file '../../build/my_robot_controller/my_robot_controller.egg-info/SOURCES.txt'
[7.685s] writing manifest file '../../build/my_robot_controller/my_robot_controller.egg-info/SOURCES.txt'
[7.686s] running build
[7.686s] running build_py
[7.689s] copying my_robot_controller/draw_circle.py -> /home/rpi/ros2_ws/build/my_robot_controller/build/lib/my_robot_controller
[7.691s] copying my_robot_controller/pose_subscriber.py -> /home/rpi/ros2_ws/build/my_robot_controller/build/lib/my_robot_controller
[7.693s] running install
[7.694s] running install_lib
[7.699s] copying /home/rpi/ros2_ws/build/my_robot_controller/build/lib/my_robot_controller/draw_circle.py -> /home/rpi/ros2_ws/install/my_robot_controller/lib/python3.10/site-packages/my_robot_controller
[7.701s] copying /home/rpi/ros2_ws/build/my_robot_controller/build/lib/my_robot_controller/pose_subscriber.py -> /home/rpi/ros2_ws/install/my_robot_controller/lib/python3.10/site-packages/my_robot_controller
[7.704s] byte-compiling /home/rpi/ros2_ws/install/my_robot_controller/lib/python3.10/site-packages/my_robot_controller/draw_circle.py to draw_circle.cpython-310.pyc
[7.708s] byte-compiling /home/rpi/ros2_ws/install/my_robot_controller/lib/python3.10/site-packages/my_robot_controller/pose_subscriber.py to pose_subscriber.cpython-310.pyc
[7.713s] running install_data
[7.714s] running install_egg_info
[7.724s] removing '/home/rpi/ros2_ws/install/my_robot_controller/lib/python3.10/site-packages/my_robot_controller-0.0.0-py3.10.egg-info' (and everything under it)
[7.732s] Copying ../../build/my_robot_controller/my_robot_controller.egg-info to /home/rpi/ros2_ws/install/my_robot_controller/lib/python3.10/site-packages/my_robot_controller-0.0.0-py3.10.egg-info
[7.741s] running install_scripts
[7.847s] Installing draw_circle script to /home/rpi/ros2_ws/install/my_robot_controller/lib/my_robot_controller
[7.851s] Installing pose_subscriber script to /home/rpi/ros2_ws/install/my_robot_controller/lib/my_robot_controller
[7.852s] Installing test_node script to /home/rpi/ros2_ws/install/my_robot_controller/lib/my_robot_controller
[7.854s] writing list of installed files to '/home/rpi/ros2_ws/build/my_robot_controller/install.log'
[8.033s] Invoked command in '/home/rpi/ros2_ws/src/my_robot_controller' returned '0': PYTHONPATH=/home/rpi/ros2_ws/build/my_robot_controller/prefix_override:/home/rpi/ros2_ws/install/my_robot_controller/lib/python3.10/site-packages:${PYTHONPATH} /usr/bin/python3 setup.py egg_info --egg-base ../../build/my_robot_controller build --build-base /home/rpi/ros2_ws/build/my_robot_controller/build install --record /home/rpi/ros2_ws/build/my_robot_controller/install.log --single-version-externally-managed
