[10.653s] Invoking command in '/home/rpi/ros2_ws/src/servo_controller': PYTHONPATH=/home/rpi/ros2_ws/build/servo_controller/prefix_override:/home/rpi/ros2_ws/install/servo_controller/lib/python3.10/site-packages:${PYTHONPATH} /usr/bin/python3 setup.py egg_info --egg-base ../../build/servo_controller build --build-base /home/rpi/ros2_ws/build/servo_controller/build install --record /home/rpi/ros2_ws/build/servo_controller/install.log --single-version-externally-managed
[12.843s] running egg_info
[12.848s] writing ../../build/servo_controller/servo_controller.egg-info/PKG-INFO
[12.851s] writing dependency_links to ../../build/servo_controller/servo_controller.egg-info/dependency_links.txt
[12.857s] writing entry points to ../../build/servo_controller/servo_controller.egg-info/entry_points.txt
[12.858s] writing requirements to ../../build/servo_controller/servo_controller.egg-info/requires.txt
[12.859s] writing top-level names to ../../build/servo_controller/servo_controller.egg-info/top_level.txt
[12.871s] reading manifest file '../../build/servo_controller/servo_controller.egg-info/SOURCES.txt'
[12.878s] writing manifest file '../../build/servo_controller/servo_controller.egg-info/SOURCES.txt'
[12.879s] running build
[12.880s] running build_py
[12.884s] running install
[12.886s] running install_lib
[12.904s] running install_data
[12.907s] running install_egg_info
[12.919s] removing '/home/rpi/ros2_ws/install/servo_controller/lib/python3.10/site-packages/servo_controller-0.0.0-py3.10.egg-info' (and everything under it)
[12.930s] Copying ../../build/servo_controller/servo_controller.egg-info to /home/rpi/ros2_ws/install/servo_controller/lib/python3.10/site-packages/servo_controller-0.0.0-py3.10.egg-info
[12.984s] running install_scripts
[13.165s] Installing actuate_servo script to /home/rpi/ros2_ws/install/servo_controller/lib/servo_controller
[13.166s] Installing keyboard_input script to /home/rpi/ros2_ws/install/servo_controller/lib/servo_controller
[13.170s] writing list of installed files to '/home/rpi/ros2_ws/build/servo_controller/install.log'
[13.954s] Invoked command in '/home/rpi/ros2_ws/src/servo_controller' returned '0': PYTHONPATH=/home/rpi/ros2_ws/build/servo_controller/prefix_override:/home/rpi/ros2_ws/install/servo_controller/lib/python3.10/site-packages:${PYTHONPATH} /usr/bin/python3 setup.py egg_info --egg-base ../../build/servo_controller build --build-base /home/rpi/ros2_ws/build/servo_controller/build install --record /home/rpi/ros2_ws/build/servo_controller/install.log --single-version-externally-managed
