[15.043s] Invoking command in '/home/rpi/ros2_ws/src/data_collection': PYTHONPATH=/home/rpi/ros2_ws/build/data_collection/prefix_override:/home/rpi/ros2_ws/install/data_collection/lib/python3.10/site-packages:${PYTHONPATH} /usr/bin/python3 setup.py egg_info --egg-base ../../build/data_collection build --build-base /home/rpi/ros2_ws/build/data_collection/build install --record /home/rpi/ros2_ws/build/data_collection/install.log --single-version-externally-managed
[17.258s] running egg_info
[17.260s] writing ../../build/data_collection/data_collection.egg-info/PKG-INFO
[17.262s] writing dependency_links to ../../build/data_collection/data_collection.egg-info/dependency_links.txt
[17.267s] writing entry points to ../../build/data_collection/data_collection.egg-info/entry_points.txt
[17.270s] writing requirements to ../../build/data_collection/data_collection.egg-info/requires.txt
[17.270s] writing top-level names to ../../build/data_collection/data_collection.egg-info/top_level.txt
[17.279s] reading manifest file '../../build/data_collection/data_collection.egg-info/SOURCES.txt'
[17.287s] writing manifest file '../../build/data_collection/data_collection.egg-info/SOURCES.txt'
[17.290s] running build
[17.295s] running build_py
[17.306s] running install
[17.315s] running install_lib
[17.324s] running install_data
[17.327s] running install_egg_info
[17.340s] removing '/home/rpi/ros2_ws/install/data_collection/lib/python3.10/site-packages/data_collection-0.0.0-py3.10.egg-info' (and everything under it)
[17.344s] Copying ../../build/data_collection/data_collection.egg-info to /home/rpi/ros2_ws/install/data_collection/lib/python3.10/site-packages/data_collection-0.0.0-py3.10.egg-info
[17.350s] running install_scripts
[17.466s] Installing csv_writer script to /home/rpi/ros2_ws/install/data_collection/lib/data_collection
[17.469s] writing list of installed files to '/home/rpi/ros2_ws/build/data_collection/install.log'
[18.276s] Invoked command in '/home/rpi/ros2_ws/src/data_collection' returned '0': PYTHONPATH=/home/rpi/ros2_ws/build/data_collection/prefix_override:/home/rpi/ros2_ws/install/data_collection/lib/python3.10/site-packages:${PYTHONPATH} /usr/bin/python3 setup.py egg_info --egg-base ../../build/data_collection build --build-base /home/rpi/ros2_ws/build/data_collection/build install --record /home/rpi/ros2_ws/build/data_collection/install.log --single-version-externally-managed
