[7.049s] DEBUG:colcon:Command line arguments: ['/usr/bin/colcon', 'build']
[7.049s] DEBUG:colcon:Parsed command line arguments: Namespace(log_base=None, log_level=None, verb_name='build', build_base='build', install_base='install', merge_install=False, symlink_install=False, test_result_base=None, continue_on_error=False, executor='parallel', parallel_workers=4, event_handlers=None, ignore_user_meta=False, metas=['./colcon.meta'], base_paths=['.'], packages_ignore=None, packages_ignore_regex=None, paths=None, packages_up_to=None, packages_up_to_regex=None, packages_above=None, packages_above_and_dependencies=None, packages_above_depth=None, packages_select_by_dep=None, packages_skip_by_dep=None, packages_skip_up_to=None, packages_select_build_failed=False, packages_skip_build_finished=False, packages_select_test_failures=False, packages_skip_test_passed=False, packages_select=None, packages_skip=None, packages_select_regex=None, packages_skip_regex=None, packages_start=None, packages_end=None, allow_overriding=[], cmake_args=None, cmake_target=None, cmake_target_skip_unavailable=False, cmake_clean_cache=False, cmake_clean_first=False, cmake_force_configure=False, ament_cmake_args=None, catkin_cmake_args=None, catkin_skip_building_tests=False, verb_parser=<colcon_defaults.argument_parser.defaults.DefaultArgumentsDecorator object at 0xffffad8c8550>, verb_extension=<colcon_core.verb.build.BuildVerb object at 0xffffadb80430>, main=<bound method BuildVerb.main of <colcon_core.verb.build.BuildVerb object at 0xffffadb80430>>)
[7.360s] Level 1:colcon.colcon_core.package_discovery:discover_packages(colcon_meta) check parameters
[7.361s] Level 1:colcon.colcon_core.package_discovery:discover_packages(recursive) check parameters
[7.361s] Level 1:colcon.colcon_core.package_discovery:discover_packages(ignore) check parameters
[7.361s] Level 1:colcon.colcon_core.package_discovery:discover_packages(path) check parameters
[7.361s] Level 1:colcon.colcon_core.package_discovery:discover_packages(colcon_meta) discover
[7.362s] Level 1:colcon.colcon_core.package_discovery:discover_packages(recursive) discover
[7.362s] INFO:colcon.colcon_core.package_discovery:Crawling recursively for packages in '/home/rpi/ros2_ws'
[7.362s] Level 1:colcon.colcon_core.package_identification:_identify(.) by extensions ['ignore', 'ignore_ament_install']
[7.363s] Level 1:colcon.colcon_core.package_identification:_identify(.) by extension 'ignore'
[7.363s] Level 1:colcon.colcon_core.package_identification:_identify(.) by extension 'ignore_ament_install'
[7.363s] Level 1:colcon.colcon_core.package_identification:_identify(.) by extensions ['colcon_pkg']
[7.363s] Level 1:colcon.colcon_core.package_identification:_identify(.) by extension 'colcon_pkg'
[7.364s] Level 1:colcon.colcon_core.package_identification:_identify(.) by extensions ['colcon_meta']
[7.364s] Level 1:colcon.colcon_core.package_identification:_identify(.) by extension 'colcon_meta'
[7.364s] Level 1:colcon.colcon_core.package_identification:_identify(.) by extensions ['ros']
[7.364s] Level 1:colcon.colcon_core.package_identification:_identify(.) by extension 'ros'
[7.423s] Level 1:colcon.colcon_core.package_identification:_identify(.) by extensions ['cmake', 'python']
[7.423s] Level 1:colcon.colcon_core.package_identification:_identify(.) by extension 'cmake'
[7.424s] Level 1:colcon.colcon_core.package_identification:_identify(.) by extension 'python'
[7.424s] Level 1:colcon.colcon_core.package_identification:_identify(.) by extensions ['python_setup_py']
[7.424s] Level 1:colcon.colcon_core.package_identification:_identify(.) by extension 'python_setup_py'
[7.425s] Level 1:colcon.colcon_core.package_identification:_identify(build) by extensions ['ignore', 'ignore_ament_install']
[7.425s] Level 1:colcon.colcon_core.package_identification:_identify(build) by extension 'ignore'
[7.425s] Level 1:colcon.colcon_core.package_identification:_identify(build) ignored
[7.426s] Level 1:colcon.colcon_core.package_identification:_identify(install) by extensions ['ignore', 'ignore_ament_install']
[7.426s] Level 1:colcon.colcon_core.package_identification:_identify(install) by extension 'ignore'
[7.427s] Level 1:colcon.colcon_core.package_identification:_identify(install) ignored
[7.429s] Level 1:colcon.colcon_core.package_identification:_identify(log) by extensions ['ignore', 'ignore_ament_install']
[7.430s] Level 1:colcon.colcon_core.package_identification:_identify(log) by extension 'ignore'
[7.430s] Level 1:colcon.colcon_core.package_identification:_identify(log) ignored
[7.431s] Level 1:colcon.colcon_core.package_identification:_identify(src) by extensions ['ignore', 'ignore_ament_install']
[7.431s] Level 1:colcon.colcon_core.package_identification:_identify(src) by extension 'ignore'
[7.431s] Level 1:colcon.colcon_core.package_identification:_identify(src) by extension 'ignore_ament_install'
[7.432s] Level 1:colcon.colcon_core.package_identification:_identify(src) by extensions ['colcon_pkg']
[7.432s] Level 1:colcon.colcon_core.package_identification:_identify(src) by extension 'colcon_pkg'
[7.432s] Level 1:colcon.colcon_core.package_identification:_identify(src) by extensions ['colcon_meta']
[7.432s] Level 1:colcon.colcon_core.package_identification:_identify(src) by extension 'colcon_meta'
[7.433s] Level 1:colcon.colcon_core.package_identification:_identify(src) by extensions ['ros']
[7.433s] Level 1:colcon.colcon_core.package_identification:_identify(src) by extension 'ros'
[7.433s] Level 1:colcon.colcon_core.package_identification:_identify(src) by extensions ['cmake', 'python']
[7.433s] Level 1:colcon.colcon_core.package_identification:_identify(src) by extension 'cmake'
[7.434s] Level 1:colcon.colcon_core.package_identification:_identify(src) by extension 'python'
[7.434s] Level 1:colcon.colcon_core.package_identification:_identify(src) by extensions ['python_setup_py']
[7.434s] Level 1:colcon.colcon_core.package_identification:_identify(src) by extension 'python_setup_py'
[7.435s] Level 1:colcon.colcon_core.package_identification:_identify(src/data_collection) by extensions ['ignore', 'ignore_ament_install']
[7.435s] Level 1:colcon.colcon_core.package_identification:_identify(src/data_collection) by extension 'ignore'
[7.435s] Level 1:colcon.colcon_core.package_identification:_identify(src/data_collection) by extension 'ignore_ament_install'
[7.436s] Level 1:colcon.colcon_core.package_identification:_identify(src/data_collection) by extensions ['colcon_pkg']
[7.436s] Level 1:colcon.colcon_core.package_identification:_identify(src/data_collection) by extension 'colcon_pkg'
[7.436s] Level 1:colcon.colcon_core.package_identification:_identify(src/data_collection) by extensions ['colcon_meta']
[7.436s] Level 1:colcon.colcon_core.package_identification:_identify(src/data_collection) by extension 'colcon_meta'
[7.437s] Level 1:colcon.colcon_core.package_identification:_identify(src/data_collection) by extensions ['ros']
[7.437s] Level 1:colcon.colcon_core.package_identification:_identify(src/data_collection) by extension 'ros'
[7.450s] DEBUG:colcon.colcon_core.package_identification:Package 'src/data_collection' with type 'ros.ament_python' and name 'data_collection'
[7.451s] Level 1:colcon.colcon_core.package_identification:_identify(src/hri_comms) by extensions ['ignore', 'ignore_ament_install']
[7.451s] Level 1:colcon.colcon_core.package_identification:_identify(src/hri_comms) by extension 'ignore'
[7.451s] Level 1:colcon.colcon_core.package_identification:_identify(src/hri_comms) by extension 'ignore_ament_install'
[7.452s] Level 1:colcon.colcon_core.package_identification:_identify(src/hri_comms) by extensions ['colcon_pkg']
[7.452s] Level 1:colcon.colcon_core.package_identification:_identify(src/hri_comms) by extension 'colcon_pkg'
[7.452s] Level 1:colcon.colcon_core.package_identification:_identify(src/hri_comms) by extensions ['colcon_meta']
[7.452s] Level 1:colcon.colcon_core.package_identification:_identify(src/hri_comms) by extension 'colcon_meta'
[7.452s] Level 1:colcon.colcon_core.package_identification:_identify(src/hri_comms) by extensions ['ros']
[7.452s] Level 1:colcon.colcon_core.package_identification:_identify(src/hri_comms) by extension 'ros'
[7.455s] DEBUG:colcon.colcon_core.package_identification:Package 'src/hri_comms' with type 'ros.ament_python' and name 'hri_comms'
[7.456s] Level 1:colcon.colcon_core.package_identification:_identify(src/my_robot_controller) by extensions ['ignore', 'ignore_ament_install']
[7.457s] Level 1:colcon.colcon_core.package_identification:_identify(src/my_robot_controller) by extension 'ignore'
[7.457s] Level 1:colcon.colcon_core.package_identification:_identify(src/my_robot_controller) by extension 'ignore_ament_install'
[7.457s] Level 1:colcon.colcon_core.package_identification:_identify(src/my_robot_controller) by extensions ['colcon_pkg']
[7.457s] Level 1:colcon.colcon_core.package_identification:_identify(src/my_robot_controller) by extension 'colcon_pkg'
[7.457s] Level 1:colcon.colcon_core.package_identification:_identify(src/my_robot_controller) by extensions ['colcon_meta']
[7.458s] Level 1:colcon.colcon_core.package_identification:_identify(src/my_robot_controller) by extension 'colcon_meta'
[7.458s] Level 1:colcon.colcon_core.package_identification:_identify(src/my_robot_controller) by extensions ['ros']
[7.458s] Level 1:colcon.colcon_core.package_identification:_identify(src/my_robot_controller) by extension 'ros'
[7.461s] DEBUG:colcon.colcon_core.package_identification:Package 'src/my_robot_controller' with type 'ros.ament_python' and name 'my_robot_controller'
[7.462s] Level 1:colcon.colcon_core.package_identification:_identify(src/robot_arm_controller) by extensions ['ignore', 'ignore_ament_install']
[7.462s] Level 1:colcon.colcon_core.package_identification:_identify(src/robot_arm_controller) by extension 'ignore'
[7.462s] Level 1:colcon.colcon_core.package_identification:_identify(src/robot_arm_controller) by extension 'ignore_ament_install'
[7.463s] Level 1:colcon.colcon_core.package_identification:_identify(src/robot_arm_controller) by extensions ['colcon_pkg']
[7.463s] Level 1:colcon.colcon_core.package_identification:_identify(src/robot_arm_controller) by extension 'colcon_pkg'
[7.463s] Level 1:colcon.colcon_core.package_identification:_identify(src/robot_arm_controller) by extensions ['colcon_meta']
[7.463s] Level 1:colcon.colcon_core.package_identification:_identify(src/robot_arm_controller) by extension 'colcon_meta'
[7.463s] Level 1:colcon.colcon_core.package_identification:_identify(src/robot_arm_controller) by extensions ['ros']
[7.464s] Level 1:colcon.colcon_core.package_identification:_identify(src/robot_arm_controller) by extension 'ros'
[7.467s] DEBUG:colcon.colcon_core.package_identification:Package 'src/robot_arm_controller' with type 'ros.ament_python' and name 'robot_arm_controller'
[7.467s] Level 1:colcon.colcon_core.package_identification:_identify(src/servo_controller) by extensions ['ignore', 'ignore_ament_install']
[7.468s] Level 1:colcon.colcon_core.package_identification:_identify(src/servo_controller) by extension 'ignore'
[7.468s] Level 1:colcon.colcon_core.package_identification:_identify(src/servo_controller) by extension 'ignore_ament_install'
[7.468s] Level 1:colcon.colcon_core.package_identification:_identify(src/servo_controller) by extensions ['colcon_pkg']
[7.468s] Level 1:colcon.colcon_core.package_identification:_identify(src/servo_controller) by extension 'colcon_pkg'
[7.469s] Level 1:colcon.colcon_core.package_identification:_identify(src/servo_controller) by extensions ['colcon_meta']
[7.469s] Level 1:colcon.colcon_core.package_identification:_identify(src/servo_controller) by extension 'colcon_meta'
[7.469s] Level 1:colcon.colcon_core.package_identification:_identify(src/servo_controller) by extensions ['ros']
[7.469s] Level 1:colcon.colcon_core.package_identification:_identify(src/servo_controller) by extension 'ros'
[7.472s] DEBUG:colcon.colcon_core.package_identification:Package 'src/servo_controller' with type 'ros.ament_python' and name 'servo_controller'
[7.472s] Level 1:colcon.colcon_core.package_discovery:discover_packages(recursive) using defaults
[7.472s] Level 1:colcon.colcon_core.package_discovery:discover_packages(ignore) discover
[7.473s] Level 1:colcon.colcon_core.package_discovery:discover_packages(ignore) using defaults
[7.473s] Level 1:colcon.colcon_core.package_discovery:discover_packages(path) discover
[7.473s] Level 1:colcon.colcon_core.package_discovery:discover_packages(path) using defaults
[8.081s] Level 1:colcon.colcon_core.package_discovery:discover_packages(prefix_path) check parameters
[8.082s] Level 1:colcon.colcon_core.package_discovery:discover_packages(prefix_path) discover
[8.298s] DEBUG:colcon.colcon_installed_package_information.package_discovery:Found 5 installed packages in /home/rpi/ros2_ws/install
[8.412s] DEBUG:colcon.colcon_installed_package_information.package_discovery:Found 270 installed packages in /opt/ros/humble
[8.419s] Level 1:colcon.colcon_core.package_discovery:discover_packages(prefix_path) using defaults
[9.004s] Level 5:colcon.colcon_core.verb:set package 'data_collection' build argument 'cmake_args' from command line to 'None'
[9.005s] Level 5:colcon.colcon_core.verb:set package 'data_collection' build argument 'cmake_target' from command line to 'None'
[9.005s] Level 5:colcon.colcon_core.verb:set package 'data_collection' build argument 'cmake_target_skip_unavailable' from command line to 'False'
[9.005s] Level 5:colcon.colcon_core.verb:set package 'data_collection' build argument 'cmake_clean_cache' from command line to 'False'
[9.005s] Level 5:colcon.colcon_core.verb:set package 'data_collection' build argument 'cmake_clean_first' from command line to 'False'
[9.005s] Level 5:colcon.colcon_core.verb:set package 'data_collection' build argument 'cmake_force_configure' from command line to 'False'
[9.005s] Level 5:colcon.colcon_core.verb:set package 'data_collection' build argument 'ament_cmake_args' from command line to 'None'
[9.005s] Level 5:colcon.colcon_core.verb:set package 'data_collection' build argument 'catkin_cmake_args' from command line to 'None'
[9.006s] Level 5:colcon.colcon_core.verb:set package 'data_collection' build argument 'catkin_skip_building_tests' from command line to 'False'
[9.006s] DEBUG:colcon.colcon_core.verb:Building package 'data_collection' with the following arguments: {'ament_cmake_args': None, 'build_base': '/home/rpi/ros2_ws/build/data_collection', 'catkin_cmake_args': None, 'catkin_skip_building_tests': False, 'cmake_args': None, 'cmake_clean_cache': False, 'cmake_clean_first': False, 'cmake_force_configure': False, 'cmake_target': None, 'cmake_target_skip_unavailable': False, 'install_base': '/home/rpi/ros2_ws/install/data_collection', 'merge_install': False, 'path': '/home/rpi/ros2_ws/src/data_collection', 'symlink_install': False, 'test_result_base': None}
[9.105s] Level 5:colcon.colcon_core.verb:set package 'hri_comms' build argument 'cmake_args' from command line to 'None'
[9.105s] Level 5:colcon.colcon_core.verb:set package 'hri_comms' build argument 'cmake_target' from command line to 'None'
[9.105s] Level 5:colcon.colcon_core.verb:set package 'hri_comms' build argument 'cmake_target_skip_unavailable' from command line to 'False'
[9.105s] Level 5:colcon.colcon_core.verb:set package 'hri_comms' build argument 'cmake_clean_cache' from command line to 'False'
[9.105s] Level 5:colcon.colcon_core.verb:set package 'hri_comms' build argument 'cmake_clean_first' from command line to 'False'
[9.105s] Level 5:colcon.colcon_core.verb:set package 'hri_comms' build argument 'cmake_force_configure' from command line to 'False'
[9.106s] Level 5:colcon.colcon_core.verb:set package 'hri_comms' build argument 'ament_cmake_args' from command line to 'None'
[9.106s] Level 5:colcon.colcon_core.verb:set package 'hri_comms' build argument 'catkin_cmake_args' from command line to 'None'
[9.106s] Level 5:colcon.colcon_core.verb:set package 'hri_comms' build argument 'catkin_skip_building_tests' from command line to 'False'
[9.106s] DEBUG:colcon.colcon_core.verb:Building package 'hri_comms' with the following arguments: {'ament_cmake_args': None, 'build_base': '/home/rpi/ros2_ws/build/hri_comms', 'catkin_cmake_args': None, 'catkin_skip_building_tests': False, 'cmake_args': None, 'cmake_clean_cache': False, 'cmake_clean_first': False, 'cmake_force_configure': False, 'cmake_target': None, 'cmake_target_skip_unavailable': False, 'install_base': '/home/rpi/ros2_ws/install/hri_comms', 'merge_install': False, 'path': '/home/rpi/ros2_ws/src/hri_comms', 'symlink_install': False, 'test_result_base': None}
[9.208s] Level 5:colcon.colcon_core.verb:set package 'my_robot_controller' build argument 'cmake_args' from command line to 'None'
[9.208s] Level 5:colcon.colcon_core.verb:set package 'my_robot_controller' build argument 'cmake_target' from command line to 'None'
[9.208s] Level 5:colcon.colcon_core.verb:set package 'my_robot_controller' build argument 'cmake_target_skip_unavailable' from command line to 'False'
[9.208s] Level 5:colcon.colcon_core.verb:set package 'my_robot_controller' build argument 'cmake_clean_cache' from command line to 'False'
[9.208s] Level 5:colcon.colcon_core.verb:set package 'my_robot_controller' build argument 'cmake_clean_first' from command line to 'False'
[9.208s] Level 5:colcon.colcon_core.verb:set package 'my_robot_controller' build argument 'cmake_force_configure' from command line to 'False'
[9.209s] Level 5:colcon.colcon_core.verb:set package 'my_robot_controller' build argument 'ament_cmake_args' from command line to 'None'
[9.209s] Level 5:colcon.colcon_core.verb:set package 'my_robot_controller' build argument 'catkin_cmake_args' from command line to 'None'
[9.209s] Level 5:colcon.colcon_core.verb:set package 'my_robot_controller' build argument 'catkin_skip_building_tests' from command line to 'False'
[9.209s] DEBUG:colcon.colcon_core.verb:Building package 'my_robot_controller' with the following arguments: {'ament_cmake_args': None, 'build_base': '/home/rpi/ros2_ws/build/my_robot_controller', 'catkin_cmake_args': None, 'catkin_skip_building_tests': False, 'cmake_args': None, 'cmake_clean_cache': False, 'cmake_clean_first': False, 'cmake_force_configure': False, 'cmake_target': None, 'cmake_target_skip_unavailable': False, 'install_base': '/home/rpi/ros2_ws/install/my_robot_controller', 'merge_install': False, 'path': '/home/rpi/ros2_ws/src/my_robot_controller', 'symlink_install': False, 'test_result_base': None}
[9.312s] Level 5:colcon.colcon_core.verb:set package 'servo_controller' build argument 'cmake_args' from command line to 'None'
[9.313s] Level 5:colcon.colcon_core.verb:set package 'servo_controller' build argument 'cmake_target' from command line to 'None'
[9.313s] Level 5:colcon.colcon_core.verb:set package 'servo_controller' build argument 'cmake_target_skip_unavailable' from command line to 'False'
[9.313s] Level 5:colcon.colcon_core.verb:set package 'servo_controller' build argument 'cmake_clean_cache' from command line to 'False'
[9.313s] Level 5:colcon.colcon_core.verb:set package 'servo_controller' build argument 'cmake_clean_first' from command line to 'False'
[9.313s] Level 5:colcon.colcon_core.verb:set package 'servo_controller' build argument 'cmake_force_configure' from command line to 'False'
[9.313s] Level 5:colcon.colcon_core.verb:set package 'servo_controller' build argument 'ament_cmake_args' from command line to 'None'
[9.313s] Level 5:colcon.colcon_core.verb:set package 'servo_controller' build argument 'catkin_cmake_args' from command line to 'None'
[9.314s] Level 5:colcon.colcon_core.verb:set package 'servo_controller' build argument 'catkin_skip_building_tests' from command line to 'False'
[9.314s] DEBUG:colcon.colcon_core.verb:Building package 'servo_controller' with the following arguments: {'ament_cmake_args': None, 'build_base': '/home/rpi/ros2_ws/build/servo_controller', 'catkin_cmake_args': None, 'catkin_skip_building_tests': False, 'cmake_args': None, 'cmake_clean_cache': False, 'cmake_clean_first': False, 'cmake_force_configure': False, 'cmake_target': None, 'cmake_target_skip_unavailable': False, 'install_base': '/home/rpi/ros2_ws/install/servo_controller', 'merge_install': False, 'path': '/home/rpi/ros2_ws/src/servo_controller', 'symlink_install': False, 'test_result_base': None}
[9.417s] Level 5:colcon.colcon_core.verb:set package 'robot_arm_controller' build argument 'cmake_args' from command line to 'None'
[9.418s] Level 5:colcon.colcon_core.verb:set package 'robot_arm_controller' build argument 'cmake_target' from command line to 'None'
[9.418s] Level 5:colcon.colcon_core.verb:set package 'robot_arm_controller' build argument 'cmake_target_skip_unavailable' from command line to 'False'
[9.418s] Level 5:colcon.colcon_core.verb:set package 'robot_arm_controller' build argument 'cmake_clean_cache' from command line to 'False'
[9.418s] Level 5:colcon.colcon_core.verb:set package 'robot_arm_controller' build argument 'cmake_clean_first' from command line to 'False'
[9.418s] Level 5:colcon.colcon_core.verb:set package 'robot_arm_controller' build argument 'cmake_force_configure' from command line to 'False'
[9.418s] Level 5:colcon.colcon_core.verb:set package 'robot_arm_controller' build argument 'ament_cmake_args' from command line to 'None'
[9.418s] Level 5:colcon.colcon_core.verb:set package 'robot_arm_controller' build argument 'catkin_cmake_args' from command line to 'None'
[9.418s] Level 5:colcon.colcon_core.verb:set package 'robot_arm_controller' build argument 'catkin_skip_building_tests' from command line to 'False'
[9.419s] DEBUG:colcon.colcon_core.verb:Building package 'robot_arm_controller' with the following arguments: {'ament_cmake_args': None, 'build_base': '/home/rpi/ros2_ws/build/robot_arm_controller', 'catkin_cmake_args': None, 'catkin_skip_building_tests': False, 'cmake_args': None, 'cmake_clean_cache': False, 'cmake_clean_first': False, 'cmake_force_configure': False, 'cmake_target': None, 'cmake_target_skip_unavailable': False, 'install_base': '/home/rpi/ros2_ws/install/robot_arm_controller', 'merge_install': False, 'path': '/home/rpi/ros2_ws/src/robot_arm_controller', 'symlink_install': False, 'test_result_base': None}
[9.518s] INFO:colcon.colcon_core.executor:Executing jobs using 'parallel' executor
[9.625s] DEBUG:colcon.colcon_parallel_executor.executor.parallel:run_until_complete
[9.627s] INFO:colcon.colcon_ros.task.ament_python.build:Building ROS package in '/home/rpi/ros2_ws/src/hri_comms' with build type 'ament_python'
[9.628s] Level 1:colcon.colcon_core.shell:create_environment_hook('hri_comms', 'ament_prefix_path')
[9.784s] INFO:colcon.colcon_core.plugin_system:Skipping extension 'colcon_core.shell.bat': Not used on non-Windows systems
[9.786s] INFO:colcon.colcon_core.shell:Creating environment hook '/home/rpi/ros2_ws/install/hri_comms/share/hri_comms/hook/ament_prefix_path.ps1'
[9.790s] INFO:colcon.colcon_core.shell:Creating environment descriptor '/home/rpi/ros2_ws/install/hri_comms/share/hri_comms/hook/ament_prefix_path.dsv'
[9.793s] INFO:colcon.colcon_core.shell:Creating environment hook '/home/rpi/ros2_ws/install/hri_comms/share/hri_comms/hook/ament_prefix_path.sh'
[9.944s] INFO:colcon.colcon_core.shell:Skip shell extension 'powershell' for command environment: Not usable outside of PowerShell
[9.944s] DEBUG:colcon.colcon_core.shell:Skip shell extension 'dsv' for command environment
[10.292s] INFO:colcon.colcon_ros.task.ament_python.build:Building ROS package in '/home/rpi/ros2_ws/src/data_collection' with build type 'ament_python'
[10.293s] Level 1:colcon.colcon_core.shell:create_environment_hook('data_collection', 'ament_prefix_path')
[10.407s] INFO:colcon.colcon_core.shell:Creating environment hook '/home/rpi/ros2_ws/install/data_collection/share/data_collection/hook/ament_prefix_path.ps1'
[10.409s] INFO:colcon.colcon_core.shell:Creating environment descriptor '/home/rpi/ros2_ws/install/data_collection/share/data_collection/hook/ament_prefix_path.dsv'
[10.412s] INFO:colcon.colcon_core.shell:Creating environment hook '/home/rpi/ros2_ws/install/data_collection/share/data_collection/hook/ament_prefix_path.sh'
[10.524s] INFO:colcon.colcon_core.shell:Skip shell extension 'powershell' for command environment: Not usable outside of PowerShell
[10.524s] DEBUG:colcon.colcon_core.shell:Skip shell extension 'dsv' for command environment
[10.867s] INFO:colcon.colcon_ros.task.ament_python.build:Building ROS package in '/home/rpi/ros2_ws/src/my_robot_controller' with build type 'ament_python'
[10.868s] Level 1:colcon.colcon_core.shell:create_environment_hook('my_robot_controller', 'ament_prefix_path')
[10.976s] INFO:colcon.colcon_core.shell:Creating environment hook '/home/rpi/ros2_ws/install/my_robot_controller/share/my_robot_controller/hook/ament_prefix_path.ps1'
[10.979s] INFO:colcon.colcon_core.shell:Creating environment descriptor '/home/rpi/ros2_ws/install/my_robot_controller/share/my_robot_controller/hook/ament_prefix_path.dsv'
[10.981s] INFO:colcon.colcon_core.shell:Creating environment hook '/home/rpi/ros2_ws/install/my_robot_controller/share/my_robot_controller/hook/ament_prefix_path.sh'
[11.096s] INFO:colcon.colcon_core.shell:Skip shell extension 'powershell' for command environment: Not usable outside of PowerShell
[11.097s] DEBUG:colcon.colcon_core.shell:Skip shell extension 'dsv' for command environment
[11.491s] INFO:colcon.colcon_ros.task.ament_python.build:Building ROS package in '/home/rpi/ros2_ws/src/servo_controller' with build type 'ament_python'
[11.492s] Level 1:colcon.colcon_core.shell:create_environment_hook('servo_controller', 'ament_prefix_path')
[11.607s] INFO:colcon.colcon_core.shell:Creating environment hook '/home/rpi/ros2_ws/install/servo_controller/share/servo_controller/hook/ament_prefix_path.ps1'
[11.610s] INFO:colcon.colcon_core.shell:Creating environment descriptor '/home/rpi/ros2_ws/install/servo_controller/share/servo_controller/hook/ament_prefix_path.dsv'
[11.612s] INFO:colcon.colcon_core.shell:Creating environment hook '/home/rpi/ros2_ws/install/servo_controller/share/servo_controller/hook/ament_prefix_path.sh'
[11.724s] INFO:colcon.colcon_core.shell:Skip shell extension 'powershell' for command environment: Not usable outside of PowerShell
[11.725s] DEBUG:colcon.colcon_core.shell:Skip shell extension 'dsv' for command environment
[13.850s] INFO:colcon.colcon_core.task.python.build:Building Python package in '/home/rpi/ros2_ws/src/hri_comms'
[13.970s] INFO:colcon.colcon_core.shell:Skip shell extension 'powershell' for command environment: Not usable outside of PowerShell
[13.970s] DEBUG:colcon.colcon_core.shell:Skip shell extension 'dsv' for command environment
[16.215s] INFO:colcon.colcon_core.task.python.build:Building Python package in '/home/rpi/ros2_ws/src/data_collection'
[16.331s] INFO:colcon.colcon_core.shell:Skip shell extension 'powershell' for command environment: Not usable outside of PowerShell
[16.332s] DEBUG:colcon.colcon_core.shell:Skip shell extension 'dsv' for command environment
[18.412s] INFO:colcon.colcon_core.task.python.build:Building Python package in '/home/rpi/ros2_ws/src/my_robot_controller'
[18.520s] INFO:colcon.colcon_core.shell:Skip shell extension 'powershell' for command environment: Not usable outside of PowerShell
[18.520s] DEBUG:colcon.colcon_core.shell:Skip shell extension 'dsv' for command environment
[20.635s] INFO:colcon.colcon_core.task.python.build:Building Python package in '/home/rpi/ros2_ws/src/servo_controller'
[20.749s] INFO:colcon.colcon_core.shell:Skip shell extension 'powershell' for command environment: Not usable outside of PowerShell
[20.750s] DEBUG:colcon.colcon_core.shell:Skip shell extension 'dsv' for command environment
[24.251s] DEBUG:colcon.colcon_core.event_handler.log_command:Invoking command in '/home/rpi/ros2_ws/src/my_robot_controller': PYTHONPATH=/home/rpi/ros2_ws/build/my_robot_controller/prefix_override:/home/rpi/ros2_ws/install/my_robot_controller/lib/python3.10/site-packages:${PYTHONPATH} /usr/bin/python3 setup.py egg_info --egg-base ../../build/my_robot_controller build --build-base /home/rpi/ros2_ws/build/my_robot_controller/build install --record /home/rpi/ros2_ws/build/my_robot_controller/install.log --single-version-externally-managed
[25.138s] DEBUG:colcon.colcon_core.event_handler.log_command:Invoking command in '/home/rpi/ros2_ws/src/hri_comms': PYTHONPATH=/home/rpi/ros2_ws/build/hri_comms/prefix_override:/home/rpi/ros2_ws/install/hri_comms/lib/python3.10/site-packages:${PYTHONPATH} /usr/bin/python3 setup.py egg_info --egg-base ../../build/hri_comms build --build-base /home/rpi/ros2_ws/build/hri_comms/build install --record /home/rpi/ros2_ws/build/hri_comms/install.log --single-version-externally-managed
[25.357s] DEBUG:colcon.colcon_core.event_handler.log_command:Invoking command in '/home/rpi/ros2_ws/src/data_collection': PYTHONPATH=/home/rpi/ros2_ws/build/data_collection/prefix_override:/home/rpi/ros2_ws/install/data_collection/lib/python3.10/site-packages:${PYTHONPATH} /usr/bin/python3 setup.py egg_info --egg-base ../../build/data_collection build --build-base /home/rpi/ros2_ws/build/data_collection/build install --record /home/rpi/ros2_ws/build/data_collection/install.log --single-version-externally-managed
[25.803s] DEBUG:colcon.colcon_core.event_handler.log_command:Invoking command in '/home/rpi/ros2_ws/src/servo_controller': PYTHONPATH=/home/rpi/ros2_ws/build/servo_controller/prefix_override:/home/rpi/ros2_ws/install/servo_controller/lib/python3.10/site-packages:${PYTHONPATH} /usr/bin/python3 setup.py egg_info --egg-base ../../build/servo_controller build --build-base /home/rpi/ros2_ws/build/servo_controller/build install --record /home/rpi/ros2_ws/build/servo_controller/install.log --single-version-externally-managed
[28.628s] DEBUG:colcon.colcon_core.event_handler.log_command:Invoked command in '/home/rpi/ros2_ws/src/hri_comms' returned '0': PYTHONPATH=/home/rpi/ros2_ws/build/hri_comms/prefix_override:/home/rpi/ros2_ws/install/hri_comms/lib/python3.10/site-packages:${PYTHONPATH} /usr/bin/python3 setup.py egg_info --egg-base ../../build/hri_comms build --build-base /home/rpi/ros2_ws/build/hri_comms/build install --record /home/rpi/ros2_ws/build/hri_comms/install.log --single-version-externally-managed
[28.992s] Level 1:colcon.colcon_core.environment:checking '/home/rpi/ros2_ws/install/hri_comms' for CMake module files
[28.996s] Level 1:colcon.colcon_core.environment:checking '/home/rpi/ros2_ws/install/hri_comms' for CMake config files
[29.001s] Level 1:colcon.colcon_core.environment:checking '/home/rpi/ros2_ws/install/hri_comms/lib'
[29.002s] Level 1:colcon.colcon_core.environment:checking '/home/rpi/ros2_ws/install/hri_comms/bin'
[29.003s] Level 1:colcon.colcon_core.environment:checking '/home/rpi/ros2_ws/install/hri_comms/lib/pkgconfig/hri_comms.pc'
[29.004s] Level 1:colcon.colcon_core.environment:checking '/home/rpi/ros2_ws/install/hri_comms/lib/python3.10/site-packages'
[29.004s] Level 1:colcon.colcon_core.shell:create_environment_hook('hri_comms', 'pythonpath')
[29.137s] INFO:colcon.colcon_core.shell:Creating environment hook '/home/rpi/ros2_ws/install/hri_comms/share/hri_comms/hook/pythonpath.ps1'
[29.140s] INFO:colcon.colcon_core.shell:Creating environment descriptor '/home/rpi/ros2_ws/install/hri_comms/share/hri_comms/hook/pythonpath.dsv'
[29.142s] INFO:colcon.colcon_core.shell:Creating environment hook '/home/rpi/ros2_ws/install/hri_comms/share/hri_comms/hook/pythonpath.sh'
[29.148s] Level 1:colcon.colcon_core.environment:checking '/home/rpi/ros2_ws/install/hri_comms/bin'
[29.149s] Level 1:colcon.colcon_core.environment:create_environment_scripts_only(hri_comms)
[29.296s] INFO:colcon.colcon_core.shell:Creating package script '/home/rpi/ros2_ws/install/hri_comms/share/hri_comms/package.ps1'
[29.301s] INFO:colcon.colcon_core.shell:Creating package descriptor '/home/rpi/ros2_ws/install/hri_comms/share/hri_comms/package.dsv'
[29.305s] INFO:colcon.colcon_core.shell:Creating package script '/home/rpi/ros2_ws/install/hri_comms/share/hri_comms/package.sh'
[29.309s] INFO:colcon.colcon_core.shell:Creating package script '/home/rpi/ros2_ws/install/hri_comms/share/hri_comms/package.bash'
[29.315s] INFO:colcon.colcon_core.shell:Creating package script '/home/rpi/ros2_ws/install/hri_comms/share/hri_comms/package.zsh'
[29.319s] Level 1:colcon.colcon_core.environment:create_file_with_runtime_dependencies(/home/rpi/ros2_ws/install/hri_comms/share/colcon-core/packages/hri_comms)
[29.323s] INFO:colcon.colcon_ros.task.ament_python.build:Building ROS package in '/home/rpi/ros2_ws/src/robot_arm_controller' with build type 'ament_python'
[29.323s] Level 1:colcon.colcon_core.shell:create_environment_hook('robot_arm_controller', 'ament_prefix_path')
[29.519s] INFO:colcon.colcon_core.shell:Creating environment hook '/home/rpi/ros2_ws/install/robot_arm_controller/share/robot_arm_controller/hook/ament_prefix_path.ps1'
[29.522s] INFO:colcon.colcon_core.shell:Creating environment descriptor '/home/rpi/ros2_ws/install/robot_arm_controller/share/robot_arm_controller/hook/ament_prefix_path.dsv'
[29.525s] INFO:colcon.colcon_core.shell:Creating environment hook '/home/rpi/ros2_ws/install/robot_arm_controller/share/robot_arm_controller/hook/ament_prefix_path.sh'
[29.767s] INFO:colcon.colcon_core.shell:Skip shell extension 'powershell' for command environment: Not usable outside of PowerShell
[29.767s] DEBUG:colcon.colcon_core.shell:Skip shell extension 'dsv' for command environment
[30.119s] DEBUG:colcon.colcon_core.event_handler.log_command:Invoked command in '/home/rpi/ros2_ws/src/my_robot_controller' returned '0': PYTHONPATH=/home/rpi/ros2_ws/build/my_robot_controller/prefix_override:/home/rpi/ros2_ws/install/my_robot_controller/lib/python3.10/site-packages:${PYTHONPATH} /usr/bin/python3 setup.py egg_info --egg-base ../../build/my_robot_controller build --build-base /home/rpi/ros2_ws/build/my_robot_controller/build install --record /home/rpi/ros2_ws/build/my_robot_controller/install.log --single-version-externally-managed
[30.224s] Level 1:colcon.colcon_core.environment:checking '/home/rpi/ros2_ws/install/my_robot_controller' for CMake module files
[30.228s] Level 1:colcon.colcon_core.environment:checking '/home/rpi/ros2_ws/install/my_robot_controller' for CMake config files
[30.233s] Level 1:colcon.colcon_core.environment:checking '/home/rpi/ros2_ws/install/my_robot_controller/lib'
[30.234s] Level 1:colcon.colcon_core.environment:checking '/home/rpi/ros2_ws/install/my_robot_controller/bin'
[30.234s] Level 1:colcon.colcon_core.environment:checking '/home/rpi/ros2_ws/install/my_robot_controller/lib/pkgconfig/my_robot_controller.pc'
[30.235s] Level 1:colcon.colcon_core.environment:checking '/home/rpi/ros2_ws/install/my_robot_controller/lib/python3.10/site-packages'
[30.236s] Level 1:colcon.colcon_core.shell:create_environment_hook('my_robot_controller', 'pythonpath')
[30.345s] INFO:colcon.colcon_core.shell:Creating environment hook '/home/rpi/ros2_ws/install/my_robot_controller/share/my_robot_controller/hook/pythonpath.ps1'
[30.347s] INFO:colcon.colcon_core.shell:Creating environment descriptor '/home/rpi/ros2_ws/install/my_robot_controller/share/my_robot_controller/hook/pythonpath.dsv'
[30.349s] INFO:colcon.colcon_core.shell:Creating environment hook '/home/rpi/ros2_ws/install/my_robot_controller/share/my_robot_controller/hook/pythonpath.sh'
[30.352s] Level 1:colcon.colcon_core.environment:checking '/home/rpi/ros2_ws/install/my_robot_controller/bin'
[30.353s] Level 1:colcon.colcon_core.environment:create_environment_scripts_only(my_robot_controller)
[30.460s] INFO:colcon.colcon_core.shell:Creating package script '/home/rpi/ros2_ws/install/my_robot_controller/share/my_robot_controller/package.ps1'
[30.464s] INFO:colcon.colcon_core.shell:Creating package descriptor '/home/rpi/ros2_ws/install/my_robot_controller/share/my_robot_controller/package.dsv'
[30.467s] INFO:colcon.colcon_core.shell:Creating package script '/home/rpi/ros2_ws/install/my_robot_controller/share/my_robot_controller/package.sh'
[30.469s] INFO:colcon.colcon_core.shell:Creating package script '/home/rpi/ros2_ws/install/my_robot_controller/share/my_robot_controller/package.bash'
[30.471s] INFO:colcon.colcon_core.shell:Creating package script '/home/rpi/ros2_ws/install/my_robot_controller/share/my_robot_controller/package.zsh'
[30.473s] Level 1:colcon.colcon_core.environment:create_file_with_runtime_dependencies(/home/rpi/ros2_ws/install/my_robot_controller/share/colcon-core/packages/my_robot_controller)
[30.480s] DEBUG:colcon.colcon_core.event_handler.log_command:Invoked command in '/home/rpi/ros2_ws/src/data_collection' returned '0': PYTHONPATH=/home/rpi/ros2_ws/build/data_collection/prefix_override:/home/rpi/ros2_ws/install/data_collection/lib/python3.10/site-packages:${PYTHONPATH} /usr/bin/python3 setup.py egg_info --egg-base ../../build/data_collection build --build-base /home/rpi/ros2_ws/build/data_collection/build install --record /home/rpi/ros2_ws/build/data_collection/install.log --single-version-externally-managed
[30.593s] Level 1:colcon.colcon_core.environment:checking '/home/rpi/ros2_ws/install/data_collection' for CMake module files
[30.596s] Level 1:colcon.colcon_core.environment:checking '/home/rpi/ros2_ws/install/data_collection' for CMake config files
[30.601s] Level 1:colcon.colcon_core.environment:checking '/home/rpi/ros2_ws/install/data_collection/lib'
[30.601s] Level 1:colcon.colcon_core.environment:checking '/home/rpi/ros2_ws/install/data_collection/bin'
[30.602s] Level 1:colcon.colcon_core.environment:checking '/home/rpi/ros2_ws/install/data_collection/lib/pkgconfig/data_collection.pc'
[30.603s] Level 1:colcon.colcon_core.environment:checking '/home/rpi/ros2_ws/install/data_collection/lib/python3.10/site-packages'
[30.604s] Level 1:colcon.colcon_core.shell:create_environment_hook('data_collection', 'pythonpath')
[30.716s] INFO:colcon.colcon_core.shell:Creating environment hook '/home/rpi/ros2_ws/install/data_collection/share/data_collection/hook/pythonpath.ps1'
[30.719s] INFO:colcon.colcon_core.shell:Creating environment descriptor '/home/rpi/ros2_ws/install/data_collection/share/data_collection/hook/pythonpath.dsv'
[30.721s] INFO:colcon.colcon_core.shell:Creating environment hook '/home/rpi/ros2_ws/install/data_collection/share/data_collection/hook/pythonpath.sh'
[30.723s] Level 1:colcon.colcon_core.environment:checking '/home/rpi/ros2_ws/install/data_collection/bin'
[30.724s] Level 1:colcon.colcon_core.environment:create_environment_scripts_only(data_collection)
[30.832s] INFO:colcon.colcon_core.shell:Creating package script '/home/rpi/ros2_ws/install/data_collection/share/data_collection/package.ps1'
[30.836s] INFO:colcon.colcon_core.shell:Creating package descriptor '/home/rpi/ros2_ws/install/data_collection/share/data_collection/package.dsv'
[30.839s] INFO:colcon.colcon_core.shell:Creating package script '/home/rpi/ros2_ws/install/data_collection/share/data_collection/package.sh'
[30.841s] INFO:colcon.colcon_core.shell:Creating package script '/home/rpi/ros2_ws/install/data_collection/share/data_collection/package.bash'
[30.843s] INFO:colcon.colcon_core.shell:Creating package script '/home/rpi/ros2_ws/install/data_collection/share/data_collection/package.zsh'
[30.846s] Level 1:colcon.colcon_core.environment:create_file_with_runtime_dependencies(/home/rpi/ros2_ws/install/data_collection/share/colcon-core/packages/data_collection)
[30.855s] DEBUG:colcon.colcon_core.event_handler.log_command:Invoked command in '/home/rpi/ros2_ws/src/servo_controller' returned '0': PYTHONPATH=/home/rpi/ros2_ws/build/servo_controller/prefix_override:/home/rpi/ros2_ws/install/servo_controller/lib/python3.10/site-packages:${PYTHONPATH} /usr/bin/python3 setup.py egg_info --egg-base ../../build/servo_controller build --build-base /home/rpi/ros2_ws/build/servo_controller/build install --record /home/rpi/ros2_ws/build/servo_controller/install.log --single-version-externally-managed
[30.971s] Level 1:colcon.colcon_core.environment:checking '/home/rpi/ros2_ws/install/servo_controller' for CMake module files
[30.974s] Level 1:colcon.colcon_core.environment:checking '/home/rpi/ros2_ws/install/servo_controller' for CMake config files
[30.978s] Level 1:colcon.colcon_core.environment:checking '/home/rpi/ros2_ws/install/servo_controller/lib'
[30.978s] Level 1:colcon.colcon_core.environment:checking '/home/rpi/ros2_ws/install/servo_controller/bin'
[30.979s] Level 1:colcon.colcon_core.environment:checking '/home/rpi/ros2_ws/install/servo_controller/lib/pkgconfig/servo_controller.pc'
[30.980s] Level 1:colcon.colcon_core.environment:checking '/home/rpi/ros2_ws/install/servo_controller/lib/python3.10/site-packages'
[30.980s] Level 1:colcon.colcon_core.shell:create_environment_hook('servo_controller', 'pythonpath')
[31.086s] INFO:colcon.colcon_core.shell:Creating environment hook '/home/rpi/ros2_ws/install/servo_controller/share/servo_controller/hook/pythonpath.ps1'
[31.088s] INFO:colcon.colcon_core.shell:Creating environment descriptor '/home/rpi/ros2_ws/install/servo_controller/share/servo_controller/hook/pythonpath.dsv'
[31.090s] INFO:colcon.colcon_core.shell:Creating environment hook '/home/rpi/ros2_ws/install/servo_controller/share/servo_controller/hook/pythonpath.sh'
[31.093s] Level 1:colcon.colcon_core.environment:checking '/home/rpi/ros2_ws/install/servo_controller/bin'
[31.093s] Level 1:colcon.colcon_core.environment:create_environment_scripts_only(servo_controller)
[31.205s] INFO:colcon.colcon_core.shell:Creating package script '/home/rpi/ros2_ws/install/servo_controller/share/servo_controller/package.ps1'
[31.209s] INFO:colcon.colcon_core.shell:Creating package descriptor '/home/rpi/ros2_ws/install/servo_controller/share/servo_controller/package.dsv'
[31.212s] INFO:colcon.colcon_core.shell:Creating package script '/home/rpi/ros2_ws/install/servo_controller/share/servo_controller/package.sh'
[31.216s] INFO:colcon.colcon_core.shell:Creating package script '/home/rpi/ros2_ws/install/servo_controller/share/servo_controller/package.bash'
[31.218s] INFO:colcon.colcon_core.shell:Creating package script '/home/rpi/ros2_ws/install/servo_controller/share/servo_controller/package.zsh'
[31.220s] Level 1:colcon.colcon_core.environment:create_file_with_runtime_dependencies(/home/rpi/ros2_ws/install/servo_controller/share/colcon-core/packages/servo_controller)
[32.958s] INFO:colcon.colcon_core.task.python.build:Building Python package in '/home/rpi/ros2_ws/src/robot_arm_controller'
[33.067s] INFO:colcon.colcon_core.shell:Skip shell extension 'powershell' for command environment: Not usable outside of PowerShell
[33.068s] DEBUG:colcon.colcon_core.shell:Skip shell extension 'dsv' for command environment
[35.865s] DEBUG:colcon.colcon_core.event_handler.log_command:Invoking command in '/home/rpi/ros2_ws/src/robot_arm_controller': AMENT_PREFIX_PATH=/home/rpi/ros2_ws/install/hri_comms:/home/rpi/ros2_ws/install/servo_controller:/home/rpi/ros2_ws/install/robot_arm_controller:/home/rpi/ros2_ws/install/my_robot_controller:/home/rpi/ros2_ws/install/data_collection:/opt/ros/humble PYTHONPATH=/home/rpi/ros2_ws/build/robot_arm_controller/prefix_override:/home/rpi/ros2_ws/install/robot_arm_controller/lib/python3.10/site-packages:/home/rpi/ros2_ws/install/hri_comms/lib/python3.10/site-packages:/home/rpi/ros2_ws/install/servo_controller/lib/python3.10/site-packages:/home/rpi/ros2_ws/install/robot_arm_controller/lib/python3.10/site-packages:/home/rpi/ros2_ws/install/my_robot_controller/lib/python3.10/site-packages:/home/rpi/ros2_ws/install/data_collection/lib/python3.10/site-packages:/opt/ros/humble/lib/python3.10/site-packages:/opt/ros/humble/local/lib/python3.10/dist-packages /usr/bin/python3 setup.py egg_info --egg-base ../../build/robot_arm_controller build --build-base /home/rpi/ros2_ws/build/robot_arm_controller/build install --record /home/rpi/ros2_ws/build/robot_arm_controller/install.log --single-version-externally-managed
[38.671s] DEBUG:colcon.colcon_core.event_handler.log_command:Invoked command in '/home/rpi/ros2_ws/src/robot_arm_controller' returned '0': AMENT_PREFIX_PATH=/home/rpi/ros2_ws/install/hri_comms:/home/rpi/ros2_ws/install/servo_controller:/home/rpi/ros2_ws/install/robot_arm_controller:/home/rpi/ros2_ws/install/my_robot_controller:/home/rpi/ros2_ws/install/data_collection:/opt/ros/humble PYTHONPATH=/home/rpi/ros2_ws/build/robot_arm_controller/prefix_override:/home/rpi/ros2_ws/install/robot_arm_controller/lib/python3.10/site-packages:/home/rpi/ros2_ws/install/hri_comms/lib/python3.10/site-packages:/home/rpi/ros2_ws/install/servo_controller/lib/python3.10/site-packages:/home/rpi/ros2_ws/install/robot_arm_controller/lib/python3.10/site-packages:/home/rpi/ros2_ws/install/my_robot_controller/lib/python3.10/site-packages:/home/rpi/ros2_ws/install/data_collection/lib/python3.10/site-packages:/opt/ros/humble/lib/python3.10/site-packages:/opt/ros/humble/local/lib/python3.10/dist-packages /usr/bin/python3 setup.py egg_info --egg-base ../../build/robot_arm_controller build --build-base /home/rpi/ros2_ws/build/robot_arm_controller/build install --record /home/rpi/ros2_ws/build/robot_arm_controller/install.log --single-version-externally-managed
[38.820s] Level 1:colcon.colcon_core.environment:checking '/home/rpi/ros2_ws/install/robot_arm_controller' for CMake module files
[38.823s] Level 1:colcon.colcon_core.environment:checking '/home/rpi/ros2_ws/install/robot_arm_controller' for CMake config files
[38.828s] Level 1:colcon.colcon_core.environment:checking '/home/rpi/ros2_ws/install/robot_arm_controller/lib'
[38.829s] Level 1:colcon.colcon_core.environment:checking '/home/rpi/ros2_ws/install/robot_arm_controller/bin'
[38.829s] Level 1:colcon.colcon_core.environment:checking '/home/rpi/ros2_ws/install/robot_arm_controller/lib/pkgconfig/robot_arm_controller.pc'
[38.830s] Level 1:colcon.colcon_core.environment:checking '/home/rpi/ros2_ws/install/robot_arm_controller/lib/python3.10/site-packages'
[38.831s] Level 1:colcon.colcon_core.shell:create_environment_hook('robot_arm_controller', 'pythonpath')
[39.014s] INFO:colcon.colcon_core.shell:Creating environment hook '/home/rpi/ros2_ws/install/robot_arm_controller/share/robot_arm_controller/hook/pythonpath.ps1'
[39.016s] INFO:colcon.colcon_core.shell:Creating environment descriptor '/home/rpi/ros2_ws/install/robot_arm_controller/share/robot_arm_controller/hook/pythonpath.dsv'
[39.019s] INFO:colcon.colcon_core.shell:Creating environment hook '/home/rpi/ros2_ws/install/robot_arm_controller/share/robot_arm_controller/hook/pythonpath.sh'
[39.024s] Level 1:colcon.colcon_core.environment:checking '/home/rpi/ros2_ws/install/robot_arm_controller/bin'
[39.024s] Level 1:colcon.colcon_core.environment:create_environment_scripts_only(robot_arm_controller)
[39.249s] INFO:colcon.colcon_core.shell:Creating package script '/home/rpi/ros2_ws/install/robot_arm_controller/share/robot_arm_controller/package.ps1'
[39.262s] INFO:colcon.colcon_core.shell:Creating package descriptor '/home/rpi/ros2_ws/install/robot_arm_controller/share/robot_arm_controller/package.dsv'
[39.268s] INFO:colcon.colcon_core.shell:Creating package script '/home/rpi/ros2_ws/install/robot_arm_controller/share/robot_arm_controller/package.sh'
[39.271s] INFO:colcon.colcon_core.shell:Creating package script '/home/rpi/ros2_ws/install/robot_arm_controller/share/robot_arm_controller/package.bash'
[39.274s] INFO:colcon.colcon_core.shell:Creating package script '/home/rpi/ros2_ws/install/robot_arm_controller/share/robot_arm_controller/package.zsh'
[39.277s] Level 1:colcon.colcon_core.environment:create_file_with_runtime_dependencies(/home/rpi/ros2_ws/install/robot_arm_controller/share/colcon-core/packages/robot_arm_controller)
[39.283s] DEBUG:colcon.colcon_parallel_executor.executor.parallel:closing loop
[39.284s] DEBUG:colcon.colcon_parallel_executor.executor.parallel:loop closed
[39.285s] DEBUG:colcon.colcon_parallel_executor.executor.parallel:run_until_complete finished with '0'
[39.286s] DEBUG:colcon.colcon_core.event_reactor:joining thread
[39.522s] INFO:colcon.colcon_core.plugin_system:Skipping extension 'colcon_notification.desktop_notification.terminal_notifier': Not used on non-Darwin systems
[39.523s] INFO:colcon.colcon_core.plugin_system:Skipping extension 'colcon_notification.desktop_notification.win32': Not used on non-Windows systems
[39.524s] INFO:colcon.colcon_notification.desktop_notification:Sending desktop notification using 'notify2'
[39.642s] DEBUG:colcon.colcon_core.event_reactor:joined thread
[39.851s] INFO:colcon.colcon_core.shell:Creating prefix script '/home/rpi/ros2_ws/install/local_setup.ps1'
[39.856s] INFO:colcon.colcon_core.shell:Creating prefix util module '/home/rpi/ros2_ws/install/_local_setup_util_ps1.py'
[39.866s] INFO:colcon.colcon_core.shell:Creating prefix chain script '/home/rpi/ros2_ws/install/setup.ps1'
[40.086s] INFO:colcon.colcon_core.shell:Creating prefix script '/home/rpi/ros2_ws/install/local_setup.sh'
[40.090s] INFO:colcon.colcon_core.shell:Creating prefix util module '/home/rpi/ros2_ws/install/_local_setup_util_sh.py'
[40.094s] INFO:colcon.colcon_core.shell:Creating prefix chain script '/home/rpi/ros2_ws/install/setup.sh'
[40.273s] INFO:colcon.colcon_core.shell:Creating prefix script '/home/rpi/ros2_ws/install/local_setup.bash'
[40.277s] INFO:colcon.colcon_core.shell:Creating prefix chain script '/home/rpi/ros2_ws/install/setup.bash'
[40.462s] INFO:colcon.colcon_core.shell:Creating prefix script '/home/rpi/ros2_ws/install/local_setup.zsh'
[40.465s] INFO:colcon.colcon_core.shell:Creating prefix chain script '/home/rpi/ros2_ws/install/setup.zsh'
