[9.962s] Invoking command in '/home/rpi/ros2_ws/src/hri_comms': PYTHONPATH=/home/rpi/ros2_ws/build/hri_comms/prefix_override:/home/rpi/ros2_ws/install/hri_comms/lib/python3.10/site-packages:${PYTHONPATH} /usr/bin/python3 setup.py egg_info --egg-base ../../build/hri_comms build --build-base /home/rpi/ros2_ws/build/hri_comms/build install --record /home/rpi/ros2_ws/build/hri_comms/install.log --single-version-externally-managed
[11.962s] running egg_info
[11.969s] writing ../../build/hri_comms/hri_comms.egg-info/PKG-INFO
[11.972s] writing dependency_links to ../../build/hri_comms/hri_comms.egg-info/dependency_links.txt
[11.978s] writing entry points to ../../build/hri_comms/hri_comms.egg-info/entry_points.txt
[11.979s] writing requirements to ../../build/hri_comms/hri_comms.egg-info/requires.txt
[11.981s] writing top-level names to ../../build/hri_comms/hri_comms.egg-info/top_level.txt
[11.994s] reading manifest file '../../build/hri_comms/hri_comms.egg-info/SOURCES.txt'
[11.999s] writing manifest file '../../build/hri_comms/hri_comms.egg-info/SOURCES.txt'
[12.000s] running build
[12.001s] running build_py
[12.002s] running install
[12.004s] running install_lib
[12.012s] running install_data
[12.015s] running install_egg_info
[12.029s] removing '/home/rpi/ros2_ws/install/hri_comms/lib/python3.10/site-packages/hri_comms-0.0.0-py3.10.egg-info' (and everything under it)
[12.035s] Copying ../../build/hri_comms/hri_comms.egg-info to /home/rpi/ros2_ws/install/hri_comms/lib/python3.10/site-packages/hri_comms-0.0.0-py3.10.egg-info
[12.037s] running install_scripts
[12.173s] Installing data_handler script to /home/rpi/ros2_ws/install/hri_comms/lib/hri_comms
[12.209s] Installing udp_server script to /home/rpi/ros2_ws/install/hri_comms/lib/hri_comms
[12.214s] writing list of installed files to '/home/rpi/ros2_ws/build/hri_comms/install.log'
[12.372s] Invoked command in '/home/rpi/ros2_ws/src/hri_comms' returned '0': PYTHONPATH=/home/rpi/ros2_ws/build/hri_comms/prefix_override:/home/rpi/ros2_ws/install/hri_comms/lib/python3.10/site-packages:${PYTHONPATH} /usr/bin/python3 setup.py egg_info --egg-base ../../build/hri_comms build --build-base /home/rpi/ros2_ws/build/hri_comms/build install --record /home/rpi/ros2_ws/build/hri_comms/install.log --single-version-externally-managed
