[15.137s] Invoking command in '/home/rpi/ros2_ws/src/data_collection': PYTHONPATH=/home/rpi/ros2_ws/build/data_collection/prefix_override:/home/rpi/ros2_ws/install/data_collection/lib/python3.10/site-packages:${PYTHONPATH} /usr/bin/python3 setup.py egg_info --egg-base ../../build/data_collection build --build-base /home/rpi/ros2_ws/build/data_collection/build install --record /home/rpi/ros2_ws/build/data_collection/install.log --single-version-externally-managed
[17.365s] running egg_info
[17.368s] writing ../../build/data_collection/data_collection.egg-info/PKG-INFO
[17.373s] writing dependency_links to ../../build/data_collection/data_collection.egg-info/dependency_links.txt
[17.376s] writing entry points to ../../build/data_collection/data_collection.egg-info/entry_points.txt
[17.378s] writing requirements to ../../build/data_collection/data_collection.egg-info/requires.txt
[17.386s] writing top-level names to ../../build/data_collection/data_collection.egg-info/top_level.txt
[17.408s] reading manifest file '../../build/data_collection/data_collection.egg-info/SOURCES.txt'
[17.416s] writing manifest file '../../build/data_collection/data_collection.egg-info/SOURCES.txt'
[17.417s] running build
[17.417s] running build_py
[17.423s] running install
[17.426s] running install_lib
[17.444s] running install_data
[17.452s] running install_egg_info
[17.471s] removing '/home/rpi/ros2_ws/install/data_collection/lib/python3.10/site-packages/data_collection-0.0.0-py3.10.egg-info' (and everything under it)
[17.502s] Copying ../../build/data_collection/data_collection.egg-info to /home/rpi/ros2_ws/install/data_collection/lib/python3.10/site-packages/data_collection-0.0.0-py3.10.egg-info
[17.505s] running install_scripts
[17.659s] Installing csv_writer script to /home/rpi/ros2_ws/install/data_collection/lib/data_collection
[17.665s] writing list of installed files to '/home/rpi/ros2_ws/build/data_collection/install.log'
[19.864s] Invoked command in '/home/rpi/ros2_ws/src/data_collection' returned '0': PYTHONPATH=/home/rpi/ros2_ws/build/data_collection/prefix_override:/home/rpi/ros2_ws/install/data_collection/lib/python3.10/site-packages:${PYTHONPATH} /usr/bin/python3 setup.py egg_info --egg-base ../../build/data_collection build --build-base /home/rpi/ros2_ws/build/data_collection/build install --record /home/rpi/ros2_ws/build/data_collection/install.log --single-version-externally-managed
