[13.730s] Invoking command in '/home/rpi/ros2_ws/src/hri_comms': PYTHONPATH=/home/rpi/ros2_ws/build/hri_comms/prefix_override:/home/rpi/ros2_ws/install/hri_comms/lib/python3.10/site-packages:${PYTHONPATH} /usr/bin/python3 setup.py egg_info --egg-base ../../build/hri_comms build --build-base /home/rpi/ros2_ws/build/hri_comms/build install --record /home/rpi/ros2_ws/build/hri_comms/install.log --single-version-externally-managed
[15.947s] running egg_info
[15.952s] writing ../../build/hri_comms/hri_comms.egg-info/PKG-INFO
[15.956s] writing dependency_links to ../../build/hri_comms/hri_comms.egg-info/dependency_links.txt
[15.961s] writing entry points to ../../build/hri_comms/hri_comms.egg-info/entry_points.txt
[15.963s] writing requirements to ../../build/hri_comms/hri_comms.egg-info/requires.txt
[15.965s] writing top-level names to ../../build/hri_comms/hri_comms.egg-info/top_level.txt
[15.979s] reading manifest file '../../build/hri_comms/hri_comms.egg-info/SOURCES.txt'
[15.986s] writing manifest file '../../build/hri_comms/hri_comms.egg-info/SOURCES.txt'
[15.988s] running build
[15.989s] running build_py
[16.002s] running install
[16.005s] running install_lib
[16.014s] running install_data
[16.020s] running install_egg_info
[16.031s] removing '/home/rpi/ros2_ws/install/hri_comms/lib/python3.10/site-packages/hri_comms-0.0.0-py3.10.egg-info' (and everything under it)
[16.043s] Copying ../../build/hri_comms/hri_comms.egg-info to /home/rpi/ros2_ws/install/hri_comms/lib/python3.10/site-packages/hri_comms-0.0.0-py3.10.egg-info
[16.076s] running install_scripts
[16.258s] Installing data_handler script to /home/rpi/ros2_ws/install/hri_comms/lib/hri_comms
[16.262s] Installing udp_server script to /home/rpi/ros2_ws/install/hri_comms/lib/hri_comms
[16.266s] writing list of installed files to '/home/rpi/ros2_ws/build/hri_comms/install.log'
[16.556s] Invoked command in '/home/rpi/ros2_ws/src/hri_comms' returned '0': PYTHONPATH=/home/rpi/ros2_ws/build/hri_comms/prefix_override:/home/rpi/ros2_ws/install/hri_comms/lib/python3.10/site-packages:${PYTHONPATH} /usr/bin/python3 setup.py egg_info --egg-base ../../build/hri_comms build --build-base /home/rpi/ros2_ws/build/hri_comms/build install --record /home/rpi/ros2_ws/build/hri_comms/install.log --single-version-externally-managed
