[4.661s] Invoking command in '/home/rpi/ros2_ws/src/robot_arm_controller': AMENT_PREFIX_PATH=/home/rpi/ros2_ws/install/hri_comms:/home/rpi/ros2_ws/install/servo_controller:/home/rpi/ros2_ws/install/robot_arm_controller:/home/rpi/ros2_ws/install/my_robot_controller:/home/rpi/ros2_ws/install/data_collection:/opt/ros/humble PYTHONPATH=/home/rpi/ros2_ws/build/robot_arm_controller/prefix_override:/home/rpi/ros2_ws/install/robot_arm_controller/lib/python3.10/site-packages:/home/rpi/ros2_ws/install/hri_comms/lib/python3.10/site-packages:/home/rpi/ros2_ws/install/servo_controller/lib/python3.10/site-packages:/home/rpi/ros2_ws/install/robot_arm_controller/lib/python3.10/site-packages:/home/rpi/ros2_ws/install/my_robot_controller/lib/python3.10/site-packages:/home/rpi/ros2_ws/install/data_collection/lib/python3.10/site-packages:/opt/ros/humble/lib/python3.10/site-packages:/opt/ros/humble/local/lib/python3.10/dist-packages /usr/bin/python3 setup.py egg_info --egg-base ../../build/robot_arm_controller build --build-base /home/rpi/ros2_ws/build/robot_arm_controller/build install --record /home/rpi/ros2_ws/build/robot_arm_controller/install.log --single-version-externally-managed
[9.490s] running egg_info
[9.498s] writing ../../build/robot_arm_controller/robot_arm_controller.egg-info/PKG-INFO
[9.505s] writing dependency_links to ../../build/robot_arm_controller/robot_arm_controller.egg-info/dependency_links.txt
[9.508s] writing entry points to ../../build/robot_arm_controller/robot_arm_controller.egg-info/entry_points.txt
[9.513s] writing requirements to ../../build/robot_arm_controller/robot_arm_controller.egg-info/requires.txt
[9.516s] writing top-level names to ../../build/robot_arm_controller/robot_arm_controller.egg-info/top_level.txt
[9.546s] reading manifest file '../../build/robot_arm_controller/robot_arm_controller.egg-info/SOURCES.txt'
[9.559s] writing manifest file '../../build/robot_arm_controller/robot_arm_controller.egg-info/SOURCES.txt'
[9.563s] running build
[9.565s] running build_py
[9.573s] running install
[9.578s] running install_lib
[9.598s] running install_data
[9.611s] running install_egg_info
[9.638s] removing '/home/rpi/ros2_ws/install/robot_arm_controller/lib/python3.10/site-packages/robot_arm_controller-0.0.0-py3.10.egg-info' (and everything under it)
[9.645s] Copying ../../build/robot_arm_controller/robot_arm_controller.egg-info to /home/rpi/ros2_ws/install/robot_arm_controller/lib/python3.10/site-packages/robot_arm_controller-0.0.0-py3.10.egg-info
[9.671s] running install_scripts
[9.925s] Installing hand_coord_controller script to /home/rpi/ros2_ws/install/robot_arm_controller/lib/robot_arm_controller
[9.930s] Installing keyboard_coord_controller script to /home/rpi/ros2_ws/install/robot_arm_controller/lib/robot_arm_controller
[9.938s] writing list of installed files to '/home/rpi/ros2_ws/build/robot_arm_controller/install.log'
[10.361s] Invoked command in '/home/rpi/ros2_ws/src/robot_arm_controller' returned '0': AMENT_PREFIX_PATH=/home/rpi/ros2_ws/install/hri_comms:/home/rpi/ros2_ws/install/servo_controller:/home/rpi/ros2_ws/install/robot_arm_controller:/home/rpi/ros2_ws/install/my_robot_controller:/home/rpi/ros2_ws/install/data_collection:/opt/ros/humble PYTHONPATH=/home/rpi/ros2_ws/build/robot_arm_controller/prefix_override:/home/rpi/ros2_ws/install/robot_arm_controller/lib/python3.10/site-packages:/home/rpi/ros2_ws/install/hri_comms/lib/python3.10/site-packages:/home/rpi/ros2_ws/install/servo_controller/lib/python3.10/site-packages:/home/rpi/ros2_ws/install/robot_arm_controller/lib/python3.10/site-packages:/home/rpi/ros2_ws/install/my_robot_controller/lib/python3.10/site-packages:/home/rpi/ros2_ws/install/data_collection/lib/python3.10/site-packages:/opt/ros/humble/lib/python3.10/site-packages:/opt/ros/humble/local/lib/python3.10/dist-packages /usr/bin/python3 setup.py egg_info --egg-base ../../build/robot_arm_controller build --build-base /home/rpi/ros2_ws/build/robot_arm_controller/build install --record /home/rpi/ros2_ws/build/robot_arm_controller/install.log --single-version-externally-managed
