[32.963s] Invoking command in '/home/rpi/ros2_ws/src/hri_comms': PYTHONPATH=/home/rpi/ros2_ws/build/hri_comms/prefix_override:/home/rpi/ros2_ws/install/hri_comms/lib/python3.10/site-packages:${PYTHONPATH} /usr/bin/python3 setup.py egg_info --egg-base ../../build/hri_comms build --build-base /home/rpi/ros2_ws/build/hri_comms/build install --record /home/rpi/ros2_ws/build/hri_comms/install.log --single-version-externally-managed
[36.919s] running egg_info
[36.983s] writing ../../build/hri_comms/hri_comms.egg-info/PKG-INFO
[36.983s] writing dependency_links to ../../build/hri_comms/hri_comms.egg-info/dependency_links.txt
[36.984s] writing entry points to ../../build/hri_comms/hri_comms.egg-info/entry_points.txt
[36.985s] writing requirements to ../../build/hri_comms/hri_comms.egg-info/requires.txt
[37.013s] writing top-level names to ../../build/hri_comms/hri_comms.egg-info/top_level.txt
[37.031s] reading manifest file '../../build/hri_comms/hri_comms.egg-info/SOURCES.txt'
[37.046s] writing manifest file '../../build/hri_comms/hri_comms.egg-info/SOURCES.txt'
[37.061s] running build
[37.071s] running build_py
[37.100s] copying hri_comms/udp_server.py -> /home/rpi/ros2_ws/build/hri_comms/build/lib/hri_comms
[37.103s] running install
[37.106s] running install_lib
[37.114s] copying /home/rpi/ros2_ws/build/hri_comms/build/lib/hri_comms/udp_server.py -> /home/rpi/ros2_ws/install/hri_comms/lib/python3.10/site-packages/hri_comms
[37.141s] byte-compiling /home/rpi/ros2_ws/install/hri_comms/lib/python3.10/site-packages/hri_comms/udp_server.py to udp_server.cpython-310.pyc
[37.171s] running install_data
[37.173s] running install_egg_info
[37.202s] removing '/home/rpi/ros2_ws/install/hri_comms/lib/python3.10/site-packages/hri_comms-0.0.0-py3.10.egg-info' (and everything under it)
[37.203s] Copying ../../build/hri_comms/hri_comms.egg-info to /home/rpi/ros2_ws/install/hri_comms/lib/python3.10/site-packages/hri_comms-0.0.0-py3.10.egg-info
[37.233s] running install_scripts
[37.458s] Installing data_handler script to /home/rpi/ros2_ws/install/hri_comms/lib/hri_comms
[37.473s] Installing udp_server script to /home/rpi/ros2_ws/install/hri_comms/lib/hri_comms
[37.477s] writing list of installed files to '/home/rpi/ros2_ws/build/hri_comms/install.log'
[38.290s] Invoked command in '/home/rpi/ros2_ws/src/hri_comms' returned '0': PYTHONPATH=/home/rpi/ros2_ws/build/hri_comms/prefix_override:/home/rpi/ros2_ws/install/hri_comms/lib/python3.10/site-packages:${PYTHONPATH} /usr/bin/python3 setup.py egg_info --egg-base ../../build/hri_comms build --build-base /home/rpi/ros2_ws/build/hri_comms/build install --record /home/rpi/ros2_ws/build/hri_comms/install.log --single-version-externally-managed
