[11.126s] Invoking command in '/home/rpi/ros2_ws/src/servo_controller': PYTHONPATH=/home/rpi/ros2_ws/build/servo_controller/prefix_override:/home/rpi/ros2_ws/install/servo_controller/lib/python3.10/site-packages:${PYTHONPATH} /usr/bin/python3 setup.py egg_info --egg-base ../../build/servo_controller build --build-base /home/rpi/ros2_ws/build/servo_controller/build install --record /home/rpi/ros2_ws/build/servo_controller/install.log --single-version-externally-managed
[13.165s] running egg_info
[13.171s] writing ../../build/servo_controller/servo_controller.egg-info/PKG-INFO
[13.174s] writing dependency_links to ../../build/servo_controller/servo_controller.egg-info/dependency_links.txt
[13.178s] writing entry points to ../../build/servo_controller/servo_controller.egg-info/entry_points.txt
[13.180s] writing requirements to ../../build/servo_controller/servo_controller.egg-info/requires.txt
[13.181s] writing top-level names to ../../build/servo_controller/servo_controller.egg-info/top_level.txt
[13.194s] reading manifest file '../../build/servo_controller/servo_controller.egg-info/SOURCES.txt'
[13.201s] writing manifest file '../../build/servo_controller/servo_controller.egg-info/SOURCES.txt'
[13.205s] running build
[13.207s] running build_py
[13.213s] running install
[13.217s] running install_lib
[13.260s] running install_data
[13.266s] running install_egg_info
[13.280s] removing '/home/rpi/ros2_ws/install/servo_controller/lib/python3.10/site-packages/servo_controller-0.0.0-py3.10.egg-info' (and everything under it)
[13.284s] Copying ../../build/servo_controller/servo_controller.egg-info to /home/rpi/ros2_ws/install/servo_controller/lib/python3.10/site-packages/servo_controller-0.0.0-py3.10.egg-info
[13.362s] running install_scripts
[13.535s] Installing actuate_servo script to /home/rpi/ros2_ws/install/servo_controller/lib/servo_controller
[13.537s] Installing keyboard_input script to /home/rpi/ros2_ws/install/servo_controller/lib/servo_controller
[13.542s] writing list of installed files to '/home/rpi/ros2_ws/build/servo_controller/install.log'
[14.204s] Invoked command in '/home/rpi/ros2_ws/src/servo_controller' returned '0': PYTHONPATH=/home/rpi/ros2_ws/build/servo_controller/prefix_override:/home/rpi/ros2_ws/install/servo_controller/lib/python3.10/site-packages:${PYTHONPATH} /usr/bin/python3 setup.py egg_info --egg-base ../../build/servo_controller build --build-base /home/rpi/ros2_ws/build/servo_controller/build install --record /home/rpi/ros2_ws/build/servo_controller/install.log --single-version-externally-managed
