[10.683s] Invoking command in '/home/rpi/ros2_ws/src/servo_controller': PYTHONPATH=/home/rpi/ros2_ws/build/servo_controller/prefix_override:/home/rpi/ros2_ws/install/servo_controller/lib/python3.10/site-packages:${PYTHONPATH} /usr/bin/python3 setup.py egg_info --egg-base ../../build/servo_controller build --build-base /home/rpi/ros2_ws/build/servo_controller/build install --record /home/rpi/ros2_ws/build/servo_controller/install.log --single-version-externally-managed
[12.914s] running egg_info
[12.922s] writing ../../build/servo_controller/servo_controller.egg-info/PKG-INFO
[12.925s] writing dependency_links to ../../build/servo_controller/servo_controller.egg-info/dependency_links.txt
[12.931s] writing entry points to ../../build/servo_controller/servo_controller.egg-info/entry_points.txt
[12.934s] writing requirements to ../../build/servo_controller/servo_controller.egg-info/requires.txt
[12.936s] writing top-level names to ../../build/servo_controller/servo_controller.egg-info/top_level.txt
[12.965s] reading manifest file '../../build/servo_controller/servo_controller.egg-info/SOURCES.txt'
[12.977s] writing manifest file '../../build/servo_controller/servo_controller.egg-info/SOURCES.txt'
[12.979s] running build
[12.980s] running build_py
[12.981s] running install
[12.984s] running install_lib
[12.997s] running install_data
[13.002s] running install_egg_info
[13.016s] removing '/home/rpi/ros2_ws/install/servo_controller/lib/python3.10/site-packages/servo_controller-0.0.0-py3.10.egg-info' (and everything under it)
[13.020s] Copying ../../build/servo_controller/servo_controller.egg-info to /home/rpi/ros2_ws/install/servo_controller/lib/python3.10/site-packages/servo_controller-0.0.0-py3.10.egg-info
[13.034s] running install_scripts
[13.176s] Installing actuate_servo script to /home/rpi/ros2_ws/install/servo_controller/lib/servo_controller
[13.184s] Installing keyboard_input script to /home/rpi/ros2_ws/install/servo_controller/lib/servo_controller
[13.188s] writing list of installed files to '/home/rpi/ros2_ws/build/servo_controller/install.log'
[14.236s] Invoked command in '/home/rpi/ros2_ws/src/servo_controller' returned '0': PYTHONPATH=/home/rpi/ros2_ws/build/servo_controller/prefix_override:/home/rpi/ros2_ws/install/servo_controller/lib/python3.10/site-packages:${PYTHONPATH} /usr/bin/python3 setup.py egg_info --egg-base ../../build/servo_controller build --build-base /home/rpi/ros2_ws/build/servo_controller/build install --record /home/rpi/ros2_ws/build/servo_controller/install.log --single-version-externally-managed
