[13.728s] Invoking command in '/home/rpi/ros2_ws/src/data_collection': PYTHONPATH=/home/rpi/ros2_ws/build/data_collection/prefix_override:/home/rpi/ros2_ws/install/data_collection/lib/python3.10/site-packages:${PYTHONPATH} /usr/bin/python3 setup.py egg_info --egg-base ../../build/data_collection build --build-base /home/rpi/ros2_ws/build/data_collection/build install --record /home/rpi/ros2_ws/build/data_collection/install.log --single-version-externally-managed
[16.433s] running egg_info
[16.440s] writing ../../build/data_collection/data_collection.egg-info/PKG-INFO
[16.442s] writing dependency_links to ../../build/data_collection/data_collection.egg-info/dependency_links.txt
[16.444s] writing entry points to ../../build/data_collection/data_collection.egg-info/entry_points.txt
[16.449s] writing requirements to ../../build/data_collection/data_collection.egg-info/requires.txt
[16.450s] writing top-level names to ../../build/data_collection/data_collection.egg-info/top_level.txt
[16.462s] reading manifest file '../../build/data_collection/data_collection.egg-info/SOURCES.txt'
[16.499s] writing manifest file '../../build/data_collection/data_collection.egg-info/SOURCES.txt'
[16.501s] running build
[16.503s] running build_py
[16.503s] running install
[16.504s] running install_lib
[16.511s] running install_data
[16.515s] running install_egg_info
[16.525s] removing '/home/rpi/ros2_ws/install/data_collection/lib/python3.10/site-packages/data_collection-0.0.0-py3.10.egg-info' (and everything under it)
[16.527s] Copying ../../build/data_collection/data_collection.egg-info to /home/rpi/ros2_ws/install/data_collection/lib/python3.10/site-packages/data_collection-0.0.0-py3.10.egg-info
[16.541s] running install_scripts
[16.686s] Installing csv_writer script to /home/rpi/ros2_ws/install/data_collection/lib/data_collection
[16.699s] writing list of installed files to '/home/rpi/ros2_ws/build/data_collection/install.log'
[18.167s] Invoked command in '/home/rpi/ros2_ws/src/data_collection' returned '0': PYTHONPATH=/home/rpi/ros2_ws/build/data_collection/prefix_override:/home/rpi/ros2_ws/install/data_collection/lib/python3.10/site-packages:${PYTHONPATH} /usr/bin/python3 setup.py egg_info --egg-base ../../build/data_collection build --build-base /home/rpi/ros2_ws/build/data_collection/build install --record /home/rpi/ros2_ws/build/data_collection/install.log --single-version-externally-managed
