[13.246s] Invoking command in '/home/rpi/ros2_ws/src/hri_comms': PYTHONPATH=/home/rpi/ros2_ws/build/hri_comms/prefix_override:/home/rpi/ros2_ws/install/hri_comms/lib/python3.10/site-packages:${PYTHONPATH} /usr/bin/python3 setup.py egg_info --egg-base ../../build/hri_comms build --build-base /home/rpi/ros2_ws/build/hri_comms/build install --record /home/rpi/ros2_ws/build/hri_comms/install.log --single-version-externally-managed
[15.461s] running egg_info
[15.465s] writing ../../build/hri_comms/hri_comms.egg-info/PKG-INFO
[15.467s] writing dependency_links to ../../build/hri_comms/hri_comms.egg-info/dependency_links.txt
[15.468s] writing entry points to ../../build/hri_comms/hri_comms.egg-info/entry_points.txt
[15.470s] writing requirements to ../../build/hri_comms/hri_comms.egg-info/requires.txt
[15.471s] writing top-level names to ../../build/hri_comms/hri_comms.egg-info/top_level.txt
[15.484s] reading manifest file '../../build/hri_comms/hri_comms.egg-info/SOURCES.txt'
[15.511s] writing manifest file '../../build/hri_comms/hri_comms.egg-info/SOURCES.txt'
[15.514s] running build
[15.515s] running build_py
[15.517s] running install
[15.517s] running install_lib
[15.536s] running install_data
[15.537s] running install_egg_info
[15.539s] removing '/home/rpi/ros2_ws/install/hri_comms/lib/python3.10/site-packages/hri_comms-0.0.0-py3.10.egg-info' (and everything under it)
[15.553s] Copying ../../build/hri_comms/hri_comms.egg-info to /home/rpi/ros2_ws/install/hri_comms/lib/python3.10/site-packages/hri_comms-0.0.0-py3.10.egg-info
[15.591s] running install_scripts
[15.807s] Installing data_handler script to /home/rpi/ros2_ws/install/hri_comms/lib/hri_comms
[15.810s] Installing udp_server script to /home/rpi/ros2_ws/install/hri_comms/lib/hri_comms
[15.813s] writing list of installed files to '/home/rpi/ros2_ws/build/hri_comms/install.log'
[16.934s] Invoked command in '/home/rpi/ros2_ws/src/hri_comms' returned '0': PYTHONPATH=/home/rpi/ros2_ws/build/hri_comms/prefix_override:/home/rpi/ros2_ws/install/hri_comms/lib/python3.10/site-packages:${PYTHONPATH} /usr/bin/python3 setup.py egg_info --egg-base ../../build/hri_comms build --build-base /home/rpi/ros2_ws/build/hri_comms/build install --record /home/rpi/ros2_ws/build/hri_comms/install.log --single-version-externally-managed
