[12.811s] Invoking command in '/home/rpi/ros2_ws/src/data_collection': PYTHONPATH=/home/rpi/ros2_ws/build/data_collection/prefix_override:/home/rpi/ros2_ws/install/data_collection/lib/python3.10/site-packages:${PYTHONPATH} /usr/bin/python3 setup.py egg_info --egg-base ../../build/data_collection build --build-base /home/rpi/ros2_ws/build/data_collection/build install --record /home/rpi/ros2_ws/build/data_collection/install.log --single-version-externally-managed
[15.087s] running egg_info
[15.092s] creating ../../build/data_collection/data_collection.egg-info
[15.094s] writing ../../build/data_collection/data_collection.egg-info/PKG-INFO
[15.100s] writing dependency_links to ../../build/data_collection/data_collection.egg-info/dependency_links.txt
[15.103s] writing entry points to ../../build/data_collection/data_collection.egg-info/entry_points.txt
[15.105s] writing requirements to ../../build/data_collection/data_collection.egg-info/requires.txt
[15.111s] writing top-level names to ../../build/data_collection/data_collection.egg-info/top_level.txt
[15.114s] writing manifest file '../../build/data_collection/data_collection.egg-info/SOURCES.txt'
[15.125s] reading manifest file '../../build/data_collection/data_collection.egg-info/SOURCES.txt'
[15.129s] writing manifest file '../../build/data_collection/data_collection.egg-info/SOURCES.txt'
[15.130s] running build
[15.132s] running build_py
[15.132s] creating /home/rpi/ros2_ws/build/data_collection/build
[15.133s] creating /home/rpi/ros2_ws/build/data_collection/build/lib
[15.134s] creating /home/rpi/ros2_ws/build/data_collection/build/lib/data_collection
[15.135s] copying data_collection/csv_writer.py -> /home/rpi/ros2_ws/build/data_collection/build/lib/data_collection
[15.135s] copying data_collection/__init__.py -> /home/rpi/ros2_ws/build/data_collection/build/lib/data_collection
[15.136s] running install
[15.137s] running install_lib
[15.141s] creating /home/rpi/ros2_ws/install/data_collection/lib/python3.10/site-packages/data_collection
[15.142s] copying /home/rpi/ros2_ws/build/data_collection/build/lib/data_collection/csv_writer.py -> /home/rpi/ros2_ws/install/data_collection/lib/python3.10/site-packages/data_collection
[15.143s] copying /home/rpi/ros2_ws/build/data_collection/build/lib/data_collection/__init__.py -> /home/rpi/ros2_ws/install/data_collection/lib/python3.10/site-packages/data_collection
[15.147s] byte-compiling /home/rpi/ros2_ws/install/data_collection/lib/python3.10/site-packages/data_collection/csv_writer.py to csv_writer.cpython-310.pyc
[15.149s] byte-compiling /home/rpi/ros2_ws/install/data_collection/lib/python3.10/site-packages/data_collection/__init__.py to __init__.cpython-310.pyc
[15.151s] running install_data
[15.159s] creating /home/rpi/ros2_ws/install/data_collection/share/ament_index
[15.159s] creating /home/rpi/ros2_ws/install/data_collection/share/ament_index/resource_index
[15.160s] creating /home/rpi/ros2_ws/install/data_collection/share/ament_index/resource_index/packages
[15.161s] copying resource/data_collection -> /home/rpi/ros2_ws/install/data_collection/share/ament_index/resource_index/packages
[15.161s] copying package.xml -> /home/rpi/ros2_ws/install/data_collection/share/data_collection
[15.162s] running install_egg_info
[15.169s] Copying ../../build/data_collection/data_collection.egg-info to /home/rpi/ros2_ws/install/data_collection/lib/python3.10/site-packages/data_collection-0.0.0-py3.10.egg-info
[15.178s] running install_scripts
[15.345s] Installing csv_writer script to /home/rpi/ros2_ws/install/data_collection/lib/data_collection
[15.347s] writing list of installed files to '/home/rpi/ros2_ws/build/data_collection/install.log'
[15.764s] Invoked command in '/home/rpi/ros2_ws/src/data_collection' returned '0': PYTHONPATH=/home/rpi/ros2_ws/build/data_collection/prefix_override:/home/rpi/ros2_ws/install/data_collection/lib/python3.10/site-packages:${PYTHONPATH} /usr/bin/python3 setup.py egg_info --egg-base ../../build/data_collection build --build-base /home/rpi/ros2_ws/build/data_collection/build install --record /home/rpi/ros2_ws/build/data_collection/install.log --single-version-externally-managed
