/home/rpi/ros2_ws/install/robot_arm_controller/lib/python3.10/site-packages/robot_arm_controller/variable_gripper_controller.py
/home/rpi/ros2_ws/install/robot_arm_controller/lib/python3.10/site-packages/robot_arm_controller/hand_tracking_ee_ctrl.py
/home/rpi/ros2_ws/install/robot_arm_controller/lib/python3.10/site-packages/robot_arm_controller/hand_coord_controller.py
/home/rpi/ros2_ws/install/robot_arm_controller/lib/python3.10/site-packages/robot_arm_controller/key_ee_ctrl.py
/home/rpi/ros2_ws/install/robot_arm_controller/lib/python3.10/site-packages/robot_arm_controller/__init__.py
/home/rpi/ros2_ws/install/robot_arm_controller/lib/python3.10/site-packages/robot_arm_controller/keyboard_coord_controller.py
/home/rpi/ros2_ws/install/robot_arm_controller/lib/python3.10/site-packages/robot_arm_controller/__pycache__/variable_gripper_controller.cpython-310.pyc
/home/rpi/ros2_ws/install/robot_arm_controller/lib/python3.10/site-packages/robot_arm_controller/__pycache__/hand_tracking_ee_ctrl.cpython-310.pyc
/home/rpi/ros2_ws/install/robot_arm_controller/lib/python3.10/site-packages/robot_arm_controller/__pycache__/hand_coord_controller.cpython-310.pyc
/home/rpi/ros2_ws/install/robot_arm_controller/lib/python3.10/site-packages/robot_arm_controller/__pycache__/key_ee_ctrl.cpython-310.pyc
/home/rpi/ros2_ws/install/robot_arm_controller/lib/python3.10/site-packages/robot_arm_controller/__pycache__/__init__.cpython-310.pyc
/home/rpi/ros2_ws/install/robot_arm_controller/lib/python3.10/site-packages/robot_arm_controller/__pycache__/keyboard_coord_controller.cpython-310.pyc
/home/rpi/ros2_ws/install/robot_arm_controller/share/ament_index/resource_index/packages/robot_arm_controller
/home/rpi/ros2_ws/install/robot_arm_controller/share/robot_arm_controller/package.xml
/home/rpi/ros2_ws/install/robot_arm_controller/lib/python3.10/site-packages/robot_arm_controller-0.0.0-py3.10.egg-info/dependency_links.txt
/home/rpi/ros2_ws/install/robot_arm_controller/lib/python3.10/site-packages/robot_arm_controller-0.0.0-py3.10.egg-info/SOURCES.txt
/home/rpi/ros2_ws/install/robot_arm_controller/lib/python3.10/site-packages/robot_arm_controller-0.0.0-py3.10.egg-info/entry_points.txt
/home/rpi/ros2_ws/install/robot_arm_controller/lib/python3.10/site-packages/robot_arm_controller-0.0.0-py3.10.egg-info/top_level.txt
/home/rpi/ros2_ws/install/robot_arm_controller/lib/python3.10/site-packages/robot_arm_controller-0.0.0-py3.10.egg-info/requires.txt
/home/rpi/ros2_ws/install/robot_arm_controller/lib/python3.10/site-packages/robot_arm_controller-0.0.0-py3.10.egg-info/PKG-INFO
/home/rpi/ros2_ws/install/robot_arm_controller/lib/python3.10/site-packages/robot_arm_controller-0.0.0-py3.10.egg-info/zip-safe
/home/rpi/ros2_ws/install/robot_arm_controller/lib/robot_arm_controller/hand_coord_controller
/home/rpi/ros2_ws/install/robot_arm_controller/lib/robot_arm_controller/hand_tracking_ee_ctrl
/home/rpi/ros2_ws/install/robot_arm_controller/lib/robot_arm_controller/key_ee_ctrl
/home/rpi/ros2_ws/install/robot_arm_controller/lib/robot_arm_controller/keyboard_coord_controller
/home/rpi/ros2_ws/install/robot_arm_controller/lib/robot_arm_controller/variable_gripper_controller
