[12.367s] Invoking command in '/home/rpi/ros2_ws/src/hri_comms': PYTHONPATH=/home/rpi/ros2_ws/build/hri_comms/prefix_override:/home/rpi/ros2_ws/install/hri_comms/lib/python3.10/site-packages:${PYTHONPATH} /usr/bin/python3 setup.py egg_info --egg-base ../../build/hri_comms build --build-base /home/rpi/ros2_ws/build/hri_comms/build install --record /home/rpi/ros2_ws/build/hri_comms/install.log --single-version-externally-managed
[14.269s] running egg_info
[14.273s] writing ../../build/hri_comms/hri_comms.egg-info/PKG-INFO
[14.276s] writing dependency_links to ../../build/hri_comms/hri_comms.egg-info/dependency_links.txt
[14.279s] writing entry points to ../../build/hri_comms/hri_comms.egg-info/entry_points.txt
[14.281s] writing requirements to ../../build/hri_comms/hri_comms.egg-info/requires.txt
[14.282s] writing top-level names to ../../build/hri_comms/hri_comms.egg-info/top_level.txt
[14.296s] reading manifest file '../../build/hri_comms/hri_comms.egg-info/SOURCES.txt'
[14.304s] writing manifest file '../../build/hri_comms/hri_comms.egg-info/SOURCES.txt'
[14.305s] running build
[14.305s] running build_py
[14.312s] running install
[14.322s] running install_lib
[14.329s] running install_data
[14.333s] running install_egg_info
[14.343s] removing '/home/rpi/ros2_ws/install/hri_comms/lib/python3.10/site-packages/hri_comms-0.0.0-py3.10.egg-info' (and everything under it)
[14.346s] Copying ../../build/hri_comms/hri_comms.egg-info to /home/rpi/ros2_ws/install/hri_comms/lib/python3.10/site-packages/hri_comms-0.0.0-py3.10.egg-info
[14.356s] running install_scripts
[14.500s] Installing data_handler script to /home/rpi/ros2_ws/install/hri_comms/lib/hri_comms
[14.506s] Installing udp_server script to /home/rpi/ros2_ws/install/hri_comms/lib/hri_comms
[14.511s] writing list of installed files to '/home/rpi/ros2_ws/build/hri_comms/install.log'
[15.336s] Invoked command in '/home/rpi/ros2_ws/src/hri_comms' returned '0': PYTHONPATH=/home/rpi/ros2_ws/build/hri_comms/prefix_override:/home/rpi/ros2_ws/install/hri_comms/lib/python3.10/site-packages:${PYTHONPATH} /usr/bin/python3 setup.py egg_info --egg-base ../../build/hri_comms build --build-base /home/rpi/ros2_ws/build/hri_comms/build install --record /home/rpi/ros2_ws/build/hri_comms/install.log --single-version-externally-managed
