[12.483s] Invoking command in '/home/rpi/ros2_ws/src/hri_comms': PYTHONPATH=/home/rpi/ros2_ws/build/hri_comms/prefix_override:/home/rpi/ros2_ws/install/hri_comms/lib/python3.10/site-packages:${PYTHONPATH} /usr/bin/python3 setup.py egg_info --egg-base ../../build/hri_comms build --build-base /home/rpi/ros2_ws/build/hri_comms/build install --record /home/rpi/ros2_ws/build/hri_comms/install.log --single-version-externally-managed
[14.692s] running egg_info
[14.694s] writing ../../build/hri_comms/hri_comms.egg-info/PKG-INFO
[14.695s] writing dependency_links to ../../build/hri_comms/hri_comms.egg-info/dependency_links.txt
[14.698s] writing entry points to ../../build/hri_comms/hri_comms.egg-info/entry_points.txt
[14.699s] writing requirements to ../../build/hri_comms/hri_comms.egg-info/requires.txt
[14.701s] writing top-level names to ../../build/hri_comms/hri_comms.egg-info/top_level.txt
[14.721s] reading manifest file '../../build/hri_comms/hri_comms.egg-info/SOURCES.txt'
[14.733s] writing manifest file '../../build/hri_comms/hri_comms.egg-info/SOURCES.txt'
[14.735s] running build
[14.737s] running build_py
[14.741s] running install
[14.746s] running install_lib
[14.760s] running install_data
[14.766s] running install_egg_info
[14.785s] removing '/home/rpi/ros2_ws/install/hri_comms/lib/python3.10/site-packages/hri_comms-0.0.0-py3.10.egg-info' (and everything under it)
[14.797s] Copying ../../build/hri_comms/hri_comms.egg-info to /home/rpi/ros2_ws/install/hri_comms/lib/python3.10/site-packages/hri_comms-0.0.0-py3.10.egg-info
[14.849s] running install_scripts
[15.058s] Installing data_handler script to /home/rpi/ros2_ws/install/hri_comms/lib/hri_comms
[15.060s] Installing udp_server script to /home/rpi/ros2_ws/install/hri_comms/lib/hri_comms
[15.064s] writing list of installed files to '/home/rpi/ros2_ws/build/hri_comms/install.log'
[16.139s] Invoked command in '/home/rpi/ros2_ws/src/hri_comms' returned '0': PYTHONPATH=/home/rpi/ros2_ws/build/hri_comms/prefix_override:/home/rpi/ros2_ws/install/hri_comms/lib/python3.10/site-packages:${PYTHONPATH} /usr/bin/python3 setup.py egg_info --egg-base ../../build/hri_comms build --build-base /home/rpi/ros2_ws/build/hri_comms/build install --record /home/rpi/ros2_ws/build/hri_comms/install.log --single-version-externally-managed
