[11.235s] Invoking command in '/home/rpi/ros2_ws/src/servo_controller': PYTHONPATH=/home/rpi/ros2_ws/build/servo_controller/prefix_override:/home/rpi/ros2_ws/install/servo_controller/lib/python3.10/site-packages:${PYTHONPATH} /usr/bin/python3 setup.py egg_info --egg-base ../../build/servo_controller build --build-base /home/rpi/ros2_ws/build/servo_controller/build install --record /home/rpi/ros2_ws/build/servo_controller/install.log --single-version-externally-managed
[13.409s] running egg_info
[13.412s] writing ../../build/servo_controller/servo_controller.egg-info/PKG-INFO
[13.413s] writing dependency_links to ../../build/servo_controller/servo_controller.egg-info/dependency_links.txt
[13.414s] writing entry points to ../../build/servo_controller/servo_controller.egg-info/entry_points.txt
[13.415s] writing requirements to ../../build/servo_controller/servo_controller.egg-info/requires.txt
[13.417s] writing top-level names to ../../build/servo_controller/servo_controller.egg-info/top_level.txt
[13.423s] reading manifest file '../../build/servo_controller/servo_controller.egg-info/SOURCES.txt'
[13.431s] writing manifest file '../../build/servo_controller/servo_controller.egg-info/SOURCES.txt'
[13.433s] running build
[13.434s] running build_py
[13.439s] running install
[13.442s] running install_lib
[13.454s] running install_data
[13.459s] running install_egg_info
[13.483s] removing '/home/rpi/ros2_ws/install/servo_controller/lib/python3.10/site-packages/servo_controller-0.0.0-py3.10.egg-info' (and everything under it)
[13.489s] Copying ../../build/servo_controller/servo_controller.egg-info to /home/rpi/ros2_ws/install/servo_controller/lib/python3.10/site-packages/servo_controller-0.0.0-py3.10.egg-info
[13.535s] running install_scripts
[13.786s] Installing actuate_servo script to /home/rpi/ros2_ws/install/servo_controller/lib/servo_controller
[13.792s] Installing keyboard_input script to /home/rpi/ros2_ws/install/servo_controller/lib/servo_controller
[13.800s] writing list of installed files to '/home/rpi/ros2_ws/build/servo_controller/install.log'
[14.816s] Invoked command in '/home/rpi/ros2_ws/src/servo_controller' returned '0': PYTHONPATH=/home/rpi/ros2_ws/build/servo_controller/prefix_override:/home/rpi/ros2_ws/install/servo_controller/lib/python3.10/site-packages:${PYTHONPATH} /usr/bin/python3 setup.py egg_info --egg-base ../../build/servo_controller build --build-base /home/rpi/ros2_ws/build/servo_controller/build install --record /home/rpi/ros2_ws/build/servo_controller/install.log --single-version-externally-managed
