[9.843s] Invoking command in '/home/rpi/ros2_ws/src/hri_comms': PYTHONPATH=/home/rpi/ros2_ws/build/hri_comms/prefix_override:/home/rpi/ros2_ws/install/hri_comms/lib/python3.10/site-packages:${PYTHONPATH} /usr/bin/python3 setup.py egg_info --egg-base ../../build/hri_comms build --build-base /home/rpi/ros2_ws/build/hri_comms/build install --record /home/rpi/ros2_ws/build/hri_comms/install.log --single-version-externally-managed
[11.606s] running egg_info
[11.609s] creating ../../build/hri_comms/hri_comms.egg-info
[11.614s] writing ../../build/hri_comms/hri_comms.egg-info/PKG-INFO
[11.615s] writing dependency_links to ../../build/hri_comms/hri_comms.egg-info/dependency_links.txt
[11.617s] writing entry points to ../../build/hri_comms/hri_comms.egg-info/entry_points.txt
[11.618s] writing requirements to ../../build/hri_comms/hri_comms.egg-info/requires.txt
[11.618s] writing top-level names to ../../build/hri_comms/hri_comms.egg-info/top_level.txt
[11.619s] writing manifest file '../../build/hri_comms/hri_comms.egg-info/SOURCES.txt'
[11.629s] reading manifest file '../../build/hri_comms/hri_comms.egg-info/SOURCES.txt'
[11.634s] writing manifest file '../../build/hri_comms/hri_comms.egg-info/SOURCES.txt'
[11.635s] running build
[11.637s] running build_py
[11.639s] creating /home/rpi/ros2_ws/build/hri_comms/build
[11.640s] creating /home/rpi/ros2_ws/build/hri_comms/build/lib
[11.641s] creating /home/rpi/ros2_ws/build/hri_comms/build/lib/hri_comms
[11.641s] copying hri_comms/udp_server.py -> /home/rpi/ros2_ws/build/hri_comms/build/lib/hri_comms
[11.642s] copying hri_comms/__init__.py -> /home/rpi/ros2_ws/build/hri_comms/build/lib/hri_comms
[11.645s] running install
[11.647s] running install_lib
[11.650s] creating /home/rpi/ros2_ws/install/hri_comms/lib/python3.10/site-packages/hri_comms
[11.650s] copying /home/rpi/ros2_ws/build/hri_comms/build/lib/hri_comms/udp_server.py -> /home/rpi/ros2_ws/install/hri_comms/lib/python3.10/site-packages/hri_comms
[11.651s] copying /home/rpi/ros2_ws/build/hri_comms/build/lib/hri_comms/__init__.py -> /home/rpi/ros2_ws/install/hri_comms/lib/python3.10/site-packages/hri_comms
[11.654s] byte-compiling /home/rpi/ros2_ws/install/hri_comms/lib/python3.10/site-packages/hri_comms/udp_server.py to udp_server.cpython-310.pyc
[11.656s] byte-compiling /home/rpi/ros2_ws/install/hri_comms/lib/python3.10/site-packages/hri_comms/__init__.py to __init__.cpython-310.pyc
[11.657s] running install_data
[11.660s] creating /home/rpi/ros2_ws/install/hri_comms/share/ament_index
[11.662s] creating /home/rpi/ros2_ws/install/hri_comms/share/ament_index/resource_index
[11.662s] creating /home/rpi/ros2_ws/install/hri_comms/share/ament_index/resource_index/packages
[11.664s] copying resource/hri_comms -> /home/rpi/ros2_ws/install/hri_comms/share/ament_index/resource_index/packages
[11.665s] copying package.xml -> /home/rpi/ros2_ws/install/hri_comms/share/hri_comms
[11.666s] running install_egg_info
[11.676s] Copying ../../build/hri_comms/hri_comms.egg-info to /home/rpi/ros2_ws/install/hri_comms/lib/python3.10/site-packages/hri_comms-0.0.0-py3.10.egg-info
[11.697s] running install_scripts
[11.815s] Installing udp_server script to /home/rpi/ros2_ws/install/hri_comms/lib/hri_comms
[11.818s] writing list of installed files to '/home/rpi/ros2_ws/build/hri_comms/install.log'
[12.095s] Invoked command in '/home/rpi/ros2_ws/src/hri_comms' returned '0': PYTHONPATH=/home/rpi/ros2_ws/build/hri_comms/prefix_override:/home/rpi/ros2_ws/install/hri_comms/lib/python3.10/site-packages:${PYTHONPATH} /usr/bin/python3 setup.py egg_info --egg-base ../../build/hri_comms build --build-base /home/rpi/ros2_ws/build/hri_comms/build install --record /home/rpi/ros2_ws/build/hri_comms/install.log --single-version-externally-managed
