[11.661s] Invoking command in '/home/rpi/ros2_ws/src/servo_controller': PYTHONPATH=/home/rpi/ros2_ws/build/servo_controller/prefix_override:/home/rpi/ros2_ws/install/servo_controller/lib/python3.10/site-packages:${PYTHONPATH} /usr/bin/python3 setup.py egg_info --egg-base ../../build/servo_controller build --build-base /home/rpi/ros2_ws/build/servo_controller/build install --record /home/rpi/ros2_ws/build/servo_controller/install.log --single-version-externally-managed
[13.913s] running egg_info
[13.915s] writing ../../build/servo_controller/servo_controller.egg-info/PKG-INFO
[13.917s] writing dependency_links to ../../build/servo_controller/servo_controller.egg-info/dependency_links.txt
[13.918s] writing entry points to ../../build/servo_controller/servo_controller.egg-info/entry_points.txt
[13.918s] writing requirements to ../../build/servo_controller/servo_controller.egg-info/requires.txt
[13.920s] writing top-level names to ../../build/servo_controller/servo_controller.egg-info/top_level.txt
[13.930s] reading manifest file '../../build/servo_controller/servo_controller.egg-info/SOURCES.txt'
[13.936s] writing manifest file '../../build/servo_controller/servo_controller.egg-info/SOURCES.txt'
[13.938s] running build
[13.940s] running build_py
[13.955s] running install
[13.957s] running install_lib
[13.959s] running install_data
[13.964s] running install_egg_info
[13.972s] removing '/home/rpi/ros2_ws/install/servo_controller/lib/python3.10/site-packages/servo_controller-0.0.0-py3.10.egg-info' (and everything under it)
[13.978s] Copying ../../build/servo_controller/servo_controller.egg-info to /home/rpi/ros2_ws/install/servo_controller/lib/python3.10/site-packages/servo_controller-0.0.0-py3.10.egg-info
[13.996s] running install_scripts
[14.159s] Installing actuate_servo script to /home/rpi/ros2_ws/install/servo_controller/lib/servo_controller
[14.160s] Installing keyboard_input script to /home/rpi/ros2_ws/install/servo_controller/lib/servo_controller
[14.163s] writing list of installed files to '/home/rpi/ros2_ws/build/servo_controller/install.log'
[15.404s] Invoked command in '/home/rpi/ros2_ws/src/servo_controller' returned '0': PYTHONPATH=/home/rpi/ros2_ws/build/servo_controller/prefix_override:/home/rpi/ros2_ws/install/servo_controller/lib/python3.10/site-packages:${PYTHONPATH} /usr/bin/python3 setup.py egg_info --egg-base ../../build/servo_controller build --build-base /home/rpi/ros2_ws/build/servo_controller/build install --record /home/rpi/ros2_ws/build/servo_controller/install.log --single-version-externally-managed
