[13.512s] Invoking command in '/home/rpi/ros2_ws/src/data_collection': PYTHONPATH=/home/rpi/ros2_ws/build/data_collection/prefix_override:/home/rpi/ros2_ws/install/data_collection/lib/python3.10/site-packages:${PYTHONPATH} /usr/bin/python3 setup.py egg_info --egg-base ../../build/data_collection build --build-base /home/rpi/ros2_ws/build/data_collection/build install --record /home/rpi/ros2_ws/build/data_collection/install.log --single-version-externally-managed
[15.661s] running egg_info
[15.667s] writing ../../build/data_collection/data_collection.egg-info/PKG-INFO
[15.669s] writing dependency_links to ../../build/data_collection/data_collection.egg-info/dependency_links.txt
[15.671s] writing entry points to ../../build/data_collection/data_collection.egg-info/entry_points.txt
[15.673s] writing requirements to ../../build/data_collection/data_collection.egg-info/requires.txt
[15.674s] writing top-level names to ../../build/data_collection/data_collection.egg-info/top_level.txt
[15.690s] reading manifest file '../../build/data_collection/data_collection.egg-info/SOURCES.txt'
[15.697s] writing manifest file '../../build/data_collection/data_collection.egg-info/SOURCES.txt'
[15.698s] running build
[15.699s] running build_py
[15.701s] running install
[15.703s] running install_lib
[15.712s] running install_data
[15.716s] running install_egg_info
[15.727s] removing '/home/rpi/ros2_ws/install/data_collection/lib/python3.10/site-packages/data_collection-0.0.0-py3.10.egg-info' (and everything under it)
[15.730s] Copying ../../build/data_collection/data_collection.egg-info to /home/rpi/ros2_ws/install/data_collection/lib/python3.10/site-packages/data_collection-0.0.0-py3.10.egg-info
[15.740s] running install_scripts
[15.867s] Installing csv_writer script to /home/rpi/ros2_ws/install/data_collection/lib/data_collection
[15.870s] writing list of installed files to '/home/rpi/ros2_ws/build/data_collection/install.log'
[16.102s] Invoked command in '/home/rpi/ros2_ws/src/data_collection' returned '0': PYTHONPATH=/home/rpi/ros2_ws/build/data_collection/prefix_override:/home/rpi/ros2_ws/install/data_collection/lib/python3.10/site-packages:${PYTHONPATH} /usr/bin/python3 setup.py egg_info --egg-base ../../build/data_collection build --build-base /home/rpi/ros2_ws/build/data_collection/build install --record /home/rpi/ros2_ws/build/data_collection/install.log --single-version-externally-managed
