[9.084s] Invoking command in '/home/rpi/ros2_ws/src/servo_controller': PYTHONPATH=/home/rpi/ros2_ws/build/servo_controller/prefix_override:/home/rpi/ros2_ws/install/servo_controller/lib/python3.10/site-packages:${PYTHONPATH} /usr/bin/python3 setup.py egg_info --egg-base ../../build/servo_controller build --build-base /home/rpi/ros2_ws/build/servo_controller/build install --record /home/rpi/ros2_ws/build/servo_controller/install.log --single-version-externally-managed
[10.936s] running egg_info
[10.937s] writing ../../build/servo_controller/servo_controller.egg-info/PKG-INFO
[10.938s] writing dependency_links to ../../build/servo_controller/servo_controller.egg-info/dependency_links.txt
[10.939s] writing entry points to ../../build/servo_controller/servo_controller.egg-info/entry_points.txt
[10.939s] writing requirements to ../../build/servo_controller/servo_controller.egg-info/requires.txt
[10.940s] writing top-level names to ../../build/servo_controller/servo_controller.egg-info/top_level.txt
[10.950s] reading manifest file '../../build/servo_controller/servo_controller.egg-info/SOURCES.txt'
[10.956s] writing manifest file '../../build/servo_controller/servo_controller.egg-info/SOURCES.txt'
[10.957s] running build
[10.958s] running build_py
[10.959s] running install
[10.961s] running install_lib
[10.970s] running install_data
[10.973s] running install_egg_info
[10.985s] removing '/home/rpi/ros2_ws/install/servo_controller/lib/python3.10/site-packages/servo_controller-0.0.0-py3.10.egg-info' (and everything under it)
[10.989s] Copying ../../build/servo_controller/servo_controller.egg-info to /home/rpi/ros2_ws/install/servo_controller/lib/python3.10/site-packages/servo_controller-0.0.0-py3.10.egg-info
[11.002s] running install_scripts
[11.148s] Installing actuate_servo script to /home/rpi/ros2_ws/install/servo_controller/lib/servo_controller
[11.151s] Installing keyboard_input script to /home/rpi/ros2_ws/install/servo_controller/lib/servo_controller
[11.154s] writing list of installed files to '/home/rpi/ros2_ws/build/servo_controller/install.log'
[11.423s] Invoked command in '/home/rpi/ros2_ws/src/servo_controller' returned '0': PYTHONPATH=/home/rpi/ros2_ws/build/servo_controller/prefix_override:/home/rpi/ros2_ws/install/servo_controller/lib/python3.10/site-packages:${PYTHONPATH} /usr/bin/python3 setup.py egg_info --egg-base ../../build/servo_controller build --build-base /home/rpi/ros2_ws/build/servo_controller/build install --record /home/rpi/ros2_ws/build/servo_controller/install.log --single-version-externally-managed
