[5.797s] DEBUG:colcon:Command line arguments: ['/usr/bin/colcon', 'build']
[5.797s] DEBUG:colcon:Parsed command line arguments: Namespace(log_base=None, log_level=None, verb_name='build', build_base='build', install_base='install', merge_install=False, symlink_install=False, test_result_base=None, continue_on_error=False, executor='parallel', parallel_workers=4, event_handlers=None, ignore_user_meta=False, metas=['./colcon.meta'], base_paths=['.'], packages_ignore=None, packages_ignore_regex=None, paths=None, packages_up_to=None, packages_up_to_regex=None, packages_above=None, packages_above_and_dependencies=None, packages_above_depth=None, packages_select_by_dep=None, packages_skip_by_dep=None, packages_skip_up_to=None, packages_select_build_failed=False, packages_skip_build_finished=False, packages_select_test_failures=False, packages_skip_test_passed=False, packages_select=None, packages_skip=None, packages_select_regex=None, packages_skip_regex=None, packages_start=None, packages_end=None, allow_overriding=[], cmake_args=None, cmake_target=None, cmake_target_skip_unavailable=False, cmake_clean_cache=False, cmake_clean_first=False, cmake_force_configure=False, ament_cmake_args=None, catkin_cmake_args=None, catkin_skip_building_tests=False, verb_parser=<colcon_defaults.argument_parser.defaults.DefaultArgumentsDecorator object at 0xffff851503a0>, verb_extension=<colcon_core.verb.build.BuildVerb object at 0xffff8542a020>, main=<bound method BuildVerb.main of <colcon_core.verb.build.BuildVerb object at 0xffff8542a020>>)
[6.050s] Level 1:colcon.colcon_core.package_discovery:discover_packages(colcon_meta) check parameters
[6.050s] Level 1:colcon.colcon_core.package_discovery:discover_packages(recursive) check parameters
[6.050s] Level 1:colcon.colcon_core.package_discovery:discover_packages(ignore) check parameters
[6.051s] Level 1:colcon.colcon_core.package_discovery:discover_packages(path) check parameters
[6.051s] Level 1:colcon.colcon_core.package_discovery:discover_packages(colcon_meta) discover
[6.051s] Level 1:colcon.colcon_core.package_discovery:discover_packages(recursive) discover
[6.051s] INFO:colcon.colcon_core.package_discovery:Crawling recursively for packages in '/home/rpi/ros2_ws'
[6.052s] Level 1:colcon.colcon_core.package_identification:_identify(.) by extensions ['ignore', 'ignore_ament_install']
[6.052s] Level 1:colcon.colcon_core.package_identification:_identify(.) by extension 'ignore'
[6.052s] Level 1:colcon.colcon_core.package_identification:_identify(.) by extension 'ignore_ament_install'
[6.053s] Level 1:colcon.colcon_core.package_identification:_identify(.) by extensions ['colcon_pkg']
[6.053s] Level 1:colcon.colcon_core.package_identification:_identify(.) by extension 'colcon_pkg'
[6.053s] Level 1:colcon.colcon_core.package_identification:_identify(.) by extensions ['colcon_meta']
[6.053s] Level 1:colcon.colcon_core.package_identification:_identify(.) by extension 'colcon_meta'
[6.053s] Level 1:colcon.colcon_core.package_identification:_identify(.) by extensions ['ros']
[6.053s] Level 1:colcon.colcon_core.package_identification:_identify(.) by extension 'ros'
[6.106s] Level 1:colcon.colcon_core.package_identification:_identify(.) by extensions ['cmake', 'python']
[6.107s] Level 1:colcon.colcon_core.package_identification:_identify(.) by extension 'cmake'
[6.107s] Level 1:colcon.colcon_core.package_identification:_identify(.) by extension 'python'
[6.107s] Level 1:colcon.colcon_core.package_identification:_identify(.) by extensions ['python_setup_py']
[6.107s] Level 1:colcon.colcon_core.package_identification:_identify(.) by extension 'python_setup_py'
[6.108s] Level 1:colcon.colcon_core.package_identification:_identify(build) by extensions ['ignore', 'ignore_ament_install']
[6.108s] Level 1:colcon.colcon_core.package_identification:_identify(build) by extension 'ignore'
[6.108s] Level 1:colcon.colcon_core.package_identification:_identify(build) ignored
[6.109s] Level 1:colcon.colcon_core.package_identification:_identify(install) by extensions ['ignore', 'ignore_ament_install']
[6.110s] Level 1:colcon.colcon_core.package_identification:_identify(install) by extension 'ignore'
[6.110s] Level 1:colcon.colcon_core.package_identification:_identify(install) ignored
[6.112s] Level 1:colcon.colcon_core.package_identification:_identify(log) by extensions ['ignore', 'ignore_ament_install']
[6.112s] Level 1:colcon.colcon_core.package_identification:_identify(log) by extension 'ignore'
[6.112s] Level 1:colcon.colcon_core.package_identification:_identify(log) ignored
[6.113s] Level 1:colcon.colcon_core.package_identification:_identify(src) by extensions ['ignore', 'ignore_ament_install']
[6.113s] Level 1:colcon.colcon_core.package_identification:_identify(src) by extension 'ignore'
[6.113s] Level 1:colcon.colcon_core.package_identification:_identify(src) by extension 'ignore_ament_install'
[6.113s] Level 1:colcon.colcon_core.package_identification:_identify(src) by extensions ['colcon_pkg']
[6.114s] Level 1:colcon.colcon_core.package_identification:_identify(src) by extension 'colcon_pkg'
[6.114s] Level 1:colcon.colcon_core.package_identification:_identify(src) by extensions ['colcon_meta']
[6.114s] Level 1:colcon.colcon_core.package_identification:_identify(src) by extension 'colcon_meta'
[6.114s] Level 1:colcon.colcon_core.package_identification:_identify(src) by extensions ['ros']
[6.114s] Level 1:colcon.colcon_core.package_identification:_identify(src) by extension 'ros'
[6.115s] Level 1:colcon.colcon_core.package_identification:_identify(src) by extensions ['cmake', 'python']
[6.115s] Level 1:colcon.colcon_core.package_identification:_identify(src) by extension 'cmake'
[6.115s] Level 1:colcon.colcon_core.package_identification:_identify(src) by extension 'python'
[6.115s] Level 1:colcon.colcon_core.package_identification:_identify(src) by extensions ['python_setup_py']
[6.115s] Level 1:colcon.colcon_core.package_identification:_identify(src) by extension 'python_setup_py'
[6.116s] Level 1:colcon.colcon_core.package_identification:_identify(src/hri_comms) by extensions ['ignore', 'ignore_ament_install']
[6.116s] Level 1:colcon.colcon_core.package_identification:_identify(src/hri_comms) by extension 'ignore'
[6.116s] Level 1:colcon.colcon_core.package_identification:_identify(src/hri_comms) by extension 'ignore_ament_install'
[6.117s] Level 1:colcon.colcon_core.package_identification:_identify(src/hri_comms) by extensions ['colcon_pkg']
[6.117s] Level 1:colcon.colcon_core.package_identification:_identify(src/hri_comms) by extension 'colcon_pkg'
[6.117s] Level 1:colcon.colcon_core.package_identification:_identify(src/hri_comms) by extensions ['colcon_meta']
[6.117s] Level 1:colcon.colcon_core.package_identification:_identify(src/hri_comms) by extension 'colcon_meta'
[6.117s] Level 1:colcon.colcon_core.package_identification:_identify(src/hri_comms) by extensions ['ros']
[6.118s] Level 1:colcon.colcon_core.package_identification:_identify(src/hri_comms) by extension 'ros'
[6.128s] DEBUG:colcon.colcon_core.package_identification:Package 'src/hri_comms' with type 'ros.ament_python' and name 'hri_comms'
[6.129s] Level 1:colcon.colcon_core.package_identification:_identify(src/my_robot_controller) by extensions ['ignore', 'ignore_ament_install']
[6.129s] Level 1:colcon.colcon_core.package_identification:_identify(src/my_robot_controller) by extension 'ignore'
[6.129s] Level 1:colcon.colcon_core.package_identification:_identify(src/my_robot_controller) by extension 'ignore_ament_install'
[6.130s] Level 1:colcon.colcon_core.package_identification:_identify(src/my_robot_controller) by extensions ['colcon_pkg']
[6.130s] Level 1:colcon.colcon_core.package_identification:_identify(src/my_robot_controller) by extension 'colcon_pkg'
[6.130s] Level 1:colcon.colcon_core.package_identification:_identify(src/my_robot_controller) by extensions ['colcon_meta']
[6.130s] Level 1:colcon.colcon_core.package_identification:_identify(src/my_robot_controller) by extension 'colcon_meta'
[6.130s] Level 1:colcon.colcon_core.package_identification:_identify(src/my_robot_controller) by extensions ['ros']
[6.131s] Level 1:colcon.colcon_core.package_identification:_identify(src/my_robot_controller) by extension 'ros'
[6.134s] DEBUG:colcon.colcon_core.package_identification:Package 'src/my_robot_controller' with type 'ros.ament_python' and name 'my_robot_controller'
[6.134s] Level 1:colcon.colcon_core.package_identification:_identify(src/robot_arm_controller) by extensions ['ignore', 'ignore_ament_install']
[6.135s] Level 1:colcon.colcon_core.package_identification:_identify(src/robot_arm_controller) by extension 'ignore'
[6.135s] Level 1:colcon.colcon_core.package_identification:_identify(src/robot_arm_controller) by extension 'ignore_ament_install'
[6.135s] Level 1:colcon.colcon_core.package_identification:_identify(src/robot_arm_controller) by extensions ['colcon_pkg']
[6.135s] Level 1:colcon.colcon_core.package_identification:_identify(src/robot_arm_controller) by extension 'colcon_pkg'
[6.135s] Level 1:colcon.colcon_core.package_identification:_identify(src/robot_arm_controller) by extensions ['colcon_meta']
[6.136s] Level 1:colcon.colcon_core.package_identification:_identify(src/robot_arm_controller) by extension 'colcon_meta'
[6.136s] Level 1:colcon.colcon_core.package_identification:_identify(src/robot_arm_controller) by extensions ['ros']
[6.136s] Level 1:colcon.colcon_core.package_identification:_identify(src/robot_arm_controller) by extension 'ros'
[6.139s] DEBUG:colcon.colcon_core.package_identification:Package 'src/robot_arm_controller' with type 'ros.ament_python' and name 'robot_arm_controller'
[6.140s] Level 1:colcon.colcon_core.package_identification:_identify(src/servo_controller) by extensions ['ignore', 'ignore_ament_install']
[6.140s] Level 1:colcon.colcon_core.package_identification:_identify(src/servo_controller) by extension 'ignore'
[6.140s] Level 1:colcon.colcon_core.package_identification:_identify(src/servo_controller) by extension 'ignore_ament_install'
[6.141s] Level 1:colcon.colcon_core.package_identification:_identify(src/servo_controller) by extensions ['colcon_pkg']
[6.141s] Level 1:colcon.colcon_core.package_identification:_identify(src/servo_controller) by extension 'colcon_pkg'
[6.141s] Level 1:colcon.colcon_core.package_identification:_identify(src/servo_controller) by extensions ['colcon_meta']
[6.141s] Level 1:colcon.colcon_core.package_identification:_identify(src/servo_controller) by extension 'colcon_meta'
[6.141s] Level 1:colcon.colcon_core.package_identification:_identify(src/servo_controller) by extensions ['ros']
[6.141s] Level 1:colcon.colcon_core.package_identification:_identify(src/servo_controller) by extension 'ros'
[6.145s] DEBUG:colcon.colcon_core.package_identification:Package 'src/servo_controller' with type 'ros.ament_python' and name 'servo_controller'
[6.145s] Level 1:colcon.colcon_core.package_discovery:discover_packages(recursive) using defaults
[6.145s] Level 1:colcon.colcon_core.package_discovery:discover_packages(ignore) discover
[6.145s] Level 1:colcon.colcon_core.package_discovery:discover_packages(ignore) using defaults
[6.146s] Level 1:colcon.colcon_core.package_discovery:discover_packages(path) discover
[6.146s] Level 1:colcon.colcon_core.package_discovery:discover_packages(path) using defaults
[6.653s] Level 1:colcon.colcon_core.package_discovery:discover_packages(prefix_path) check parameters
[6.653s] Level 1:colcon.colcon_core.package_discovery:discover_packages(prefix_path) discover
[6.837s] DEBUG:colcon.colcon_installed_package_information.package_discovery:Found 4 installed packages in /home/rpi/ros2_ws/install
[6.931s] DEBUG:colcon.colcon_installed_package_information.package_discovery:Found 270 installed packages in /opt/ros/humble
[6.938s] Level 1:colcon.colcon_core.package_discovery:discover_packages(prefix_path) using defaults
[7.421s] Level 5:colcon.colcon_core.verb:set package 'hri_comms' build argument 'cmake_args' from command line to 'None'
[7.422s] Level 5:colcon.colcon_core.verb:set package 'hri_comms' build argument 'cmake_target' from command line to 'None'
[7.422s] Level 5:colcon.colcon_core.verb:set package 'hri_comms' build argument 'cmake_target_skip_unavailable' from command line to 'False'
[7.422s] Level 5:colcon.colcon_core.verb:set package 'hri_comms' build argument 'cmake_clean_cache' from command line to 'False'
[7.422s] Level 5:colcon.colcon_core.verb:set package 'hri_comms' build argument 'cmake_clean_first' from command line to 'False'
[7.422s] Level 5:colcon.colcon_core.verb:set package 'hri_comms' build argument 'cmake_force_configure' from command line to 'False'
[7.422s] Level 5:colcon.colcon_core.verb:set package 'hri_comms' build argument 'ament_cmake_args' from command line to 'None'
[7.422s] Level 5:colcon.colcon_core.verb:set package 'hri_comms' build argument 'catkin_cmake_args' from command line to 'None'
[7.422s] Level 5:colcon.colcon_core.verb:set package 'hri_comms' build argument 'catkin_skip_building_tests' from command line to 'False'
[7.423s] DEBUG:colcon.colcon_core.verb:Building package 'hri_comms' with the following arguments: {'ament_cmake_args': None, 'build_base': '/home/rpi/ros2_ws/build/hri_comms', 'catkin_cmake_args': None, 'catkin_skip_building_tests': False, 'cmake_args': None, 'cmake_clean_cache': False, 'cmake_clean_first': False, 'cmake_force_configure': False, 'cmake_target': None, 'cmake_target_skip_unavailable': False, 'install_base': '/home/rpi/ros2_ws/install/hri_comms', 'merge_install': False, 'path': '/home/rpi/ros2_ws/src/hri_comms', 'symlink_install': False, 'test_result_base': None}
[7.507s] Level 5:colcon.colcon_core.verb:set package 'my_robot_controller' build argument 'cmake_args' from command line to 'None'
[7.508s] Level 5:colcon.colcon_core.verb:set package 'my_robot_controller' build argument 'cmake_target' from command line to 'None'
[7.508s] Level 5:colcon.colcon_core.verb:set package 'my_robot_controller' build argument 'cmake_target_skip_unavailable' from command line to 'False'
[7.508s] Level 5:colcon.colcon_core.verb:set package 'my_robot_controller' build argument 'cmake_clean_cache' from command line to 'False'
[7.508s] Level 5:colcon.colcon_core.verb:set package 'my_robot_controller' build argument 'cmake_clean_first' from command line to 'False'
[7.508s] Level 5:colcon.colcon_core.verb:set package 'my_robot_controller' build argument 'cmake_force_configure' from command line to 'False'
[7.508s] Level 5:colcon.colcon_core.verb:set package 'my_robot_controller' build argument 'ament_cmake_args' from command line to 'None'
[7.508s] Level 5:colcon.colcon_core.verb:set package 'my_robot_controller' build argument 'catkin_cmake_args' from command line to 'None'
[7.508s] Level 5:colcon.colcon_core.verb:set package 'my_robot_controller' build argument 'catkin_skip_building_tests' from command line to 'False'
[7.509s] DEBUG:colcon.colcon_core.verb:Building package 'my_robot_controller' with the following arguments: {'ament_cmake_args': None, 'build_base': '/home/rpi/ros2_ws/build/my_robot_controller', 'catkin_cmake_args': None, 'catkin_skip_building_tests': False, 'cmake_args': None, 'cmake_clean_cache': False, 'cmake_clean_first': False, 'cmake_force_configure': False, 'cmake_target': None, 'cmake_target_skip_unavailable': False, 'install_base': '/home/rpi/ros2_ws/install/my_robot_controller', 'merge_install': False, 'path': '/home/rpi/ros2_ws/src/my_robot_controller', 'symlink_install': False, 'test_result_base': None}
[7.589s] Level 5:colcon.colcon_core.verb:set package 'servo_controller' build argument 'cmake_args' from command line to 'None'
[7.589s] Level 5:colcon.colcon_core.verb:set package 'servo_controller' build argument 'cmake_target' from command line to 'None'
[7.589s] Level 5:colcon.colcon_core.verb:set package 'servo_controller' build argument 'cmake_target_skip_unavailable' from command line to 'False'
[7.589s] Level 5:colcon.colcon_core.verb:set package 'servo_controller' build argument 'cmake_clean_cache' from command line to 'False'
[7.589s] Level 5:colcon.colcon_core.verb:set package 'servo_controller' build argument 'cmake_clean_first' from command line to 'False'
[7.589s] Level 5:colcon.colcon_core.verb:set package 'servo_controller' build argument 'cmake_force_configure' from command line to 'False'
[7.589s] Level 5:colcon.colcon_core.verb:set package 'servo_controller' build argument 'ament_cmake_args' from command line to 'None'
[7.590s] Level 5:colcon.colcon_core.verb:set package 'servo_controller' build argument 'catkin_cmake_args' from command line to 'None'
[7.590s] Level 5:colcon.colcon_core.verb:set package 'servo_controller' build argument 'catkin_skip_building_tests' from command line to 'False'
[7.590s] DEBUG:colcon.colcon_core.verb:Building package 'servo_controller' with the following arguments: {'ament_cmake_args': None, 'build_base': '/home/rpi/ros2_ws/build/servo_controller', 'catkin_cmake_args': None, 'catkin_skip_building_tests': False, 'cmake_args': None, 'cmake_clean_cache': False, 'cmake_clean_first': False, 'cmake_force_configure': False, 'cmake_target': None, 'cmake_target_skip_unavailable': False, 'install_base': '/home/rpi/ros2_ws/install/servo_controller', 'merge_install': False, 'path': '/home/rpi/ros2_ws/src/servo_controller', 'symlink_install': False, 'test_result_base': None}
[7.675s] Level 5:colcon.colcon_core.verb:set package 'robot_arm_controller' build argument 'cmake_args' from command line to 'None'
[7.676s] Level 5:colcon.colcon_core.verb:set package 'robot_arm_controller' build argument 'cmake_target' from command line to 'None'
[7.676s] Level 5:colcon.colcon_core.verb:set package 'robot_arm_controller' build argument 'cmake_target_skip_unavailable' from command line to 'False'
[7.676s] Level 5:colcon.colcon_core.verb:set package 'robot_arm_controller' build argument 'cmake_clean_cache' from command line to 'False'
[7.676s] Level 5:colcon.colcon_core.verb:set package 'robot_arm_controller' build argument 'cmake_clean_first' from command line to 'False'
[7.676s] Level 5:colcon.colcon_core.verb:set package 'robot_arm_controller' build argument 'cmake_force_configure' from command line to 'False'
[7.676s] Level 5:colcon.colcon_core.verb:set package 'robot_arm_controller' build argument 'ament_cmake_args' from command line to 'None'
[7.676s] Level 5:colcon.colcon_core.verb:set package 'robot_arm_controller' build argument 'catkin_cmake_args' from command line to 'None'
[7.676s] Level 5:colcon.colcon_core.verb:set package 'robot_arm_controller' build argument 'catkin_skip_building_tests' from command line to 'False'
[7.677s] DEBUG:colcon.colcon_core.verb:Building package 'robot_arm_controller' with the following arguments: {'ament_cmake_args': None, 'build_base': '/home/rpi/ros2_ws/build/robot_arm_controller', 'catkin_cmake_args': None, 'catkin_skip_building_tests': False, 'cmake_args': None, 'cmake_clean_cache': False, 'cmake_clean_first': False, 'cmake_force_configure': False, 'cmake_target': None, 'cmake_target_skip_unavailable': False, 'install_base': '/home/rpi/ros2_ws/install/robot_arm_controller', 'merge_install': False, 'path': '/home/rpi/ros2_ws/src/robot_arm_controller', 'symlink_install': False, 'test_result_base': None}
[7.756s] INFO:colcon.colcon_core.executor:Executing jobs using 'parallel' executor
[7.842s] DEBUG:colcon.colcon_parallel_executor.executor.parallel:run_until_complete
[7.843s] INFO:colcon.colcon_ros.task.ament_python.build:Building ROS package in '/home/rpi/ros2_ws/src/hri_comms' with build type 'ament_python'
[7.844s] Level 1:colcon.colcon_core.shell:create_environment_hook('hri_comms', 'ament_prefix_path')
[7.949s] INFO:colcon.colcon_core.plugin_system:Skipping extension 'colcon_core.shell.bat': Not used on non-Windows systems
[7.951s] INFO:colcon.colcon_core.shell:Creating environment hook '/home/rpi/ros2_ws/install/hri_comms/share/hri_comms/hook/ament_prefix_path.ps1'
[7.954s] INFO:colcon.colcon_core.shell:Creating environment descriptor '/home/rpi/ros2_ws/install/hri_comms/share/hri_comms/hook/ament_prefix_path.dsv'
[7.959s] INFO:colcon.colcon_core.shell:Creating environment hook '/home/rpi/ros2_ws/install/hri_comms/share/hri_comms/hook/ament_prefix_path.sh'
[8.067s] INFO:colcon.colcon_core.shell:Skip shell extension 'powershell' for command environment: Not usable outside of PowerShell
[8.068s] DEBUG:colcon.colcon_core.shell:Skip shell extension 'dsv' for command environment
[8.362s] INFO:colcon.colcon_ros.task.ament_python.build:Building ROS package in '/home/rpi/ros2_ws/src/my_robot_controller' with build type 'ament_python'
[8.363s] Level 1:colcon.colcon_core.shell:create_environment_hook('my_robot_controller', 'ament_prefix_path')
[8.461s] INFO:colcon.colcon_core.shell:Creating environment hook '/home/rpi/ros2_ws/install/my_robot_controller/share/my_robot_controller/hook/ament_prefix_path.ps1'
[8.464s] INFO:colcon.colcon_core.shell:Creating environment descriptor '/home/rpi/ros2_ws/install/my_robot_controller/share/my_robot_controller/hook/ament_prefix_path.dsv'
[8.466s] INFO:colcon.colcon_core.shell:Creating environment hook '/home/rpi/ros2_ws/install/my_robot_controller/share/my_robot_controller/hook/ament_prefix_path.sh'
[8.564s] INFO:colcon.colcon_core.shell:Skip shell extension 'powershell' for command environment: Not usable outside of PowerShell
[8.564s] DEBUG:colcon.colcon_core.shell:Skip shell extension 'dsv' for command environment
[8.859s] INFO:colcon.colcon_ros.task.ament_python.build:Building ROS package in '/home/rpi/ros2_ws/src/servo_controller' with build type 'ament_python'
[8.860s] Level 1:colcon.colcon_core.shell:create_environment_hook('servo_controller', 'ament_prefix_path')
[8.952s] INFO:colcon.colcon_core.shell:Creating environment hook '/home/rpi/ros2_ws/install/servo_controller/share/servo_controller/hook/ament_prefix_path.ps1'
[8.955s] INFO:colcon.colcon_core.shell:Creating environment descriptor '/home/rpi/ros2_ws/install/servo_controller/share/servo_controller/hook/ament_prefix_path.dsv'
[8.956s] INFO:colcon.colcon_core.shell:Creating environment hook '/home/rpi/ros2_ws/install/servo_controller/share/servo_controller/hook/ament_prefix_path.sh'
[9.058s] INFO:colcon.colcon_core.shell:Skip shell extension 'powershell' for command environment: Not usable outside of PowerShell
[9.059s] DEBUG:colcon.colcon_core.shell:Skip shell extension 'dsv' for command environment
[10.924s] INFO:colcon.colcon_core.task.python.build:Building Python package in '/home/rpi/ros2_ws/src/hri_comms'
[11.012s] INFO:colcon.colcon_core.shell:Skip shell extension 'powershell' for command environment: Not usable outside of PowerShell
[11.013s] DEBUG:colcon.colcon_core.shell:Skip shell extension 'dsv' for command environment
[12.880s] INFO:colcon.colcon_core.task.python.build:Building Python package in '/home/rpi/ros2_ws/src/my_robot_controller'
[12.978s] INFO:colcon.colcon_core.shell:Skip shell extension 'powershell' for command environment: Not usable outside of PowerShell
[12.979s] DEBUG:colcon.colcon_core.shell:Skip shell extension 'dsv' for command environment
[14.828s] INFO:colcon.colcon_core.task.python.build:Building Python package in '/home/rpi/ros2_ws/src/servo_controller'
[14.919s] INFO:colcon.colcon_core.shell:Skip shell extension 'powershell' for command environment: Not usable outside of PowerShell
[14.920s] DEBUG:colcon.colcon_core.shell:Skip shell extension 'dsv' for command environment
[18.117s] DEBUG:colcon.colcon_core.event_handler.log_command:Invoking command in '/home/rpi/ros2_ws/src/my_robot_controller': PYTHONPATH=/home/rpi/ros2_ws/build/my_robot_controller/prefix_override:/home/rpi/ros2_ws/install/my_robot_controller/lib/python3.10/site-packages:${PYTHONPATH} /usr/bin/python3 setup.py egg_info --egg-base ../../build/my_robot_controller build --build-base /home/rpi/ros2_ws/build/my_robot_controller/build install --record /home/rpi/ros2_ws/build/my_robot_controller/install.log --single-version-externally-managed
[18.162s] DEBUG:colcon.colcon_core.event_handler.log_command:Invoking command in '/home/rpi/ros2_ws/src/servo_controller': PYTHONPATH=/home/rpi/ros2_ws/build/servo_controller/prefix_override:/home/rpi/ros2_ws/install/servo_controller/lib/python3.10/site-packages:${PYTHONPATH} /usr/bin/python3 setup.py egg_info --egg-base ../../build/servo_controller build --build-base /home/rpi/ros2_ws/build/servo_controller/build install --record /home/rpi/ros2_ws/build/servo_controller/install.log --single-version-externally-managed
[18.179s] DEBUG:colcon.colcon_core.event_handler.log_command:Invoking command in '/home/rpi/ros2_ws/src/hri_comms': PYTHONPATH=/home/rpi/ros2_ws/build/hri_comms/prefix_override:/home/rpi/ros2_ws/install/hri_comms/lib/python3.10/site-packages:${PYTHONPATH} /usr/bin/python3 setup.py egg_info --egg-base ../../build/hri_comms build --build-base /home/rpi/ros2_ws/build/hri_comms/build install --record /home/rpi/ros2_ws/build/hri_comms/install.log --single-version-externally-managed
[20.698s] DEBUG:colcon.colcon_core.event_handler.log_command:Invoked command in '/home/rpi/ros2_ws/src/my_robot_controller' returned '0': PYTHONPATH=/home/rpi/ros2_ws/build/my_robot_controller/prefix_override:/home/rpi/ros2_ws/install/my_robot_controller/lib/python3.10/site-packages:${PYTHONPATH} /usr/bin/python3 setup.py egg_info --egg-base ../../build/my_robot_controller build --build-base /home/rpi/ros2_ws/build/my_robot_controller/build install --record /home/rpi/ros2_ws/build/my_robot_controller/install.log --single-version-externally-managed
[20.837s] Level 1:colcon.colcon_core.environment:checking '/home/rpi/ros2_ws/install/my_robot_controller' for CMake module files
[20.840s] Level 1:colcon.colcon_core.environment:checking '/home/rpi/ros2_ws/install/my_robot_controller' for CMake config files
[20.846s] Level 1:colcon.colcon_core.environment:checking '/home/rpi/ros2_ws/install/my_robot_controller/lib'
[20.847s] Level 1:colcon.colcon_core.environment:checking '/home/rpi/ros2_ws/install/my_robot_controller/bin'
[20.847s] Level 1:colcon.colcon_core.environment:checking '/home/rpi/ros2_ws/install/my_robot_controller/lib/pkgconfig/my_robot_controller.pc'
[20.848s] Level 1:colcon.colcon_core.environment:checking '/home/rpi/ros2_ws/install/my_robot_controller/lib/python3.10/site-packages'
[20.848s] Level 1:colcon.colcon_core.shell:create_environment_hook('my_robot_controller', 'pythonpath')
[20.938s] INFO:colcon.colcon_core.shell:Creating environment hook '/home/rpi/ros2_ws/install/my_robot_controller/share/my_robot_controller/hook/pythonpath.ps1'
[20.940s] INFO:colcon.colcon_core.shell:Creating environment descriptor '/home/rpi/ros2_ws/install/my_robot_controller/share/my_robot_controller/hook/pythonpath.dsv'
[20.942s] INFO:colcon.colcon_core.shell:Creating environment hook '/home/rpi/ros2_ws/install/my_robot_controller/share/my_robot_controller/hook/pythonpath.sh'
[20.946s] Level 1:colcon.colcon_core.environment:checking '/home/rpi/ros2_ws/install/my_robot_controller/bin'
[20.946s] Level 1:colcon.colcon_core.environment:create_environment_scripts_only(my_robot_controller)
[21.041s] INFO:colcon.colcon_core.shell:Creating package script '/home/rpi/ros2_ws/install/my_robot_controller/share/my_robot_controller/package.ps1'
[21.047s] INFO:colcon.colcon_core.shell:Creating package descriptor '/home/rpi/ros2_ws/install/my_robot_controller/share/my_robot_controller/package.dsv'
[21.051s] INFO:colcon.colcon_core.shell:Creating package script '/home/rpi/ros2_ws/install/my_robot_controller/share/my_robot_controller/package.sh'
[21.057s] INFO:colcon.colcon_core.shell:Creating package script '/home/rpi/ros2_ws/install/my_robot_controller/share/my_robot_controller/package.bash'
[21.062s] INFO:colcon.colcon_core.shell:Creating package script '/home/rpi/ros2_ws/install/my_robot_controller/share/my_robot_controller/package.zsh'
[21.067s] Level 1:colcon.colcon_core.environment:create_file_with_runtime_dependencies(/home/rpi/ros2_ws/install/my_robot_controller/share/colcon-core/packages/my_robot_controller)
[21.076s] DEBUG:colcon.colcon_core.event_handler.log_command:Invoked command in '/home/rpi/ros2_ws/src/hri_comms' returned '0': PYTHONPATH=/home/rpi/ros2_ws/build/hri_comms/prefix_override:/home/rpi/ros2_ws/install/hri_comms/lib/python3.10/site-packages:${PYTHONPATH} /usr/bin/python3 setup.py egg_info --egg-base ../../build/hri_comms build --build-base /home/rpi/ros2_ws/build/hri_comms/build install --record /home/rpi/ros2_ws/build/hri_comms/install.log --single-version-externally-managed
[21.187s] Level 1:colcon.colcon_core.environment:checking '/home/rpi/ros2_ws/install/hri_comms' for CMake module files
[21.191s] Level 1:colcon.colcon_core.environment:checking '/home/rpi/ros2_ws/install/hri_comms' for CMake config files
[21.196s] Level 1:colcon.colcon_core.environment:checking '/home/rpi/ros2_ws/install/hri_comms/lib'
[21.197s] Level 1:colcon.colcon_core.environment:checking '/home/rpi/ros2_ws/install/hri_comms/bin'
[21.197s] Level 1:colcon.colcon_core.environment:checking '/home/rpi/ros2_ws/install/hri_comms/lib/pkgconfig/hri_comms.pc'
[21.198s] Level 1:colcon.colcon_core.environment:checking '/home/rpi/ros2_ws/install/hri_comms/lib/python3.10/site-packages'
[21.199s] Level 1:colcon.colcon_core.shell:create_environment_hook('hri_comms', 'pythonpath')
[21.283s] INFO:colcon.colcon_core.shell:Creating environment hook '/home/rpi/ros2_ws/install/hri_comms/share/hri_comms/hook/pythonpath.ps1'
[21.285s] INFO:colcon.colcon_core.shell:Creating environment descriptor '/home/rpi/ros2_ws/install/hri_comms/share/hri_comms/hook/pythonpath.dsv'
[21.290s] INFO:colcon.colcon_core.shell:Creating environment hook '/home/rpi/ros2_ws/install/hri_comms/share/hri_comms/hook/pythonpath.sh'
[21.295s] Level 1:colcon.colcon_core.environment:checking '/home/rpi/ros2_ws/install/hri_comms/bin'
[21.296s] Level 1:colcon.colcon_core.environment:create_environment_scripts_only(hri_comms)
[21.386s] INFO:colcon.colcon_core.shell:Creating package script '/home/rpi/ros2_ws/install/hri_comms/share/hri_comms/package.ps1'
[21.391s] INFO:colcon.colcon_core.shell:Creating package descriptor '/home/rpi/ros2_ws/install/hri_comms/share/hri_comms/package.dsv'
[21.396s] INFO:colcon.colcon_core.shell:Creating package script '/home/rpi/ros2_ws/install/hri_comms/share/hri_comms/package.sh'
[21.399s] INFO:colcon.colcon_core.shell:Creating package script '/home/rpi/ros2_ws/install/hri_comms/share/hri_comms/package.bash'
[21.401s] INFO:colcon.colcon_core.shell:Creating package script '/home/rpi/ros2_ws/install/hri_comms/share/hri_comms/package.zsh'
[21.403s] Level 1:colcon.colcon_core.environment:create_file_with_runtime_dependencies(/home/rpi/ros2_ws/install/hri_comms/share/colcon-core/packages/hri_comms)
[21.407s] INFO:colcon.colcon_ros.task.ament_python.build:Building ROS package in '/home/rpi/ros2_ws/src/robot_arm_controller' with build type 'ament_python'
[21.407s] Level 1:colcon.colcon_core.shell:create_environment_hook('robot_arm_controller', 'ament_prefix_path')
[21.517s] INFO:colcon.colcon_core.shell:Creating environment hook '/home/rpi/ros2_ws/install/robot_arm_controller/share/robot_arm_controller/hook/ament_prefix_path.ps1'
[21.520s] INFO:colcon.colcon_core.shell:Creating environment descriptor '/home/rpi/ros2_ws/install/robot_arm_controller/share/robot_arm_controller/hook/ament_prefix_path.dsv'
[21.522s] INFO:colcon.colcon_core.shell:Creating environment hook '/home/rpi/ros2_ws/install/robot_arm_controller/share/robot_arm_controller/hook/ament_prefix_path.sh'
[21.618s] INFO:colcon.colcon_core.shell:Skip shell extension 'powershell' for command environment: Not usable outside of PowerShell
[21.619s] DEBUG:colcon.colcon_core.shell:Skip shell extension 'dsv' for command environment
[21.911s] DEBUG:colcon.colcon_core.event_handler.log_command:Invoked command in '/home/rpi/ros2_ws/src/servo_controller' returned '0': PYTHONPATH=/home/rpi/ros2_ws/build/servo_controller/prefix_override:/home/rpi/ros2_ws/install/servo_controller/lib/python3.10/site-packages:${PYTHONPATH} /usr/bin/python3 setup.py egg_info --egg-base ../../build/servo_controller build --build-base /home/rpi/ros2_ws/build/servo_controller/build install --record /home/rpi/ros2_ws/build/servo_controller/install.log --single-version-externally-managed
[22.005s] Level 1:colcon.colcon_core.environment:checking '/home/rpi/ros2_ws/install/servo_controller' for CMake module files
[22.009s] Level 1:colcon.colcon_core.environment:checking '/home/rpi/ros2_ws/install/servo_controller' for CMake config files
[22.014s] Level 1:colcon.colcon_core.environment:checking '/home/rpi/ros2_ws/install/servo_controller/lib'
[22.015s] Level 1:colcon.colcon_core.environment:checking '/home/rpi/ros2_ws/install/servo_controller/bin'
[22.015s] Level 1:colcon.colcon_core.environment:checking '/home/rpi/ros2_ws/install/servo_controller/lib/pkgconfig/servo_controller.pc'
[22.016s] Level 1:colcon.colcon_core.environment:checking '/home/rpi/ros2_ws/install/servo_controller/lib/python3.10/site-packages'
[22.017s] Level 1:colcon.colcon_core.shell:create_environment_hook('servo_controller', 'pythonpath')
[22.100s] INFO:colcon.colcon_core.shell:Creating environment hook '/home/rpi/ros2_ws/install/servo_controller/share/servo_controller/hook/pythonpath.ps1'
[22.102s] INFO:colcon.colcon_core.shell:Creating environment descriptor '/home/rpi/ros2_ws/install/servo_controller/share/servo_controller/hook/pythonpath.dsv'
[22.107s] INFO:colcon.colcon_core.shell:Creating environment hook '/home/rpi/ros2_ws/install/servo_controller/share/servo_controller/hook/pythonpath.sh'
[22.112s] Level 1:colcon.colcon_core.environment:checking '/home/rpi/ros2_ws/install/servo_controller/bin'
[22.112s] Level 1:colcon.colcon_core.environment:create_environment_scripts_only(servo_controller)
[22.197s] INFO:colcon.colcon_core.shell:Creating package script '/home/rpi/ros2_ws/install/servo_controller/share/servo_controller/package.ps1'
[22.200s] INFO:colcon.colcon_core.shell:Creating package descriptor '/home/rpi/ros2_ws/install/servo_controller/share/servo_controller/package.dsv'
[22.204s] INFO:colcon.colcon_core.shell:Creating package script '/home/rpi/ros2_ws/install/servo_controller/share/servo_controller/package.sh'
[22.206s] INFO:colcon.colcon_core.shell:Creating package script '/home/rpi/ros2_ws/install/servo_controller/share/servo_controller/package.bash'
[22.211s] INFO:colcon.colcon_core.shell:Creating package script '/home/rpi/ros2_ws/install/servo_controller/share/servo_controller/package.zsh'
[22.213s] Level 1:colcon.colcon_core.environment:create_file_with_runtime_dependencies(/home/rpi/ros2_ws/install/servo_controller/share/colcon-core/packages/servo_controller)
[23.766s] INFO:colcon.colcon_core.task.python.build:Building Python package in '/home/rpi/ros2_ws/src/robot_arm_controller'
[23.862s] INFO:colcon.colcon_core.shell:Skip shell extension 'powershell' for command environment: Not usable outside of PowerShell
[23.863s] DEBUG:colcon.colcon_core.shell:Skip shell extension 'dsv' for command environment
[26.318s] DEBUG:colcon.colcon_core.event_handler.log_command:Invoking command in '/home/rpi/ros2_ws/src/robot_arm_controller': AMENT_PREFIX_PATH=/home/rpi/ros2_ws/install/hri_comms:/home/rpi/ros2_ws/install/servo_controller:/home/rpi/ros2_ws/install/robot_arm_controller:/home/rpi/ros2_ws/install/my_robot_controller:/opt/ros/humble PYTHONPATH=/home/rpi/ros2_ws/build/robot_arm_controller/prefix_override:/home/rpi/ros2_ws/install/robot_arm_controller/lib/python3.10/site-packages:/home/rpi/ros2_ws/install/hri_comms/lib/python3.10/site-packages:/home/rpi/ros2_ws/install/servo_controller/lib/python3.10/site-packages:/home/rpi/ros2_ws/install/robot_arm_controller/lib/python3.10/site-packages:/home/rpi/ros2_ws/install/my_robot_controller/lib/python3.10/site-packages:/opt/ros/humble/lib/python3.10/site-packages:/opt/ros/humble/local/lib/python3.10/dist-packages /usr/bin/python3 setup.py egg_info --egg-base ../../build/robot_arm_controller build --build-base /home/rpi/ros2_ws/build/robot_arm_controller/build install --record /home/rpi/ros2_ws/build/robot_arm_controller/install.log --single-version-externally-managed
[31.909s] DEBUG:colcon.colcon_core.event_handler.log_command:Invoked command in '/home/rpi/ros2_ws/src/robot_arm_controller' returned '0': AMENT_PREFIX_PATH=/home/rpi/ros2_ws/install/hri_comms:/home/rpi/ros2_ws/install/servo_controller:/home/rpi/ros2_ws/install/robot_arm_controller:/home/rpi/ros2_ws/install/my_robot_controller:/opt/ros/humble PYTHONPATH=/home/rpi/ros2_ws/build/robot_arm_controller/prefix_override:/home/rpi/ros2_ws/install/robot_arm_controller/lib/python3.10/site-packages:/home/rpi/ros2_ws/install/hri_comms/lib/python3.10/site-packages:/home/rpi/ros2_ws/install/servo_controller/lib/python3.10/site-packages:/home/rpi/ros2_ws/install/robot_arm_controller/lib/python3.10/site-packages:/home/rpi/ros2_ws/install/my_robot_controller/lib/python3.10/site-packages:/opt/ros/humble/lib/python3.10/site-packages:/opt/ros/humble/local/lib/python3.10/dist-packages /usr/bin/python3 setup.py egg_info --egg-base ../../build/robot_arm_controller build --build-base /home/rpi/ros2_ws/build/robot_arm_controller/build install --record /home/rpi/ros2_ws/build/robot_arm_controller/install.log --single-version-externally-managed
[32.378s] Level 1:colcon.colcon_core.environment:checking '/home/rpi/ros2_ws/install/robot_arm_controller' for CMake module files
[32.385s] Level 1:colcon.colcon_core.environment:checking '/home/rpi/ros2_ws/install/robot_arm_controller' for CMake config files
[32.397s] Level 1:colcon.colcon_core.environment:checking '/home/rpi/ros2_ws/install/robot_arm_controller/lib'
[32.399s] Level 1:colcon.colcon_core.environment:checking '/home/rpi/ros2_ws/install/robot_arm_controller/bin'
[32.400s] Level 1:colcon.colcon_core.environment:checking '/home/rpi/ros2_ws/install/robot_arm_controller/lib/pkgconfig/robot_arm_controller.pc'
[32.402s] Level 1:colcon.colcon_core.environment:checking '/home/rpi/ros2_ws/install/robot_arm_controller/lib/python3.10/site-packages'
[32.403s] Level 1:colcon.colcon_core.shell:create_environment_hook('robot_arm_controller', 'pythonpath')
[32.802s] INFO:colcon.colcon_core.shell:Creating environment hook '/home/rpi/ros2_ws/install/robot_arm_controller/share/robot_arm_controller/hook/pythonpath.ps1'
[32.809s] INFO:colcon.colcon_core.shell:Creating environment descriptor '/home/rpi/ros2_ws/install/robot_arm_controller/share/robot_arm_controller/hook/pythonpath.dsv'
[32.817s] INFO:colcon.colcon_core.shell:Creating environment hook '/home/rpi/ros2_ws/install/robot_arm_controller/share/robot_arm_controller/hook/pythonpath.sh'
[32.823s] Level 1:colcon.colcon_core.environment:checking '/home/rpi/ros2_ws/install/robot_arm_controller/bin'
[32.824s] Level 1:colcon.colcon_core.environment:create_environment_scripts_only(robot_arm_controller)
[33.288s] INFO:colcon.colcon_core.shell:Creating package script '/home/rpi/ros2_ws/install/robot_arm_controller/share/robot_arm_controller/package.ps1'
[33.296s] INFO:colcon.colcon_core.shell:Creating package descriptor '/home/rpi/ros2_ws/install/robot_arm_controller/share/robot_arm_controller/package.dsv'
[33.309s] INFO:colcon.colcon_core.shell:Creating package script '/home/rpi/ros2_ws/install/robot_arm_controller/share/robot_arm_controller/package.sh'
[33.315s] INFO:colcon.colcon_core.shell:Creating package script '/home/rpi/ros2_ws/install/robot_arm_controller/share/robot_arm_controller/package.bash'
[33.320s] INFO:colcon.colcon_core.shell:Creating package script '/home/rpi/ros2_ws/install/robot_arm_controller/share/robot_arm_controller/package.zsh'
[33.327s] Level 1:colcon.colcon_core.environment:create_file_with_runtime_dependencies(/home/rpi/ros2_ws/install/robot_arm_controller/share/colcon-core/packages/robot_arm_controller)
[33.340s] DEBUG:colcon.colcon_parallel_executor.executor.parallel:closing loop
[33.344s] DEBUG:colcon.colcon_parallel_executor.executor.parallel:loop closed
[33.345s] DEBUG:colcon.colcon_parallel_executor.executor.parallel:run_until_complete finished with '0'
[33.346s] DEBUG:colcon.colcon_core.event_reactor:joining thread
[33.794s] INFO:colcon.colcon_core.plugin_system:Skipping extension 'colcon_notification.desktop_notification.terminal_notifier': Not used on non-Darwin systems
[33.796s] INFO:colcon.colcon_core.plugin_system:Skipping extension 'colcon_notification.desktop_notification.win32': Not used on non-Windows systems
[33.797s] INFO:colcon.colcon_notification.desktop_notification:Sending desktop notification using 'notify2'
[34.012s] DEBUG:colcon.colcon_core.event_reactor:joined thread
[34.295s] INFO:colcon.colcon_core.shell:Creating prefix script '/home/rpi/ros2_ws/install/local_setup.ps1'
[34.306s] INFO:colcon.colcon_core.shell:Creating prefix util module '/home/rpi/ros2_ws/install/_local_setup_util_ps1.py'
[34.318s] INFO:colcon.colcon_core.shell:Creating prefix chain script '/home/rpi/ros2_ws/install/setup.ps1'
[34.586s] INFO:colcon.colcon_core.shell:Creating prefix script '/home/rpi/ros2_ws/install/local_setup.sh'
[34.597s] INFO:colcon.colcon_core.shell:Creating prefix util module '/home/rpi/ros2_ws/install/_local_setup_util_sh.py'
[34.603s] INFO:colcon.colcon_core.shell:Creating prefix chain script '/home/rpi/ros2_ws/install/setup.sh'
[34.864s] INFO:colcon.colcon_core.shell:Creating prefix script '/home/rpi/ros2_ws/install/local_setup.bash'
[34.878s] INFO:colcon.colcon_core.shell:Creating prefix chain script '/home/rpi/ros2_ws/install/setup.bash'
[35.163s] INFO:colcon.colcon_core.shell:Creating prefix script '/home/rpi/ros2_ws/install/local_setup.zsh'
[35.171s] INFO:colcon.colcon_core.shell:Creating prefix chain script '/home/rpi/ros2_ws/install/setup.zsh'
