[11.517s] Invoking command in '/home/rpi/ros2_ws/src/my_robot_controller': PYTHONPATH=/home/rpi/ros2_ws/build/my_robot_controller/prefix_override:/home/rpi/ros2_ws/install/my_robot_controller/lib/python3.10/site-packages:${PYTHONPATH} /usr/bin/python3 setup.py egg_info --egg-base ../../build/my_robot_controller build --build-base /home/rpi/ros2_ws/build/my_robot_controller/build install --record /home/rpi/ros2_ws/build/my_robot_controller/install.log --single-version-externally-managed
[13.547s] running egg_info
[13.553s] writing ../../build/my_robot_controller/my_robot_controller.egg-info/PKG-INFO
[13.558s] writing dependency_links to ../../build/my_robot_controller/my_robot_controller.egg-info/dependency_links.txt
[13.561s] writing entry points to ../../build/my_robot_controller/my_robot_controller.egg-info/entry_points.txt
[13.591s] writing requirements to ../../build/my_robot_controller/my_robot_controller.egg-info/requires.txt
[13.591s] writing top-level names to ../../build/my_robot_controller/my_robot_controller.egg-info/top_level.txt
[13.608s] reading manifest file '../../build/my_robot_controller/my_robot_controller.egg-info/SOURCES.txt'
[13.616s] writing manifest file '../../build/my_robot_controller/my_robot_controller.egg-info/SOURCES.txt'
[13.618s] running build
[13.619s] running build_py
[13.620s] running install
[13.625s] running install_lib
[13.645s] running install_data
[13.655s] running install_egg_info
[13.697s] removing '/home/rpi/ros2_ws/install/my_robot_controller/lib/python3.10/site-packages/my_robot_controller-0.0.0-py3.10.egg-info' (and everything under it)
[13.715s] Copying ../../build/my_robot_controller/my_robot_controller.egg-info to /home/rpi/ros2_ws/install/my_robot_controller/lib/python3.10/site-packages/my_robot_controller-0.0.0-py3.10.egg-info
[13.773s] running install_scripts
[13.990s] Installing draw_circle script to /home/rpi/ros2_ws/install/my_robot_controller/lib/my_robot_controller
[13.994s] Installing pose_subscriber script to /home/rpi/ros2_ws/install/my_robot_controller/lib/my_robot_controller
[13.998s] Installing test_node script to /home/rpi/ros2_ws/install/my_robot_controller/lib/my_robot_controller
[14.008s] writing list of installed files to '/home/rpi/ros2_ws/build/my_robot_controller/install.log'
[14.879s] Invoked command in '/home/rpi/ros2_ws/src/my_robot_controller' returned '0': PYTHONPATH=/home/rpi/ros2_ws/build/my_robot_controller/prefix_override:/home/rpi/ros2_ws/install/my_robot_controller/lib/python3.10/site-packages:${PYTHONPATH} /usr/bin/python3 setup.py egg_info --egg-base ../../build/my_robot_controller build --build-base /home/rpi/ros2_ws/build/my_robot_controller/build install --record /home/rpi/ros2_ws/build/my_robot_controller/install.log --single-version-externally-managed
