[11.581s] Invoking command in '/home/rpi/ros2_ws/src/servo_controller': PYTHONPATH=/home/rpi/ros2_ws/build/servo_controller/prefix_override:/home/rpi/ros2_ws/install/servo_controller/lib/python3.10/site-packages:${PYTHONPATH} /usr/bin/python3 setup.py egg_info --egg-base ../../build/servo_controller build --build-base /home/rpi/ros2_ws/build/servo_controller/build install --record /home/rpi/ros2_ws/build/servo_controller/install.log --single-version-externally-managed
[14.311s] running egg_info
[14.318s] writing ../../build/servo_controller/servo_controller.egg-info/PKG-INFO
[14.321s] writing dependency_links to ../../build/servo_controller/servo_controller.egg-info/dependency_links.txt
[14.323s] writing entry points to ../../build/servo_controller/servo_controller.egg-info/entry_points.txt
[14.325s] writing requirements to ../../build/servo_controller/servo_controller.egg-info/requires.txt
[14.329s] writing top-level names to ../../build/servo_controller/servo_controller.egg-info/top_level.txt
[14.343s] reading manifest file '../../build/servo_controller/servo_controller.egg-info/SOURCES.txt'
[14.350s] writing manifest file '../../build/servo_controller/servo_controller.egg-info/SOURCES.txt'
[14.351s] running build
[14.352s] running build_py
[14.354s] running install
[14.355s] running install_lib
[14.368s] running install_data
[14.371s] running install_egg_info
[14.387s] removing '/home/rpi/ros2_ws/install/servo_controller/lib/python3.10/site-packages/servo_controller-0.0.0-py3.10.egg-info' (and everything under it)
[14.392s] Copying ../../build/servo_controller/servo_controller.egg-info to /home/rpi/ros2_ws/install/servo_controller/lib/python3.10/site-packages/servo_controller-0.0.0-py3.10.egg-info
[14.411s] running install_scripts
[14.578s] Installing actuate_servo script to /home/rpi/ros2_ws/install/servo_controller/lib/servo_controller
[14.583s] Installing keyboard_input script to /home/rpi/ros2_ws/install/servo_controller/lib/servo_controller
[14.588s] writing list of installed files to '/home/rpi/ros2_ws/build/servo_controller/install.log'
[15.917s] Invoked command in '/home/rpi/ros2_ws/src/servo_controller' returned '0': PYTHONPATH=/home/rpi/ros2_ws/build/servo_controller/prefix_override:/home/rpi/ros2_ws/install/servo_controller/lib/python3.10/site-packages:${PYTHONPATH} /usr/bin/python3 setup.py egg_info --egg-base ../../build/servo_controller build --build-base /home/rpi/ros2_ws/build/servo_controller/build install --record /home/rpi/ros2_ws/build/servo_controller/install.log --single-version-externally-managed
