[17.662s] Invoking command in '/home/rpi/ros2_ws/src/data_collection': PYTHONPATH=/home/rpi/ros2_ws/build/data_collection/prefix_override:/home/rpi/ros2_ws/install/data_collection/lib/python3.10/site-packages:${PYTHONPATH} /usr/bin/python3 setup.py egg_info --egg-base ../../build/data_collection build --build-base /home/rpi/ros2_ws/build/data_collection/build install --record /home/rpi/ros2_ws/build/data_collection/install.log --single-version-externally-managed
[20.281s] running egg_info
[20.291s] writing ../../build/data_collection/data_collection.egg-info/PKG-INFO
[20.295s] writing dependency_links to ../../build/data_collection/data_collection.egg-info/dependency_links.txt
[20.301s] writing entry points to ../../build/data_collection/data_collection.egg-info/entry_points.txt
[20.302s] writing requirements to ../../build/data_collection/data_collection.egg-info/requires.txt
[20.322s] writing top-level names to ../../build/data_collection/data_collection.egg-info/top_level.txt
[20.333s] reading manifest file '../../build/data_collection/data_collection.egg-info/SOURCES.txt'
[20.353s] writing manifest file '../../build/data_collection/data_collection.egg-info/SOURCES.txt'
[20.356s] running build
[20.357s] running build_py
[20.363s] running install
[20.365s] running install_lib
[20.394s] running install_data
[20.409s] running install_egg_info
[20.422s] removing '/home/rpi/ros2_ws/install/data_collection/lib/python3.10/site-packages/data_collection-0.0.0-py3.10.egg-info' (and everything under it)
[20.455s] Copying ../../build/data_collection/data_collection.egg-info to /home/rpi/ros2_ws/install/data_collection/lib/python3.10/site-packages/data_collection-0.0.0-py3.10.egg-info
[20.515s] running install_scripts
[20.854s] Installing csv_writer script to /home/rpi/ros2_ws/install/data_collection/lib/data_collection
[20.886s] writing list of installed files to '/home/rpi/ros2_ws/build/data_collection/install.log'
[23.749s] Invoked command in '/home/rpi/ros2_ws/src/data_collection' returned '0': PYTHONPATH=/home/rpi/ros2_ws/build/data_collection/prefix_override:/home/rpi/ros2_ws/install/data_collection/lib/python3.10/site-packages:${PYTHONPATH} /usr/bin/python3 setup.py egg_info --egg-base ../../build/data_collection build --build-base /home/rpi/ros2_ws/build/data_collection/build install --record /home/rpi/ros2_ws/build/data_collection/install.log --single-version-externally-managed
