[13.736s] Invoking command in '/home/rpi/ros2_ws/src/servo_controller': PYTHONPATH=/home/rpi/ros2_ws/build/servo_controller/prefix_override:/home/rpi/ros2_ws/install/servo_controller/lib/python3.10/site-packages:${PYTHONPATH} /usr/bin/python3 setup.py egg_info --egg-base ../../build/servo_controller build --build-base /home/rpi/ros2_ws/build/servo_controller/build install --record /home/rpi/ros2_ws/build/servo_controller/install.log --single-version-externally-managed
[16.525s] running egg_info
[16.528s] writing ../../build/servo_controller/servo_controller.egg-info/PKG-INFO
[16.532s] writing dependency_links to ../../build/servo_controller/servo_controller.egg-info/dependency_links.txt
[16.533s] writing entry points to ../../build/servo_controller/servo_controller.egg-info/entry_points.txt
[16.535s] writing requirements to ../../build/servo_controller/servo_controller.egg-info/requires.txt
[16.536s] writing top-level names to ../../build/servo_controller/servo_controller.egg-info/top_level.txt
[16.561s] reading manifest file '../../build/servo_controller/servo_controller.egg-info/SOURCES.txt'
[16.569s] writing manifest file '../../build/servo_controller/servo_controller.egg-info/SOURCES.txt'
[16.570s] running build
[16.571s] running build_py
[16.572s] running install
[16.577s] running install_lib
[16.582s] running install_data
[16.590s] running install_egg_info
[16.609s] removing '/home/rpi/ros2_ws/install/servo_controller/lib/python3.10/site-packages/servo_controller-0.0.0-py3.10.egg-info' (and everything under it)
[16.621s] Copying ../../build/servo_controller/servo_controller.egg-info to /home/rpi/ros2_ws/install/servo_controller/lib/python3.10/site-packages/servo_controller-0.0.0-py3.10.egg-info
[16.711s] running install_scripts
[16.966s] Installing actuate_servo script to /home/rpi/ros2_ws/install/servo_controller/lib/servo_controller
[16.968s] Installing keyboard_input script to /home/rpi/ros2_ws/install/servo_controller/lib/servo_controller
[16.971s] writing list of installed files to '/home/rpi/ros2_ws/build/servo_controller/install.log'
[18.057s] Invoked command in '/home/rpi/ros2_ws/src/servo_controller' returned '0': PYTHONPATH=/home/rpi/ros2_ws/build/servo_controller/prefix_override:/home/rpi/ros2_ws/install/servo_controller/lib/python3.10/site-packages:${PYTHONPATH} /usr/bin/python3 setup.py egg_info --egg-base ../../build/servo_controller build --build-base /home/rpi/ros2_ws/build/servo_controller/build install --record /home/rpi/ros2_ws/build/servo_controller/install.log --single-version-externally-managed
