[13.624s] Invoking command in '/home/rpi/ros2_ws/src/data_collection': PYTHONPATH=/home/rpi/ros2_ws/build/data_collection/prefix_override:/home/rpi/ros2_ws/install/data_collection/lib/python3.10/site-packages:${PYTHONPATH} /usr/bin/python3 setup.py egg_info --egg-base ../../build/data_collection build --build-base /home/rpi/ros2_ws/build/data_collection/build install --record /home/rpi/ros2_ws/build/data_collection/install.log --single-version-externally-managed
[15.860s] running egg_info
[15.864s] writing ../../build/data_collection/data_collection.egg-info/PKG-INFO
[15.871s] writing dependency_links to ../../build/data_collection/data_collection.egg-info/dependency_links.txt
[15.875s] writing entry points to ../../build/data_collection/data_collection.egg-info/entry_points.txt
[15.878s] writing requirements to ../../build/data_collection/data_collection.egg-info/requires.txt
[15.880s] writing top-level names to ../../build/data_collection/data_collection.egg-info/top_level.txt
[15.910s] reading manifest file '../../build/data_collection/data_collection.egg-info/SOURCES.txt'
[15.920s] writing manifest file '../../build/data_collection/data_collection.egg-info/SOURCES.txt'
[15.923s] running build
[15.924s] running build_py
[15.934s] running install
[15.935s] running install_lib
[15.943s] running install_data
[15.956s] running install_egg_info
[15.981s] removing '/home/rpi/ros2_ws/install/data_collection/lib/python3.10/site-packages/data_collection-0.0.0-py3.10.egg-info' (and everything under it)
[15.982s] Copying ../../build/data_collection/data_collection.egg-info to /home/rpi/ros2_ws/install/data_collection/lib/python3.10/site-packages/data_collection-0.0.0-py3.10.egg-info
[16.043s] running install_scripts
[16.343s] Installing csv_writer script to /home/rpi/ros2_ws/install/data_collection/lib/data_collection
[16.357s] writing list of installed files to '/home/rpi/ros2_ws/build/data_collection/install.log'
[17.302s] Invoked command in '/home/rpi/ros2_ws/src/data_collection' returned '0': PYTHONPATH=/home/rpi/ros2_ws/build/data_collection/prefix_override:/home/rpi/ros2_ws/install/data_collection/lib/python3.10/site-packages:${PYTHONPATH} /usr/bin/python3 setup.py egg_info --egg-base ../../build/data_collection build --build-base /home/rpi/ros2_ws/build/data_collection/build install --record /home/rpi/ros2_ws/build/data_collection/install.log --single-version-externally-managed
