[12.306s] Invoking command in '/home/rpi/ros2_ws/src/hri_comms': PYTHONPATH=/home/rpi/ros2_ws/build/hri_comms/prefix_override:/home/rpi/ros2_ws/install/hri_comms/lib/python3.10/site-packages:${PYTHONPATH} /usr/bin/python3 setup.py egg_info --egg-base ../../build/hri_comms build --build-base /home/rpi/ros2_ws/build/hri_comms/build install --record /home/rpi/ros2_ws/build/hri_comms/install.log --single-version-externally-managed
[14.501s] running egg_info
[14.504s] writing ../../build/hri_comms/hri_comms.egg-info/PKG-INFO
[14.506s] writing dependency_links to ../../build/hri_comms/hri_comms.egg-info/dependency_links.txt
[14.509s] writing entry points to ../../build/hri_comms/hri_comms.egg-info/entry_points.txt
[14.510s] writing requirements to ../../build/hri_comms/hri_comms.egg-info/requires.txt
[14.511s] writing top-level names to ../../build/hri_comms/hri_comms.egg-info/top_level.txt
[14.523s] reading manifest file '../../build/hri_comms/hri_comms.egg-info/SOURCES.txt'
[14.530s] writing manifest file '../../build/hri_comms/hri_comms.egg-info/SOURCES.txt'
[14.535s] running build
[14.536s] running build_py
[14.537s] running install
[14.537s] running install_lib
[14.545s] running install_data
[14.550s] running install_egg_info
[14.561s] removing '/home/rpi/ros2_ws/install/hri_comms/lib/python3.10/site-packages/hri_comms-0.0.0-py3.10.egg-info' (and everything under it)
[14.567s] Copying ../../build/hri_comms/hri_comms.egg-info to /home/rpi/ros2_ws/install/hri_comms/lib/python3.10/site-packages/hri_comms-0.0.0-py3.10.egg-info
[14.574s] running install_scripts
[14.700s] Installing data_handler script to /home/rpi/ros2_ws/install/hri_comms/lib/hri_comms
[14.701s] Installing udp_server script to /home/rpi/ros2_ws/install/hri_comms/lib/hri_comms
[14.704s] writing list of installed files to '/home/rpi/ros2_ws/build/hri_comms/install.log'
[14.916s] Invoked command in '/home/rpi/ros2_ws/src/hri_comms' returned '0': PYTHONPATH=/home/rpi/ros2_ws/build/hri_comms/prefix_override:/home/rpi/ros2_ws/install/hri_comms/lib/python3.10/site-packages:${PYTHONPATH} /usr/bin/python3 setup.py egg_info --egg-base ../../build/hri_comms build --build-base /home/rpi/ros2_ws/build/hri_comms/build install --record /home/rpi/ros2_ws/build/hri_comms/install.log --single-version-externally-managed
