[8.866s] Invoking command in '/home/rpi/ros2_ws/src/servo_controller': PYTHONPATH=/home/rpi/ros2_ws/build/servo_controller/prefix_override:/home/rpi/ros2_ws/install/servo_controller/lib/python3.10/site-packages:${PYTHONPATH} /usr/bin/python3 setup.py egg_info --egg-base ../../build/servo_controller build --build-base /home/rpi/ros2_ws/build/servo_controller/build install --record /home/rpi/ros2_ws/build/servo_controller/install.log --single-version-externally-managed
[10.616s] running egg_info
[10.619s] writing ../../build/servo_controller/servo_controller.egg-info/PKG-INFO
[10.623s] writing dependency_links to ../../build/servo_controller/servo_controller.egg-info/dependency_links.txt
[10.624s] writing entry points to ../../build/servo_controller/servo_controller.egg-info/entry_points.txt
[10.625s] writing requirements to ../../build/servo_controller/servo_controller.egg-info/requires.txt
[10.625s] writing top-level names to ../../build/servo_controller/servo_controller.egg-info/top_level.txt
[10.636s] reading manifest file '../../build/servo_controller/servo_controller.egg-info/SOURCES.txt'
[10.646s] writing manifest file '../../build/servo_controller/servo_controller.egg-info/SOURCES.txt'
[10.648s] running build
[10.649s] running build_py
[10.657s] copying servo_controller/keyboard_input.py -> /home/rpi/ros2_ws/build/servo_controller/build/lib/servo_controller
[10.659s] running install
[10.662s] running install_lib
[10.670s] copying /home/rpi/ros2_ws/build/servo_controller/build/lib/servo_controller/keyboard_input.py -> /home/rpi/ros2_ws/install/servo_controller/lib/python3.10/site-packages/servo_controller
[10.673s] byte-compiling /home/rpi/ros2_ws/install/servo_controller/lib/python3.10/site-packages/servo_controller/keyboard_input.py to keyboard_input.cpython-310.pyc
[10.673s] running install_data
[10.677s] running install_egg_info
[10.698s] removing '/home/rpi/ros2_ws/install/servo_controller/lib/python3.10/site-packages/servo_controller-0.0.0-py3.10.egg-info' (and everything under it)
[10.699s] Copying ../../build/servo_controller/servo_controller.egg-info to /home/rpi/ros2_ws/install/servo_controller/lib/python3.10/site-packages/servo_controller-0.0.0-py3.10.egg-info
[10.710s] running install_scripts
[10.833s] Installing actuate_servo script to /home/rpi/ros2_ws/install/servo_controller/lib/servo_controller
[10.837s] Installing keyboard_input script to /home/rpi/ros2_ws/install/servo_controller/lib/servo_controller
[10.840s] writing list of installed files to '/home/rpi/ros2_ws/build/servo_controller/install.log'
[11.509s] Invoked command in '/home/rpi/ros2_ws/src/servo_controller' returned '0': PYTHONPATH=/home/rpi/ros2_ws/build/servo_controller/prefix_override:/home/rpi/ros2_ws/install/servo_controller/lib/python3.10/site-packages:${PYTHONPATH} /usr/bin/python3 setup.py egg_info --egg-base ../../build/servo_controller build --build-base /home/rpi/ros2_ws/build/servo_controller/build install --record /home/rpi/ros2_ws/build/servo_controller/install.log --single-version-externally-managed
