[6.225s] Invoking command in '/home/rpi/ros2_ws/src/servo_controller': PYTHONPATH=/home/rpi/ros2_ws/build/servo_controller/prefix_override:/home/rpi/ros2_ws/install/servo_controller/lib/python3.10/site-packages:${PYTHONPATH} /usr/bin/python3 setup.py egg_info --egg-base ../../build/servo_controller build --build-base /home/rpi/ros2_ws/build/servo_controller/build install --record /home/rpi/ros2_ws/build/servo_controller/install.log --single-version-externally-managed
[7.797s] running egg_info
[7.800s] writing ../../build/servo_controller/servo_controller.egg-info/PKG-INFO
[7.802s] writing dependency_links to ../../build/servo_controller/servo_controller.egg-info/dependency_links.txt
[7.803s] writing entry points to ../../build/servo_controller/servo_controller.egg-info/entry_points.txt
[7.804s] writing requirements to ../../build/servo_controller/servo_controller.egg-info/requires.txt
[7.805s] writing top-level names to ../../build/servo_controller/servo_controller.egg-info/top_level.txt
[7.816s] reading manifest file '../../build/servo_controller/servo_controller.egg-info/SOURCES.txt'
[7.820s] writing manifest file '../../build/servo_controller/servo_controller.egg-info/SOURCES.txt'
[7.821s] running build
[7.822s] running build_py
[7.823s] copying servo_controller/keyboard_input.py -> /home/rpi/ros2_ws/build/servo_controller/build/lib/servo_controller
[7.825s] running install
[7.826s] running install_lib
[7.830s] copying /home/rpi/ros2_ws/build/servo_controller/build/lib/servo_controller/keyboard_input.py -> /home/rpi/ros2_ws/install/servo_controller/lib/python3.10/site-packages/servo_controller
[7.834s] byte-compiling /home/rpi/ros2_ws/install/servo_controller/lib/python3.10/site-packages/servo_controller/keyboard_input.py to keyboard_input.cpython-310.pyc
[7.838s] running install_data
[7.841s] running install_egg_info
[7.849s] removing '/home/rpi/ros2_ws/install/servo_controller/lib/python3.10/site-packages/servo_controller-0.0.0-py3.10.egg-info' (and everything under it)
[7.851s] Copying ../../build/servo_controller/servo_controller.egg-info to /home/rpi/ros2_ws/install/servo_controller/lib/python3.10/site-packages/servo_controller-0.0.0-py3.10.egg-info
[7.866s] running install_scripts
[7.964s] Installing actuate_servo script to /home/rpi/ros2_ws/install/servo_controller/lib/servo_controller
[7.965s] Installing keyboard_input script to /home/rpi/ros2_ws/install/servo_controller/lib/servo_controller
[7.981s] writing list of installed files to '/home/rpi/ros2_ws/build/servo_controller/install.log'
[8.200s] Invoked command in '/home/rpi/ros2_ws/src/servo_controller' returned '0': PYTHONPATH=/home/rpi/ros2_ws/build/servo_controller/prefix_override:/home/rpi/ros2_ws/install/servo_controller/lib/python3.10/site-packages:${PYTHONPATH} /usr/bin/python3 setup.py egg_info --egg-base ../../build/servo_controller build --build-base /home/rpi/ros2_ws/build/servo_controller/build install --record /home/rpi/ros2_ws/build/servo_controller/install.log --single-version-externally-managed
