[6.617s] DEBUG:colcon:Command line arguments: ['/usr/bin/colcon', 'build']
[6.618s] DEBUG:colcon:Parsed command line arguments: Namespace(log_base=None, log_level=None, verb_name='build', build_base='build', install_base='install', merge_install=False, symlink_install=False, test_result_base=None, continue_on_error=False, executor='parallel', parallel_workers=4, event_handlers=None, ignore_user_meta=False, metas=['./colcon.meta'], base_paths=['.'], packages_ignore=None, packages_ignore_regex=None, paths=None, packages_up_to=None, packages_up_to_regex=None, packages_above=None, packages_above_and_dependencies=None, packages_above_depth=None, packages_select_by_dep=None, packages_skip_by_dep=None, packages_skip_up_to=None, packages_select_build_failed=False, packages_skip_build_finished=False, packages_select_test_failures=False, packages_skip_test_passed=False, packages_select=None, packages_skip=None, packages_select_regex=None, packages_skip_regex=None, packages_start=None, packages_end=None, allow_overriding=[], cmake_args=None, cmake_target=None, cmake_target_skip_unavailable=False, cmake_clean_cache=False, cmake_clean_first=False, cmake_force_configure=False, ament_cmake_args=None, catkin_cmake_args=None, catkin_skip_building_tests=False, verb_parser=<colcon_defaults.argument_parser.defaults.DefaultArgumentsDecorator object at 0xffff827bb160>, verb_extension=<colcon_core.verb.build.BuildVerb object at 0xffff82a34430>, main=<bound method BuildVerb.main of <colcon_core.verb.build.BuildVerb object at 0xffff82a34430>>)
[6.890s] Level 1:colcon.colcon_core.package_discovery:discover_packages(colcon_meta) check parameters
[6.891s] Level 1:colcon.colcon_core.package_discovery:discover_packages(recursive) check parameters
[6.891s] Level 1:colcon.colcon_core.package_discovery:discover_packages(ignore) check parameters
[6.891s] Level 1:colcon.colcon_core.package_discovery:discover_packages(path) check parameters
[6.891s] Level 1:colcon.colcon_core.package_discovery:discover_packages(colcon_meta) discover
[6.892s] Level 1:colcon.colcon_core.package_discovery:discover_packages(recursive) discover
[6.892s] INFO:colcon.colcon_core.package_discovery:Crawling recursively for packages in '/home/rpi/ros2_ws'
[6.892s] Level 1:colcon.colcon_core.package_identification:_identify(.) by extensions ['ignore', 'ignore_ament_install']
[6.893s] Level 1:colcon.colcon_core.package_identification:_identify(.) by extension 'ignore'
[6.893s] Level 1:colcon.colcon_core.package_identification:_identify(.) by extension 'ignore_ament_install'
[6.893s] Level 1:colcon.colcon_core.package_identification:_identify(.) by extensions ['colcon_pkg']
[6.893s] Level 1:colcon.colcon_core.package_identification:_identify(.) by extension 'colcon_pkg'
[6.894s] Level 1:colcon.colcon_core.package_identification:_identify(.) by extensions ['colcon_meta']
[6.894s] Level 1:colcon.colcon_core.package_identification:_identify(.) by extension 'colcon_meta'
[6.894s] Level 1:colcon.colcon_core.package_identification:_identify(.) by extensions ['ros']
[6.894s] Level 1:colcon.colcon_core.package_identification:_identify(.) by extension 'ros'
[6.947s] Level 1:colcon.colcon_core.package_identification:_identify(.) by extensions ['cmake', 'python']
[6.947s] Level 1:colcon.colcon_core.package_identification:_identify(.) by extension 'cmake'
[6.947s] Level 1:colcon.colcon_core.package_identification:_identify(.) by extension 'python'
[6.948s] Level 1:colcon.colcon_core.package_identification:_identify(.) by extensions ['python_setup_py']
[6.948s] Level 1:colcon.colcon_core.package_identification:_identify(.) by extension 'python_setup_py'
[6.948s] Level 1:colcon.colcon_core.package_identification:_identify(build) by extensions ['ignore', 'ignore_ament_install']
[6.949s] Level 1:colcon.colcon_core.package_identification:_identify(build) by extension 'ignore'
[6.949s] Level 1:colcon.colcon_core.package_identification:_identify(build) ignored
[6.950s] Level 1:colcon.colcon_core.package_identification:_identify(install) by extensions ['ignore', 'ignore_ament_install']
[6.950s] Level 1:colcon.colcon_core.package_identification:_identify(install) by extension 'ignore'
[6.950s] Level 1:colcon.colcon_core.package_identification:_identify(install) ignored
[6.953s] Level 1:colcon.colcon_core.package_identification:_identify(log) by extensions ['ignore', 'ignore_ament_install']
[6.953s] Level 1:colcon.colcon_core.package_identification:_identify(log) by extension 'ignore'
[6.954s] Level 1:colcon.colcon_core.package_identification:_identify(log) ignored
[6.954s] Level 1:colcon.colcon_core.package_identification:_identify(src) by extensions ['ignore', 'ignore_ament_install']
[6.954s] Level 1:colcon.colcon_core.package_identification:_identify(src) by extension 'ignore'
[6.955s] Level 1:colcon.colcon_core.package_identification:_identify(src) by extension 'ignore_ament_install'
[6.955s] Level 1:colcon.colcon_core.package_identification:_identify(src) by extensions ['colcon_pkg']
[6.955s] Level 1:colcon.colcon_core.package_identification:_identify(src) by extension 'colcon_pkg'
[6.955s] Level 1:colcon.colcon_core.package_identification:_identify(src) by extensions ['colcon_meta']
[6.955s] Level 1:colcon.colcon_core.package_identification:_identify(src) by extension 'colcon_meta'
[6.956s] Level 1:colcon.colcon_core.package_identification:_identify(src) by extensions ['ros']
[6.956s] Level 1:colcon.colcon_core.package_identification:_identify(src) by extension 'ros'
[6.956s] Level 1:colcon.colcon_core.package_identification:_identify(src) by extensions ['cmake', 'python']
[6.956s] Level 1:colcon.colcon_core.package_identification:_identify(src) by extension 'cmake'
[6.957s] Level 1:colcon.colcon_core.package_identification:_identify(src) by extension 'python'
[6.957s] Level 1:colcon.colcon_core.package_identification:_identify(src) by extensions ['python_setup_py']
[6.957s] Level 1:colcon.colcon_core.package_identification:_identify(src) by extension 'python_setup_py'
[6.957s] Level 1:colcon.colcon_core.package_identification:_identify(src/data_collection) by extensions ['ignore', 'ignore_ament_install']
[6.958s] Level 1:colcon.colcon_core.package_identification:_identify(src/data_collection) by extension 'ignore'
[6.958s] Level 1:colcon.colcon_core.package_identification:_identify(src/data_collection) by extension 'ignore_ament_install'
[6.958s] Level 1:colcon.colcon_core.package_identification:_identify(src/data_collection) by extensions ['colcon_pkg']
[6.958s] Level 1:colcon.colcon_core.package_identification:_identify(src/data_collection) by extension 'colcon_pkg'
[6.959s] Level 1:colcon.colcon_core.package_identification:_identify(src/data_collection) by extensions ['colcon_meta']
[6.959s] Level 1:colcon.colcon_core.package_identification:_identify(src/data_collection) by extension 'colcon_meta'
[6.959s] Level 1:colcon.colcon_core.package_identification:_identify(src/data_collection) by extensions ['ros']
[6.959s] Level 1:colcon.colcon_core.package_identification:_identify(src/data_collection) by extension 'ros'
[6.970s] DEBUG:colcon.colcon_core.package_identification:Package 'src/data_collection' with type 'ros.ament_python' and name 'data_collection'
[6.970s] Level 1:colcon.colcon_core.package_identification:_identify(src/hri_comms) by extensions ['ignore', 'ignore_ament_install']
[6.971s] Level 1:colcon.colcon_core.package_identification:_identify(src/hri_comms) by extension 'ignore'
[6.971s] Level 1:colcon.colcon_core.package_identification:_identify(src/hri_comms) by extension 'ignore_ament_install'
[6.971s] Level 1:colcon.colcon_core.package_identification:_identify(src/hri_comms) by extensions ['colcon_pkg']
[6.972s] Level 1:colcon.colcon_core.package_identification:_identify(src/hri_comms) by extension 'colcon_pkg'
[6.972s] Level 1:colcon.colcon_core.package_identification:_identify(src/hri_comms) by extensions ['colcon_meta']
[6.972s] Level 1:colcon.colcon_core.package_identification:_identify(src/hri_comms) by extension 'colcon_meta'
[6.972s] Level 1:colcon.colcon_core.package_identification:_identify(src/hri_comms) by extensions ['ros']
[6.972s] Level 1:colcon.colcon_core.package_identification:_identify(src/hri_comms) by extension 'ros'
[6.975s] DEBUG:colcon.colcon_core.package_identification:Package 'src/hri_comms' with type 'ros.ament_python' and name 'hri_comms'
[6.976s] Level 1:colcon.colcon_core.package_identification:_identify(src/my_robot_controller) by extensions ['ignore', 'ignore_ament_install']
[6.976s] Level 1:colcon.colcon_core.package_identification:_identify(src/my_robot_controller) by extension 'ignore'
[6.976s] Level 1:colcon.colcon_core.package_identification:_identify(src/my_robot_controller) by extension 'ignore_ament_install'
[6.977s] Level 1:colcon.colcon_core.package_identification:_identify(src/my_robot_controller) by extensions ['colcon_pkg']
[6.977s] Level 1:colcon.colcon_core.package_identification:_identify(src/my_robot_controller) by extension 'colcon_pkg'
[6.977s] Level 1:colcon.colcon_core.package_identification:_identify(src/my_robot_controller) by extensions ['colcon_meta']
[6.977s] Level 1:colcon.colcon_core.package_identification:_identify(src/my_robot_controller) by extension 'colcon_meta'
[6.977s] Level 1:colcon.colcon_core.package_identification:_identify(src/my_robot_controller) by extensions ['ros']
[6.978s] Level 1:colcon.colcon_core.package_identification:_identify(src/my_robot_controller) by extension 'ros'
[6.981s] DEBUG:colcon.colcon_core.package_identification:Package 'src/my_robot_controller' with type 'ros.ament_python' and name 'my_robot_controller'
[6.981s] Level 1:colcon.colcon_core.package_identification:_identify(src/robot_arm_controller) by extensions ['ignore', 'ignore_ament_install']
[6.982s] Level 1:colcon.colcon_core.package_identification:_identify(src/robot_arm_controller) by extension 'ignore'
[6.982s] Level 1:colcon.colcon_core.package_identification:_identify(src/robot_arm_controller) by extension 'ignore_ament_install'
[6.982s] Level 1:colcon.colcon_core.package_identification:_identify(src/robot_arm_controller) by extensions ['colcon_pkg']
[6.982s] Level 1:colcon.colcon_core.package_identification:_identify(src/robot_arm_controller) by extension 'colcon_pkg'
[6.982s] Level 1:colcon.colcon_core.package_identification:_identify(src/robot_arm_controller) by extensions ['colcon_meta']
[6.983s] Level 1:colcon.colcon_core.package_identification:_identify(src/robot_arm_controller) by extension 'colcon_meta'
[6.983s] Level 1:colcon.colcon_core.package_identification:_identify(src/robot_arm_controller) by extensions ['ros']
[6.983s] Level 1:colcon.colcon_core.package_identification:_identify(src/robot_arm_controller) by extension 'ros'
[6.987s] DEBUG:colcon.colcon_core.package_identification:Package 'src/robot_arm_controller' with type 'ros.ament_python' and name 'robot_arm_controller'
[6.987s] Level 1:colcon.colcon_core.package_identification:_identify(src/servo_controller) by extensions ['ignore', 'ignore_ament_install']
[6.988s] Level 1:colcon.colcon_core.package_identification:_identify(src/servo_controller) by extension 'ignore'
[6.989s] Level 1:colcon.colcon_core.package_identification:_identify(src/servo_controller) by extension 'ignore_ament_install'
[6.989s] Level 1:colcon.colcon_core.package_identification:_identify(src/servo_controller) by extensions ['colcon_pkg']
[6.989s] Level 1:colcon.colcon_core.package_identification:_identify(src/servo_controller) by extension 'colcon_pkg'
[6.990s] Level 1:colcon.colcon_core.package_identification:_identify(src/servo_controller) by extensions ['colcon_meta']
[6.990s] Level 1:colcon.colcon_core.package_identification:_identify(src/servo_controller) by extension 'colcon_meta'
[6.990s] Level 1:colcon.colcon_core.package_identification:_identify(src/servo_controller) by extensions ['ros']
[6.990s] Level 1:colcon.colcon_core.package_identification:_identify(src/servo_controller) by extension 'ros'
[6.993s] DEBUG:colcon.colcon_core.package_identification:Package 'src/servo_controller' with type 'ros.ament_python' and name 'servo_controller'
[6.994s] Level 1:colcon.colcon_core.package_discovery:discover_packages(recursive) using defaults
[6.994s] Level 1:colcon.colcon_core.package_discovery:discover_packages(ignore) discover
[6.994s] Level 1:colcon.colcon_core.package_discovery:discover_packages(ignore) using defaults
[6.994s] Level 1:colcon.colcon_core.package_discovery:discover_packages(path) discover
[6.994s] Level 1:colcon.colcon_core.package_discovery:discover_packages(path) using defaults
[7.511s] Level 1:colcon.colcon_core.package_discovery:discover_packages(prefix_path) check parameters
[7.511s] Level 1:colcon.colcon_core.package_discovery:discover_packages(prefix_path) discover
[7.695s] DEBUG:colcon.colcon_installed_package_information.package_discovery:Found 5 installed packages in /home/rpi/ros2_ws/install
[7.789s] DEBUG:colcon.colcon_installed_package_information.package_discovery:Found 270 installed packages in /opt/ros/humble
[7.796s] Level 1:colcon.colcon_core.package_discovery:discover_packages(prefix_path) using defaults
[8.287s] Level 5:colcon.colcon_core.verb:set package 'data_collection' build argument 'cmake_args' from command line to 'None'
[8.287s] Level 5:colcon.colcon_core.verb:set package 'data_collection' build argument 'cmake_target' from command line to 'None'
[8.287s] Level 5:colcon.colcon_core.verb:set package 'data_collection' build argument 'cmake_target_skip_unavailable' from command line to 'False'
[8.288s] Level 5:colcon.colcon_core.verb:set package 'data_collection' build argument 'cmake_clean_cache' from command line to 'False'
[8.288s] Level 5:colcon.colcon_core.verb:set package 'data_collection' build argument 'cmake_clean_first' from command line to 'False'
[8.288s] Level 5:colcon.colcon_core.verb:set package 'data_collection' build argument 'cmake_force_configure' from command line to 'False'
[8.288s] Level 5:colcon.colcon_core.verb:set package 'data_collection' build argument 'ament_cmake_args' from command line to 'None'
[8.288s] Level 5:colcon.colcon_core.verb:set package 'data_collection' build argument 'catkin_cmake_args' from command line to 'None'
[8.288s] Level 5:colcon.colcon_core.verb:set package 'data_collection' build argument 'catkin_skip_building_tests' from command line to 'False'
[8.288s] DEBUG:colcon.colcon_core.verb:Building package 'data_collection' with the following arguments: {'ament_cmake_args': None, 'build_base': '/home/rpi/ros2_ws/build/data_collection', 'catkin_cmake_args': None, 'catkin_skip_building_tests': False, 'cmake_args': None, 'cmake_clean_cache': False, 'cmake_clean_first': False, 'cmake_force_configure': False, 'cmake_target': None, 'cmake_target_skip_unavailable': False, 'install_base': '/home/rpi/ros2_ws/install/data_collection', 'merge_install': False, 'path': '/home/rpi/ros2_ws/src/data_collection', 'symlink_install': False, 'test_result_base': None}
[8.372s] Level 5:colcon.colcon_core.verb:set package 'hri_comms' build argument 'cmake_args' from command line to 'None'
[8.373s] Level 5:colcon.colcon_core.verb:set package 'hri_comms' build argument 'cmake_target' from command line to 'None'
[8.373s] Level 5:colcon.colcon_core.verb:set package 'hri_comms' build argument 'cmake_target_skip_unavailable' from command line to 'False'
[8.373s] Level 5:colcon.colcon_core.verb:set package 'hri_comms' build argument 'cmake_clean_cache' from command line to 'False'
[8.373s] Level 5:colcon.colcon_core.verb:set package 'hri_comms' build argument 'cmake_clean_first' from command line to 'False'
[8.373s] Level 5:colcon.colcon_core.verb:set package 'hri_comms' build argument 'cmake_force_configure' from command line to 'False'
[8.373s] Level 5:colcon.colcon_core.verb:set package 'hri_comms' build argument 'ament_cmake_args' from command line to 'None'
[8.374s] Level 5:colcon.colcon_core.verb:set package 'hri_comms' build argument 'catkin_cmake_args' from command line to 'None'
[8.374s] Level 5:colcon.colcon_core.verb:set package 'hri_comms' build argument 'catkin_skip_building_tests' from command line to 'False'
[8.374s] DEBUG:colcon.colcon_core.verb:Building package 'hri_comms' with the following arguments: {'ament_cmake_args': None, 'build_base': '/home/rpi/ros2_ws/build/hri_comms', 'catkin_cmake_args': None, 'catkin_skip_building_tests': False, 'cmake_args': None, 'cmake_clean_cache': False, 'cmake_clean_first': False, 'cmake_force_configure': False, 'cmake_target': None, 'cmake_target_skip_unavailable': False, 'install_base': '/home/rpi/ros2_ws/install/hri_comms', 'merge_install': False, 'path': '/home/rpi/ros2_ws/src/hri_comms', 'symlink_install': False, 'test_result_base': None}
[8.459s] Level 5:colcon.colcon_core.verb:set package 'my_robot_controller' build argument 'cmake_args' from command line to 'None'
[8.459s] Level 5:colcon.colcon_core.verb:set package 'my_robot_controller' build argument 'cmake_target' from command line to 'None'
[8.459s] Level 5:colcon.colcon_core.verb:set package 'my_robot_controller' build argument 'cmake_target_skip_unavailable' from command line to 'False'
[8.459s] Level 5:colcon.colcon_core.verb:set package 'my_robot_controller' build argument 'cmake_clean_cache' from command line to 'False'
[8.459s] Level 5:colcon.colcon_core.verb:set package 'my_robot_controller' build argument 'cmake_clean_first' from command line to 'False'
[8.459s] Level 5:colcon.colcon_core.verb:set package 'my_robot_controller' build argument 'cmake_force_configure' from command line to 'False'
[8.460s] Level 5:colcon.colcon_core.verb:set package 'my_robot_controller' build argument 'ament_cmake_args' from command line to 'None'
[8.460s] Level 5:colcon.colcon_core.verb:set package 'my_robot_controller' build argument 'catkin_cmake_args' from command line to 'None'
[8.460s] Level 5:colcon.colcon_core.verb:set package 'my_robot_controller' build argument 'catkin_skip_building_tests' from command line to 'False'
[8.460s] DEBUG:colcon.colcon_core.verb:Building package 'my_robot_controller' with the following arguments: {'ament_cmake_args': None, 'build_base': '/home/rpi/ros2_ws/build/my_robot_controller', 'catkin_cmake_args': None, 'catkin_skip_building_tests': False, 'cmake_args': None, 'cmake_clean_cache': False, 'cmake_clean_first': False, 'cmake_force_configure': False, 'cmake_target': None, 'cmake_target_skip_unavailable': False, 'install_base': '/home/rpi/ros2_ws/install/my_robot_controller', 'merge_install': False, 'path': '/home/rpi/ros2_ws/src/my_robot_controller', 'symlink_install': False, 'test_result_base': None}
[8.543s] Level 5:colcon.colcon_core.verb:set package 'servo_controller' build argument 'cmake_args' from command line to 'None'
[8.544s] Level 5:colcon.colcon_core.verb:set package 'servo_controller' build argument 'cmake_target' from command line to 'None'
[8.544s] Level 5:colcon.colcon_core.verb:set package 'servo_controller' build argument 'cmake_target_skip_unavailable' from command line to 'False'
[8.544s] Level 5:colcon.colcon_core.verb:set package 'servo_controller' build argument 'cmake_clean_cache' from command line to 'False'
[8.544s] Level 5:colcon.colcon_core.verb:set package 'servo_controller' build argument 'cmake_clean_first' from command line to 'False'
[8.544s] Level 5:colcon.colcon_core.verb:set package 'servo_controller' build argument 'cmake_force_configure' from command line to 'False'
[8.544s] Level 5:colcon.colcon_core.verb:set package 'servo_controller' build argument 'ament_cmake_args' from command line to 'None'
[8.544s] Level 5:colcon.colcon_core.verb:set package 'servo_controller' build argument 'catkin_cmake_args' from command line to 'None'
[8.545s] Level 5:colcon.colcon_core.verb:set package 'servo_controller' build argument 'catkin_skip_building_tests' from command line to 'False'
[8.545s] DEBUG:colcon.colcon_core.verb:Building package 'servo_controller' with the following arguments: {'ament_cmake_args': None, 'build_base': '/home/rpi/ros2_ws/build/servo_controller', 'catkin_cmake_args': None, 'catkin_skip_building_tests': False, 'cmake_args': None, 'cmake_clean_cache': False, 'cmake_clean_first': False, 'cmake_force_configure': False, 'cmake_target': None, 'cmake_target_skip_unavailable': False, 'install_base': '/home/rpi/ros2_ws/install/servo_controller', 'merge_install': False, 'path': '/home/rpi/ros2_ws/src/servo_controller', 'symlink_install': False, 'test_result_base': None}
[8.628s] Level 5:colcon.colcon_core.verb:set package 'robot_arm_controller' build argument 'cmake_args' from command line to 'None'
[8.629s] Level 5:colcon.colcon_core.verb:set package 'robot_arm_controller' build argument 'cmake_target' from command line to 'None'
[8.629s] Level 5:colcon.colcon_core.verb:set package 'robot_arm_controller' build argument 'cmake_target_skip_unavailable' from command line to 'False'
[8.629s] Level 5:colcon.colcon_core.verb:set package 'robot_arm_controller' build argument 'cmake_clean_cache' from command line to 'False'
[8.629s] Level 5:colcon.colcon_core.verb:set package 'robot_arm_controller' build argument 'cmake_clean_first' from command line to 'False'
[8.629s] Level 5:colcon.colcon_core.verb:set package 'robot_arm_controller' build argument 'cmake_force_configure' from command line to 'False'
[8.630s] Level 5:colcon.colcon_core.verb:set package 'robot_arm_controller' build argument 'ament_cmake_args' from command line to 'None'
[8.630s] Level 5:colcon.colcon_core.verb:set package 'robot_arm_controller' build argument 'catkin_cmake_args' from command line to 'None'
[8.630s] Level 5:colcon.colcon_core.verb:set package 'robot_arm_controller' build argument 'catkin_skip_building_tests' from command line to 'False'
[8.630s] DEBUG:colcon.colcon_core.verb:Building package 'robot_arm_controller' with the following arguments: {'ament_cmake_args': None, 'build_base': '/home/rpi/ros2_ws/build/robot_arm_controller', 'catkin_cmake_args': None, 'catkin_skip_building_tests': False, 'cmake_args': None, 'cmake_clean_cache': False, 'cmake_clean_first': False, 'cmake_force_configure': False, 'cmake_target': None, 'cmake_target_skip_unavailable': False, 'install_base': '/home/rpi/ros2_ws/install/robot_arm_controller', 'merge_install': False, 'path': '/home/rpi/ros2_ws/src/robot_arm_controller', 'symlink_install': False, 'test_result_base': None}
[8.715s] INFO:colcon.colcon_core.executor:Executing jobs using 'parallel' executor
[8.803s] DEBUG:colcon.colcon_parallel_executor.executor.parallel:run_until_complete
[8.804s] INFO:colcon.colcon_ros.task.ament_python.build:Building ROS package in '/home/rpi/ros2_ws/src/hri_comms' with build type 'ament_python'
[8.805s] Level 1:colcon.colcon_core.shell:create_environment_hook('hri_comms', 'ament_prefix_path')
[8.958s] INFO:colcon.colcon_core.plugin_system:Skipping extension 'colcon_core.shell.bat': Not used on non-Windows systems
[8.960s] INFO:colcon.colcon_core.shell:Creating environment hook '/home/rpi/ros2_ws/install/hri_comms/share/hri_comms/hook/ament_prefix_path.ps1'
[8.963s] INFO:colcon.colcon_core.shell:Creating environment descriptor '/home/rpi/ros2_ws/install/hri_comms/share/hri_comms/hook/ament_prefix_path.dsv'
[8.966s] INFO:colcon.colcon_core.shell:Creating environment hook '/home/rpi/ros2_ws/install/hri_comms/share/hri_comms/hook/ament_prefix_path.sh'
[9.089s] INFO:colcon.colcon_core.shell:Skip shell extension 'powershell' for command environment: Not usable outside of PowerShell
[9.090s] DEBUG:colcon.colcon_core.shell:Skip shell extension 'dsv' for command environment
[9.456s] INFO:colcon.colcon_ros.task.ament_python.build:Building ROS package in '/home/rpi/ros2_ws/src/data_collection' with build type 'ament_python'
[9.457s] Level 1:colcon.colcon_core.shell:create_environment_hook('data_collection', 'ament_prefix_path')
[9.598s] INFO:colcon.colcon_core.shell:Creating environment hook '/home/rpi/ros2_ws/install/data_collection/share/data_collection/hook/ament_prefix_path.ps1'
[9.601s] INFO:colcon.colcon_core.shell:Creating environment descriptor '/home/rpi/ros2_ws/install/data_collection/share/data_collection/hook/ament_prefix_path.dsv'
[9.603s] INFO:colcon.colcon_core.shell:Creating environment hook '/home/rpi/ros2_ws/install/data_collection/share/data_collection/hook/ament_prefix_path.sh'
[9.760s] INFO:colcon.colcon_core.shell:Skip shell extension 'powershell' for command environment: Not usable outside of PowerShell
[9.761s] DEBUG:colcon.colcon_core.shell:Skip shell extension 'dsv' for command environment
[10.233s] INFO:colcon.colcon_ros.task.ament_python.build:Building ROS package in '/home/rpi/ros2_ws/src/my_robot_controller' with build type 'ament_python'
[10.234s] Level 1:colcon.colcon_core.shell:create_environment_hook('my_robot_controller', 'ament_prefix_path')
[10.396s] INFO:colcon.colcon_core.shell:Creating environment hook '/home/rpi/ros2_ws/install/my_robot_controller/share/my_robot_controller/hook/ament_prefix_path.ps1'
[10.399s] INFO:colcon.colcon_core.shell:Creating environment descriptor '/home/rpi/ros2_ws/install/my_robot_controller/share/my_robot_controller/hook/ament_prefix_path.dsv'
[10.401s] INFO:colcon.colcon_core.shell:Creating environment hook '/home/rpi/ros2_ws/install/my_robot_controller/share/my_robot_controller/hook/ament_prefix_path.sh'
[10.534s] INFO:colcon.colcon_core.shell:Skip shell extension 'powershell' for command environment: Not usable outside of PowerShell
[10.535s] DEBUG:colcon.colcon_core.shell:Skip shell extension 'dsv' for command environment
[10.993s] INFO:colcon.colcon_ros.task.ament_python.build:Building ROS package in '/home/rpi/ros2_ws/src/servo_controller' with build type 'ament_python'
[10.994s] Level 1:colcon.colcon_core.shell:create_environment_hook('servo_controller', 'ament_prefix_path')
[11.119s] INFO:colcon.colcon_core.shell:Creating environment hook '/home/rpi/ros2_ws/install/servo_controller/share/servo_controller/hook/ament_prefix_path.ps1'
[11.121s] INFO:colcon.colcon_core.shell:Creating environment descriptor '/home/rpi/ros2_ws/install/servo_controller/share/servo_controller/hook/ament_prefix_path.dsv'
[11.124s] INFO:colcon.colcon_core.shell:Creating environment hook '/home/rpi/ros2_ws/install/servo_controller/share/servo_controller/hook/ament_prefix_path.sh'
[11.251s] INFO:colcon.colcon_core.shell:Skip shell extension 'powershell' for command environment: Not usable outside of PowerShell
[11.252s] DEBUG:colcon.colcon_core.shell:Skip shell extension 'dsv' for command environment
[13.070s] INFO:colcon.colcon_core.task.python.build:Building Python package in '/home/rpi/ros2_ws/src/hri_comms'
[13.161s] INFO:colcon.colcon_core.shell:Skip shell extension 'powershell' for command environment: Not usable outside of PowerShell
[13.161s] DEBUG:colcon.colcon_core.shell:Skip shell extension 'dsv' for command environment
[14.973s] INFO:colcon.colcon_core.task.python.build:Building Python package in '/home/rpi/ros2_ws/src/data_collection'
[15.068s] INFO:colcon.colcon_core.shell:Skip shell extension 'powershell' for command environment: Not usable outside of PowerShell
[15.068s] DEBUG:colcon.colcon_core.shell:Skip shell extension 'dsv' for command environment
[16.868s] INFO:colcon.colcon_core.task.python.build:Building Python package in '/home/rpi/ros2_ws/src/my_robot_controller'
[16.963s] INFO:colcon.colcon_core.shell:Skip shell extension 'powershell' for command environment: Not usable outside of PowerShell
[16.963s] DEBUG:colcon.colcon_core.shell:Skip shell extension 'dsv' for command environment
[18.763s] INFO:colcon.colcon_core.task.python.build:Building Python package in '/home/rpi/ros2_ws/src/servo_controller'
[18.852s] INFO:colcon.colcon_core.shell:Skip shell extension 'powershell' for command environment: Not usable outside of PowerShell
[18.853s] DEBUG:colcon.colcon_core.shell:Skip shell extension 'dsv' for command environment
[22.271s] DEBUG:colcon.colcon_core.event_handler.log_command:Invoking command in '/home/rpi/ros2_ws/src/my_robot_controller': PYTHONPATH=/home/rpi/ros2_ws/build/my_robot_controller/prefix_override:/home/rpi/ros2_ws/install/my_robot_controller/lib/python3.10/site-packages:${PYTHONPATH} /usr/bin/python3 setup.py egg_info --egg-base ../../build/my_robot_controller build --build-base /home/rpi/ros2_ws/build/my_robot_controller/build install --record /home/rpi/ros2_ws/build/my_robot_controller/install.log --single-version-externally-managed
[22.368s] DEBUG:colcon.colcon_core.event_handler.log_command:Invoking command in '/home/rpi/ros2_ws/src/hri_comms': PYTHONPATH=/home/rpi/ros2_ws/build/hri_comms/prefix_override:/home/rpi/ros2_ws/install/hri_comms/lib/python3.10/site-packages:${PYTHONPATH} /usr/bin/python3 setup.py egg_info --egg-base ../../build/hri_comms build --build-base /home/rpi/ros2_ws/build/hri_comms/build install --record /home/rpi/ros2_ws/build/hri_comms/install.log --single-version-externally-managed
[22.495s] DEBUG:colcon.colcon_core.event_handler.log_command:Invoking command in '/home/rpi/ros2_ws/src/data_collection': PYTHONPATH=/home/rpi/ros2_ws/build/data_collection/prefix_override:/home/rpi/ros2_ws/install/data_collection/lib/python3.10/site-packages:${PYTHONPATH} /usr/bin/python3 setup.py egg_info --egg-base ../../build/data_collection build --build-base /home/rpi/ros2_ws/build/data_collection/build install --record /home/rpi/ros2_ws/build/data_collection/install.log --single-version-externally-managed
[22.580s] DEBUG:colcon.colcon_core.event_handler.log_command:Invoking command in '/home/rpi/ros2_ws/src/servo_controller': PYTHONPATH=/home/rpi/ros2_ws/build/servo_controller/prefix_override:/home/rpi/ros2_ws/install/servo_controller/lib/python3.10/site-packages:${PYTHONPATH} /usr/bin/python3 setup.py egg_info --egg-base ../../build/servo_controller build --build-base /home/rpi/ros2_ws/build/servo_controller/build install --record /home/rpi/ros2_ws/build/servo_controller/install.log --single-version-externally-managed
[25.150s] DEBUG:colcon.colcon_core.event_handler.log_command:Invoked command in '/home/rpi/ros2_ws/src/my_robot_controller' returned '0': PYTHONPATH=/home/rpi/ros2_ws/build/my_robot_controller/prefix_override:/home/rpi/ros2_ws/install/my_robot_controller/lib/python3.10/site-packages:${PYTHONPATH} /usr/bin/python3 setup.py egg_info --egg-base ../../build/my_robot_controller build --build-base /home/rpi/ros2_ws/build/my_robot_controller/build install --record /home/rpi/ros2_ws/build/my_robot_controller/install.log --single-version-externally-managed
[25.402s] Level 1:colcon.colcon_core.environment:checking '/home/rpi/ros2_ws/install/my_robot_controller' for CMake module files
[25.406s] Level 1:colcon.colcon_core.environment:checking '/home/rpi/ros2_ws/install/my_robot_controller' for CMake config files
[25.415s] Level 1:colcon.colcon_core.environment:checking '/home/rpi/ros2_ws/install/my_robot_controller/lib'
[25.417s] Level 1:colcon.colcon_core.environment:checking '/home/rpi/ros2_ws/install/my_robot_controller/bin'
[25.418s] Level 1:colcon.colcon_core.environment:checking '/home/rpi/ros2_ws/install/my_robot_controller/lib/pkgconfig/my_robot_controller.pc'
[25.419s] Level 1:colcon.colcon_core.environment:checking '/home/rpi/ros2_ws/install/my_robot_controller/lib/python3.10/site-packages'
[25.420s] Level 1:colcon.colcon_core.shell:create_environment_hook('my_robot_controller', 'pythonpath')
[25.546s] INFO:colcon.colcon_core.shell:Creating environment hook '/home/rpi/ros2_ws/install/my_robot_controller/share/my_robot_controller/hook/pythonpath.ps1'
[25.548s] INFO:colcon.colcon_core.shell:Creating environment descriptor '/home/rpi/ros2_ws/install/my_robot_controller/share/my_robot_controller/hook/pythonpath.dsv'
[25.550s] INFO:colcon.colcon_core.shell:Creating environment hook '/home/rpi/ros2_ws/install/my_robot_controller/share/my_robot_controller/hook/pythonpath.sh'
[25.553s] Level 1:colcon.colcon_core.environment:checking '/home/rpi/ros2_ws/install/my_robot_controller/bin'
[25.553s] Level 1:colcon.colcon_core.environment:create_environment_scripts_only(my_robot_controller)
[25.647s] INFO:colcon.colcon_core.shell:Creating package script '/home/rpi/ros2_ws/install/my_robot_controller/share/my_robot_controller/package.ps1'
[25.651s] INFO:colcon.colcon_core.shell:Creating package descriptor '/home/rpi/ros2_ws/install/my_robot_controller/share/my_robot_controller/package.dsv'
[25.654s] INFO:colcon.colcon_core.shell:Creating package script '/home/rpi/ros2_ws/install/my_robot_controller/share/my_robot_controller/package.sh'
[25.658s] INFO:colcon.colcon_core.shell:Creating package script '/home/rpi/ros2_ws/install/my_robot_controller/share/my_robot_controller/package.bash'
[25.662s] INFO:colcon.colcon_core.shell:Creating package script '/home/rpi/ros2_ws/install/my_robot_controller/share/my_robot_controller/package.zsh'
[25.666s] Level 1:colcon.colcon_core.environment:create_file_with_runtime_dependencies(/home/rpi/ros2_ws/install/my_robot_controller/share/colcon-core/packages/my_robot_controller)
[25.675s] DEBUG:colcon.colcon_core.event_handler.log_command:Invoked command in '/home/rpi/ros2_ws/src/data_collection' returned '0': PYTHONPATH=/home/rpi/ros2_ws/build/data_collection/prefix_override:/home/rpi/ros2_ws/install/data_collection/lib/python3.10/site-packages:${PYTHONPATH} /usr/bin/python3 setup.py egg_info --egg-base ../../build/data_collection build --build-base /home/rpi/ros2_ws/build/data_collection/build install --record /home/rpi/ros2_ws/build/data_collection/install.log --single-version-externally-managed
[25.779s] Level 1:colcon.colcon_core.environment:checking '/home/rpi/ros2_ws/install/data_collection' for CMake module files
[25.783s] Level 1:colcon.colcon_core.environment:checking '/home/rpi/ros2_ws/install/data_collection' for CMake config files
[25.787s] Level 1:colcon.colcon_core.environment:checking '/home/rpi/ros2_ws/install/data_collection/lib'
[25.787s] Level 1:colcon.colcon_core.environment:checking '/home/rpi/ros2_ws/install/data_collection/bin'
[25.787s] Level 1:colcon.colcon_core.environment:checking '/home/rpi/ros2_ws/install/data_collection/lib/pkgconfig/data_collection.pc'
[25.788s] Level 1:colcon.colcon_core.environment:checking '/home/rpi/ros2_ws/install/data_collection/lib/python3.10/site-packages'
[25.789s] Level 1:colcon.colcon_core.shell:create_environment_hook('data_collection', 'pythonpath')
[25.876s] INFO:colcon.colcon_core.shell:Creating environment hook '/home/rpi/ros2_ws/install/data_collection/share/data_collection/hook/pythonpath.ps1'
[25.879s] INFO:colcon.colcon_core.shell:Creating environment descriptor '/home/rpi/ros2_ws/install/data_collection/share/data_collection/hook/pythonpath.dsv'
[25.882s] INFO:colcon.colcon_core.shell:Creating environment hook '/home/rpi/ros2_ws/install/data_collection/share/data_collection/hook/pythonpath.sh'
[25.885s] Level 1:colcon.colcon_core.environment:checking '/home/rpi/ros2_ws/install/data_collection/bin'
[25.886s] Level 1:colcon.colcon_core.environment:create_environment_scripts_only(data_collection)
[25.974s] INFO:colcon.colcon_core.shell:Creating package script '/home/rpi/ros2_ws/install/data_collection/share/data_collection/package.ps1'
[25.977s] INFO:colcon.colcon_core.shell:Creating package descriptor '/home/rpi/ros2_ws/install/data_collection/share/data_collection/package.dsv'
[25.980s] INFO:colcon.colcon_core.shell:Creating package script '/home/rpi/ros2_ws/install/data_collection/share/data_collection/package.sh'
[25.982s] INFO:colcon.colcon_core.shell:Creating package script '/home/rpi/ros2_ws/install/data_collection/share/data_collection/package.bash'
[25.984s] INFO:colcon.colcon_core.shell:Creating package script '/home/rpi/ros2_ws/install/data_collection/share/data_collection/package.zsh'
[25.986s] Level 1:colcon.colcon_core.environment:create_file_with_runtime_dependencies(/home/rpi/ros2_ws/install/data_collection/share/colcon-core/packages/data_collection)
[25.991s] DEBUG:colcon.colcon_core.event_handler.log_command:Invoked command in '/home/rpi/ros2_ws/src/servo_controller' returned '0': PYTHONPATH=/home/rpi/ros2_ws/build/servo_controller/prefix_override:/home/rpi/ros2_ws/install/servo_controller/lib/python3.10/site-packages:${PYTHONPATH} /usr/bin/python3 setup.py egg_info --egg-base ../../build/servo_controller build --build-base /home/rpi/ros2_ws/build/servo_controller/build install --record /home/rpi/ros2_ws/build/servo_controller/install.log --single-version-externally-managed
[26.088s] Level 1:colcon.colcon_core.environment:checking '/home/rpi/ros2_ws/install/servo_controller' for CMake module files
[26.091s] Level 1:colcon.colcon_core.environment:checking '/home/rpi/ros2_ws/install/servo_controller' for CMake config files
[26.095s] Level 1:colcon.colcon_core.environment:checking '/home/rpi/ros2_ws/install/servo_controller/lib'
[26.095s] Level 1:colcon.colcon_core.environment:checking '/home/rpi/ros2_ws/install/servo_controller/bin'
[26.095s] Level 1:colcon.colcon_core.environment:checking '/home/rpi/ros2_ws/install/servo_controller/lib/pkgconfig/servo_controller.pc'
[26.096s] Level 1:colcon.colcon_core.environment:checking '/home/rpi/ros2_ws/install/servo_controller/lib/python3.10/site-packages'
[26.097s] Level 1:colcon.colcon_core.shell:create_environment_hook('servo_controller', 'pythonpath')
[26.186s] INFO:colcon.colcon_core.shell:Creating environment hook '/home/rpi/ros2_ws/install/servo_controller/share/servo_controller/hook/pythonpath.ps1'
[26.189s] INFO:colcon.colcon_core.shell:Creating environment descriptor '/home/rpi/ros2_ws/install/servo_controller/share/servo_controller/hook/pythonpath.dsv'
[26.191s] INFO:colcon.colcon_core.shell:Creating environment hook '/home/rpi/ros2_ws/install/servo_controller/share/servo_controller/hook/pythonpath.sh'
[26.194s] Level 1:colcon.colcon_core.environment:checking '/home/rpi/ros2_ws/install/servo_controller/bin'
[26.194s] Level 1:colcon.colcon_core.environment:create_environment_scripts_only(servo_controller)
[26.282s] INFO:colcon.colcon_core.shell:Creating package script '/home/rpi/ros2_ws/install/servo_controller/share/servo_controller/package.ps1'
[26.286s] INFO:colcon.colcon_core.shell:Creating package descriptor '/home/rpi/ros2_ws/install/servo_controller/share/servo_controller/package.dsv'
[26.289s] INFO:colcon.colcon_core.shell:Creating package script '/home/rpi/ros2_ws/install/servo_controller/share/servo_controller/package.sh'
[26.291s] INFO:colcon.colcon_core.shell:Creating package script '/home/rpi/ros2_ws/install/servo_controller/share/servo_controller/package.bash'
[26.293s] INFO:colcon.colcon_core.shell:Creating package script '/home/rpi/ros2_ws/install/servo_controller/share/servo_controller/package.zsh'
[26.295s] Level 1:colcon.colcon_core.environment:create_file_with_runtime_dependencies(/home/rpi/ros2_ws/install/servo_controller/share/colcon-core/packages/servo_controller)
[26.304s] DEBUG:colcon.colcon_core.event_handler.log_command:Invoked command in '/home/rpi/ros2_ws/src/hri_comms' returned '0': PYTHONPATH=/home/rpi/ros2_ws/build/hri_comms/prefix_override:/home/rpi/ros2_ws/install/hri_comms/lib/python3.10/site-packages:${PYTHONPATH} /usr/bin/python3 setup.py egg_info --egg-base ../../build/hri_comms build --build-base /home/rpi/ros2_ws/build/hri_comms/build install --record /home/rpi/ros2_ws/build/hri_comms/install.log --single-version-externally-managed
[26.404s] Level 1:colcon.colcon_core.environment:checking '/home/rpi/ros2_ws/install/hri_comms' for CMake module files
[26.406s] Level 1:colcon.colcon_core.environment:checking '/home/rpi/ros2_ws/install/hri_comms' for CMake config files
[26.410s] Level 1:colcon.colcon_core.environment:checking '/home/rpi/ros2_ws/install/hri_comms/lib'
[26.411s] Level 1:colcon.colcon_core.environment:checking '/home/rpi/ros2_ws/install/hri_comms/bin'
[26.411s] Level 1:colcon.colcon_core.environment:checking '/home/rpi/ros2_ws/install/hri_comms/lib/pkgconfig/hri_comms.pc'
[26.412s] Level 1:colcon.colcon_core.environment:checking '/home/rpi/ros2_ws/install/hri_comms/lib/python3.10/site-packages'
[26.412s] Level 1:colcon.colcon_core.shell:create_environment_hook('hri_comms', 'pythonpath')
[26.501s] INFO:colcon.colcon_core.shell:Creating environment hook '/home/rpi/ros2_ws/install/hri_comms/share/hri_comms/hook/pythonpath.ps1'
[26.503s] INFO:colcon.colcon_core.shell:Creating environment descriptor '/home/rpi/ros2_ws/install/hri_comms/share/hri_comms/hook/pythonpath.dsv'
[26.505s] INFO:colcon.colcon_core.shell:Creating environment hook '/home/rpi/ros2_ws/install/hri_comms/share/hri_comms/hook/pythonpath.sh'
[26.508s] Level 1:colcon.colcon_core.environment:checking '/home/rpi/ros2_ws/install/hri_comms/bin'
[26.508s] Level 1:colcon.colcon_core.environment:create_environment_scripts_only(hri_comms)
[26.598s] INFO:colcon.colcon_core.shell:Creating package script '/home/rpi/ros2_ws/install/hri_comms/share/hri_comms/package.ps1'
[26.601s] INFO:colcon.colcon_core.shell:Creating package descriptor '/home/rpi/ros2_ws/install/hri_comms/share/hri_comms/package.dsv'
[26.603s] INFO:colcon.colcon_core.shell:Creating package script '/home/rpi/ros2_ws/install/hri_comms/share/hri_comms/package.sh'
[26.606s] INFO:colcon.colcon_core.shell:Creating package script '/home/rpi/ros2_ws/install/hri_comms/share/hri_comms/package.bash'
[26.608s] INFO:colcon.colcon_core.shell:Creating package script '/home/rpi/ros2_ws/install/hri_comms/share/hri_comms/package.zsh'
[26.610s] Level 1:colcon.colcon_core.environment:create_file_with_runtime_dependencies(/home/rpi/ros2_ws/install/hri_comms/share/colcon-core/packages/hri_comms)
[26.611s] INFO:colcon.colcon_ros.task.ament_python.build:Building ROS package in '/home/rpi/ros2_ws/src/robot_arm_controller' with build type 'ament_python'
[26.612s] Level 1:colcon.colcon_core.shell:create_environment_hook('robot_arm_controller', 'ament_prefix_path')
[26.714s] INFO:colcon.colcon_core.shell:Creating environment hook '/home/rpi/ros2_ws/install/robot_arm_controller/share/robot_arm_controller/hook/ament_prefix_path.ps1'
[26.716s] INFO:colcon.colcon_core.shell:Creating environment descriptor '/home/rpi/ros2_ws/install/robot_arm_controller/share/robot_arm_controller/hook/ament_prefix_path.dsv'
[26.718s] INFO:colcon.colcon_core.shell:Creating environment hook '/home/rpi/ros2_ws/install/robot_arm_controller/share/robot_arm_controller/hook/ament_prefix_path.sh'
[26.812s] INFO:colcon.colcon_core.shell:Skip shell extension 'powershell' for command environment: Not usable outside of PowerShell
[26.812s] DEBUG:colcon.colcon_core.shell:Skip shell extension 'dsv' for command environment
[28.605s] INFO:colcon.colcon_core.task.python.build:Building Python package in '/home/rpi/ros2_ws/src/robot_arm_controller'
[28.697s] INFO:colcon.colcon_core.shell:Skip shell extension 'powershell' for command environment: Not usable outside of PowerShell
[28.697s] DEBUG:colcon.colcon_core.shell:Skip shell extension 'dsv' for command environment
[30.979s] DEBUG:colcon.colcon_core.event_handler.log_command:Invoking command in '/home/rpi/ros2_ws/src/robot_arm_controller': AMENT_PREFIX_PATH=/home/rpi/ros2_ws/install/hri_comms:/home/rpi/ros2_ws/install/servo_controller:/home/rpi/ros2_ws/install/robot_arm_controller:/home/rpi/ros2_ws/install/my_robot_controller:/home/rpi/ros2_ws/install/data_collection:/opt/ros/humble PYTHONPATH=/home/rpi/ros2_ws/build/robot_arm_controller/prefix_override:/home/rpi/ros2_ws/install/robot_arm_controller/lib/python3.10/site-packages:/home/rpi/ros2_ws/install/hri_comms/lib/python3.10/site-packages:/home/rpi/ros2_ws/install/servo_controller/lib/python3.10/site-packages:/home/rpi/ros2_ws/install/robot_arm_controller/lib/python3.10/site-packages:/home/rpi/ros2_ws/install/my_robot_controller/lib/python3.10/site-packages:/home/rpi/ros2_ws/install/data_collection/lib/python3.10/site-packages:/opt/ros/humble/lib/python3.10/site-packages:/opt/ros/humble/local/lib/python3.10/dist-packages /usr/bin/python3 setup.py egg_info --egg-base ../../build/robot_arm_controller build --build-base /home/rpi/ros2_ws/build/robot_arm_controller/build install --record /home/rpi/ros2_ws/build/robot_arm_controller/install.log --single-version-externally-managed
[33.397s] DEBUG:colcon.colcon_core.event_handler.log_command:Invoked command in '/home/rpi/ros2_ws/src/robot_arm_controller' returned '0': AMENT_PREFIX_PATH=/home/rpi/ros2_ws/install/hri_comms:/home/rpi/ros2_ws/install/servo_controller:/home/rpi/ros2_ws/install/robot_arm_controller:/home/rpi/ros2_ws/install/my_robot_controller:/home/rpi/ros2_ws/install/data_collection:/opt/ros/humble PYTHONPATH=/home/rpi/ros2_ws/build/robot_arm_controller/prefix_override:/home/rpi/ros2_ws/install/robot_arm_controller/lib/python3.10/site-packages:/home/rpi/ros2_ws/install/hri_comms/lib/python3.10/site-packages:/home/rpi/ros2_ws/install/servo_controller/lib/python3.10/site-packages:/home/rpi/ros2_ws/install/robot_arm_controller/lib/python3.10/site-packages:/home/rpi/ros2_ws/install/my_robot_controller/lib/python3.10/site-packages:/home/rpi/ros2_ws/install/data_collection/lib/python3.10/site-packages:/opt/ros/humble/lib/python3.10/site-packages:/opt/ros/humble/local/lib/python3.10/dist-packages /usr/bin/python3 setup.py egg_info --egg-base ../../build/robot_arm_controller build --build-base /home/rpi/ros2_ws/build/robot_arm_controller/build install --record /home/rpi/ros2_ws/build/robot_arm_controller/install.log --single-version-externally-managed
[33.504s] Level 1:colcon.colcon_core.environment:checking '/home/rpi/ros2_ws/install/robot_arm_controller' for CMake module files
[33.507s] Level 1:colcon.colcon_core.environment:checking '/home/rpi/ros2_ws/install/robot_arm_controller' for CMake config files
[33.513s] Level 1:colcon.colcon_core.environment:checking '/home/rpi/ros2_ws/install/robot_arm_controller/lib'
[33.514s] Level 1:colcon.colcon_core.environment:checking '/home/rpi/ros2_ws/install/robot_arm_controller/bin'
[33.514s] Level 1:colcon.colcon_core.environment:checking '/home/rpi/ros2_ws/install/robot_arm_controller/lib/pkgconfig/robot_arm_controller.pc'
[33.516s] Level 1:colcon.colcon_core.environment:checking '/home/rpi/ros2_ws/install/robot_arm_controller/lib/python3.10/site-packages'
[33.516s] Level 1:colcon.colcon_core.shell:create_environment_hook('robot_arm_controller', 'pythonpath')
[33.685s] INFO:colcon.colcon_core.shell:Creating environment hook '/home/rpi/ros2_ws/install/robot_arm_controller/share/robot_arm_controller/hook/pythonpath.ps1'
[33.688s] INFO:colcon.colcon_core.shell:Creating environment descriptor '/home/rpi/ros2_ws/install/robot_arm_controller/share/robot_arm_controller/hook/pythonpath.dsv'
[33.692s] INFO:colcon.colcon_core.shell:Creating environment hook '/home/rpi/ros2_ws/install/robot_arm_controller/share/robot_arm_controller/hook/pythonpath.sh'
[33.698s] Level 1:colcon.colcon_core.environment:checking '/home/rpi/ros2_ws/install/robot_arm_controller/bin'
[33.699s] Level 1:colcon.colcon_core.environment:create_environment_scripts_only(robot_arm_controller)
[33.872s] INFO:colcon.colcon_core.shell:Creating package script '/home/rpi/ros2_ws/install/robot_arm_controller/share/robot_arm_controller/package.ps1'
[33.877s] INFO:colcon.colcon_core.shell:Creating package descriptor '/home/rpi/ros2_ws/install/robot_arm_controller/share/robot_arm_controller/package.dsv'
[33.880s] INFO:colcon.colcon_core.shell:Creating package script '/home/rpi/ros2_ws/install/robot_arm_controller/share/robot_arm_controller/package.sh'
[33.884s] INFO:colcon.colcon_core.shell:Creating package script '/home/rpi/ros2_ws/install/robot_arm_controller/share/robot_arm_controller/package.bash'
[33.888s] INFO:colcon.colcon_core.shell:Creating package script '/home/rpi/ros2_ws/install/robot_arm_controller/share/robot_arm_controller/package.zsh'
[33.891s] Level 1:colcon.colcon_core.environment:create_file_with_runtime_dependencies(/home/rpi/ros2_ws/install/robot_arm_controller/share/colcon-core/packages/robot_arm_controller)
[33.893s] DEBUG:colcon.colcon_parallel_executor.executor.parallel:closing loop
[33.895s] DEBUG:colcon.colcon_parallel_executor.executor.parallel:loop closed
[33.896s] DEBUG:colcon.colcon_parallel_executor.executor.parallel:run_until_complete finished with '0'
[33.897s] DEBUG:colcon.colcon_core.event_reactor:joining thread
[34.129s] INFO:colcon.colcon_core.plugin_system:Skipping extension 'colcon_notification.desktop_notification.terminal_notifier': Not used on non-Darwin systems
[34.130s] INFO:colcon.colcon_core.plugin_system:Skipping extension 'colcon_notification.desktop_notification.win32': Not used on non-Windows systems
[34.130s] INFO:colcon.colcon_notification.desktop_notification:Sending desktop notification using 'notify2'
[34.222s] DEBUG:colcon.colcon_core.event_reactor:joined thread
[34.412s] INFO:colcon.colcon_core.shell:Creating prefix script '/home/rpi/ros2_ws/install/local_setup.ps1'
[34.417s] INFO:colcon.colcon_core.shell:Creating prefix util module '/home/rpi/ros2_ws/install/_local_setup_util_ps1.py'
[34.425s] INFO:colcon.colcon_core.shell:Creating prefix chain script '/home/rpi/ros2_ws/install/setup.ps1'
[34.592s] INFO:colcon.colcon_core.shell:Creating prefix script '/home/rpi/ros2_ws/install/local_setup.sh'
[34.600s] INFO:colcon.colcon_core.shell:Creating prefix util module '/home/rpi/ros2_ws/install/_local_setup_util_sh.py'
[34.604s] INFO:colcon.colcon_core.shell:Creating prefix chain script '/home/rpi/ros2_ws/install/setup.sh'
[34.779s] INFO:colcon.colcon_core.shell:Creating prefix script '/home/rpi/ros2_ws/install/local_setup.bash'
[34.783s] INFO:colcon.colcon_core.shell:Creating prefix chain script '/home/rpi/ros2_ws/install/setup.bash'
[34.938s] INFO:colcon.colcon_core.shell:Creating prefix script '/home/rpi/ros2_ws/install/local_setup.zsh'
[34.942s] INFO:colcon.colcon_core.shell:Creating prefix chain script '/home/rpi/ros2_ws/install/setup.zsh'
