[11.481s] Invoking command in '/home/rpi/ros2_ws/src/servo_controller': PYTHONPATH=/home/rpi/ros2_ws/build/servo_controller/prefix_override:/home/rpi/ros2_ws/install/servo_controller/lib/python3.10/site-packages:${PYTHONPATH} /usr/bin/python3 setup.py egg_info --egg-base ../../build/servo_controller build --build-base /home/rpi/ros2_ws/build/servo_controller/build install --record /home/rpi/ros2_ws/build/servo_controller/install.log --single-version-externally-managed
[14.020s] running egg_info
[14.027s] writing ../../build/servo_controller/servo_controller.egg-info/PKG-INFO
[14.033s] writing dependency_links to ../../build/servo_controller/servo_controller.egg-info/dependency_links.txt
[14.036s] writing entry points to ../../build/servo_controller/servo_controller.egg-info/entry_points.txt
[14.038s] writing requirements to ../../build/servo_controller/servo_controller.egg-info/requires.txt
[14.040s] writing top-level names to ../../build/servo_controller/servo_controller.egg-info/top_level.txt
[14.077s] reading manifest file '../../build/servo_controller/servo_controller.egg-info/SOURCES.txt'
[14.090s] writing manifest file '../../build/servo_controller/servo_controller.egg-info/SOURCES.txt'
[14.094s] running build
[14.096s] running build_py
[14.097s] running install
[14.100s] running install_lib
[14.116s] running install_data
[14.121s] running install_egg_info
[14.145s] removing '/home/rpi/ros2_ws/install/servo_controller/lib/python3.10/site-packages/servo_controller-0.0.0-py3.10.egg-info' (and everything under it)
[14.181s] Copying ../../build/servo_controller/servo_controller.egg-info to /home/rpi/ros2_ws/install/servo_controller/lib/python3.10/site-packages/servo_controller-0.0.0-py3.10.egg-info
[14.198s] running install_scripts
[14.337s] Installing actuate_servo script to /home/rpi/ros2_ws/install/servo_controller/lib/servo_controller
[14.338s] Installing keyboard_input script to /home/rpi/ros2_ws/install/servo_controller/lib/servo_controller
[14.340s] writing list of installed files to '/home/rpi/ros2_ws/build/servo_controller/install.log'
[15.164s] Invoked command in '/home/rpi/ros2_ws/src/servo_controller' returned '0': PYTHONPATH=/home/rpi/ros2_ws/build/servo_controller/prefix_override:/home/rpi/ros2_ws/install/servo_controller/lib/python3.10/site-packages:${PYTHONPATH} /usr/bin/python3 setup.py egg_info --egg-base ../../build/servo_controller build --build-base /home/rpi/ros2_ws/build/servo_controller/build install --record /home/rpi/ros2_ws/build/servo_controller/install.log --single-version-externally-managed
