[12.555s] Invoking command in '/home/rpi/ros2_ws/src/data_collection': PYTHONPATH=/home/rpi/ros2_ws/build/data_collection/prefix_override:/home/rpi/ros2_ws/install/data_collection/lib/python3.10/site-packages:${PYTHONPATH} /usr/bin/python3 setup.py egg_info --egg-base ../../build/data_collection build --build-base /home/rpi/ros2_ws/build/data_collection/build install --record /home/rpi/ros2_ws/build/data_collection/install.log --single-version-externally-managed
[15.201s] running egg_info
[15.205s] writing ../../build/data_collection/data_collection.egg-info/PKG-INFO
[15.208s] writing dependency_links to ../../build/data_collection/data_collection.egg-info/dependency_links.txt
[15.213s] writing entry points to ../../build/data_collection/data_collection.egg-info/entry_points.txt
[15.221s] writing requirements to ../../build/data_collection/data_collection.egg-info/requires.txt
[15.232s] writing top-level names to ../../build/data_collection/data_collection.egg-info/top_level.txt
[15.238s] reading manifest file '../../build/data_collection/data_collection.egg-info/SOURCES.txt'
[15.244s] writing manifest file '../../build/data_collection/data_collection.egg-info/SOURCES.txt'
[15.245s] running build
[15.246s] running build_py
[15.249s] running install
[15.252s] running install_lib
[15.264s] running install_data
[15.269s] running install_egg_info
[15.285s] removing '/home/rpi/ros2_ws/install/data_collection/lib/python3.10/site-packages/data_collection-0.0.0-py3.10.egg-info' (and everything under it)
[15.289s] Copying ../../build/data_collection/data_collection.egg-info to /home/rpi/ros2_ws/install/data_collection/lib/python3.10/site-packages/data_collection-0.0.0-py3.10.egg-info
[15.312s] running install_scripts
[15.526s] Installing csv_writer script to /home/rpi/ros2_ws/install/data_collection/lib/data_collection
[15.555s] writing list of installed files to '/home/rpi/ros2_ws/build/data_collection/install.log'
[16.480s] Invoked command in '/home/rpi/ros2_ws/src/data_collection' returned '0': PYTHONPATH=/home/rpi/ros2_ws/build/data_collection/prefix_override:/home/rpi/ros2_ws/install/data_collection/lib/python3.10/site-packages:${PYTHONPATH} /usr/bin/python3 setup.py egg_info --egg-base ../../build/data_collection build --build-base /home/rpi/ros2_ws/build/data_collection/build install --record /home/rpi/ros2_ws/build/data_collection/install.log --single-version-externally-managed
