[12.365s] Invoking command in '/home/rpi/ros2_ws/src/data_collection': PYTHONPATH=/home/rpi/ros2_ws/build/data_collection/prefix_override:/home/rpi/ros2_ws/install/data_collection/lib/python3.10/site-packages:${PYTHONPATH} /usr/bin/python3 setup.py egg_info --egg-base ../../build/data_collection build --build-base /home/rpi/ros2_ws/build/data_collection/build install --record /home/rpi/ros2_ws/build/data_collection/install.log --single-version-externally-managed
[14.673s] running egg_info
[14.688s] writing ../../build/data_collection/data_collection.egg-info/PKG-INFO
[14.690s] writing dependency_links to ../../build/data_collection/data_collection.egg-info/dependency_links.txt
[14.691s] writing entry points to ../../build/data_collection/data_collection.egg-info/entry_points.txt
[14.692s] writing requirements to ../../build/data_collection/data_collection.egg-info/requires.txt
[14.693s] writing top-level names to ../../build/data_collection/data_collection.egg-info/top_level.txt
[14.705s] reading manifest file '../../build/data_collection/data_collection.egg-info/SOURCES.txt'
[14.713s] writing manifest file '../../build/data_collection/data_collection.egg-info/SOURCES.txt'
[14.717s] running build
[14.719s] running build_py
[14.720s] running install
[14.721s] running install_lib
[14.729s] running install_data
[14.741s] running install_egg_info
[14.747s] removing '/home/rpi/ros2_ws/install/data_collection/lib/python3.10/site-packages/data_collection-0.0.0-py3.10.egg-info' (and everything under it)
[14.762s] Copying ../../build/data_collection/data_collection.egg-info to /home/rpi/ros2_ws/install/data_collection/lib/python3.10/site-packages/data_collection-0.0.0-py3.10.egg-info
[14.807s] running install_scripts
[14.966s] Installing csv_writer script to /home/rpi/ros2_ws/install/data_collection/lib/data_collection
[14.967s] writing list of installed files to '/home/rpi/ros2_ws/build/data_collection/install.log'
[15.912s] Invoked command in '/home/rpi/ros2_ws/src/data_collection' returned '0': PYTHONPATH=/home/rpi/ros2_ws/build/data_collection/prefix_override:/home/rpi/ros2_ws/install/data_collection/lib/python3.10/site-packages:${PYTHONPATH} /usr/bin/python3 setup.py egg_info --egg-base ../../build/data_collection build --build-base /home/rpi/ros2_ws/build/data_collection/build install --record /home/rpi/ros2_ws/build/data_collection/install.log --single-version-externally-managed
