[21.149s] Invoking command in '/home/rpi/ros2_ws/src/hri_comms': PYTHONPATH=/home/rpi/ros2_ws/build/hri_comms/prefix_override:/home/rpi/ros2_ws/install/hri_comms/lib/python3.10/site-packages:${PYTHONPATH} /usr/bin/python3 setup.py egg_info --egg-base ../../build/hri_comms build --build-base /home/rpi/ros2_ws/build/hri_comms/build install --record /home/rpi/ros2_ws/build/hri_comms/install.log --single-version-externally-managed
[25.906s] running egg_info
[25.907s] writing ../../build/hri_comms/hri_comms.egg-info/PKG-INFO
[25.908s] writing dependency_links to ../../build/hri_comms/hri_comms.egg-info/dependency_links.txt
[25.913s] writing entry points to ../../build/hri_comms/hri_comms.egg-info/entry_points.txt
[25.914s] writing requirements to ../../build/hri_comms/hri_comms.egg-info/requires.txt
[25.914s] writing top-level names to ../../build/hri_comms/hri_comms.egg-info/top_level.txt
[25.930s] reading manifest file '../../build/hri_comms/hri_comms.egg-info/SOURCES.txt'
[25.932s] writing manifest file '../../build/hri_comms/hri_comms.egg-info/SOURCES.txt'
[25.933s] running build
[25.934s] running build_py
[25.935s] copying hri_comms/udp_server.py -> /home/rpi/ros2_ws/build/hri_comms/build/lib/hri_comms
[25.937s] running install
[25.938s] running install_lib
[25.945s] copying /home/rpi/ros2_ws/build/hri_comms/build/lib/hri_comms/udp_server.py -> /home/rpi/ros2_ws/install/hri_comms/lib/python3.10/site-packages/hri_comms
[25.954s] byte-compiling /home/rpi/ros2_ws/install/hri_comms/lib/python3.10/site-packages/hri_comms/udp_server.py to udp_server.cpython-310.pyc
[25.955s] running install_data
[25.977s] running install_egg_info
[25.997s] removing '/home/rpi/ros2_ws/install/hri_comms/lib/python3.10/site-packages/hri_comms-0.0.0-py3.10.egg-info' (and everything under it)
[25.998s] Copying ../../build/hri_comms/hri_comms.egg-info to /home/rpi/ros2_ws/install/hri_comms/lib/python3.10/site-packages/hri_comms-0.0.0-py3.10.egg-info
[26.000s] running install_scripts
[26.165s] Installing data_handler script to /home/rpi/ros2_ws/install/hri_comms/lib/hri_comms
[26.181s] Installing udp_server script to /home/rpi/ros2_ws/install/hri_comms/lib/hri_comms
[26.183s] writing list of installed files to '/home/rpi/ros2_ws/build/hri_comms/install.log'
[26.974s] Invoked command in '/home/rpi/ros2_ws/src/hri_comms' returned '0': PYTHONPATH=/home/rpi/ros2_ws/build/hri_comms/prefix_override:/home/rpi/ros2_ws/install/hri_comms/lib/python3.10/site-packages:${PYTHONPATH} /usr/bin/python3 setup.py egg_info --egg-base ../../build/hri_comms build --build-base /home/rpi/ros2_ws/build/hri_comms/build install --record /home/rpi/ros2_ws/build/hri_comms/install.log --single-version-externally-managed
