[9.903s] Invoking command in '/home/rpi/ros2_ws/src/hri_comms': PYTHONPATH=/home/rpi/ros2_ws/build/hri_comms/prefix_override:/home/rpi/ros2_ws/install/hri_comms/lib/python3.10/site-packages:${PYTHONPATH} /usr/bin/python3 setup.py egg_info --egg-base ../../build/hri_comms build --build-base /home/rpi/ros2_ws/build/hri_comms/build install --record /home/rpi/ros2_ws/build/hri_comms/install.log --single-version-externally-managed
[11.850s] running egg_info
[11.853s] writing ../../build/hri_comms/hri_comms.egg-info/PKG-INFO
[11.854s] writing dependency_links to ../../build/hri_comms/hri_comms.egg-info/dependency_links.txt
[11.858s] writing entry points to ../../build/hri_comms/hri_comms.egg-info/entry_points.txt
[11.859s] writing requirements to ../../build/hri_comms/hri_comms.egg-info/requires.txt
[11.860s] writing top-level names to ../../build/hri_comms/hri_comms.egg-info/top_level.txt
[11.869s] reading manifest file '../../build/hri_comms/hri_comms.egg-info/SOURCES.txt'
[11.885s] writing manifest file '../../build/hri_comms/hri_comms.egg-info/SOURCES.txt'
[11.886s] running build
[11.886s] running build_py
[11.888s] running install
[11.889s] running install_lib
[11.896s] running install_data
[11.905s] running install_egg_info
[11.907s] removing '/home/rpi/ros2_ws/install/hri_comms/lib/python3.10/site-packages/hri_comms-0.0.0-py3.10.egg-info' (and everything under it)
[11.914s] Copying ../../build/hri_comms/hri_comms.egg-info to /home/rpi/ros2_ws/install/hri_comms/lib/python3.10/site-packages/hri_comms-0.0.0-py3.10.egg-info
[11.931s] running install_scripts
[12.053s] Installing data_handler script to /home/rpi/ros2_ws/install/hri_comms/lib/hri_comms
[12.055s] Installing udp_server script to /home/rpi/ros2_ws/install/hri_comms/lib/hri_comms
[12.057s] writing list of installed files to '/home/rpi/ros2_ws/build/hri_comms/install.log'
[12.331s] Invoked command in '/home/rpi/ros2_ws/src/hri_comms' returned '0': PYTHONPATH=/home/rpi/ros2_ws/build/hri_comms/prefix_override:/home/rpi/ros2_ws/install/hri_comms/lib/python3.10/site-packages:${PYTHONPATH} /usr/bin/python3 setup.py egg_info --egg-base ../../build/hri_comms build --build-base /home/rpi/ros2_ws/build/hri_comms/build install --record /home/rpi/ros2_ws/build/hri_comms/install.log --single-version-externally-managed
