[13.315s] Invoking command in '/home/rpi/ros2_ws/src/hri_comms': PYTHONPATH=/home/rpi/ros2_ws/build/hri_comms/prefix_override:/home/rpi/ros2_ws/install/hri_comms/lib/python3.10/site-packages:${PYTHONPATH} /usr/bin/python3 setup.py egg_info --egg-base ../../build/hri_comms build --build-base /home/rpi/ros2_ws/build/hri_comms/build install --record /home/rpi/ros2_ws/build/hri_comms/install.log --single-version-externally-managed
[16.032s] running egg_info
[16.042s] writing ../../build/hri_comms/hri_comms.egg-info/PKG-INFO
[16.043s] writing dependency_links to ../../build/hri_comms/hri_comms.egg-info/dependency_links.txt
[16.046s] writing entry points to ../../build/hri_comms/hri_comms.egg-info/entry_points.txt
[16.050s] writing requirements to ../../build/hri_comms/hri_comms.egg-info/requires.txt
[16.054s] writing top-level names to ../../build/hri_comms/hri_comms.egg-info/top_level.txt
[16.066s] reading manifest file '../../build/hri_comms/hri_comms.egg-info/SOURCES.txt'
[16.071s] writing manifest file '../../build/hri_comms/hri_comms.egg-info/SOURCES.txt'
[16.074s] running build
[16.077s] running build_py
[16.080s] running install
[16.085s] running install_lib
[16.088s] running install_data
[16.105s] running install_egg_info
[16.106s] removing '/home/rpi/ros2_ws/install/hri_comms/lib/python3.10/site-packages/hri_comms-0.0.0-py3.10.egg-info' (and everything under it)
[16.108s] Copying ../../build/hri_comms/hri_comms.egg-info to /home/rpi/ros2_ws/install/hri_comms/lib/python3.10/site-packages/hri_comms-0.0.0-py3.10.egg-info
[16.118s] running install_scripts
[16.227s] Installing data_handler script to /home/rpi/ros2_ws/install/hri_comms/lib/hri_comms
[16.229s] Installing udp_server script to /home/rpi/ros2_ws/install/hri_comms/lib/hri_comms
[16.231s] writing list of installed files to '/home/rpi/ros2_ws/build/hri_comms/install.log'
[17.016s] Invoked command in '/home/rpi/ros2_ws/src/hri_comms' returned '0': PYTHONPATH=/home/rpi/ros2_ws/build/hri_comms/prefix_override:/home/rpi/ros2_ws/install/hri_comms/lib/python3.10/site-packages:${PYTHONPATH} /usr/bin/python3 setup.py egg_info --egg-base ../../build/hri_comms build --build-base /home/rpi/ros2_ws/build/hri_comms/build install --record /home/rpi/ros2_ws/build/hri_comms/install.log --single-version-externally-managed
