[15.242s] Invoking command in '/home/rpi/ros2_ws/src/servo_controller': PYTHONPATH=/home/rpi/ros2_ws/build/servo_controller/prefix_override:/home/rpi/ros2_ws/install/servo_controller/lib/python3.10/site-packages:${PYTHONPATH} /usr/bin/python3 setup.py egg_info --egg-base ../../build/servo_controller build --build-base /home/rpi/ros2_ws/build/servo_controller/build install --record /home/rpi/ros2_ws/build/servo_controller/install.log --single-version-externally-managed
[18.727s] running egg_info
[18.734s] writing ../../build/servo_controller/servo_controller.egg-info/PKG-INFO
[18.748s] writing dependency_links to ../../build/servo_controller/servo_controller.egg-info/dependency_links.txt
[18.750s] writing entry points to ../../build/servo_controller/servo_controller.egg-info/entry_points.txt
[18.751s] writing requirements to ../../build/servo_controller/servo_controller.egg-info/requires.txt
[18.753s] writing top-level names to ../../build/servo_controller/servo_controller.egg-info/top_level.txt
[18.782s] reading manifest file '../../build/servo_controller/servo_controller.egg-info/SOURCES.txt'
[18.786s] writing manifest file '../../build/servo_controller/servo_controller.egg-info/SOURCES.txt'
[18.788s] running build
[18.789s] running build_py
[18.794s] running install
[18.795s] running install_lib
[18.813s] running install_data
[18.815s] running install_egg_info
[18.840s] removing '/home/rpi/ros2_ws/install/servo_controller/lib/python3.10/site-packages/servo_controller-0.0.0-py3.10.egg-info' (and everything under it)
[18.843s] Copying ../../build/servo_controller/servo_controller.egg-info to /home/rpi/ros2_ws/install/servo_controller/lib/python3.10/site-packages/servo_controller-0.0.0-py3.10.egg-info
[18.892s] running install_scripts
[19.093s] Installing actuate_servo script to /home/rpi/ros2_ws/install/servo_controller/lib/servo_controller
[19.094s] Installing keyboard_input script to /home/rpi/ros2_ws/install/servo_controller/lib/servo_controller
[19.096s] writing list of installed files to '/home/rpi/ros2_ws/build/servo_controller/install.log'
[19.806s] Invoked command in '/home/rpi/ros2_ws/src/servo_controller' returned '0': PYTHONPATH=/home/rpi/ros2_ws/build/servo_controller/prefix_override:/home/rpi/ros2_ws/install/servo_controller/lib/python3.10/site-packages:${PYTHONPATH} /usr/bin/python3 setup.py egg_info --egg-base ../../build/servo_controller build --build-base /home/rpi/ros2_ws/build/servo_controller/build install --record /home/rpi/ros2_ws/build/servo_controller/install.log --single-version-externally-managed
