[9.205s] Invoking command in '/home/rpi/ros2_ws/src/my_robot_controller': PYTHONPATH=/home/rpi/ros2_ws/build/my_robot_controller/prefix_override:/home/rpi/ros2_ws/install/my_robot_controller/lib/python3.10/site-packages:${PYTHONPATH} /usr/bin/python3 setup.py egg_info --egg-base ../../build/my_robot_controller build --build-base /home/rpi/ros2_ws/build/my_robot_controller/build install --record /home/rpi/ros2_ws/build/my_robot_controller/install.log --single-version-externally-managed
[10.979s] running egg_info
[10.982s] writing ../../build/my_robot_controller/my_robot_controller.egg-info/PKG-INFO
[10.985s] writing dependency_links to ../../build/my_robot_controller/my_robot_controller.egg-info/dependency_links.txt
[10.987s] writing entry points to ../../build/my_robot_controller/my_robot_controller.egg-info/entry_points.txt
[10.988s] writing requirements to ../../build/my_robot_controller/my_robot_controller.egg-info/requires.txt
[10.989s] writing top-level names to ../../build/my_robot_controller/my_robot_controller.egg-info/top_level.txt
[11.028s] reading manifest file '../../build/my_robot_controller/my_robot_controller.egg-info/SOURCES.txt'
[11.030s] writing manifest file '../../build/my_robot_controller/my_robot_controller.egg-info/SOURCES.txt'
[11.031s] running build
[11.031s] running build_py
[11.034s] running install
[11.037s] running install_lib
[11.043s] running install_data
[11.046s] running install_egg_info
[11.050s] removing '/home/rpi/ros2_ws/install/my_robot_controller/lib/python3.10/site-packages/my_robot_controller-0.0.0-py3.10.egg-info' (and everything under it)
[11.052s] Copying ../../build/my_robot_controller/my_robot_controller.egg-info to /home/rpi/ros2_ws/install/my_robot_controller/lib/python3.10/site-packages/my_robot_controller-0.0.0-py3.10.egg-info
[11.061s] running install_scripts
[11.175s] Installing draw_circle script to /home/rpi/ros2_ws/install/my_robot_controller/lib/my_robot_controller
[11.177s] Installing pose_subscriber script to /home/rpi/ros2_ws/install/my_robot_controller/lib/my_robot_controller
[11.184s] Installing test_node script to /home/rpi/ros2_ws/install/my_robot_controller/lib/my_robot_controller
[11.188s] writing list of installed files to '/home/rpi/ros2_ws/build/my_robot_controller/install.log'
[11.522s] Invoked command in '/home/rpi/ros2_ws/src/my_robot_controller' returned '0': PYTHONPATH=/home/rpi/ros2_ws/build/my_robot_controller/prefix_override:/home/rpi/ros2_ws/install/my_robot_controller/lib/python3.10/site-packages:${PYTHONPATH} /usr/bin/python3 setup.py egg_info --egg-base ../../build/my_robot_controller build --build-base /home/rpi/ros2_ws/build/my_robot_controller/build install --record /home/rpi/ros2_ws/build/my_robot_controller/install.log --single-version-externally-managed
