[8.693s] Invoking command in '/home/rpi/ros2_ws/src/servo_controller': PYTHONPATH=/home/rpi/ros2_ws/build/servo_controller/prefix_override:/home/rpi/ros2_ws/install/servo_controller/lib/python3.10/site-packages:${PYTHONPATH} /usr/bin/python3 setup.py egg_info --egg-base ../../build/servo_controller build --build-base /home/rpi/ros2_ws/build/servo_controller/build install --record /home/rpi/ros2_ws/build/servo_controller/install.log --single-version-externally-managed
[10.552s] running egg_info
[10.558s] writing ../../build/servo_controller/servo_controller.egg-info/PKG-INFO
[10.560s] writing dependency_links to ../../build/servo_controller/servo_controller.egg-info/dependency_links.txt
[10.561s] writing entry points to ../../build/servo_controller/servo_controller.egg-info/entry_points.txt
[10.562s] writing requirements to ../../build/servo_controller/servo_controller.egg-info/requires.txt
[10.563s] writing top-level names to ../../build/servo_controller/servo_controller.egg-info/top_level.txt
[10.575s] reading manifest file '../../build/servo_controller/servo_controller.egg-info/SOURCES.txt'
[10.591s] writing manifest file '../../build/servo_controller/servo_controller.egg-info/SOURCES.txt'
[10.592s] running build
[10.592s] running build_py
[10.592s] running install
[10.594s] running install_lib
[10.597s] running install_data
[10.599s] running install_egg_info
[10.607s] removing '/home/rpi/ros2_ws/install/servo_controller/lib/python3.10/site-packages/servo_controller-0.0.0-py3.10.egg-info' (and everything under it)
[10.636s] Copying ../../build/servo_controller/servo_controller.egg-info to /home/rpi/ros2_ws/install/servo_controller/lib/python3.10/site-packages/servo_controller-0.0.0-py3.10.egg-info
[10.637s] running install_scripts
[10.772s] Installing actuate_servo script to /home/rpi/ros2_ws/install/servo_controller/lib/servo_controller
[10.795s] Installing keyboard_input script to /home/rpi/ros2_ws/install/servo_controller/lib/servo_controller
[10.797s] writing list of installed files to '/home/rpi/ros2_ws/build/servo_controller/install.log'
[11.010s] Invoked command in '/home/rpi/ros2_ws/src/servo_controller' returned '0': PYTHONPATH=/home/rpi/ros2_ws/build/servo_controller/prefix_override:/home/rpi/ros2_ws/install/servo_controller/lib/python3.10/site-packages:${PYTHONPATH} /usr/bin/python3 setup.py egg_info --egg-base ../../build/servo_controller build --build-base /home/rpi/ros2_ws/build/servo_controller/build install --record /home/rpi/ros2_ws/build/servo_controller/install.log --single-version-externally-managed
