[12.022s] Invoking command in '/home/rpi/ros2_ws/src/my_robot_controller': PYTHONPATH=/home/rpi/ros2_ws/build/my_robot_controller/prefix_override:/home/rpi/ros2_ws/install/my_robot_controller/lib/python3.10/site-packages:${PYTHONPATH} /usr/bin/python3 setup.py egg_info --egg-base ../../build/my_robot_controller build --build-base /home/rpi/ros2_ws/build/my_robot_controller/build install --record /home/rpi/ros2_ws/build/my_robot_controller/install.log --single-version-externally-managed
[14.361s] running egg_info
[14.367s] writing ../../build/my_robot_controller/my_robot_controller.egg-info/PKG-INFO
[14.370s] writing dependency_links to ../../build/my_robot_controller/my_robot_controller.egg-info/dependency_links.txt
[14.372s] writing entry points to ../../build/my_robot_controller/my_robot_controller.egg-info/entry_points.txt
[14.373s] writing requirements to ../../build/my_robot_controller/my_robot_controller.egg-info/requires.txt
[14.375s] writing top-level names to ../../build/my_robot_controller/my_robot_controller.egg-info/top_level.txt
[14.384s] reading manifest file '../../build/my_robot_controller/my_robot_controller.egg-info/SOURCES.txt'
[14.392s] writing manifest file '../../build/my_robot_controller/my_robot_controller.egg-info/SOURCES.txt'
[14.394s] running build
[14.396s] running build_py
[14.396s] running install
[14.397s] running install_lib
[14.404s] running install_data
[14.407s] running install_egg_info
[14.429s] removing '/home/rpi/ros2_ws/install/my_robot_controller/lib/python3.10/site-packages/my_robot_controller-0.0.0-py3.10.egg-info' (and everything under it)
[14.431s] Copying ../../build/my_robot_controller/my_robot_controller.egg-info to /home/rpi/ros2_ws/install/my_robot_controller/lib/python3.10/site-packages/my_robot_controller-0.0.0-py3.10.egg-info
[14.435s] running install_scripts
[14.563s] Installing draw_circle script to /home/rpi/ros2_ws/install/my_robot_controller/lib/my_robot_controller
[14.565s] Installing pose_subscriber script to /home/rpi/ros2_ws/install/my_robot_controller/lib/my_robot_controller
[14.566s] Installing test_node script to /home/rpi/ros2_ws/install/my_robot_controller/lib/my_robot_controller
[14.568s] writing list of installed files to '/home/rpi/ros2_ws/build/my_robot_controller/install.log'
[15.842s] Invoked command in '/home/rpi/ros2_ws/src/my_robot_controller' returned '0': PYTHONPATH=/home/rpi/ros2_ws/build/my_robot_controller/prefix_override:/home/rpi/ros2_ws/install/my_robot_controller/lib/python3.10/site-packages:${PYTHONPATH} /usr/bin/python3 setup.py egg_info --egg-base ../../build/my_robot_controller build --build-base /home/rpi/ros2_ws/build/my_robot_controller/build install --record /home/rpi/ros2_ws/build/my_robot_controller/install.log --single-version-externally-managed
