[12.624s] Invoking command in '/home/rpi/ros2_ws/src/data_collection': PYTHONPATH=/home/rpi/ros2_ws/build/data_collection/prefix_override:/home/rpi/ros2_ws/install/data_collection/lib/python3.10/site-packages:${PYTHONPATH} /usr/bin/python3 setup.py egg_info --egg-base ../../build/data_collection build --build-base /home/rpi/ros2_ws/build/data_collection/build install --record /home/rpi/ros2_ws/build/data_collection/install.log --single-version-externally-managed
[14.842s] running egg_info
[14.845s] writing ../../build/data_collection/data_collection.egg-info/PKG-INFO
[14.847s] writing dependency_links to ../../build/data_collection/data_collection.egg-info/dependency_links.txt
[14.849s] writing entry points to ../../build/data_collection/data_collection.egg-info/entry_points.txt
[14.850s] writing requirements to ../../build/data_collection/data_collection.egg-info/requires.txt
[14.851s] writing top-level names to ../../build/data_collection/data_collection.egg-info/top_level.txt
[14.864s] reading manifest file '../../build/data_collection/data_collection.egg-info/SOURCES.txt'
[14.876s] writing manifest file '../../build/data_collection/data_collection.egg-info/SOURCES.txt'
[14.877s] running build
[14.878s] running build_py
[14.879s] running install
[14.879s] running install_lib
[14.898s] running install_data
[14.904s] running install_egg_info
[14.918s] removing '/home/rpi/ros2_ws/install/data_collection/lib/python3.10/site-packages/data_collection-0.0.0-py3.10.egg-info' (and everything under it)
[14.921s] Copying ../../build/data_collection/data_collection.egg-info to /home/rpi/ros2_ws/install/data_collection/lib/python3.10/site-packages/data_collection-0.0.0-py3.10.egg-info
[14.931s] running install_scripts
[15.060s] Installing csv_writer script to /home/rpi/ros2_ws/install/data_collection/lib/data_collection
[15.065s] writing list of installed files to '/home/rpi/ros2_ws/build/data_collection/install.log'
[15.934s] Invoked command in '/home/rpi/ros2_ws/src/data_collection' returned '0': PYTHONPATH=/home/rpi/ros2_ws/build/data_collection/prefix_override:/home/rpi/ros2_ws/install/data_collection/lib/python3.10/site-packages:${PYTHONPATH} /usr/bin/python3 setup.py egg_info --egg-base ../../build/data_collection build --build-base /home/rpi/ros2_ws/build/data_collection/build install --record /home/rpi/ros2_ws/build/data_collection/install.log --single-version-externally-managed
