[11.025s] Invoking command in '/home/rpi/ros2_ws/src/servo_controller': PYTHONPATH=/home/rpi/ros2_ws/build/servo_controller/prefix_override:/home/rpi/ros2_ws/install/servo_controller/lib/python3.10/site-packages:${PYTHONPATH} /usr/bin/python3 setup.py egg_info --egg-base ../../build/servo_controller build --build-base /home/rpi/ros2_ws/build/servo_controller/build install --record /home/rpi/ros2_ws/build/servo_controller/install.log --single-version-externally-managed
[13.399s] running egg_info
[13.403s] writing ../../build/servo_controller/servo_controller.egg-info/PKG-INFO
[13.404s] writing dependency_links to ../../build/servo_controller/servo_controller.egg-info/dependency_links.txt
[13.407s] writing entry points to ../../build/servo_controller/servo_controller.egg-info/entry_points.txt
[13.408s] writing requirements to ../../build/servo_controller/servo_controller.egg-info/requires.txt
[13.409s] writing top-level names to ../../build/servo_controller/servo_controller.egg-info/top_level.txt
[13.423s] reading manifest file '../../build/servo_controller/servo_controller.egg-info/SOURCES.txt'
[13.428s] writing manifest file '../../build/servo_controller/servo_controller.egg-info/SOURCES.txt'
[13.429s] running build
[13.430s] running build_py
[13.434s] running install
[13.435s] running install_lib
[13.444s] running install_data
[13.447s] running install_egg_info
[13.458s] removing '/home/rpi/ros2_ws/install/servo_controller/lib/python3.10/site-packages/servo_controller-0.0.0-py3.10.egg-info' (and everything under it)
[13.477s] Copying ../../build/servo_controller/servo_controller.egg-info to /home/rpi/ros2_ws/install/servo_controller/lib/python3.10/site-packages/servo_controller-0.0.0-py3.10.egg-info
[13.514s] running install_scripts
[13.673s] Installing actuate_servo script to /home/rpi/ros2_ws/install/servo_controller/lib/servo_controller
[13.677s] Installing keyboard_input script to /home/rpi/ros2_ws/install/servo_controller/lib/servo_controller
[13.694s] writing list of installed files to '/home/rpi/ros2_ws/build/servo_controller/install.log'
[14.085s] Invoked command in '/home/rpi/ros2_ws/src/servo_controller' returned '0': PYTHONPATH=/home/rpi/ros2_ws/build/servo_controller/prefix_override:/home/rpi/ros2_ws/install/servo_controller/lib/python3.10/site-packages:${PYTHONPATH} /usr/bin/python3 setup.py egg_info --egg-base ../../build/servo_controller build --build-base /home/rpi/ros2_ws/build/servo_controller/build install --record /home/rpi/ros2_ws/build/servo_controller/install.log --single-version-externally-managed
