[6.688s] Invoking command in '/home/rpi/ros2_ws/src/servo_controller': PYTHONPATH=/home/rpi/ros2_ws/build/servo_controller/prefix_override:/home/rpi/ros2_ws/install/servo_controller/lib/python3.10/site-packages:${PYTHONPATH} /usr/bin/python3 setup.py egg_info --egg-base ../../build/servo_controller build --build-base /home/rpi/ros2_ws/build/servo_controller/build install --record /home/rpi/ros2_ws/build/servo_controller/install.log --single-version-externally-managed
[8.307s] running egg_info
[8.310s] writing ../../build/servo_controller/servo_controller.egg-info/PKG-INFO
[8.311s] writing dependency_links to ../../build/servo_controller/servo_controller.egg-info/dependency_links.txt
[8.313s] writing entry points to ../../build/servo_controller/servo_controller.egg-info/entry_points.txt
[8.314s] writing requirements to ../../build/servo_controller/servo_controller.egg-info/requires.txt
[8.315s] writing top-level names to ../../build/servo_controller/servo_controller.egg-info/top_level.txt
[8.326s] reading manifest file '../../build/servo_controller/servo_controller.egg-info/SOURCES.txt'
[8.331s] writing manifest file '../../build/servo_controller/servo_controller.egg-info/SOURCES.txt'
[8.332s] running build
[8.332s] running build_py
[8.333s] copying servo_controller/keyboard_input.py -> /home/rpi/ros2_ws/build/servo_controller/build/lib/servo_controller
[8.336s] running install
[8.337s] running install_lib
[8.342s] copying /home/rpi/ros2_ws/build/servo_controller/build/lib/servo_controller/keyboard_input.py -> /home/rpi/ros2_ws/install/servo_controller/lib/python3.10/site-packages/servo_controller
[8.345s] byte-compiling /home/rpi/ros2_ws/install/servo_controller/lib/python3.10/site-packages/servo_controller/keyboard_input.py to keyboard_input.cpython-310.pyc
[8.349s] running install_data
[8.361s] running install_egg_info
[8.369s] removing '/home/rpi/ros2_ws/install/servo_controller/lib/python3.10/site-packages/servo_controller-0.0.0-py3.10.egg-info' (and everything under it)
[8.370s] Copying ../../build/servo_controller/servo_controller.egg-info to /home/rpi/ros2_ws/install/servo_controller/lib/python3.10/site-packages/servo_controller-0.0.0-py3.10.egg-info
[8.376s] running install_scripts
[8.484s] Installing actuate_servo script to /home/rpi/ros2_ws/install/servo_controller/lib/servo_controller
[8.486s] Installing keyboard_input script to /home/rpi/ros2_ws/install/servo_controller/lib/servo_controller
[8.488s] writing list of installed files to '/home/rpi/ros2_ws/build/servo_controller/install.log'
[8.701s] Invoked command in '/home/rpi/ros2_ws/src/servo_controller' returned '0': PYTHONPATH=/home/rpi/ros2_ws/build/servo_controller/prefix_override:/home/rpi/ros2_ws/install/servo_controller/lib/python3.10/site-packages:${PYTHONPATH} /usr/bin/python3 setup.py egg_info --egg-base ../../build/servo_controller build --build-base /home/rpi/ros2_ws/build/servo_controller/build install --record /home/rpi/ros2_ws/build/servo_controller/install.log --single-version-externally-managed
