[12.556s] Invoking command in '/home/rpi/ros2_ws/src/hri_comms': PYTHONPATH=/home/rpi/ros2_ws/build/hri_comms/prefix_override:/home/rpi/ros2_ws/install/hri_comms/lib/python3.10/site-packages:${PYTHONPATH} /usr/bin/python3 setup.py egg_info --egg-base ../../build/hri_comms build --build-base /home/rpi/ros2_ws/build/hri_comms/build install --record /home/rpi/ros2_ws/build/hri_comms/install.log --single-version-externally-managed
[14.943s] running egg_info
[14.944s] writing ../../build/hri_comms/hri_comms.egg-info/PKG-INFO
[14.947s] writing dependency_links to ../../build/hri_comms/hri_comms.egg-info/dependency_links.txt
[14.952s] writing entry points to ../../build/hri_comms/hri_comms.egg-info/entry_points.txt
[14.955s] writing requirements to ../../build/hri_comms/hri_comms.egg-info/requires.txt
[14.957s] writing top-level names to ../../build/hri_comms/hri_comms.egg-info/top_level.txt
[14.973s] reading manifest file '../../build/hri_comms/hri_comms.egg-info/SOURCES.txt'
[14.983s] writing manifest file '../../build/hri_comms/hri_comms.egg-info/SOURCES.txt'
[14.985s] running build
[14.986s] running build_py
[14.989s] running install
[14.992s] running install_lib
[15.003s] running install_data
[15.008s] running install_egg_info
[15.021s] removing '/home/rpi/ros2_ws/install/hri_comms/lib/python3.10/site-packages/hri_comms-0.0.0-py3.10.egg-info' (and everything under it)
[15.025s] Copying ../../build/hri_comms/hri_comms.egg-info to /home/rpi/ros2_ws/install/hri_comms/lib/python3.10/site-packages/hri_comms-0.0.0-py3.10.egg-info
[15.041s] running install_scripts
[15.177s] Installing data_handler script to /home/rpi/ros2_ws/install/hri_comms/lib/hri_comms
[15.179s] Installing udp_server script to /home/rpi/ros2_ws/install/hri_comms/lib/hri_comms
[15.185s] writing list of installed files to '/home/rpi/ros2_ws/build/hri_comms/install.log'
[16.125s] Invoked command in '/home/rpi/ros2_ws/src/hri_comms' returned '0': PYTHONPATH=/home/rpi/ros2_ws/build/hri_comms/prefix_override:/home/rpi/ros2_ws/install/hri_comms/lib/python3.10/site-packages:${PYTHONPATH} /usr/bin/python3 setup.py egg_info --egg-base ../../build/hri_comms build --build-base /home/rpi/ros2_ws/build/hri_comms/build install --record /home/rpi/ros2_ws/build/hri_comms/install.log --single-version-externally-managed
