[13.410s] Invoking command in '/home/rpi/ros2_ws/src/hri_comms': PYTHONPATH=/home/rpi/ros2_ws/build/hri_comms/prefix_override:/home/rpi/ros2_ws/install/hri_comms/lib/python3.10/site-packages:${PYTHONPATH} /usr/bin/python3 setup.py egg_info --egg-base ../../build/hri_comms build --build-base /home/rpi/ros2_ws/build/hri_comms/build install --record /home/rpi/ros2_ws/build/hri_comms/install.log --single-version-externally-managed
[16.100s] running egg_info
[16.102s] writing ../../build/hri_comms/hri_comms.egg-info/PKG-INFO
[16.109s] writing dependency_links to ../../build/hri_comms/hri_comms.egg-info/dependency_links.txt
[16.110s] writing entry points to ../../build/hri_comms/hri_comms.egg-info/entry_points.txt
[16.124s] writing requirements to ../../build/hri_comms/hri_comms.egg-info/requires.txt
[16.125s] writing top-level names to ../../build/hri_comms/hri_comms.egg-info/top_level.txt
[16.128s] reading manifest file '../../build/hri_comms/hri_comms.egg-info/SOURCES.txt'
[16.136s] writing manifest file '../../build/hri_comms/hri_comms.egg-info/SOURCES.txt'
[16.139s] running build
[16.140s] running build_py
[16.143s] copying hri_comms/udp_server.py -> /home/rpi/ros2_ws/build/hri_comms/build/lib/hri_comms
[16.145s] running install
[16.151s] running install_lib
[16.153s] copying /home/rpi/ros2_ws/build/hri_comms/build/lib/hri_comms/udp_server.py -> /home/rpi/ros2_ws/install/hri_comms/lib/python3.10/site-packages/hri_comms
[16.162s] byte-compiling /home/rpi/ros2_ws/install/hri_comms/lib/python3.10/site-packages/hri_comms/udp_server.py to udp_server.cpython-310.pyc
[16.168s] running install_data
[16.173s] running install_egg_info
[16.191s] removing '/home/rpi/ros2_ws/install/hri_comms/lib/python3.10/site-packages/hri_comms-0.0.0-py3.10.egg-info' (and everything under it)
[16.198s] Copying ../../build/hri_comms/hri_comms.egg-info to /home/rpi/ros2_ws/install/hri_comms/lib/python3.10/site-packages/hri_comms-0.0.0-py3.10.egg-info
[16.220s] running install_scripts
[16.397s] Installing data_handler script to /home/rpi/ros2_ws/install/hri_comms/lib/hri_comms
[16.400s] Installing udp_server script to /home/rpi/ros2_ws/install/hri_comms/lib/hri_comms
[16.404s] writing list of installed files to '/home/rpi/ros2_ws/build/hri_comms/install.log'
[17.456s] Invoked command in '/home/rpi/ros2_ws/src/hri_comms' returned '0': PYTHONPATH=/home/rpi/ros2_ws/build/hri_comms/prefix_override:/home/rpi/ros2_ws/install/hri_comms/lib/python3.10/site-packages:${PYTHONPATH} /usr/bin/python3 setup.py egg_info --egg-base ../../build/hri_comms build --build-base /home/rpi/ros2_ws/build/hri_comms/build install --record /home/rpi/ros2_ws/build/hri_comms/install.log --single-version-externally-managed
