[8.787s] Invoking command in '/home/rpi/ros2_ws/src/servo_controller': PYTHONPATH=/home/rpi/ros2_ws/build/servo_controller/prefix_override:/home/rpi/ros2_ws/install/servo_controller/lib/python3.10/site-packages:${PYTHONPATH} /usr/bin/python3 setup.py egg_info --egg-base ../../build/servo_controller build --build-base /home/rpi/ros2_ws/build/servo_controller/build install --record /home/rpi/ros2_ws/build/servo_controller/install.log --single-version-externally-managed
[10.754s] running egg_info
[10.758s] writing ../../build/servo_controller/servo_controller.egg-info/PKG-INFO
[10.759s] writing dependency_links to ../../build/servo_controller/servo_controller.egg-info/dependency_links.txt
[10.760s] writing entry points to ../../build/servo_controller/servo_controller.egg-info/entry_points.txt
[10.761s] writing requirements to ../../build/servo_controller/servo_controller.egg-info/requires.txt
[10.763s] writing top-level names to ../../build/servo_controller/servo_controller.egg-info/top_level.txt
[10.775s] reading manifest file '../../build/servo_controller/servo_controller.egg-info/SOURCES.txt'
[10.781s] writing manifest file '../../build/servo_controller/servo_controller.egg-info/SOURCES.txt'
[10.782s] running build
[10.782s] running build_py
[10.784s] running install
[10.786s] running install_lib
[10.802s] running install_data
[10.806s] running install_egg_info
[10.828s] removing '/home/rpi/ros2_ws/install/servo_controller/lib/python3.10/site-packages/servo_controller-0.0.0-py3.10.egg-info' (and everything under it)
[10.829s] Copying ../../build/servo_controller/servo_controller.egg-info to /home/rpi/ros2_ws/install/servo_controller/lib/python3.10/site-packages/servo_controller-0.0.0-py3.10.egg-info
[10.836s] running install_scripts
[11.020s] Installing actuate_servo script to /home/rpi/ros2_ws/install/servo_controller/lib/servo_controller
[11.022s] Installing keyboard_input script to /home/rpi/ros2_ws/install/servo_controller/lib/servo_controller
[11.024s] writing list of installed files to '/home/rpi/ros2_ws/build/servo_controller/install.log'
[11.889s] Invoked command in '/home/rpi/ros2_ws/src/servo_controller' returned '0': PYTHONPATH=/home/rpi/ros2_ws/build/servo_controller/prefix_override:/home/rpi/ros2_ws/install/servo_controller/lib/python3.10/site-packages:${PYTHONPATH} /usr/bin/python3 setup.py egg_info --egg-base ../../build/servo_controller build --build-base /home/rpi/ros2_ws/build/servo_controller/build install --record /home/rpi/ros2_ws/build/servo_controller/install.log --single-version-externally-managed
