[12.701s] Invoking command in '/home/rpi/ros2_ws/src/data_collection': PYTHONPATH=/home/rpi/ros2_ws/build/data_collection/prefix_override:/home/rpi/ros2_ws/install/data_collection/lib/python3.10/site-packages:${PYTHONPATH} /usr/bin/python3 setup.py egg_info --egg-base ../../build/data_collection build --build-base /home/rpi/ros2_ws/build/data_collection/build install --record /home/rpi/ros2_ws/build/data_collection/install.log --single-version-externally-managed
[14.958s] running egg_info
[14.963s] writing ../../build/data_collection/data_collection.egg-info/PKG-INFO
[14.966s] writing dependency_links to ../../build/data_collection/data_collection.egg-info/dependency_links.txt
[14.970s] writing entry points to ../../build/data_collection/data_collection.egg-info/entry_points.txt
[14.971s] writing requirements to ../../build/data_collection/data_collection.egg-info/requires.txt
[14.974s] writing top-level names to ../../build/data_collection/data_collection.egg-info/top_level.txt
[14.987s] reading manifest file '../../build/data_collection/data_collection.egg-info/SOURCES.txt'
[14.994s] writing manifest file '../../build/data_collection/data_collection.egg-info/SOURCES.txt'
[14.997s] running build
[14.998s] running build_py
[15.004s] running install
[15.008s] running install_lib
[15.020s] running install_data
[15.025s] running install_egg_info
[15.037s] removing '/home/rpi/ros2_ws/install/data_collection/lib/python3.10/site-packages/data_collection-0.0.0-py3.10.egg-info' (and everything under it)
[15.040s] Copying ../../build/data_collection/data_collection.egg-info to /home/rpi/ros2_ws/install/data_collection/lib/python3.10/site-packages/data_collection-0.0.0-py3.10.egg-info
[15.050s] running install_scripts
[15.239s] Installing csv_writer script to /home/rpi/ros2_ws/install/data_collection/lib/data_collection
[15.245s] writing list of installed files to '/home/rpi/ros2_ws/build/data_collection/install.log'
[16.115s] Invoked command in '/home/rpi/ros2_ws/src/data_collection' returned '0': PYTHONPATH=/home/rpi/ros2_ws/build/data_collection/prefix_override:/home/rpi/ros2_ws/install/data_collection/lib/python3.10/site-packages:${PYTHONPATH} /usr/bin/python3 setup.py egg_info --egg-base ../../build/data_collection build --build-base /home/rpi/ros2_ws/build/data_collection/build install --record /home/rpi/ros2_ws/build/data_collection/install.log --single-version-externally-managed
