[12.566s] Invoking command in '/home/rpi/ros2_ws/src/hri_comms': PYTHONPATH=/home/rpi/ros2_ws/build/hri_comms/prefix_override:/home/rpi/ros2_ws/install/hri_comms/lib/python3.10/site-packages:${PYTHONPATH} /usr/bin/python3 setup.py egg_info --egg-base ../../build/hri_comms build --build-base /home/rpi/ros2_ws/build/hri_comms/build install --record /home/rpi/ros2_ws/build/hri_comms/install.log --single-version-externally-managed
[14.736s] running egg_info
[14.739s] creating ../../build/hri_comms/hri_comms.egg-info
[14.739s] writing ../../build/hri_comms/hri_comms.egg-info/PKG-INFO
[14.741s] writing dependency_links to ../../build/hri_comms/hri_comms.egg-info/dependency_links.txt
[14.742s] writing entry points to ../../build/hri_comms/hri_comms.egg-info/entry_points.txt
[14.746s] writing requirements to ../../build/hri_comms/hri_comms.egg-info/requires.txt
[14.749s] writing top-level names to ../../build/hri_comms/hri_comms.egg-info/top_level.txt
[14.749s] writing manifest file '../../build/hri_comms/hri_comms.egg-info/SOURCES.txt'
[14.761s] reading manifest file '../../build/hri_comms/hri_comms.egg-info/SOURCES.txt'
[14.762s] writing manifest file '../../build/hri_comms/hri_comms.egg-info/SOURCES.txt'
[14.765s] running build
[14.765s] running build_py
[14.770s] creating /home/rpi/ros2_ws/build/hri_comms/build
[14.771s] creating /home/rpi/ros2_ws/build/hri_comms/build/lib
[14.771s] creating /home/rpi/ros2_ws/build/hri_comms/build/lib/hri_comms
[14.772s] copying hri_comms/udp_server.py -> /home/rpi/ros2_ws/build/hri_comms/build/lib/hri_comms
[14.777s] copying hri_comms/__init__.py -> /home/rpi/ros2_ws/build/hri_comms/build/lib/hri_comms
[14.778s] copying hri_comms/data_handler.py -> /home/rpi/ros2_ws/build/hri_comms/build/lib/hri_comms
[14.780s] running install
[14.793s] running install_lib
[14.797s] creating /home/rpi/ros2_ws/install/hri_comms/lib/python3.10/site-packages/hri_comms
[14.798s] copying /home/rpi/ros2_ws/build/hri_comms/build/lib/hri_comms/udp_server.py -> /home/rpi/ros2_ws/install/hri_comms/lib/python3.10/site-packages/hri_comms
[14.799s] copying /home/rpi/ros2_ws/build/hri_comms/build/lib/hri_comms/__init__.py -> /home/rpi/ros2_ws/install/hri_comms/lib/python3.10/site-packages/hri_comms
[14.801s] copying /home/rpi/ros2_ws/build/hri_comms/build/lib/hri_comms/data_handler.py -> /home/rpi/ros2_ws/install/hri_comms/lib/python3.10/site-packages/hri_comms
[14.812s] byte-compiling /home/rpi/ros2_ws/install/hri_comms/lib/python3.10/site-packages/hri_comms/udp_server.py to udp_server.cpython-310.pyc
[14.813s] byte-compiling /home/rpi/ros2_ws/install/hri_comms/lib/python3.10/site-packages/hri_comms/__init__.py to __init__.cpython-310.pyc
[14.814s] byte-compiling /home/rpi/ros2_ws/install/hri_comms/lib/python3.10/site-packages/hri_comms/data_handler.py to data_handler.cpython-310.pyc
[14.815s] running install_data
[14.815s] creating /home/rpi/ros2_ws/install/hri_comms/share/ament_index
[14.817s] creating /home/rpi/ros2_ws/install/hri_comms/share/ament_index/resource_index
[14.817s] creating /home/rpi/ros2_ws/install/hri_comms/share/ament_index/resource_index/packages
[14.818s] copying resource/hri_comms -> /home/rpi/ros2_ws/install/hri_comms/share/ament_index/resource_index/packages
[14.819s] copying package.xml -> /home/rpi/ros2_ws/install/hri_comms/share/hri_comms
[14.820s] running install_egg_info
[14.823s] Copying ../../build/hri_comms/hri_comms.egg-info to /home/rpi/ros2_ws/install/hri_comms/lib/python3.10/site-packages/hri_comms-0.0.0-py3.10.egg-info
[14.834s] running install_scripts
[14.990s] Installing data_handler script to /home/rpi/ros2_ws/install/hri_comms/lib/hri_comms
[14.992s] Installing udp_server script to /home/rpi/ros2_ws/install/hri_comms/lib/hri_comms
[14.996s] writing list of installed files to '/home/rpi/ros2_ws/build/hri_comms/install.log'
[15.680s] Invoked command in '/home/rpi/ros2_ws/src/hri_comms' returned '0': PYTHONPATH=/home/rpi/ros2_ws/build/hri_comms/prefix_override:/home/rpi/ros2_ws/install/hri_comms/lib/python3.10/site-packages:${PYTHONPATH} /usr/bin/python3 setup.py egg_info --egg-base ../../build/hri_comms build --build-base /home/rpi/ros2_ws/build/hri_comms/build install --record /home/rpi/ros2_ws/build/hri_comms/install.log --single-version-externally-managed
