[6.538s] Invoking command in '/home/rpi/ros2_ws/src/robot_arm_controller': AMENT_PREFIX_PATH=/home/rpi/ros2_ws/install/hri_comms:/home/rpi/ros2_ws/install/servo_controller:/home/rpi/ros2_ws/install/robot_arm_controller:/home/rpi/ros2_ws/install/my_robot_controller:/home/rpi/ros2_ws/install/data_collection:/opt/ros/humble PYTHONPATH=/home/rpi/ros2_ws/build/robot_arm_controller/prefix_override:/home/rpi/ros2_ws/install/robot_arm_controller/lib/python3.10/site-packages:/home/rpi/ros2_ws/install/hri_comms/lib/python3.10/site-packages:/home/rpi/ros2_ws/install/servo_controller/lib/python3.10/site-packages:/home/rpi/ros2_ws/install/robot_arm_controller/lib/python3.10/site-packages:/home/rpi/ros2_ws/install/my_robot_controller/lib/python3.10/site-packages:/home/rpi/ros2_ws/install/data_collection/lib/python3.10/site-packages:/opt/ros/humble/lib/python3.10/site-packages:/opt/ros/humble/local/lib/python3.10/dist-packages /usr/bin/python3 setup.py egg_info --egg-base ../../build/robot_arm_controller build --build-base /home/rpi/ros2_ws/build/robot_arm_controller/build install --record /home/rpi/ros2_ws/build/robot_arm_controller/install.log --single-version-externally-managed
[8.894s] running egg_info
[8.901s] writing ../../build/robot_arm_controller/robot_arm_controller.egg-info/PKG-INFO
[8.907s] writing dependency_links to ../../build/robot_arm_controller/robot_arm_controller.egg-info/dependency_links.txt
[8.917s] writing entry points to ../../build/robot_arm_controller/robot_arm_controller.egg-info/entry_points.txt
[8.917s] writing requirements to ../../build/robot_arm_controller/robot_arm_controller.egg-info/requires.txt
[8.918s] writing top-level names to ../../build/robot_arm_controller/robot_arm_controller.egg-info/top_level.txt
[8.922s] reading manifest file '../../build/robot_arm_controller/robot_arm_controller.egg-info/SOURCES.txt'
[8.928s] writing manifest file '../../build/robot_arm_controller/robot_arm_controller.egg-info/SOURCES.txt'
[8.929s] running build
[8.930s] running build_py
[8.933s] copying robot_arm_controller/keyboard_coord_controller.py -> /home/rpi/ros2_ws/build/robot_arm_controller/build/lib/robot_arm_controller
[8.934s] running install
[8.936s] running install_lib
[8.941s] copying /home/rpi/ros2_ws/build/robot_arm_controller/build/lib/robot_arm_controller/keyboard_coord_controller.py -> /home/rpi/ros2_ws/install/robot_arm_controller/lib/python3.10/site-packages/robot_arm_controller
[8.948s] byte-compiling /home/rpi/ros2_ws/install/robot_arm_controller/lib/python3.10/site-packages/robot_arm_controller/keyboard_coord_controller.py to keyboard_coord_controller.cpython-310.pyc
[8.962s] running install_data
[8.969s] running install_egg_info
[8.980s] removing '/home/rpi/ros2_ws/install/robot_arm_controller/lib/python3.10/site-packages/robot_arm_controller-0.0.0-py3.10.egg-info' (and everything under it)
[8.984s] Copying ../../build/robot_arm_controller/robot_arm_controller.egg-info to /home/rpi/ros2_ws/install/robot_arm_controller/lib/python3.10/site-packages/robot_arm_controller-0.0.0-py3.10.egg-info
[8.998s] running install_scripts
[9.128s] Installing hand_coord_controller script to /home/rpi/ros2_ws/install/robot_arm_controller/lib/robot_arm_controller
[9.130s] Installing keyboard_coord_controller script to /home/rpi/ros2_ws/install/robot_arm_controller/lib/robot_arm_controller
[9.133s] writing list of installed files to '/home/rpi/ros2_ws/build/robot_arm_controller/install.log'
[9.344s] Invoked command in '/home/rpi/ros2_ws/src/robot_arm_controller' returned '0': AMENT_PREFIX_PATH=/home/rpi/ros2_ws/install/hri_comms:/home/rpi/ros2_ws/install/servo_controller:/home/rpi/ros2_ws/install/robot_arm_controller:/home/rpi/ros2_ws/install/my_robot_controller:/home/rpi/ros2_ws/install/data_collection:/opt/ros/humble PYTHONPATH=/home/rpi/ros2_ws/build/robot_arm_controller/prefix_override:/home/rpi/ros2_ws/install/robot_arm_controller/lib/python3.10/site-packages:/home/rpi/ros2_ws/install/hri_comms/lib/python3.10/site-packages:/home/rpi/ros2_ws/install/servo_controller/lib/python3.10/site-packages:/home/rpi/ros2_ws/install/robot_arm_controller/lib/python3.10/site-packages:/home/rpi/ros2_ws/install/my_robot_controller/lib/python3.10/site-packages:/home/rpi/ros2_ws/install/data_collection/lib/python3.10/site-packages:/opt/ros/humble/lib/python3.10/site-packages:/opt/ros/humble/local/lib/python3.10/dist-packages /usr/bin/python3 setup.py egg_info --egg-base ../../build/robot_arm_controller build --build-base /home/rpi/ros2_ws/build/robot_arm_controller/build install --record /home/rpi/ros2_ws/build/robot_arm_controller/install.log --single-version-externally-managed
