[12.431s] Invoking command in '/home/rpi/ros2_ws/src/hri_comms': PYTHONPATH=/home/rpi/ros2_ws/build/hri_comms/prefix_override:/home/rpi/ros2_ws/install/hri_comms/lib/python3.10/site-packages:${PYTHONPATH} /usr/bin/python3 setup.py egg_info --egg-base ../../build/hri_comms build --build-base /home/rpi/ros2_ws/build/hri_comms/build install --record /home/rpi/ros2_ws/build/hri_comms/install.log --single-version-externally-managed
[14.565s] running egg_info
[14.568s] writing ../../build/hri_comms/hri_comms.egg-info/PKG-INFO
[14.571s] writing dependency_links to ../../build/hri_comms/hri_comms.egg-info/dependency_links.txt
[14.573s] writing entry points to ../../build/hri_comms/hri_comms.egg-info/entry_points.txt
[14.574s] writing requirements to ../../build/hri_comms/hri_comms.egg-info/requires.txt
[14.576s] writing top-level names to ../../build/hri_comms/hri_comms.egg-info/top_level.txt
[14.591s] reading manifest file '../../build/hri_comms/hri_comms.egg-info/SOURCES.txt'
[14.604s] writing manifest file '../../build/hri_comms/hri_comms.egg-info/SOURCES.txt'
[14.606s] running build
[14.606s] running build_py
[14.610s] copying hri_comms/udp_server.py -> /home/rpi/ros2_ws/build/hri_comms/build/lib/hri_comms
[14.617s] running install
[14.620s] running install_lib
[14.628s] copying /home/rpi/ros2_ws/build/hri_comms/build/lib/hri_comms/udp_server.py -> /home/rpi/ros2_ws/install/hri_comms/lib/python3.10/site-packages/hri_comms
[14.633s] byte-compiling /home/rpi/ros2_ws/install/hri_comms/lib/python3.10/site-packages/hri_comms/udp_server.py to udp_server.cpython-310.pyc
[14.640s] running install_data
[14.645s] running install_egg_info
[14.657s] removing '/home/rpi/ros2_ws/install/hri_comms/lib/python3.10/site-packages/hri_comms-0.0.0-py3.10.egg-info' (and everything under it)
[14.672s] Copying ../../build/hri_comms/hri_comms.egg-info to /home/rpi/ros2_ws/install/hri_comms/lib/python3.10/site-packages/hri_comms-0.0.0-py3.10.egg-info
[14.699s] running install_scripts
[14.881s] Installing data_handler script to /home/rpi/ros2_ws/install/hri_comms/lib/hri_comms
[14.889s] Installing udp_server script to /home/rpi/ros2_ws/install/hri_comms/lib/hri_comms
[14.943s] writing list of installed files to '/home/rpi/ros2_ws/build/hri_comms/install.log'
[16.110s] Invoked command in '/home/rpi/ros2_ws/src/hri_comms' returned '0': PYTHONPATH=/home/rpi/ros2_ws/build/hri_comms/prefix_override:/home/rpi/ros2_ws/install/hri_comms/lib/python3.10/site-packages:${PYTHONPATH} /usr/bin/python3 setup.py egg_info --egg-base ../../build/hri_comms build --build-base /home/rpi/ros2_ws/build/hri_comms/build install --record /home/rpi/ros2_ws/build/hri_comms/install.log --single-version-externally-managed
