[12.202s] Invoking command in '/home/rpi/ros2_ws/src/hri_comms': PYTHONPATH=/home/rpi/ros2_ws/build/hri_comms/prefix_override:/home/rpi/ros2_ws/install/hri_comms/lib/python3.10/site-packages:${PYTHONPATH} /usr/bin/python3 setup.py egg_info --egg-base ../../build/hri_comms build --build-base /home/rpi/ros2_ws/build/hri_comms/build install --record /home/rpi/ros2_ws/build/hri_comms/install.log --single-version-externally-managed
[14.526s] running egg_info
[14.533s] writing ../../build/hri_comms/hri_comms.egg-info/PKG-INFO
[14.536s] writing dependency_links to ../../build/hri_comms/hri_comms.egg-info/dependency_links.txt
[14.541s] writing entry points to ../../build/hri_comms/hri_comms.egg-info/entry_points.txt
[14.548s] writing requirements to ../../build/hri_comms/hri_comms.egg-info/requires.txt
[14.549s] writing top-level names to ../../build/hri_comms/hri_comms.egg-info/top_level.txt
[14.560s] reading manifest file '../../build/hri_comms/hri_comms.egg-info/SOURCES.txt'
[14.569s] writing manifest file '../../build/hri_comms/hri_comms.egg-info/SOURCES.txt'
[14.571s] running build
[14.573s] running build_py
[14.575s] running install
[14.578s] running install_lib
[14.591s] running install_data
[14.597s] running install_egg_info
[14.614s] removing '/home/rpi/ros2_ws/install/hri_comms/lib/python3.10/site-packages/hri_comms-0.0.0-py3.10.egg-info' (and everything under it)
[14.618s] Copying ../../build/hri_comms/hri_comms.egg-info to /home/rpi/ros2_ws/install/hri_comms/lib/python3.10/site-packages/hri_comms-0.0.0-py3.10.egg-info
[14.630s] running install_scripts
[14.769s] Installing data_handler script to /home/rpi/ros2_ws/install/hri_comms/lib/hri_comms
[14.773s] Installing udp_server script to /home/rpi/ros2_ws/install/hri_comms/lib/hri_comms
[14.775s] writing list of installed files to '/home/rpi/ros2_ws/build/hri_comms/install.log'
[15.451s] Invoked command in '/home/rpi/ros2_ws/src/hri_comms' returned '0': PYTHONPATH=/home/rpi/ros2_ws/build/hri_comms/prefix_override:/home/rpi/ros2_ws/install/hri_comms/lib/python3.10/site-packages:${PYTHONPATH} /usr/bin/python3 setup.py egg_info --egg-base ../../build/hri_comms build --build-base /home/rpi/ros2_ws/build/hri_comms/build install --record /home/rpi/ros2_ws/build/hri_comms/install.log --single-version-externally-managed
