[10.615s] Invoking command in '/home/rpi/ros2_ws/src/hri_comms': PYTHONPATH=/home/rpi/ros2_ws/build/hri_comms/prefix_override:/home/rpi/ros2_ws/install/hri_comms/lib/python3.10/site-packages:${PYTHONPATH} /usr/bin/python3 setup.py egg_info --egg-base ../../build/hri_comms build --build-base /home/rpi/ros2_ws/build/hri_comms/build install --record /home/rpi/ros2_ws/build/hri_comms/install.log --single-version-externally-managed
[12.545s] running egg_info
[12.549s] writing ../../build/hri_comms/hri_comms.egg-info/PKG-INFO
[12.550s] writing dependency_links to ../../build/hri_comms/hri_comms.egg-info/dependency_links.txt
[12.552s] writing entry points to ../../build/hri_comms/hri_comms.egg-info/entry_points.txt
[12.553s] writing requirements to ../../build/hri_comms/hri_comms.egg-info/requires.txt
[12.554s] writing top-level names to ../../build/hri_comms/hri_comms.egg-info/top_level.txt
[12.567s] reading manifest file '../../build/hri_comms/hri_comms.egg-info/SOURCES.txt'
[12.573s] writing manifest file '../../build/hri_comms/hri_comms.egg-info/SOURCES.txt'
[12.574s] running build
[12.575s] running build_py
[12.575s] copying hri_comms/data_handler.py -> /home/rpi/ros2_ws/build/hri_comms/build/lib/hri_comms
[12.577s] running install
[12.579s] running install_lib
[12.599s] copying /home/rpi/ros2_ws/build/hri_comms/build/lib/hri_comms/data_handler.py -> /home/rpi/ros2_ws/install/hri_comms/lib/python3.10/site-packages/hri_comms
[12.625s] byte-compiling /home/rpi/ros2_ws/install/hri_comms/lib/python3.10/site-packages/hri_comms/data_handler.py to data_handler.cpython-310.pyc
[12.629s] running install_data
[12.630s] running install_egg_info
[12.637s] removing '/home/rpi/ros2_ws/install/hri_comms/lib/python3.10/site-packages/hri_comms-0.0.0-py3.10.egg-info' (and everything under it)
[12.638s] Copying ../../build/hri_comms/hri_comms.egg-info to /home/rpi/ros2_ws/install/hri_comms/lib/python3.10/site-packages/hri_comms-0.0.0-py3.10.egg-info
[12.638s] running install_scripts
[12.742s] Installing data_handler script to /home/rpi/ros2_ws/install/hri_comms/lib/hri_comms
[12.744s] Installing udp_server script to /home/rpi/ros2_ws/install/hri_comms/lib/hri_comms
[12.746s] writing list of installed files to '/home/rpi/ros2_ws/build/hri_comms/install.log'
[13.009s] Invoked command in '/home/rpi/ros2_ws/src/hri_comms' returned '0': PYTHONPATH=/home/rpi/ros2_ws/build/hri_comms/prefix_override:/home/rpi/ros2_ws/install/hri_comms/lib/python3.10/site-packages:${PYTHONPATH} /usr/bin/python3 setup.py egg_info --egg-base ../../build/hri_comms build --build-base /home/rpi/ros2_ws/build/hri_comms/build install --record /home/rpi/ros2_ws/build/hri_comms/install.log --single-version-externally-managed
