[11.561s] Invoking command in '/home/rpi/ros2_ws/src/servo_controller': PYTHONPATH=/home/rpi/ros2_ws/build/servo_controller/prefix_override:/home/rpi/ros2_ws/install/servo_controller/lib/python3.10/site-packages:${PYTHONPATH} /usr/bin/python3 setup.py egg_info --egg-base ../../build/servo_controller build --build-base /home/rpi/ros2_ws/build/servo_controller/build install --record /home/rpi/ros2_ws/build/servo_controller/install.log --single-version-externally-managed
[14.227s] running egg_info
[14.235s] writing ../../build/servo_controller/servo_controller.egg-info/PKG-INFO
[14.236s] writing dependency_links to ../../build/servo_controller/servo_controller.egg-info/dependency_links.txt
[14.236s] writing entry points to ../../build/servo_controller/servo_controller.egg-info/entry_points.txt
[14.237s] writing requirements to ../../build/servo_controller/servo_controller.egg-info/requires.txt
[14.239s] writing top-level names to ../../build/servo_controller/servo_controller.egg-info/top_level.txt
[14.250s] reading manifest file '../../build/servo_controller/servo_controller.egg-info/SOURCES.txt'
[14.256s] writing manifest file '../../build/servo_controller/servo_controller.egg-info/SOURCES.txt'
[14.257s] running build
[14.258s] running build_py
[14.265s] running install
[14.266s] running install_lib
[14.273s] running install_data
[14.276s] running install_egg_info
[14.290s] removing '/home/rpi/ros2_ws/install/servo_controller/lib/python3.10/site-packages/servo_controller-0.0.0-py3.10.egg-info' (and everything under it)
[14.294s] Copying ../../build/servo_controller/servo_controller.egg-info to /home/rpi/ros2_ws/install/servo_controller/lib/python3.10/site-packages/servo_controller-0.0.0-py3.10.egg-info
[14.308s] running install_scripts
[14.488s] Installing actuate_servo script to /home/rpi/ros2_ws/install/servo_controller/lib/servo_controller
[14.489s] Installing keyboard_input script to /home/rpi/ros2_ws/install/servo_controller/lib/servo_controller
[14.495s] writing list of installed files to '/home/rpi/ros2_ws/build/servo_controller/install.log'
[15.779s] Invoked command in '/home/rpi/ros2_ws/src/servo_controller' returned '0': PYTHONPATH=/home/rpi/ros2_ws/build/servo_controller/prefix_override:/home/rpi/ros2_ws/install/servo_controller/lib/python3.10/site-packages:${PYTHONPATH} /usr/bin/python3 setup.py egg_info --egg-base ../../build/servo_controller build --build-base /home/rpi/ros2_ws/build/servo_controller/build install --record /home/rpi/ros2_ws/build/servo_controller/install.log --single-version-externally-managed
