[28.685s] Invoking command in '/home/rpi/ros2_ws/src/servo_controller': PYTHONPATH=/home/rpi/ros2_ws/build/servo_controller/prefix_override:/home/rpi/ros2_ws/install/servo_controller/lib/python3.10/site-packages:${PYTHONPATH} /usr/bin/python3 setup.py egg_info --egg-base ../../build/servo_controller build --build-base /home/rpi/ros2_ws/build/servo_controller/build install --record /home/rpi/ros2_ws/build/servo_controller/install.log --single-version-externally-managed
[35.623s] running egg_info
[35.633s] writing ../../build/servo_controller/servo_controller.egg-info/PKG-INFO
[35.657s] writing dependency_links to ../../build/servo_controller/servo_controller.egg-info/dependency_links.txt
[35.660s] writing entry points to ../../build/servo_controller/servo_controller.egg-info/entry_points.txt
[35.666s] writing requirements to ../../build/servo_controller/servo_controller.egg-info/requires.txt
[35.669s] writing top-level names to ../../build/servo_controller/servo_controller.egg-info/top_level.txt
[35.728s] reading manifest file '../../build/servo_controller/servo_controller.egg-info/SOURCES.txt'
[35.734s] writing manifest file '../../build/servo_controller/servo_controller.egg-info/SOURCES.txt'
[35.737s] running build
[35.738s] running build_py
[35.776s] running install
[35.777s] running install_lib
[35.828s] running install_data
[35.856s] running install_egg_info
[35.872s] removing '/home/rpi/ros2_ws/install/servo_controller/lib/python3.10/site-packages/servo_controller-0.0.0-py3.10.egg-info' (and everything under it)
[35.873s] Copying ../../build/servo_controller/servo_controller.egg-info to /home/rpi/ros2_ws/install/servo_controller/lib/python3.10/site-packages/servo_controller-0.0.0-py3.10.egg-info
[35.920s] running install_scripts
[36.304s] Installing actuate_servo script to /home/rpi/ros2_ws/install/servo_controller/lib/servo_controller
[36.311s] Installing keyboard_input script to /home/rpi/ros2_ws/install/servo_controller/lib/servo_controller
[36.313s] writing list of installed files to '/home/rpi/ros2_ws/build/servo_controller/install.log'
[37.675s] Invoked command in '/home/rpi/ros2_ws/src/servo_controller' returned '0': PYTHONPATH=/home/rpi/ros2_ws/build/servo_controller/prefix_override:/home/rpi/ros2_ws/install/servo_controller/lib/python3.10/site-packages:${PYTHONPATH} /usr/bin/python3 setup.py egg_info --egg-base ../../build/servo_controller build --build-base /home/rpi/ros2_ws/build/servo_controller/build install --record /home/rpi/ros2_ws/build/servo_controller/install.log --single-version-externally-managed
