[13.565s] Invoking command in '/home/rpi/ros2_ws/src/hri_comms': PYTHONPATH=/home/rpi/ros2_ws/build/hri_comms/prefix_override:/home/rpi/ros2_ws/install/hri_comms/lib/python3.10/site-packages:${PYTHONPATH} /usr/bin/python3 setup.py egg_info --egg-base ../../build/hri_comms build --build-base /home/rpi/ros2_ws/build/hri_comms/build install --record /home/rpi/ros2_ws/build/hri_comms/install.log --single-version-externally-managed
[16.162s] running egg_info
[16.166s] writing ../../build/hri_comms/hri_comms.egg-info/PKG-INFO
[16.167s] writing dependency_links to ../../build/hri_comms/hri_comms.egg-info/dependency_links.txt
[16.168s] writing entry points to ../../build/hri_comms/hri_comms.egg-info/entry_points.txt
[16.170s] writing requirements to ../../build/hri_comms/hri_comms.egg-info/requires.txt
[16.170s] writing top-level names to ../../build/hri_comms/hri_comms.egg-info/top_level.txt
[16.179s] reading manifest file '../../build/hri_comms/hri_comms.egg-info/SOURCES.txt'
[16.184s] writing manifest file '../../build/hri_comms/hri_comms.egg-info/SOURCES.txt'
[16.185s] running build
[16.188s] running build_py
[16.189s] copying hri_comms/udp_server.py -> /home/rpi/ros2_ws/build/hri_comms/build/lib/hri_comms
[16.191s] running install
[16.192s] running install_lib
[16.193s] copying /home/rpi/ros2_ws/build/hri_comms/build/lib/hri_comms/udp_server.py -> /home/rpi/ros2_ws/install/hri_comms/lib/python3.10/site-packages/hri_comms
[16.197s] byte-compiling /home/rpi/ros2_ws/install/hri_comms/lib/python3.10/site-packages/hri_comms/udp_server.py to udp_server.cpython-310.pyc
[16.201s] running install_data
[16.204s] running install_egg_info
[16.213s] removing '/home/rpi/ros2_ws/install/hri_comms/lib/python3.10/site-packages/hri_comms-0.0.0-py3.10.egg-info' (and everything under it)
[16.216s] Copying ../../build/hri_comms/hri_comms.egg-info to /home/rpi/ros2_ws/install/hri_comms/lib/python3.10/site-packages/hri_comms-0.0.0-py3.10.egg-info
[16.228s] running install_scripts
[16.331s] Installing data_handler script to /home/rpi/ros2_ws/install/hri_comms/lib/hri_comms
[16.338s] Installing udp_server script to /home/rpi/ros2_ws/install/hri_comms/lib/hri_comms
[16.341s] writing list of installed files to '/home/rpi/ros2_ws/build/hri_comms/install.log'
[17.192s] Invoked command in '/home/rpi/ros2_ws/src/hri_comms' returned '0': PYTHONPATH=/home/rpi/ros2_ws/build/hri_comms/prefix_override:/home/rpi/ros2_ws/install/hri_comms/lib/python3.10/site-packages:${PYTHONPATH} /usr/bin/python3 setup.py egg_info --egg-base ../../build/hri_comms build --build-base /home/rpi/ros2_ws/build/hri_comms/build install --record /home/rpi/ros2_ws/build/hri_comms/install.log --single-version-externally-managed
